[    0.000000] Initializing cgroup subsys cpuset
[    0.000000] Initializing cgroup subsys cpu
[    0.000000] Initializing cgroup subsys cpuacct
[    0.000000] Linux version 4.4.0-179-generic (buildd@lcy01-amd64-014) (gcc version 5.4.0 20160609 (Ubuntu 5.4.0-6ubuntu1~16.04.12) ) #209-Ubuntu SMP Fri Apr 24 17:48:44 UTC 2020 (Ubuntu 4.4.0-179.209-generic 4.4.219)
[    0.000000] Command line: BOOT_IMAGE=/boot/vmlinuz-4.4.0-179-generic root=UUID=f7b43405-fdce-4bb1-b4fb-264548858b21 ro console=tty1 console=ttyS0
[    0.000000] KERNEL supported cpus:
[    0.000000]   Intel GenuineIntel
[    0.000000]   AMD AuthenticAMD
[    0.000000]   Centaur CentaurHauls
[    0.000000] x86/fpu: xstate_offset[2]:  576, xstate_sizes[2]:  256
[    0.000000] x86/fpu: Supporting XSAVE feature 0x01: 'x87 floating point registers'
[    0.000000] x86/fpu: Supporting XSAVE feature 0x02: 'SSE registers'
[    0.000000] x86/fpu: Supporting XSAVE feature 0x04: 'AVX registers'
[    0.000000] x86/fpu: Enabled xstate features 0x7, context size is 832 bytes, using 'standard' format.
[    0.000000] e820: BIOS-provided physical RAM map:
[    0.000000] BIOS-e820: [mem 0x0000000000000000-0x000000000009fbff] usable
[    0.000000] BIOS-e820: [mem 0x000000000009fc00-0x000000000009ffff] reserved
[    0.000000] BIOS-e820: [mem 0x00000000000f0000-0x00000000000fffff] reserved
[    0.000000] BIOS-e820: [mem 0x0000000000100000-0x000000003ffeffff] usable
[    0.000000] BIOS-e820: [mem 0x000000003fff0000-0x000000003fffffff] ACPI data
[    0.000000] BIOS-e820: [mem 0x00000000fec00000-0x00000000fec00fff] reserved
[    0.000000] BIOS-e820: [mem 0x00000000fee00000-0x00000000fee00fff] reserved
[    0.000000] BIOS-e820: [mem 0x00000000fffc0000-0x00000000ffffffff] reserved
[    0.000000] NX (Execute Disable) protection: active
[    0.000000] SMBIOS 2.5 present.
[    0.000000] Hypervisor detected: KVM
[    0.000000] e820: last_pfn = 0x3fff0 max_arch_pfn = 0x400000000
[    0.000000] MTRR: Disabled
[    0.000000] x86/PAT: MTRRs disabled, skipping PAT initialization too.
[    0.000000] CPU MTRRs all blank - virtualized system.
[    0.000000] x86/PAT: Configuration [0-7]: WB  WT  UC- UC  WB  WT  UC- UC  
[    0.000000] found SMP MP-table at [mem 0x0009fff0-0x0009ffff] mapped at [ffff88000009fff0]
[    0.000000] Scanning 1 areas for low memory corruption
[    0.000000] RAMDISK: [mem 0x361ca000-0x370dcfff]
[    0.000000] ACPI: Early table checksum verification disabled
[    0.000000] ACPI: RSDP 0x00000000000E0000 000024 (v02 VBOX  )
[    0.000000] ACPI: XSDT 0x000000003FFF0030 00003C (v01 VBOX   VBOXXSDT 00000001 ASL  00000061)
[    0.000000] ACPI: FACP 0x000000003FFF00F0 0000F4 (v04 VBOX   VBOXFACP 00000001 ASL  00000061)
[    0.000000] ACPI: DSDT 0x000000003FFF0470 002325 (v02 VBOX   VBOXBIOS 00000002 INTL 20100528)
[    0.000000] ACPI: FACS 0x000000003FFF0200 000040
[    0.000000] ACPI: FACS 0x000000003FFF0200 000040
[    0.000000] ACPI: APIC 0x000000003FFF0240 00005C (v02 VBOX   VBOXAPIC 00000001 ASL  00000061)
[    0.000000] ACPI: SSDT 0x000000003FFF02A0 0001CC (v01 VBOX   VBOXCPUT 00000002 INTL 20100528)
[    0.000000] No NUMA configuration found
[    0.000000] Faking a node at [mem 0x0000000000000000-0x000000003ffeffff]
[    0.000000] NODE_DATA(0) allocated [mem 0x3ffeb000-0x3ffeffff]
[    0.000000] kvm-clock: Using msrs 4b564d01 and 4b564d00
[    0.000000] kvm-clock: cpu 0, msr 0:3ffe3001, primary cpu clock
[    0.000000] kvm-clock: using sched offset of 5417529439 cycles
[    0.000000] clocksource: kvm-clock: mask: 0xffffffffffffffff max_cycles: 0x1cd42e4dffb, max_idle_ns: 881590591483 ns
[    0.000000] Zone ranges:
[    0.000000]   DMA      [mem 0x0000000000001000-0x0000000000ffffff]
[    0.000000]   DMA32    [mem 0x0000000001000000-0x000000003ffeffff]
[    0.000000]   Normal   empty
[    0.000000]   Device   empty
[    0.000000] Movable zone start for each node
[    0.000000] Early memory node ranges
[    0.000000]   node   0: [mem 0x0000000000001000-0x000000000009efff]
[    0.000000]   node   0: [mem 0x0000000000100000-0x000000003ffeffff]
[    0.000000] Initmem setup node 0 [mem 0x0000000000001000-0x000000003ffeffff]
[    0.000000] ACPI: PM-Timer IO Port: 0x4008
[    0.000000] IOAPIC[0]: apic_id 2, version 32, address 0xfec00000, GSI 0-23
[    0.000000] ACPI: INT_SRC_OVR (bus 0 bus_irq 0 global_irq 2 dfl dfl)
[    0.000000] ACPI: INT_SRC_OVR (bus 0 bus_irq 9 global_irq 9 low level)
[    0.000000] Using ACPI (MADT) for SMP configuration information
[    0.000000] smpboot: Allowing 2 CPUs, 0 hotplug CPUs
[    0.000000] PM: Registered nosave memory: [mem 0x00000000-0x00000fff]
[    0.000000] PM: Registered nosave memory: [mem 0x0009f000-0x0009ffff]
[    0.000000] PM: Registered nosave memory: [mem 0x000a0000-0x000effff]
[    0.000000] PM: Registered nosave memory: [mem 0x000f0000-0x000fffff]
[    0.000000] e820: [mem 0x40000000-0xfebfffff] available for PCI devices
[    0.000000] Booting paravirtualized kernel on KVM
[    0.000000] clocksource: refined-jiffies: mask: 0xffffffff max_cycles: 0xffffffff, max_idle_ns: 7645519600211568 ns
[    0.000000] setup_percpu: NR_CPUS:512 nr_cpumask_bits:512 nr_cpu_ids:2 nr_node_ids:1
[    0.000000] PERCPU: Embedded 33 pages/cpu @ffff88003fc00000 s95448 r8192 d31528 u1048576
[    0.000000] Built 1 zonelists in Node order, mobility grouping on.  Total pages: 257912
[    0.000000] Policy zone: DMA32
[    0.000000] Kernel command line: BOOT_IMAGE=/boot/vmlinuz-4.4.0-179-generic root=UUID=f7b43405-fdce-4bb1-b4fb-264548858b21 ro console=tty1 console=ttyS0
[    0.000000] PID hash table entries: 4096 (order: 3, 32768 bytes)
[    0.000000] Memory: 997116K/1048120K available (8630K kernel code, 1336K rwdata, 4036K rodata, 1488K init, 1292K bss, 51004K reserved, 0K cma-reserved)
[    0.000000] SLUB: HWalign=64, Order=0-3, MinObjects=0, CPUs=2, Nodes=1
[    0.000000] Kernel/User page tables isolation: enabled
[    0.000000] Hierarchical RCU implementation.
[    0.000000] 	Build-time adjustment of leaf fanout to 64.
[    0.000000] 	RCU restricting CPUs from NR_CPUS=512 to nr_cpu_ids=2.
[    0.000000] RCU: Adjusting geometry for rcu_fanout_leaf=64, nr_cpu_ids=2
[    0.000000] NR_IRQS:33024 nr_irqs:440 16
[    0.000000] Console: colour VGA+ 80x25
[    0.000000] console [tty1] enabled
[    0.000000] console [ttyS0] enabled
[    0.000000] tsc: Detected 3407.998 MHz processor
[    0.192213] Calibrating delay loop (skipped) preset value.. 6815.99 BogoMIPS (lpj=13631992)
[    0.194587] pid_max: default: 32768 minimum: 301
[    0.195853] ACPI: Core revision 20150930
[    0.198628] ACPI: 2 ACPI AML tables successfully acquired and loaded
[    0.200387] Security Framework initialized
[    0.201412] Yama: becoming mindful.
[    0.202420] AppArmor: AppArmor initialized
[    0.203756] Dentry cache hash table entries: 131072 (order: 8, 1048576 bytes)
[    0.208206] Inode-cache hash table entries: 65536 (order: 7, 524288 bytes)
[    0.209795] Mount-cache hash table entries: 2048 (order: 2, 16384 bytes)
[    0.211306] Mountpoint-cache hash table entries: 2048 (order: 2, 16384 bytes)
[    0.213208] Initializing cgroup subsys io
[    0.214849] Initializing cgroup subsys memory
[    0.216142] Initializing cgroup subsys devices
[    0.217287] Initializing cgroup subsys freezer
[    0.218409] Initializing cgroup subsys net_cls
[    0.219521] Initializing cgroup subsys perf_event
[    0.220626] Initializing cgroup subsys net_prio
[    0.221727] Initializing cgroup subsys hugetlb
[    0.222847] Initializing cgroup subsys pids
[    0.225090] mce: CPU supports 0 MCE banks
[    0.226186] Last level iTLB entries: 4KB 64, 2MB 8, 4MB 8
[    0.227513] Last level dTLB entries: 4KB 64, 2MB 0, 4MB 0, 1GB 4
[    0.229065] Spectre V1 : Mitigation: usercopy/swapgs barriers and __user pointer sanitization
[    0.231443] Spectre V2 : Mitigation: Full generic retpoline
[    0.232940] Spectre V2 : Spectre v2 / SpectreRSB mitigation: Filling RSB on context switch
[    0.234954] Speculative Store Bypass: Vulnerable
[    0.236218] MDS: Vulnerable: Clear CPU buffers attempted, no microcode
[    0.240671] Freeing SMP alternatives memory: 36K
[    0.247955] ftrace: allocating 32313 entries in 127 pages
[    0.313457] smpboot: APIC(0) Converting physical 0 to logical package 0
[    0.315146] smpboot: Max logical packages: 1
[    0.316657] x2apic enabled
[    0.317674] Switched APIC routing to physical x2apic.
[    0.320266] ..TIMER: vector=0x30 apic1=0 pin1=2 apic2=-1 pin2=-1
[    0.429701] smpboot: CPU0: Intel(R) Core(TM) i7-6700 CPU @ 3.40GHz (family: 0x6, model: 0x5e, stepping: 0x3)
[    0.433060] Performance Events: unsupported p6 CPU model 94 no PMU driver, software events only.
[    0.445869] KVM setup paravirtual spinlock
[    0.447672] x86: Booting SMP configuration:
[    0.449056] .... node  #0, CPUs:      #1
[    0.450237] kvm-clock: cpu 1, msr 0:3ffe3041, secondary cpu clock
[    0.452411] mce: CPU supports 0 MCE banks
[    0.455553] x86: Booted up 1 node, 2 CPUs
[    0.456916] smpboot: Total of 2 processors activated (13631.99 BogoMIPS)
[    0.458867] devtmpfs: initialized
[    0.461475] evm: security.selinux
[    0.462425] evm: security.SMACK64
[    0.463489] evm: security.SMACK64EXEC
[    0.464471] evm: security.SMACK64TRANSMUTE
[    0.465533] evm: security.SMACK64MMAP
[    0.466530] evm: security.ima
[    0.467408] evm: security.capability
[    0.468665] clocksource: jiffies: mask: 0xffffffff max_cycles: 0xffffffff, max_idle_ns: 7645041785100000 ns
[    0.470960] futex hash table entries: 512 (order: 3, 32768 bytes)
[    0.472571] pinctrl core: initialized pinctrl subsystem
[    0.473903] RTC time:  6:39:29, date: 05/26/20
[    0.475081] NET: Registered protocol family 16
[    0.487344] cpuidle: using governor ladder
[    0.498999] cpuidle: using governor menu
[    0.500226] PCCT header not found.
[    0.501202] ACPI: bus type PCI registered
[    0.502266] acpiphp: ACPI Hot Plug PCI Controller Driver version: 0.5
[    0.503971] PCI: Using configuration type 1 for base access
[    0.520178] ACPI: Added _OSI(Module Device)
[    0.522265] ACPI: Added _OSI(Processor Device)
[    0.525123] ACPI: Added _OSI(3.0 _SCP Extensions)
[    0.527463] ACPI: Added _OSI(Processor Aggregator Device)
[    0.531532] ACPI: Executed 1 blocks of module-level executable AML code
[    0.539191] ACPI: Interpreter enabled
[    0.541122] ACPI: (supports S0 S5)
[    0.542993] ACPI: Using IOAPIC for interrupt routing
[    0.544414] PCI: Using host bridge windows from ACPI; if necessary, use "pci=nocrs" and report a bug
[    0.551030] ACPI: PCI Root Bridge [PCI0] (domain 0000 [bus 00-ff])
[    0.552470] acpi PNP0A03:00: _OSC: OS supports [ASPM ClockPM Segments MSI]
[    0.554446] acpi PNP0A03:00: _OSC: not requesting OS control; OS requires [ExtendedConfig ASPM ClockPM MSI]
[    0.556812] acpi PNP0A03:00: fail to add MMCONFIG information, can't access extended PCI configuration space under this bridge.
[    0.559771] PCI host bridge to bus 0000:00
[    0.560892] pci_bus 0000:00: root bus resource [io  0x0000-0x0cf7 window]
[    0.562398] pci_bus 0000:00: root bus resource [io  0x0d00-0xffff window]
[    0.564180] pci_bus 0000:00: root bus resource [mem 0x000a0000-0x000bffff window]
[    0.566194] pci_bus 0000:00: root bus resource [mem 0x40000000-0xfdffffff window]
[    0.568098] pci_bus 0000:00: root bus resource [bus 00-ff]
[    0.571350] pci 0000:00:01.1: legacy IDE quirk: reg 0x10: [io  0x01f0-0x01f7]
[    0.573014] pci 0000:00:01.1: legacy IDE quirk: reg 0x14: [io  0x03f6]
[    0.574491] pci 0000:00:01.1: legacy IDE quirk: reg 0x18: [io  0x0170-0x0177]
[    0.576235] pci 0000:00:01.1: legacy IDE quirk: reg 0x1c: [io  0x0376]
[    0.605867] pci 0000:00:07.0: quirk: [io  0x4000-0x403f] claimed by PIIX4 ACPI
[    0.608166] pci 0000:00:07.0: quirk: [io  0x4100-0x410f] claimed by PIIX4 SMB
[    0.620492] ACPI: PCI Interrupt Link [LNKA] (IRQs 5 9 10 *11)
[    0.622885] ACPI: PCI Interrupt Link [LNKB] (IRQs 5 9 *10 11)
[    0.624984] ACPI: PCI Interrupt Link [LNKC] (IRQs 5 *9 10 11)
[    0.626986] ACPI: PCI Interrupt Link [LNKD] (IRQs 5 9 10 *11)
[    0.629205] ACPI: Enabled 2 GPEs in block 00 to 07
[    0.631315] vgaarb: setting as boot device: PCI:0000:00:02.0
[    0.633467] vgaarb: device added: PCI:0000:00:02.0,decodes=io+mem,owns=io+mem,locks=none
[    0.635559] vgaarb: loaded
[    0.636406] vgaarb: bridge control possible 0000:00:02.0
[    0.638094] SCSI subsystem initialized
[    0.639423] ACPI: bus type USB registered
[    0.640510] usbcore: registered new interface driver usbfs
[    0.642013] usbcore: registered new interface driver hub
[    0.643433] usbcore: registered new device driver usb
[    0.645162] PCI: Using ACPI for IRQ routing
[    0.650147] NetLabel: Initializing
[    0.651071] NetLabel:  domain hash size = 128
[    0.652141] NetLabel:  protocols = UNLABELED CIPSOv4
[    0.653376] NetLabel:  unlabeled traffic allowed by default
[    0.655102] amd_nb: Cannot enumerate AMD northbridges
[    0.656340] clocksource: Switched to clocksource kvm-clock
[    0.668439] AppArmor: AppArmor Filesystem Enabled
[    0.669845] pnp: PnP ACPI init
[    0.671526] pnp: PnP ACPI: found 3 devices
[    0.683425] clocksource: acpi_pm: mask: 0xffffff max_cycles: 0xffffff, max_idle_ns: 2085701024 ns
[    0.685722] NET: Registered protocol family 2
[    0.687000] TCP established hash table entries: 8192 (order: 4, 65536 bytes)
[    0.688882] TCP bind hash table entries: 8192 (order: 5, 131072 bytes)
[    0.690426] TCP: Hash tables configured (established 8192 bind 8192)
[    0.691946] UDP hash table entries: 512 (order: 2, 16384 bytes)
[    0.693493] UDP-Lite hash table entries: 512 (order: 2, 16384 bytes)
[    0.695055] NET: Registered protocol family 1
[    0.696281] pci 0000:00:00.0: Limiting direct PCI/PCI transfers
[    0.698226] pci 0000:00:01.0: Activating ISA DMA hang workarounds
[    0.700008] Unpacking initramfs...
[    0.941706] Freeing initrd memory: 15436K
[    0.942949] clocksource: tsc: mask: 0xffffffffffffffff max_cycles: 0x311fd208cfc, max_idle_ns: 440795283699 ns
[    0.945694] platform rtc_cmos: registered platform RTC device (no PNP device found)
[    0.948202] Scanning for low memory corruption every 60 seconds
[    0.950162] audit: initializing netlink subsys (disabled)
[    0.951429] audit: type=2000 audit(1590475176.611:1): initialized
[    0.953102] Initialise system trusted keyring
[    0.954348] HugeTLB registered 2 MB page size, pre-allocated 0 pages
[    0.956983] zbud: loaded
[    0.958050] VFS: Disk quotas dquot_6.6.0
[    0.959097] VFS: Dquot-cache hash table entries: 512 (order 0, 4096 bytes)
[    0.960830] squashfs: version 4.0 (2009/01/31) Phillip Lougher
[    0.962549] fuse init (API version 7.23)
[    0.963757] Key type big_key registered
[    0.964956] Allocating IMA MOK and blacklist keyrings.
[    0.967896] Key type asymmetric registered
[    0.969090] Asymmetric key parser 'x509' registered
[    0.970397] Block layer SCSI generic (bsg) driver version 0.4 loaded (major 249)
[    0.972423] io scheduler noop registered
[    0.973561] io scheduler deadline registered (default)
[    0.974753] io scheduler cfq registered
[    0.975873] pci_hotplug: PCI Hot Plug PCI Core version: 0.5
[    0.977375] pciehp: PCI Express Hot Plug Controller Driver version: 0.4
[    0.979202] ACPI: AC Adapter [AC] (on-line)
[    0.980380] input: Power Button as /devices/LNXSYSTM:00/LNXPWRBN:00/input/input0
[    0.982759] ACPI: Power Button [PWRF]
[    0.983920] input: Sleep Button as /devices/LNXSYSTM:00/LNXSLPBN:00/input/input1
[    0.985848] ACPI: Sleep Button [SLPF]
[    0.987133] GHES: HEST is not enabled!
[    0.988217] Serial: 8250/16550 driver, 32 ports, IRQ sharing enabled
[    1.010438] 00:02: ttyS0 at I/O 0x3f8 (irq = 4, base_baud = 115200) is a 16550A
[    1.013622] Linux agpgart interface v0.103
[    1.019673] loop: module loaded
[    1.021354] scsi host0: ata_piix
[    1.022597] scsi host1: ata_piix
[    1.023524] ata1: PATA max UDMA/33 cmd 0x1f0 ctl 0x3f6 bmdma 0xd000 irq 14
[    1.025047] ata2: PATA max UDMA/33 cmd 0x170 ctl 0x376 bmdma 0xd008 irq 15
[    1.026732] libphy: Fixed MDIO Bus: probed
[    1.027965] tun: Universal TUN/TAP device driver, 1.6
[    1.029207] tun: (C) 1999-2004 Max Krasnyansky <maxk@qualcomm.com>
[    1.030823] PPP generic driver version 2.4.2
[    1.032623] ehci_hcd: USB 2.0 'Enhanced' Host Controller (EHCI) Driver
[    1.034439] ehci-pci: EHCI PCI platform driver
[    1.035630] ehci-platform: EHCI generic platform driver
[    1.036916] ohci_hcd: USB 1.1 'Open' Host Controller (OHCI) Driver
[    1.038396] ohci-pci: OHCI PCI platform driver
[    1.039592] ohci-platform: OHCI generic platform driver
[    1.040838] uhci_hcd: USB Universal Host Controller Interface driver
[    1.042367] i8042: PNP: PS/2 Controller [PNP0303:PS2K,PNP0f03:PS2M] at 0x60,0x64 irq 1,12
[    1.045124] serio: i8042 KBD port at 0x60,0x64 irq 1
[    1.046333] serio: i8042 AUX port at 0x60,0x64 irq 12
[    1.047841] mousedev: PS/2 mouse device common for all mice
[    1.049984] rtc_cmos rtc_cmos: rtc core: registered rtc_cmos as rtc0
[    1.051544] rtc_cmos rtc_cmos: alarms up to one day, 114 bytes nvram
[    1.053254] i2c /dev entries driver
[    1.054359] device-mapper: uevent: version 1.0.3
[    1.055539] input: AT Translated Set 2 keyboard as /devices/platform/i8042/serio0/input/input2
[    1.057834] device-mapper: ioctl: 4.34.0-ioctl (2015-10-28) initialised: dm-devel@redhat.com
[    1.059895] ledtrig-cpu: registered to indicate activity on CPUs
[    1.062004] NET: Registered protocol family 10
[    1.063489] NET: Registered protocol family 17
[    1.065118] Key type dns_resolver registered
[    1.066440] registered taskstats version 1
[    1.067469] Loading compiled-in X.509 certificates
[    1.069292] Loaded X.509 cert 'Build time autogenerated kernel key: a9e5689415cbbea5b40a198600f217117afda70c'
[    1.071606] zswap: loaded using pool lzo/zbud
[    1.074529] Key type trusted registered
[    1.078877] Key type encrypted registered
[    1.079863] AppArmor: AppArmor sha1 policy hashing enabled
[    1.081544] ima: No TPM chip found, activating TPM-bypass!
[    1.083161] ima: Allocated hash algorithm: sha1
[    1.084604] evm: HMAC attrs: 0x1
[    1.086084]   Magic number: 4:714:671
[    1.087205] rtc_cmos rtc_cmos: setting system clock to 2020-05-26 06:39:30 UTC (1590475170)
[    1.089446] BIOS EDD facility v0.16 2004-Jun-25, 0 devices found
[    1.090795] EDD information not available.
[    1.567014] Freeing unused kernel memory: 1488K
[    1.569025] Write protecting the kernel read-only data: 14336k
[    1.572330] Freeing unused kernel memory: 1600K
[    1.574839] Freeing unused kernel memory: 60K
Loading, please wait...
starting version 229
[    1.599613] random: systemd-udevd: uninitialized urandom read (16 bytes read, 3 bits of entropy available)
[    1.600800] random: udevadm: uninitialized urandom read (16 bytes read, 3 bits of entropy available)
[    1.600828] random: udevadm: uninitialized urandom read (16 bytes read, 3 bits of entropy available)
[    1.611849] random: systemd-udevd: uninitialized urandom read (16 bytes read, 3 bits of entropy available)
[    1.614752] random: udevadm: uninitialized urandom read (16 bytes read, 3 bits of entropy available)
[    1.614837] random: udevadm: uninitialized urandom read (16 bytes read, 3 bits of entropy available)
[    1.615168] random: udevadm: uninitialized urandom read (16 bytes read, 3 bits of entropy available)
[    1.615281] random: udevadm: uninitialized urandom read (16 bytes read, 3 bits of entropy available)
[    1.615388] random: udevadm: uninitialized urandom read (16 bytes read, 3 bits of entropy available)
[    1.615491] random: udevadm: uninitialized urandom read (16 bytes read, 3 bits of entropy available)
[    1.667913] e1000: Intel(R) PRO/1000 Network Driver - version 7.3.21-k8-NAPI
[    1.669597] e1000: Copyright (c) 1999-2006 Intel Corporation.
[    1.671429] Fusion MPT base driver 3.04.20
[    1.673007] Copyright (c) 1999-2008 LSI Corporation
[    1.687588] Fusion MPT SPI Host driver 3.04.20
[    1.695201] AVX2 version of gcm_enc/dec engaged.
[    1.696426] AES CTR mode by8 optimization enabled
[    1.899896] input: ImExPS/2 Generic Explorer Mouse as /devices/platform/i8042/serio1/input/input4
[    2.617378] e1000 0000:00:03.0 eth0: (PCI:33MHz:32-bit) 02:ba:b8:ca:39:a3
[    2.624502] e1000 0000:00:03.0 eth0: Intel(R) PRO/1000 Network Connection
[    2.634992] mptbase: ioc0: Initiating bringup
[    4.036125] ioc0: LSI53C1030 A0: Capabilities={Initiator}
[    6.588177] scsi host2: ioc0: LSI53C1030 A0, FwRev=00000000h, Ports=1, MaxQ=256, IRQ=20
[    8.590789] scsi 2:0:0:0: Direct-Access     VBOX     HARDDISK         1.0  PQ: 0 ANSI: 5
[    8.601589] scsi target2:0:0: Beginning Domain Validation
[    8.615000] scsi target2:0:0: Domain Validation skipping write tests
[    8.619164] scsi target2:0:0: Ending Domain Validation
[    8.622521] scsi target2:0:0: asynchronous
[    8.628766] scsi 2:0:1:0: Direct-Access     VBOX     HARDDISK         1.0  PQ: 0 ANSI: 5
[    8.635135] scsi target2:0:1: Beginning Domain Validation
[    8.642612] scsi target2:0:1: Domain Validation skipping write tests
[    8.644231] scsi target2:0:1: Ending Domain Validation
[    8.645495] scsi target2:0:1: asynchronous
[    8.657130] sd 2:0:0:0: Attached scsi generic sg0 type 0
[    8.658647] sd 2:0:0:0: [sda] 20971520 512-byte logical blocks: (10.7 GB/10.0 GiB)
[    8.674818] sd 2:0:1:0: Attached scsi generic sg1 type 0
[    8.675436] sd 2:0:1:0: [sdb] 20480 512-byte logical blocks: (10.5 MB/10.0 MiB)
[    8.678862] sd 2:0:1:0: [sdb] Write Protect is off
[    8.680386] sd 2:0:0:0: [sda] Write Protect is off
[    8.681908] sd 2:0:1:0: [sdb] Incomplete mode parameter data
[    8.683277] sd 2:0:1:0: [sdb] Assuming drive cache: write through
[    8.685247] sd 2:0:0:0: [sda] Incomplete mode parameter data
[    8.686703] sd 2:0:0:0: [sda] Assuming drive cache: write through
[    8.707348]  sda: sda1
[    8.709775] sd 2:0:1:0: [sdb] Attached SCSI disk
[    8.710959] sd 2:0:0:0: [sda] Attached SCSI disk
[    9.576180] e1000 0000:00:08.0 eth1: (PCI:33MHz:32-bit) 08:00:27:1d:7d:50
[    9.579236] e1000 0000:00:08.0 eth1: Intel(R) PRO/1000 Network Connection
[    9.583862] e1000 0000:00:03.0 enp0s3: renamed from eth0
[    9.601389] e1000 0000:00:08.0 enp0s8: renamed from eth1
Begin: Loading essential drivers ... [   11.251324] md: linear personality registered for level -1
[   11.254940] md: multipath personality registered for level -4
[   11.258671] md: raid0 personality registered for level 0
[   11.264389] md: raid1 personality registered for level 1
[   11.336363] raid6: sse2x1   gen() 10116 MB/s
[   11.404698] raid6: sse2x1   xor()  8846 MB/s
[   11.472998] raid6: sse2x2   gen() 15161 MB/s
[   11.540843] raid6: sse2x2   xor() 10320 MB/s
[   11.608782] raid6: sse2x4   gen() 17179 MB/s
[   11.677076] raid6: sse2x4   xor() 11761 MB/s
[   11.744405] raid6: avx2x1   gen() 24130 MB/s
[   11.812717] raid6: avx2x2   gen() 27522 MB/s
[   11.881051] raid6: avx2x4   gen() 30872 MB/s
[   11.882357] raid6: using algorithm avx2x4 gen() 30872 MB/s
[   11.883812] raid6: using avx2x2 recovery algorithm
[   11.886291] xor: automatically using best checksumming function:
[   11.924511]    avx       : 28973.000 MB/sec
[   11.926528] async_tx: api initialized (async)
[   11.936749] md: raid6 personality registered for level 6
[   11.937965] md: raid5 personality registered for level 5
[   11.939186] md: raid4 personality registered for level 4
[   11.947273] md: raid10 personality registered for level 10
done.
Begin: Running /scripts/init-premount ... done.
Begin: Mounting root file system ... Begin: Running /scripts/local-top ... done.
Begin: Running /scripts/local-premount ... [   11.984707] Btrfs loaded
Scanning for Btrfs filesystems
done.
Warning: fsck not present, so skipping root file system
[   12.017254] EXT4-fs (sda1): INFO: recovery required on readonly filesystem
[   12.018812] EXT4-fs (sda1): write access will be enabled during recovery
[   12.306527] random: nonblocking pool is initialized
[   12.649342] EXT4-fs (sda1): orphan cleanup on readonly fs
[   12.672302] EXT4-fs (sda1): 10 orphan inodes deleted
[   12.674861] EXT4-fs (sda1): recovery complete
[   12.679142] EXT4-fs (sda1): mounted filesystem with ordered data mode. Opts: (null)
done.
Begin: Running /scripts/local-bottom ... done.
Begin: Running /scripts/init-bottom ... done.
[   13.411788] systemd[1]: systemd 229 running in system mode. (+PAM +AUDIT +SELINUX +IMA +APPARMOR +SMACK +SYSVINIT +UTMP +LIBCRYPTSETUP +GCRYPT +GNUTLS +ACL +XZ -LZ4 +SECCOMP +BLKID +ELFUTILS +KMOD -IDN)
[   13.418585] systemd[1]: Detected virtualization oracle.
[   13.420065] systemd[1]: Detected architecture x86-64.

Welcome to [1mUbuntu 16.04.6 LTS[0m!

[   13.449598] systemd[1]: Set hostname to <ubuntu-xenial>.
[   14.272186] systemd[1]: Reached target User and Group Name Lookups.
[[0;32m  OK  [0m] Reached target User and Group Name Lookups.
[   14.278435] systemd[1]: Listening on Syslog Socket.
[[0;32m  OK  [0m] Listening on Syslog Socket.
[   14.283710] systemd[1]: Listening on LVM2 poll daemon socket.
[[0;32m  OK  [0m] Listening on LVM2 poll daemon socket.
[   14.289452] systemd[1]: Set up automount Arbitrary Executable File Formats File System Automount Point.
[[0;32m  OK  [0m] Set up automount Arbitrary Executab...ats File System Automount Point.
[   14.298304] systemd[1]: Listening on /dev/initctl Compatibility Named Pipe.
[[0;32m  OK  [0m] Listening on /dev/initctl Compatibility Named Pipe.
[   14.304898] systemd[1]: Started Trigger resolvconf update for networkd DNS.
[[0;32m  OK  [0m] Started Trigger resolvconf update for networkd DNS.
[   14.311157] systemd[1]: Listening on Journal Socket.
[[0;32m  OK  [0m] Listening on Journal Socket.
[   14.574567] systemd[1]: Reached target System Time Synchronized.
[[0;32m  OK  [0m] Reached target System Time Synchronized.
[   14.584087] systemd[1]: Listening on Device-mapper event daemon FIFOs.
[[0;32m  OK  [0m] Listening on Device-mapper event daemon FIFOs.
[   14.593578] systemd[1]: Listening on Journal Socket (/dev/log).
[[0;32m  OK  [0m] Listening on Journal Socket (/dev/log).
[   14.838827] systemd[1]: Created slice User and Session Slice.
[[0;32m  OK  [0m] Created slice User and Session Slice.
[   14.892442] systemd[1]: Listening on udev Kernel Socket.
[[0;32m  OK  [0m] Listening on udev Kernel Socket.
[   14.941865] systemd[1]: Created slice System Slice.
[[0;32m  OK  [0m] Created slice System Slice.
[   14.965551] systemd[1]: Mounting Debug File System...
         Mounting Debug File System...
[   14.974795] systemd[1]: Starting Uncomplicated firewall...
         Starting Uncomplicated firewall...
[   14.981251] systemd[1]: Starting Create list of required static device nodes for the current kernel...
         Starting Create list of required st... nodes for the current kernel...
[   14.991081] systemd[1]: Created slice system-serial\x2dgetty.slice.
[[0;32m  OK  [0m] Created slice system-serial\x2dgetty.slice.
[   14.995557] systemd[1]: Reached target Slices.
[[0;32m  OK  [0m] Reached target Slices.
[   15.000269] systemd[1]: Starting Nameserver information manager...
         Starting Nameserver information manager...
[   15.017168] systemd[1]: Starting Remount Root and Kernel File Systems...
         Starting Remount Root and Kernel File Systems...
[   15.025655] systemd[1]: Mounting POSIX Message Queue File System...
         Mounting POSIX Message Queue File System...
[   15.028711] systemd[1]: Starting Set console keymap...
         Starting Set console keymap...
[   15.031129] systemd[1]: Started Forward Password Requests to Wall Directory Watch.
[[0;32m  OK  [0m] Started Forward Password Requests to Wall Directory Watch.
[   15.037678] systemd[1]: Listening on udev Control Socket.
[[0;32m  OK  [0m] Listening on udev Control Socket.
[   15.039944] systemd[1]: Listening on Journal Audit Socket.
[[0;32m  OK  [0m] Listening on Journal Audit Socket.
[   15.042677] systemd[1]: Starting Journal Service...
         Starting Journal Service...
[   15.045307] systemd[1]: Mounting Huge Pages File System...
         Mounting Huge Pages File System...
[   15.047439] systemd[1]: Listening on LVM2 metadata daemon socket.
[[0;32m  OK  [0m] Listening on LVM2 metadata daemon socket.
[   15.050678] systemd[1]: Starting Monitoring of LVM2 mirrors, snapshots etc. using dmeventd or progress polling...
         Starting Monitoring of LVM2 mirrors... dmeventd or progress polling...
[   15.054508] systemd[1]: Reached target Swap.
[[0;32m  OK  [0m] Reached target Swap.
[   15.102414] systemd[1]: Starting Load Kernel Modules...
         Starting Load Kernel Modules...
[   15.113072] systemd[1]: Reached target Encrypted Volumes.
[[0;32m  OK  [0m] Reached target Encrypted Volumes.
[   15.121563] systemd[1]: Mounted Huge Pages File System.
[[0;32m  OK  [0m] Mounted Huge Pages File System.
[   15.126088] systemd[1]: Mounted Debug File System.
[[0;32m  OK  [0m] Mounted Debug File System.
[   15.130286] systemd[1]: Mounted POSIX Message Queue File System.
[   15.134200] EXT4-fs (sda1): re-mounted. Opts: (null)
[[0;32m  OK  [0m] Mounted POSIX Message Queue File System.
[   15.140712] systemd[1]: Started Uncomplicated firewall.
[[0;32m  OK  [0m] Started Uncomplicated firewall.
[   15.147104] systemd[1]: Started Create list of required static device nodes for the current kernel.
[[0;32m  OK  [0m] Started Create list of required sta...ce nodes for the current kernel.
[   15.178843] systemd[1]: Started Remount Root and Kernel File Systems.
[[0;32m  OK  [0m] Started Remount Root and Kernel File Systems.
[   15.191251] systemd[1]: Starting udev Coldplug all Devices...
         Starting udev Coldplug all Devices...
[   15.199075] systemd[1]: Starting Load/Save Random Seed...
         Starting Load/Save Random Seed...
[   15.202510] systemd[1]: Starting Create Static Device Nodes in /dev...
         Starting Create Static Device Nodes in /dev...
[   15.219918] systemd[1]: Started Journal Service.
[[0;32m  OK  [0m] Started Journal Service.
         Starting Flush Journal to Persistent Storage...
[[0;32m  OK  [0m] Started Nameserver information manager.
[[0;32m  OK  [0m] Started udev Coldplug all Devices.
[[0;32m  OK  [0m] Started Set console keymap.
[[0;32m  OK  [0m] Started Load/Save Random Seed.
[   15.319865] systemd-journald[392]: Received request to flush runtime journal from PID 1
[[0;32m  OK  [0m] Started Flush Journal to Persistent Storage.
[[0;32m  OK  [0m] Started LVM2 metadata daemon.
[   15.455717] Loading iSCSI transport class v2.0-870.
[   15.540126] iscsi: registered transport (tcp)
[[0;32m  OK  [0m] Started Create Static Device Nodes in /dev.
         Starting udev Kernel Device Manager...
[   15.720741] iscsi: registered transport (iser)
[[0;32m  OK  [0m] Started Load Kernel Modules.
         Starting Apply Kernel Variables...
         Mounting FUSE Control File System...
[[0;32m  OK  [0m] Mounted FUSE Control File System.
[[0;32m  OK  [0m] Started Monitoring of LVM2 mirrors,...ng dmeventd or progress polling.
[[0;32m  OK  [0m] Started Apply Kernel Variables.
[[0;32m  OK  [0m] Reached target Local File Systems (Pre).
[[0;32m  OK  [0m] Reached target Local File Systems.
         Starting Create Volatile Files and Directories...
         Starting Tell Plymouth To Write Out Runtime Data...
         Starting LSB: AppArmor initialization...
         Starting Set console font and keymap...
         Starting Initial cloud-init job (pre-networking)...
[[0;32m  OK  [0m] Started udev Kernel Device Manager.
[[0;32m  OK  [0m] Started Dispatch Password Requests to Console Directory Watch.
[[0;32m  OK  [0m] Started Tell Plymouth To Write Out Runtime Data.
[[0;32m  OK  [0m] Started Create Volatile Files and Directories.
         Starting Update UTMP about System Boot/Shutdown...
[[0;32m  OK  [0m] Started Update UTMP about System Boot/Shutdown.
[[0;32m  OK  [0m] Found device /dev/ttyS0.
[[0;32m  OK  [0m] Listening on Load/Save RF Kill Switch Status /dev/rfkill Watch.
[[0;32m  OK  [0m] Found device 82540EM Gigabit Ethern...r (PRO/1000 MT Desktop Adapter).
[[0;32m  OK  [0m] Found device 82540EM Gigabit Ethern...r (PRO/1000 MT Desktop Adapter).
[[0;32m  OK  [0m] Started LSB: AppArmor initialization.
[[0;32m  OK  [0m] Started Set console font and keymap.
[[0;32m  OK  [0m] Created slice system-getty.slice.
[   19.872855] cloud-init[495]: Cloud-init v. 19.4-33-gbb4131a2-0ubuntu1~16.04.1 running 'init-local' at Tue, 26 May 2020 06:39:48 +0000. Up 19.25 seconds.
[[0;32m  OK  [0m] Started Initial cloud-init job (pre-networking).
[[0;32m  OK  [0m] Reached target Network (Pre).
[[0;32m  OK  [0m] Started ifup for enp0s8.
         Starting Raise network interfaces...
[[0;32m  OK  [0m] Started ifup for enp0s3.
[[0;32m  OK  [0m] Started Raise network interfaces.
         Starting Initial cloud-init job (metadata service crawler)...
[[0;32m  OK  [0m] Reached target Network.
[   21.476912] cloud-init[1085]: Cloud-init v. 19.4-33-gbb4131a2-0ubuntu1~16.04.1 running 'init' at Tue, 26 May 2020 06:39:50 +0000. Up 20.72 seconds.
[   21.484701] cloud-init[1085]: ci-info: ++++++++++++++++++++++++++++++++++++++Net device info+++++++++++++++++++++++++++++++++++++++
[   21.489089] cloud-init[1085]: ci-info: +--------+------+-----------------------------+---------------+--------+-------------------+
[   21.495461] cloud-init[1085]: ci-info: | Device |  Up  |           Address           |      Mask     | Scope  |     Hw-Address    |
[   21.500961] cloud-init[1085]: ci-info: +--------+------+-----------------------------+---------------+--------+-------------------+
[   21.512780] cloud-init[1085]: ci-info: | enp0s3 | True |          10.0.2.15          | 255.255.255.0 | global | 02:ba:b8:ca:39:a3 |
[   21.514692] cloud-init[1085]: ci-info: | enp0s3 | True |  fe80::ba:b8ff:feca:39a3/64 |       .       |  link  | 02:ba:b8:ca:39:a3 |
[   21.517961] cloud-init[1085]: ci-info: | enp0s8 | True |        192.168.33.10        | 255.255.255.0 | global | 08:00:27:1d:7d:50 |
[   21.521952] cloud-init[1085]: ci-info: | enp0s8 | True | fe80::a00:27ff:fe1d:7d50/64 |       .       |  link  | 08:00:27:1d:7d:50 |
[   21.523875] cloud-init[1085]: ci-info: |   lo   | True |          127.0.0.1          |   255.0.0.0   |  host  |         .         |
[   21.526218] cloud-init[1085]: ci-info: |   lo   | True |           ::1/128           |       .       |  host  |         .         |
[   21.528214] cloud-init[1085]: ci-info: +--------+------+-----------------------------+---------------+--------+-------------------+
[   21.531150] cloud-init[1085]: ci-info: ++++++++++++++++++++++++++++Route IPv4 info++++++++++++++++++++++++++++
[   21.534645] cloud-init[1085]: ci-info: +-------+--------------+----------+---------------+-----------+-------+
[   21.536709] cloud-init[1085]: ci-info: | Route | Destination  | Gateway  |    Genmask    | Interface | Flags |
[   21.544873] cloud-init[1085]: ci-info: +-------+--------------+----------+---------------+-----------+-------+
[   21.552751] cloud-init[1085]: ci-info: |   0   |   0.0.0.0    | 10.0.2.2 |    0.0.0.0    |   enp0s3  |   UG  |
[   21.554554] cloud-init[1085]: ci-info: |   1   |   10.0.2.0   | 0.0.0.0  | 255.255.255.0 |   enp0s3  |   U   |
[   21.557021] cloud-init[1085]: ci-info: |   2   | 192.168.33.0 | 0.0.0.0  | 255.255.255.0 |   enp0s8  |   U   |
[   21.559540] cloud-init[1085]: ci-info: +-------+--------------+----------+---------------+-----------+-------+
[   21.561994] cloud-init[1085]: ci-info: +++++++++++++++++++Route IPv6 info+++++++++++++++++++
[   21.563500] cloud-init[1085]: ci-info: +-------+-------------+---------+-----------+-------+
[   21.565798] cloud-init[1085]: ci-info: | Route | Destination | Gateway | Interface | Flags |
[   21.567866] cloud-init[1085]: ci-info: +-------+-------------+---------+-----------+-------+
[   21.569937] cloud-init[1085]: ci-info: |   0   |  fe80::/64  |    ::   |   enp0s8  |   U   |
[   21.571909] cloud-init[1085]: ci-info: |   1   |  fe80::/64  |    ::   |   enp0s3  |   U   |
[   21.573627] cloud-init[1085]: ci-info: |   4   |   ff00::/8  |    ::   |   enp0s8  |   U   |
[   21.580784] cloud-init[1085]: ci-info: |   5   |   ff00::/8  |    ::   |   enp0s3  |   U   |
[   21.582999] cloud-init[1085]: ci-info: +-------+-------------+---------+-----------+-------+
[[0;32m  OK  [0m] Started Initial cloud-init job (metadata service crawler).
[[0;32m  OK  [0m] Reached target System Initialization.
[[0;32m  OK  [0m] Listening on D-Bus System Message Bus Socket.
         Starting Socket activation for snappy daemon.
[[0;32m  OK  [0m] Listening on UUID daemon activation socket.
[[0;32m  OK  [0m] Started Message of the Day.
[[0;32m  OK  [0m] Started Daily apt download activities.
[[0;32m  OK  [0m] Started Daily apt upgrade and clean activities.
         Starting LXD - unix socket.
[[0;32m  OK  [0m] Started Daily Cleanup of Temporary Directories.
[[0;32m  OK  [0m] Reached target Timers.
[[0;32m  OK  [0m] Listening on ACPID Listen Socket.
[[0;32m  OK  [0m] Started ACPI Events Check.
[[0;32m  OK  [0m] Reached target Paths.
[[0;32m  OK  [0m] Reached target Network is Online.
         Starting iSCSI initiator daemon (iscsid)...
[[0;32m  OK  [0m] Reached target Cloud-config availability.
[[0;32m  OK  [0m] Listening on Socket activation for snappy daemon.
[[0;32m  OK  [0m] Listening on LXD - unix socket.
[[0;32m  OK  [0m] Reached target Sockets.
[[0;32m  OK  [0m] Reached target Basic System.
         Starting LSB: MD monitoring daemon...
         Starting Virtualbox guest utils...
         Starting OpenBSD Secure Shell server...
         Starting LXD - container startup/shutdown...
[[0;32m  OK  [0m] Started FUSE filesystem for LXC.
         Starting /etc/rc.local Compatibility...
[[0;32m  OK  [0m] Started ACPI event daemon.
[[0;32m  OK  [0m] Started Regular background program processing daemon.
         Starting System Logging Service...
         Starting LSB: Record successful boot for GRUB...
[[0;32m  OK  [0m] Started D-Bus System Message Bus.
         Starting Snappy daemon...
         Starting Login Service...
         Starting Accounts Service...
         Starting The PHP 7.0 FastCGI Process Manager...
[[0;32m  OK  [0m] Started Deferred execution scheduler.
         Starting MySQL Community Server...
[[0;32m  OK  [0m] Started System Logging Service.
[[0;32m  OK  [0m] Started /etc/rc.local Compatibility.
[[0;32m  OK  [0m] Started Login Service.
[[0;32m  OK  [0m] Started Unattended Upgrades Shutdown.
[[0;32m  OK  [0m] Started OpenBSD Secure Shell server.
[[0;32m  OK  [0m] Started iSCSI initiator daemon (iscsid).
         Starting Login to default iSCSI targets...
[[0;32m  OK  [0m] Started LSB: MD monitoring daemon.
[[0;32m  OK  [0m] Started LSB: Record successful boot for GRUB.
[[0;32m  OK  [0m] Started Login to default iSCSI targets.
[[0;32m  OK  [0m] Reached target Remote File Systems (Pre).
[[0;32m  OK  [0m] Reached target Remote File Systems.
         Starting LSB: Set the CPU Frequency Scaling governor to "ondemand"...
         Starting LSB: automatic crash report generation...
         Starting LSB: Apache2 web server...
         Starting LSB: daemon to balance interrupts for SMP systems...
         Starting Permit User Sessions...
[[0;32m  OK  [0m] Started LSB: Set the CPU Frequency Scaling governor to "ondemand".
[[0;32m  OK  [0m] Started Permit User Sessions.
         Starting Hold until boot process finishes up...
         Starting Terminate Plymouth Boot Screen...
[[0;32m  OK  [0m] Started Hold until boot process finishes up.
         Starting Set console scheme...
[[0;32m  OK  [0m] Started Serial Getty on ttyS0.
[[0;32m  OK  [0m] Started Getty on tty1.
[[0;32m  OK  [0m] Reached target Login Prompts.
[[0;32m  OK  [0m] Started Terminate Plymouth Boot Screen.
[[0;32m  OK  [0m] Started Set console scheme.
[[0;32m  OK  [0m] Started Virtualbox guest utils.
[[0;32m  OK  [0m] Started LSB: daemon to balance interrupts for SMP systems.
[[0;32m  OK  [0m] Started LSB: automatic crash report generation.
         Starting Authenticate and Authorize Users to Run Privileged Tasks...
[[0;32m  OK  [0m] Started Authenticate and Authorize Users to Run Privileged Tasks.
[[0;32m  OK  [0m] Started Accounts Service.
[[0;32m  OK  [0m] Started LXD - container startup/shutdown.
[[0;32m  OK  [0m] Started The PHP 7.0 FastCGI Process Manager.
[[0;32m  OK  [0m] Started Snappy daemon.
         Starting Wait until snapd is fully seeded...
[[0;32m  OK  [0m] Started Wait until snapd is fully seeded.
         Starting Apply the settings specified in cloud-config...
[[0;32m  OK  [0m] Started LSB: Apache2 web server.
[   27.079404] cloud-init[1415]: Cloud-init v. 19.4-33-gbb4131a2-0ubuntu1~16.04.1 running 'modules:config' at Tue, 26 May 2020 06:39:56 +0000. Up 26.77 seconds.
[[0;32m  OK  [0m] Started Apply the settings specified in cloud-config.

Ubuntu 16.04.6 LTS ubuntu-xenial ttyS0

ubuntu-xenial login: [   30.378537] cloud-init[1493]: Cloud-init v. 19.4-33-gbb4131a2-0ubuntu1~16.04.1 running 'modules:final' at Tue, 26 May 2020 06:39:59 +0000. Up 30.14 seconds.
[   30.379882] cloud-init[1493]: Cloud-init v. 19.4-33-gbb4131a2-0ubuntu1~16.04.1 finished at Tue, 26 May 2020 06:40:00 +0000. Datasource DataSourceNoCloud [seed=/dev/sdb][dsmode=net].  Up 30.36 seconds
