[    0.000000] Initializing cgroup subsys cpuset
[    0.000000] Initializing cgroup subsys cpu
[    0.000000] Initializing cgroup subsys cpuacct
[    0.000000] Linux version 4.4.0-179-generic (buildd@lcy01-amd64-014) (gcc version 5.4.0 20160609 (Ubuntu 5.4.0-6ubuntu1~16.04.12) ) #209-Ubuntu SMP Fri Apr 24 17:48:44 UTC 2020 (Ubuntu 4.4.0-179.209-generic 4.4.219)
[    0.000000] Command line: BOOT_IMAGE=/boot/vmlinuz-4.4.0-179-generic root=UUID=f7b43405-fdce-4bb1-b4fb-264548858b21 ro console=tty1 console=ttyS0
[    0.000000] KERNEL supported cpus:
[    0.000000]   Intel GenuineIntel
[    0.000000]   AMD AuthenticAMD
[    0.000000]   Centaur CentaurHauls
[    0.000000] x86/fpu: xstate_offset[2]:  576, xstate_sizes[2]:  256
[    0.000000] x86/fpu: Supporting XSAVE feature 0x01: 'x87 floating point registers'
[    0.000000] x86/fpu: Supporting XSAVE feature 0x02: 'SSE registers'
[    0.000000] x86/fpu: Supporting XSAVE feature 0x04: 'AVX registers'
[    0.000000] x86/fpu: Enabled xstate features 0x7, context size is 832 bytes, using 'standard' format.
[    0.000000] e820: BIOS-provided physical RAM map:
[    0.000000] BIOS-e820: [mem 0x0000000000000000-0x000000000009fbff] usable
[    0.000000] BIOS-e820: [mem 0x000000000009fc00-0x000000000009ffff] reserved
[    0.000000] BIOS-e820: [mem 0x00000000000f0000-0x00000000000fffff] reserved
[    0.000000] BIOS-e820: [mem 0x0000000000100000-0x000000003ffeffff] usable
[    0.000000] BIOS-e820: [mem 0x000000003fff0000-0x000000003fffffff] ACPI data
[    0.000000] BIOS-e820: [mem 0x00000000fec00000-0x00000000fec00fff] reserved
[    0.000000] BIOS-e820: [mem 0x00000000fee00000-0x00000000fee00fff] reserved
[    0.000000] BIOS-e820: [mem 0x00000000fffc0000-0x00000000ffffffff] reserved
[    0.000000] NX (Execute Disable) protection: active
[    0.000000] SMBIOS 2.5 present.
[    0.000000] Hypervisor detected: KVM
[    0.000000] e820: last_pfn = 0x3fff0 max_arch_pfn = 0x400000000
[    0.000000] MTRR: Disabled
[    0.000000] x86/PAT: MTRRs disabled, skipping PAT initialization too.
[    0.000000] CPU MTRRs all blank - virtualized system.
[    0.000000] x86/PAT: Configuration [0-7]: WB  WT  UC- UC  WB  WT  UC- UC  
[    0.000000] found SMP MP-table at [mem 0x0009fff0-0x0009ffff] mapped at [ffff88000009fff0]
[    0.000000] Scanning 1 areas for low memory corruption
[    0.000000] RAMDISK: [mem 0x361ca000-0x370dcfff]
[    0.000000] ACPI: Early table checksum verification disabled
[    0.000000] ACPI: RSDP 0x00000000000E0000 000024 (v02 VBOX  )
[    0.000000] ACPI: XSDT 0x000000003FFF0030 00003C (v01 VBOX   VBOXXSDT 00000001 ASL  00000061)
[    0.000000] ACPI: FACP 0x000000003FFF00F0 0000F4 (v04 VBOX   VBOXFACP 00000001 ASL  00000061)
[    0.000000] ACPI: DSDT 0x000000003FFF0470 002325 (v02 VBOX   VBOXBIOS 00000002 INTL 20100528)
[    0.000000] ACPI: FACS 0x000000003FFF0200 000040
[    0.000000] ACPI: FACS 0x000000003FFF0200 000040
[    0.000000] ACPI: APIC 0x000000003FFF0240 00005C (v02 VBOX   VBOXAPIC 00000001 ASL  00000061)
[    0.000000] ACPI: SSDT 0x000000003FFF02A0 0001CC (v01 VBOX   VBOXCPUT 00000002 INTL 20100528)
[    0.000000] No NUMA configuration found
[    0.000000] Faking a node at [mem 0x0000000000000000-0x000000003ffeffff]
[    0.000000] NODE_DATA(0) allocated [mem 0x3ffeb000-0x3ffeffff]
[    0.000000] kvm-clock: Using msrs 4b564d01 and 4b564d00
[    0.000000] kvm-clock: cpu 0, msr 0:3ffe3001, primary cpu clock
[    0.000000] kvm-clock: using sched offset of 4868201589 cycles
[    0.000000] clocksource: kvm-clock: mask: 0xffffffffffffffff max_cycles: 0x1cd42e4dffb, max_idle_ns: 881590591483 ns
[    0.000000] Zone ranges:
[    0.000000]   DMA      [mem 0x0000000000001000-0x0000000000ffffff]
[    0.000000]   DMA32    [mem 0x0000000001000000-0x000000003ffeffff]
[    0.000000]   Normal   empty
[    0.000000]   Device   empty
[    0.000000] Movable zone start for each node
[    0.000000] Early memory node ranges
[    0.000000]   node   0: [mem 0x0000000000001000-0x000000000009efff]
[    0.000000]   node   0: [mem 0x0000000000100000-0x000000003ffeffff]
[    0.000000] Initmem setup node 0 [mem 0x0000000000001000-0x000000003ffeffff]
[    0.000000] ACPI: PM-Timer IO Port: 0x4008
[    0.000000] IOAPIC[0]: apic_id 2, version 32, address 0xfec00000, GSI 0-23
[    0.000000] ACPI: INT_SRC_OVR (bus 0 bus_irq 0 global_irq 2 dfl dfl)
[    0.000000] ACPI: INT_SRC_OVR (bus 0 bus_irq 9 global_irq 9 low level)
[    0.000000] Using ACPI (MADT) for SMP configuration information
[    0.000000] smpboot: Allowing 2 CPUs, 0 hotplug CPUs
[    0.000000] PM: Registered nosave memory: [mem 0x00000000-0x00000fff]
[    0.000000] PM: Registered nosave memory: [mem 0x0009f000-0x0009ffff]
[    0.000000] PM: Registered nosave memory: [mem 0x000a0000-0x000effff]
[    0.000000] PM: Registered nosave memory: [mem 0x000f0000-0x000fffff]
[    0.000000] e820: [mem 0x40000000-0xfebfffff] available for PCI devices
[    0.000000] Booting paravirtualized kernel on KVM
[    0.000000] clocksource: refined-jiffies: mask: 0xffffffff max_cycles: 0xffffffff, max_idle_ns: 7645519600211568 ns
[    0.000000] setup_percpu: NR_CPUS:512 nr_cpumask_bits:512 nr_cpu_ids:2 nr_node_ids:1
[    0.000000] PERCPU: Embedded 33 pages/cpu @ffff88003fc00000 s95448 r8192 d31528 u1048576
[    0.000000] Built 1 zonelists in Node order, mobility grouping on.  Total pages: 257912
[    0.000000] Policy zone: DMA32
[    0.000000] Kernel command line: BOOT_IMAGE=/boot/vmlinuz-4.4.0-179-generic root=UUID=f7b43405-fdce-4bb1-b4fb-264548858b21 ro console=tty1 console=ttyS0
[    0.000000] PID hash table entries: 4096 (order: 3, 32768 bytes)
[    0.000000] Memory: 997116K/1048120K available (8630K kernel code, 1336K rwdata, 4036K rodata, 1488K init, 1292K bss, 51004K reserved, 0K cma-reserved)
[    0.000000] SLUB: HWalign=64, Order=0-3, MinObjects=0, CPUs=2, Nodes=1
[    0.000000] Kernel/User page tables isolation: enabled
[    0.000000] Hierarchical RCU implementation.
[    0.000000] 	Build-time adjustment of leaf fanout to 64.
[    0.000000] 	RCU restricting CPUs from NR_CPUS=512 to nr_cpu_ids=2.
[    0.000000] RCU: Adjusting geometry for rcu_fanout_leaf=64, nr_cpu_ids=2
[    0.000000] NR_IRQS:33024 nr_irqs:440 16
[    0.000000] Console: colour VGA+ 80x25
[    0.000000] console [tty1] enabled
[    0.000000] console [ttyS0] enabled
[    0.000000] tsc: Detected 3408.006 MHz processor
[    0.184536] Calibrating delay loop (skipped) preset value.. 6816.01 BogoMIPS (lpj=13632024)
[    0.186747] pid_max: default: 32768 minimum: 301
[    0.187971] ACPI: Core revision 20150930
[    0.191309] ACPI: 2 ACPI AML tables successfully acquired and loaded
[    0.193162] Security Framework initialized
[    0.194301] Yama: becoming mindful.
[    0.195174] AppArmor: AppArmor initialized
[    0.196450] Dentry cache hash table entries: 131072 (order: 8, 1048576 bytes)
[    0.200711] Inode-cache hash table entries: 65536 (order: 7, 524288 bytes)
[    0.202162] Mount-cache hash table entries: 2048 (order: 2, 16384 bytes)
[    0.203618] Mountpoint-cache hash table entries: 2048 (order: 2, 16384 bytes)
[    0.205242] Initializing cgroup subsys io
[    0.206498] Initializing cgroup subsys memory
[    0.207549] Initializing cgroup subsys devices
[    0.208578] Initializing cgroup subsys freezer
[    0.209600] Initializing cgroup subsys net_cls
[    0.210610] Initializing cgroup subsys perf_event
[    0.211750] Initializing cgroup subsys net_prio
[    0.212973] Initializing cgroup subsys hugetlb
[    0.214174] Initializing cgroup subsys pids
[    0.216416] mce: CPU supports 0 MCE banks
[    0.217504] Last level iTLB entries: 4KB 64, 2MB 8, 4MB 8
[    0.219065] Last level dTLB entries: 4KB 64, 2MB 0, 4MB 0, 1GB 4
[    0.220474] Spectre V1 : Mitigation: usercopy/swapgs barriers and __user pointer sanitization
[    0.222679] Spectre V2 : Mitigation: Full generic retpoline
[    0.224071] Spectre V2 : Spectre v2 / SpectreRSB mitigation: Filling RSB on context switch
[    0.226099] Speculative Store Bypass: Vulnerable
[    0.227339] MDS: Vulnerable: Clear CPU buffers attempted, no microcode
[    0.231824] Freeing SMP alternatives memory: 36K
[    0.239090] ftrace: allocating 32313 entries in 127 pages
[    0.307265] smpboot: APIC(0) Converting physical 0 to logical package 0
[    0.309004] smpboot: Max logical packages: 1
[    0.310385] x2apic enabled
[    0.311757] Switched APIC routing to physical x2apic.
[    0.314672] ..TIMER: vector=0x30 apic1=0 pin1=2 apic2=-1 pin2=-1
[    0.424248] smpboot: CPU0: Intel(R) Core(TM) i7-6700 CPU @ 3.40GHz (family: 0x6, model: 0x5e, stepping: 0x3)
[    0.427036] Performance Events: unsupported p6 CPU model 94 no PMU driver, software events only.
[    0.440460] KVM setup paravirtual spinlock
[    0.442244] x86: Booting SMP configuration:
[    0.443316] .... node  #0, CPUs:      #1
[    0.444404] kvm-clock: cpu 1, msr 0:3ffe3041, secondary cpu clock
[    0.446501] mce: CPU supports 0 MCE banks
[    0.449799] x86: Booted up 1 node, 2 CPUs
[    0.451240] smpboot: Total of 2 processors activated (13632.02 BogoMIPS)
[    0.453599] devtmpfs: initialized
[    0.456365] evm: security.selinux
[    0.457254] evm: security.SMACK64
[    0.458266] evm: security.SMACK64EXEC
[    0.459283] evm: security.SMACK64TRANSMUTE
[    0.460674] evm: security.SMACK64MMAP
[    0.461668] evm: security.ima
[    0.462556] evm: security.capability
[    0.464036] clocksource: jiffies: mask: 0xffffffff max_cycles: 0xffffffff, max_idle_ns: 7645041785100000 ns
[    0.466517] futex hash table entries: 512 (order: 3, 32768 bytes)
[    0.468089] pinctrl core: initialized pinctrl subsystem
[    0.469484] RTC time: 14:50:03, date: 06/08/20
[    0.470819] NET: Registered protocol family 16
[    0.485820] cpuidle: using governor ladder
[    0.497471] cpuidle: using governor menu
[    0.498554] PCCT header not found.
[    0.499584] ACPI: bus type PCI registered
[    0.500881] acpiphp: ACPI Hot Plug PCI Controller Driver version: 0.5
[    0.502533] PCI: Using configuration type 1 for base access
[    0.518286] ACPI: Added _OSI(Module Device)
[    0.519524] ACPI: Added _OSI(Processor Device)
[    0.520647] ACPI: Added _OSI(3.0 _SCP Extensions)
[    0.521839] ACPI: Added _OSI(Processor Aggregator Device)
[    0.523877] ACPI: Executed 1 blocks of module-level executable AML code
[    0.528231] ACPI: Interpreter enabled
[    0.529350] ACPI: (supports S0 S5)
[    0.530473] ACPI: Using IOAPIC for interrupt routing
[    0.531940] PCI: Using host bridge windows from ACPI; if necessary, use "pci=nocrs" and report a bug
[    0.538193] ACPI: PCI Root Bridge [PCI0] (domain 0000 [bus 00-ff])
[    0.539718] acpi PNP0A03:00: _OSC: OS supports [ASPM ClockPM Segments MSI]
[    0.541881] acpi PNP0A03:00: _OSC: not requesting OS control; OS requires [ExtendedConfig ASPM ClockPM MSI]
[    0.544488] acpi PNP0A03:00: fail to add MMCONFIG information, can't access extended PCI configuration space under this bridge.
[    0.547654] PCI host bridge to bus 0000:00
[    0.548681] pci_bus 0000:00: root bus resource [io  0x0000-0x0cf7 window]
[    0.550337] pci_bus 0000:00: root bus resource [io  0x0d00-0xffff window]
[    0.551943] pci_bus 0000:00: root bus resource [mem 0x000a0000-0x000bffff window]
[    0.554120] pci_bus 0000:00: root bus resource [mem 0x40000000-0xfdffffff window]
[    0.556112] pci_bus 0000:00: root bus resource [bus 00-ff]
[    0.559329] pci 0000:00:01.1: legacy IDE quirk: reg 0x10: [io  0x01f0-0x01f7]
[    0.561204] pci 0000:00:01.1: legacy IDE quirk: reg 0x14: [io  0x03f6]
[    0.563135] pci 0000:00:01.1: legacy IDE quirk: reg 0x18: [io  0x0170-0x0177]
[    0.565189] pci 0000:00:01.1: legacy IDE quirk: reg 0x1c: [io  0x0376]
[    0.594339] pci 0000:00:07.0: quirk: [io  0x4000-0x403f] claimed by PIIX4 ACPI
[    0.596441] pci 0000:00:07.0: quirk: [io  0x4100-0x410f] claimed by PIIX4 SMB
[    0.609079] ACPI: PCI Interrupt Link [LNKA] (IRQs 5 9 10 *11)
[    0.611476] ACPI: PCI Interrupt Link [LNKB] (IRQs 5 9 *10 11)
[    0.613659] ACPI: PCI Interrupt Link [LNKC] (IRQs 5 *9 10 11)
[    0.615931] ACPI: PCI Interrupt Link [LNKD] (IRQs 5 9 10 *11)
[    0.618041] ACPI: Enabled 2 GPEs in block 00 to 07
[    0.619892] vgaarb: setting as boot device: PCI:0000:00:02.0
[    0.621275] vgaarb: device added: PCI:0000:00:02.0,decodes=io+mem,owns=io+mem,locks=none
[    0.623512] vgaarb: loaded
[    0.624414] vgaarb: bridge control possible 0000:00:02.0
[    0.625930] SCSI subsystem initialized
[    0.627203] ACPI: bus type USB registered
[    0.628409] usbcore: registered new interface driver usbfs
[    0.630415] usbcore: registered new interface driver hub
[    0.632181] usbcore: registered new device driver usb
[    0.634059] PCI: Using ACPI for IRQ routing
[    0.638313] NetLabel: Initializing
[    0.639644] NetLabel:  domain hash size = 128
[    0.641074] NetLabel:  protocols = UNLABELED CIPSOv4
[    0.642667] NetLabel:  unlabeled traffic allowed by default
[    0.644537] amd_nb: Cannot enumerate AMD northbridges
[    0.646031] clocksource: Switched to clocksource kvm-clock
[    0.659300] AppArmor: AppArmor Filesystem Enabled
[    0.660694] pnp: PnP ACPI init
[    0.662622] pnp: PnP ACPI: found 3 devices
[    0.676051] clocksource: acpi_pm: mask: 0xffffff max_cycles: 0xffffff, max_idle_ns: 2085701024 ns
[    0.678728] NET: Registered protocol family 2
[    0.680355] TCP established hash table entries: 8192 (order: 4, 65536 bytes)
[    0.682048] TCP bind hash table entries: 8192 (order: 5, 131072 bytes)
[    0.683887] TCP: Hash tables configured (established 8192 bind 8192)
[    0.685283] UDP hash table entries: 512 (order: 2, 16384 bytes)
[    0.686774] UDP-Lite hash table entries: 512 (order: 2, 16384 bytes)
[    0.688342] NET: Registered protocol family 1
[    0.689481] pci 0000:00:00.0: Limiting direct PCI/PCI transfers
[    0.691088] pci 0000:00:01.0: Activating ISA DMA hang workarounds
[    0.692733] Unpacking initramfs...
[    0.939263] Freeing initrd memory: 15436K
[    0.940800] clocksource: tsc: mask: 0xffffffffffffffff max_cycles: 0x311fd9b189d, max_idle_ns: 440795225691 ns
[    0.943501] platform rtc_cmos: registered platform RTC device (no PNP device found)
[    0.945460] Scanning for low memory corruption every 60 seconds
[    0.947350] audit: initializing netlink subsys (disabled)
[    0.948790] audit: type=2000 audit(1591627809.916:1): initialized
[    0.950625] Initialise system trusted keyring
[    0.952070] HugeTLB registered 2 MB page size, pre-allocated 0 pages
[    0.954790] zbud: loaded
[    0.956131] VFS: Disk quotas dquot_6.6.0
[    0.957220] VFS: Dquot-cache hash table entries: 512 (order 0, 4096 bytes)
[    0.959063] squashfs: version 4.0 (2009/01/31) Phillip Lougher
[    0.960709] fuse init (API version 7.23)
[    0.961862] Key type big_key registered
[    0.963045] Allocating IMA MOK and blacklist keyrings.
[    0.966191] Key type asymmetric registered
[    0.967226] Asymmetric key parser 'x509' registered
[    0.968457] Block layer SCSI generic (bsg) driver version 0.4 loaded (major 249)
[    0.970473] io scheduler noop registered
[    0.971576] io scheduler deadline registered (default)
[    0.973031] io scheduler cfq registered
[    0.974400] pci_hotplug: PCI Hot Plug PCI Core version: 0.5
[    0.976206] pciehp: PCI Express Hot Plug Controller Driver version: 0.4
[    0.978196] ACPI: AC Adapter [AC] (on-line)
[    0.979446] input: Power Button as /devices/LNXSYSTM:00/LNXPWRBN:00/input/input0
[    0.981472] ACPI: Power Button [PWRF]
[    0.982695] input: Sleep Button as /devices/LNXSYSTM:00/LNXSLPBN:00/input/input1
[    0.984625] ACPI: Sleep Button [SLPF]
[    0.985938] GHES: HEST is not enabled!
[    0.987223] Serial: 8250/16550 driver, 32 ports, IRQ sharing enabled
[    1.009266] 00:02: ttyS0 at I/O 0x3f8 (irq = 4, base_baud = 115200) is a 16550A
[    1.012201] Linux agpgart interface v0.103
[    1.018042] loop: module loaded
[    1.019748] scsi host0: ata_piix
[    1.020998] scsi host1: ata_piix
[    1.021908] ata1: PATA max UDMA/33 cmd 0x1f0 ctl 0x3f6 bmdma 0xd000 irq 14
[    1.023844] ata2: PATA max UDMA/33 cmd 0x170 ctl 0x376 bmdma 0xd008 irq 15
[    1.025795] libphy: Fixed MDIO Bus: probed
[    1.027003] tun: Universal TUN/TAP device driver, 1.6
[    1.028279] tun: (C) 1999-2004 Max Krasnyansky <maxk@qualcomm.com>
[    1.029826] PPP generic driver version 2.4.2
[    1.031038] ehci_hcd: USB 2.0 'Enhanced' Host Controller (EHCI) Driver
[    1.032528] ehci-pci: EHCI PCI platform driver
[    1.033750] ehci-platform: EHCI generic platform driver
[    1.035075] ohci_hcd: USB 1.1 'Open' Host Controller (OHCI) Driver
[    1.036645] ohci-pci: OHCI PCI platform driver
[    1.037756] ohci-platform: OHCI generic platform driver
[    1.039187] uhci_hcd: USB Universal Host Controller Interface driver
[    1.040673] i8042: PNP: PS/2 Controller [PNP0303:PS2K,PNP0f03:PS2M] at 0x60,0x64 irq 1,12
[    1.043275] serio: i8042 KBD port at 0x60,0x64 irq 1
[    1.044510] serio: i8042 AUX port at 0x60,0x64 irq 12
[    1.046004] mousedev: PS/2 mouse device common for all mice
[    1.047768] rtc_cmos rtc_cmos: rtc core: registered rtc_cmos as rtc0
[    1.049347] rtc_cmos rtc_cmos: alarms up to one day, 114 bytes nvram
[    1.050897] i2c /dev entries driver
[    1.051940] device-mapper: uevent: version 1.0.3
[    1.053154] input: AT Translated Set 2 keyboard as /devices/platform/i8042/serio0/input/input2
[    1.055556] device-mapper: ioctl: 4.34.0-ioctl (2015-10-28) initialised: dm-devel@redhat.com
[    1.057844] ledtrig-cpu: registered to indicate activity on CPUs
[    1.060684] NET: Registered protocol family 10
[    1.062099] NET: Registered protocol family 17
[    1.063504] Key type dns_resolver registered
[    1.064976] registered taskstats version 1
[    1.066198] Loading compiled-in X.509 certificates
[    1.067988] Loaded X.509 cert 'Build time autogenerated kernel key: a9e5689415cbbea5b40a198600f217117afda70c'
[    1.070371] zswap: loaded using pool lzo/zbud
[    1.073379] Key type trusted registered
[    1.077525] Key type encrypted registered
[    1.078595] AppArmor: AppArmor sha1 policy hashing enabled
[    1.079890] ima: No TPM chip found, activating TPM-bypass!
[    1.081397] ima: Allocated hash algorithm: sha1
[    1.082646] evm: HMAC attrs: 0x1
[    1.084015]   Magic number: 8:871:838
[    1.085297] rtc_cmos rtc_cmos: setting system clock to 2020-06-08 14:50:03 UTC (1591627803)
[    1.088077] BIOS EDD facility v0.16 2004-Jun-25, 0 devices found
[    1.089565] EDD information not available.
[    1.203178] Freeing unused kernel memory: 1488K
[    1.204521] Write protecting the kernel read-only data: 14336k
[    1.206781] Freeing unused kernel memory: 1600K
[    1.208461] Freeing unused kernel memory: 60K
Loading, please wait...
starting version 229
[    1.224529] random: systemd-udevd: uninitialized urandom read (16 bytes read, 3 bits of entropy available)
[    1.225022] random: udevadm: uninitialized urandom read (16 bytes read, 3 bits of entropy available)
[    1.225074] random: udevadm: uninitialized urandom read (16 bytes read, 3 bits of entropy available)
[    1.232380] random: systemd-udevd: uninitialized urandom read (16 bytes read, 3 bits of entropy available)
[    1.233209] random: udevadm: uninitialized urandom read (16 bytes read, 3 bits of entropy available)
[    1.233244] random: udevadm: uninitialized urandom read (16 bytes read, 3 bits of entropy available)
[    1.233362] random: udevadm: uninitialized urandom read (16 bytes read, 3 bits of entropy available)
[    1.233405] random: udevadm: uninitialized urandom read (16 bytes read, 3 bits of entropy available)
[    1.233448] random: udevadm: uninitialized urandom read (16 bytes read, 3 bits of entropy available)
[    1.233490] random: udevadm: uninitialized urandom read (16 bytes read, 3 bits of entropy available)
[    1.278809] e1000: Intel(R) PRO/1000 Network Driver - version 7.3.21-k8-NAPI
[    1.280647] e1000: Copyright (c) 1999-2006 Intel Corporation.
[    1.283504] Fusion MPT base driver 3.04.20
[    1.284609] Copyright (c) 1999-2008 LSI Corporation
[    1.289518] Fusion MPT SPI Host driver 3.04.20
[    1.301376] AVX2 version of gcm_enc/dec engaged.
[    1.302656] AES CTR mode by8 optimization enabled
[    1.494151] input: ImExPS/2 Generic Explorer Mouse as /devices/platform/i8042/serio1/input/input4
[    1.673214] e1000 0000:00:03.0 eth0: (PCI:33MHz:32-bit) 02:ba:b8:ca:39:a3
[    1.675279] e1000 0000:00:03.0 eth0: Intel(R) PRO/1000 Network Connection
[    1.677871] mptbase: ioc0: Initiating bringup
[    2.203250] ioc0: LSI53C1030 A0: Capabilities={Initiator}
[    4.127673] scsi host2: ioc0: LSI53C1030 A0, FwRev=00000000h, Ports=1, MaxQ=256, IRQ=20
[    5.943093] scsi 2:0:0:0: Direct-Access     VBOX     HARDDISK         1.0  PQ: 0 ANSI: 5
[    5.948735] scsi target2:0:0: Beginning Domain Validation
[    5.957081] scsi target2:0:0: Domain Validation skipping write tests
[    5.960196] scsi target2:0:0: Ending Domain Validation
[    5.963005] scsi target2:0:0: asynchronous
[    5.966292] scsi 2:0:1:0: Direct-Access     VBOX     HARDDISK         1.0  PQ: 0 ANSI: 5
[    5.968445] scsi target2:0:1: Beginning Domain Validation
[    5.971310] scsi target2:0:1: Domain Validation skipping write tests
[    5.972823] scsi target2:0:1: Ending Domain Validation
[    5.974340] scsi target2:0:1: asynchronous
[    5.981957] sd 2:0:0:0: [sda] 20971520 512-byte logical blocks: (10.7 GB/10.0 GiB)
[    5.996922] sd 2:0:0:0: Attached scsi generic sg0 type 0
[    5.998867] sd 2:0:0:0: [sda] Write Protect is off
[    6.001036] sd 2:0:0:0: [sda] Incomplete mode parameter data
[    6.002418] sd 2:0:0:0: [sda] Assuming drive cache: write through
[    6.004086] sd 2:0:1:0: [sdb] 20480 512-byte logical blocks: (10.5 MB/10.0 MiB)
[    6.006374] sd 2:0:1:0: [sdb] Write Protect is off
[    6.007651] sd 2:0:1:0: Attached scsi generic sg1 type 0
[    6.009462] sd 2:0:1:0: [sdb] Incomplete mode parameter data
[    6.010947] sd 2:0:1:0: [sdb] Assuming drive cache: write through
[    6.029904]  sda: sda1
[    6.031511] sd 2:0:0:0: [sda] Attached SCSI disk
[    6.047134] sd 2:0:1:0: [sdb] Attached SCSI disk
[    6.376062] e1000 0000:00:08.0 eth1: (PCI:33MHz:32-bit) 08:00:27:27:f1:4f
[    6.377987] e1000 0000:00:08.0 eth1: Intel(R) PRO/1000 Network Connection
[    6.380926] e1000 0000:00:08.0 enp0s8: renamed from eth1
[    6.390680] e1000 0000:00:03.0 enp0s3: renamed from eth0
Begin: Loading essential drivers ... [    8.532612] md: linear personality registered for level -1
[    8.536587] md: multipath personality registered for level -4
[    8.540322] md: raid0 personality registered for level 0
[    8.546231] md: raid1 personality registered for level 1
[    8.618040] raid6: sse2x1   gen() 11527 MB/s
[    8.686343] raid6: sse2x1   xor()  8162 MB/s
[    8.754654] raid6: sse2x2   gen() 14639 MB/s
[    8.822046] raid6: sse2x2   xor()  9453 MB/s
[    8.890274] raid6: sse2x4   gen() 16401 MB/s
[    8.958639] raid6: sse2x4   xor() 11305 MB/s
[    9.026041] raid6: avx2x1   gen() 22753 MB/s
[    9.094820] raid6: avx2x2   gen() 26500 MB/s
[    9.162605] raid6: avx2x4   gen() 22798 MB/s
[    9.163823] raid6: using algorithm avx2x2 gen() 26500 MB/s
[    9.165234] raid6: using avx2x2 recovery algorithm
[    9.167863] xor: automatically using best checksumming function:
[    9.206066]    avx       : 27176.000 MB/sec
[    9.208307] async_tx: api initialized (async)
[    9.218873] md: raid6 personality registered for level 6
[    9.220179] md: raid5 personality registered for level 5
[    9.221579] md: raid4 personality registered for level 4
[    9.229675] md: raid10 personality registered for level 10
done.
Begin: Running /scripts/init-premount ... done.
Begin: Mounting root file system ... Begin: Running /scripts/local-top ... done.
Begin: Running /scripts/local-premount ... [    9.264803] Btrfs loaded
Scanning for Btrfs filesystems
done.
Warning: fsck not present, so skipping root file system
[    9.450256] EXT4-fs (sda1): mounted filesystem with ordered data mode. Opts: (null)
done.
Begin: Running /scripts/local-bottom ... done.
Begin: Running /scripts/init-bottom ... done.
[   10.180651] random: nonblocking pool is initialized
[   10.201529] systemd[1]: systemd 229 running in system mode. (+PAM +AUDIT +SELINUX +IMA +APPARMOR +SMACK +SYSVINIT +UTMP +LIBCRYPTSETUP +GCRYPT +GNUTLS +ACL +XZ -LZ4 +SECCOMP +BLKID +ELFUTILS +KMOD -IDN)
[   10.206791] systemd[1]: Detected virtualization oracle.
[   10.208342] systemd[1]: Detected architecture x86-64.

Welcome to [1mUbuntu 16.04.6 LTS[0m!

[   10.327173] systemd[1]: Set hostname to <ubuntu-xenial>.
[   11.279849] systemd[1]: Started Trigger resolvconf update for networkd DNS.
[[0;32m  OK  [0m] Started Trigger resolvconf update for networkd DNS.
[   11.282941] systemd[1]: Created slice User and Session Slice.
[[0;32m  OK  [0m] Created slice User and Session Slice.
[   11.285296] systemd[1]: Listening on Journal Socket (/dev/log).
[[0;32m  OK  [0m] Listening on Journal Socket (/dev/log).
[   11.287519] systemd[1]: Listening on udev Control Socket.
[[0;32m  OK  [0m] Listening on udev Control Socket.
[   11.295019] systemd[1]: Listening on /dev/initctl Compatibility Named Pipe.
[[0;32m  OK  [0m] Listening on /dev/initctl Compatibility Named Pipe.
[   11.298007] systemd[1]: Listening on Journal Audit Socket.
[[0;32m  OK  [0m] Listening on Journal Audit Socket.
[   11.300210] systemd[1]: Reached target Swap.
[[0;32m  OK  [0m] Reached target Swap.
[   11.302102] systemd[1]: Created slice System Slice.
[[0;32m  OK  [0m] Created slice System Slice.
[   11.303919] systemd[1]: Reached target Slices.
[[0;32m  OK  [0m] Reached target Slices.
[   11.305608] systemd[1]: Reached target System Time Synchronized.
[[0;32m  OK  [0m] Reached target System Time Synchronized.
[   11.308379] systemd[1]: Set up automount Arbitrary Executable File Formats File System Automount Point.
[[0;32m  OK  [0m] Set up automount Arbitrary Executab...ats File System Automount Point.
[   11.311761] systemd[1]: Started Forward Password Requests to Wall Directory Watch.
[[0;32m  OK  [0m] Started Forward Password Requests to Wall Directory Watch.
[   11.322598] systemd[1]: Listening on udev Kernel Socket.
[[0;32m  OK  [0m] Listening on udev Kernel Socket.
[   11.325495] systemd[1]: Listening on Journal Socket.
[[0;32m  OK  [0m] Listening on Journal Socket.
[   11.350745] systemd[1]: Starting Remount Root and Kernel File Systems...
         Starting Remount Root and Kernel File Systems...
[   11.363418] systemd[1]: Starting Create list of required static device nodes for the current kernel...
         Starting Create list of required st... nodes for the current kernel...
[   11.376444] systemd[1]: Starting Nameserver information manager...
         Starting Nameserver information manager...
[   11.382945] systemd[1]: Mounting Debug File System...
         Mounting Debug File System...
[   11.387858] systemd[1]: Mounting POSIX Message Queue File System...
         Mounting POSIX Message Queue File System...
[   11.405592] systemd[1]: Mounting Huge Pages File System...
         Mounting Huge Pages File System...
[   11.412312] systemd[1]: Starting Uncomplicated firewall...
         Starting Uncomplicated firewall...
[   11.417694] systemd[1]: Created slice system-serial\x2dgetty.slice.
[[0;32m  OK  [0m] Created slice system-serial\x2dgetty.slice.
[   11.427063] systemd[1]: Listening on LVM2 metadata daemon socket.
[[0;32m  OK  [0m] Listening on LVM2 metadata daemon socket.
[   11.431937] systemd[1]: Listening on Device-mapper event daemon FIFOs.
[[0;32m  OK  [0m] Listening on Device-mapper event daemon FIFOs.
[   11.454856] systemd[1]: Starting Monitoring of LVM2 mirrors, snapshots etc. using dmeventd or progress polling...
         Starting Monitoring of LVM2 mirrors... dmeventd or progress polling...
[   11.466567] systemd[1]: Listening on LVM2 poll daemon socket.
[[0;32m  OK  [0m] Listening on LVM2 poll daemon socket.
[   11.488696] EXT4-fs (sda1): re-mounted. Opts: (null)
[   11.515971] systemd[1]: Starting Load Kernel Modules...
         Starting Load Kernel Modules...
[   11.527486] systemd[1]: Starting Set console keymap...
         Starting Set console keymap...
[   11.539333] systemd[1]: Reached target User and Group Name Lookups.
[[0;32m  OK  [0m] Reached target User and Group Name Lookups.
[   11.563487] systemd[1]: Listening on Syslog Socket.
[[0;32m  OK  [0m] Listening on Syslog Socket.
[   11.584237] systemd[1]: Starting Journal Service...
         Starting Journal Service...
[   11.595005] systemd[1]: Reached target Encrypted Volumes.
[[0;32m  OK  [0m] Reached target Encrypted Volumes.
[   11.604307] systemd[1]: Mounted Huge Pages File System.
[[0;32m  OK  [0m] Mounted Huge Pages File System.
[   11.607848] systemd[1]: Mounted Debug File System.
[[0;32m  OK  [0m] Mounted Debug File System.
[   11.610279] systemd[1]: Mounted POSIX Message Queue File System.
[[0;32m  OK  [0m] Mounted POSIX Message Queue File System.
[   11.613917] systemd[1]: Started Remount Root and Kernel File Systems.
[[0;32m  OK  [0m] Started Remount Root and Kernel File Systems.
[   11.617760] systemd[1]: Started Create list of required static device nodes for the current kernel.
[[0;32m  OK  [0m] Started Create list of required sta...ce nodes for the current kernel.
[   11.647454] systemd[1]: Started Uncomplicated firewall.
[[0;32m  OK  [0m] Started Uncomplicated firewall.
[   11.659593] Loading iSCSI transport class v2.0-870.
[   11.661762] systemd[1]: Started LVM2 metadata daemon.
[[0;32m  OK  [0m] Started LVM2 metadata daemon.
[   11.666199] systemd[1]: Starting Create Static Device Nodes in /dev...
         Starting Create Static Device Nodes in /dev...
[   11.675169] systemd[1]: Starting Load/Save Random Seed...
         Starting Load/Save Random Seed...
[   11.687486] systemd[1]: Starting udev Coldplug all Devices...
         Starting udev Coldplug all Devices...
[   11.703500] systemd[1]: Started Set console keymap.
[[0;32m  OK  [0m] Started Set console keymap.
[   11.759351] systemd[1]: Started Nameserver information manager.
[[0;32m  OK  [0m] Started Nameserver information manager.
[   11.768089] iscsi: registered transport (tcp)
[   11.769436] systemd[1]: Started Load/Save Random Seed.
[[0;32m  OK  [0m] Started Load/Save Random Seed.
[   11.820145] systemd[1]: Started udev Coldplug all Devices.
[[0;32m  OK  [0m] Started udev Coldplug all Devices.
[   11.826429] systemd[1]: Started Journal Service.
[[0;32m  OK  [0m] Started Journal Service.
         Starting Flush Journal to Persistent Storage...
[   11.908192] systemd-journald[399]: Received request to flush runtime journal from PID 1
[[0;32m  OK  [0m] Started Flush Journal to Persistent Storage.
[   11.966457] iscsi: registered transport (iser)
[[0;32m  OK  [0m] Started Load Kernel Modules.
         Mounting FUSE Control File System...
         Starting Apply Kernel Variables...
[[0;32m  OK  [0m] Mounted FUSE Control File System.
[[0;32m  OK  [0m] Started Create Static Device Nodes in /dev.
         Starting udev Kernel Device Manager...
[[0;32m  OK  [0m] Started Apply Kernel Variables.
[[0;32m  OK  [0m] Started udev Kernel Device Manager.
[[0;32m  OK  [0m] Started Dispatch Password Requests to Console Directory Watch.
[[0;32m  OK  [0m] Started Monitoring of LVM2 mirrors,...ng dmeventd or progress polling.
[[0;32m  OK  [0m] Reached target Local File Systems (Pre).
[[0;32m  OK  [0m] Reached target Local File Systems.
         Starting Initial cloud-init job (pre-networking)...
         Starting Create Volatile Files and Directories...
         Starting Set console font and keymap...
         Starting LSB: AppArmor initialization...
         Starting Tell Plymouth To Write Out Runtime Data...
[[0;32m  OK  [0m] Started Tell Plymouth To Write Out Runtime Data.
[[0;32m  OK  [0m] Found device /dev/ttyS0.
[[0;32m  OK  [0m] Started Create Volatile Files and Directories.
         Starting Update UTMP about System Boot/Shutdown...
[[0;32m  OK  [0m] Listening on Load/Save RF Kill Switch Status /dev/rfkill Watch.
[[0;32m  OK  [0m] Started Update UTMP about System Boot/Shutdown.
[[0;32m  OK  [0m] Found device 82540EM Gigabit Ethern...r (PRO/1000 MT Desktop Adapter).
[[0;32m  OK  [0m] Found device 82540EM Gigabit Ethern...r (PRO/1000 MT Desktop Adapter).
[[0;32m  OK  [0m] Started Set console font and keymap.
[[0;32m  OK  [0m] Created slice system-getty.slice.
[[0;32m  OK  [0m] Started LSB: AppArmor initialization.
[   16.951358] cloud-init[481]: Cloud-init v. 19.4-33-gbb4131a2-0ubuntu1~16.04.1 running 'init-local' at Mon, 08 Jun 2020 14:50:18 +0000. Up 15.96 seconds.
[[0;32m  OK  [0m] Started Initial cloud-init job (pre-networking).
[[0;32m  OK  [0m] Reached target Network (Pre).
         Starting Raise network interfaces...
[[0;32m  OK  [0m] Started ifup for enp0s3.
[[0;32m  OK  [0m] Started ifup for enp0s8.
[[0;32m  OK  [0m] Started Raise network interfaces.
[[0;32m  OK  [0m] Reached target Network.
         Starting Initial cloud-init job (metadata service crawler)...
[   18.885937] cloud-init[1081]: Cloud-init v. 19.4-33-gbb4131a2-0ubuntu1~16.04.1 running 'init' at Mon, 08 Jun 2020 14:50:20 +0000. Up 17.78 seconds.
[   18.894457] cloud-init[1081]: ci-info: ++++++++++++++++++++++++++++++++++++++Net device info+++++++++++++++++++++++++++++++++++++++
[   18.900779] cloud-init[1081]: ci-info: +--------+------+-----------------------------+---------------+--------+-------------------+
[   18.904856] cloud-init[1081]: ci-info: | Device |  Up  |           Address           |      Mask     | Scope  |     Hw-Address    |
[   18.912521] cloud-init[1081]: ci-info: +--------+------+-----------------------------+---------------+--------+-------------------+
[   18.914074] cloud-init[1081]: ci-info: | enp0s3 | True |          10.0.2.15          | 255.255.255.0 | global | 02:ba:b8:ca:39:a3 |
[   18.915835] cloud-init[1081]: ci-info: | enp0s3 | True |  fe80::ba:b8ff:feca:39a3/64 |       .       |  link  | 02:ba:b8:ca:39:a3 |
[   18.924436] cloud-init[1081]: ci-info: | enp0s8 | True |        192.168.33.18        | 255.255.255.0 | global | 08:00:27:27:f1:4f |
[   18.926369] cloud-init[1081]: ci-info: | enp0s8 | True | fe80::a00:27ff:fe27:f14f/64 |       .       |  link  | 08:00:27:27:f1:4f |
[   18.932506] cloud-init[1081]: ci-info: |   lo   | True |          127.0.0.1          |   255.0.0.0   |  host  |         .         |
[   18.940886] cloud-init[1081]: ci-info: |   lo   | True |           ::1/128           |       .       |  host  |         .         |
[   18.942868] cloud-init[1081]: ci-info: +--------+------+-----------------------------+---------------+--------+-------------------+
[   18.952470] cloud-init[1081]: ci-info: ++++++++++++++++++++++++++++Route IPv4 info++++++++++++++++++++++++++++
[   18.953896] cloud-init[1081]: ci-info: +-------+--------------+----------+---------------+-----------+-------+
[   18.954945] cloud-init[1081]: ci-info: | Route | Destination  | Gateway  |    Genmask    | Interface | Flags |
[   18.960368] cloud-init[1081]: ci-info: +-------+--------------+----------+---------------+-----------+-------+
[   18.968574] cloud-init[1081]: ci-info: |   0   |   0.0.0.0    | 10.0.2.2 |    0.0.0.0    |   enp0s3  |   UG  |
[   18.968786] cloud-init[1081]: ci-info: |   1   |   10.0.2.0   | 0.0.0.0  | 255.255.255.0 |   enp0s3  |   U   |
[[0;32m  OK  [0m] Started Initial cloud-init job (metadata service crawler).
[   18.968881] cloud-init[1081]: ci-info: |   2   | 192.168.33.0 | 0.0.0.0  | 255.255.255.0 |   enp0s8  |   U   |
[   18.981228] cloud-init[1081]: ci-info: +-------+--------------+----------+---------------+-----------+-------+
[   18.981450] cloud-init[1081]: ci-info: +++++++++++++++++++Route IPv6 info+++++++++++++++++++
[   18.981730] cloud-init[1081]: ci-info: +-------+-------------+---------+-----------+-------+
[[0;32m  OK  [0m] Reached target System Initialization.
[   18.981779] cloud-init[1081]: ci-info: | Route | Destination | Gateway | Interface | Flags |
[   18.985164] cloud-init[1081]: ci-info: +-------+-------------+---------+-----------+-------+
[   18.992877] cloud-init[1081]: ci-info: |   0   |  fe80::/64  |    ::   |   enp0s8  |   U   |
[   18.993969] cloud-init[1081]: ci-info: |   1   |  fe80::/64  |    ::   |   enp0s3  |   U   |
[   18.995004] cloud-init[1081]: ci-info: |   4   |   ff00::/8  |    ::   |   enp0s8  |   U   |
[   18.996557] cloud-init[1081]: ci-info: |   5   |   ff00::/8  |    ::   |   enp0s3  |   U   |
[   18.997769] cloud-init[1081]: ci-info: +-------+-------------+---------+-----------+-------+
[[0;32m  OK  [0m] Started Daily apt download activities.
[[0;32m  OK  [0m] Started Daily apt upgrade and clean activities.
[[0;32m  OK  [0m] Started ACPI Events Check.
[[0;32m  OK  [0m] Reached target Paths.
[[0;32m  OK  [0m] Listening on ACPID Listen Socket.
[[0;32m  OK  [0m] Listening on UUID daemon activation socket.
         Starting Socket activation for snappy daemon.
         Starting LXD - unix socket.
[[0;32m  OK  [0m] Started Daily Cleanup of Temporary Directories.
[[0;32m  OK  [0m] Listening on D-Bus System Message Bus Socket.
[[0;32m  OK  [0m] Started Message of the Day.
[[0;32m  OK  [0m] Reached target Timers.
[[0;32m  OK  [0m] Reached target Cloud-config availability.
[[0;32m  OK  [0m] Reached target Network is Online.
         Starting iSCSI initiator daemon (iscsid)...
[[0;32m  OK  [0m] Listening on Socket activation for snappy daemon.
[[0;32m  OK  [0m] Listening on LXD - unix socket.
[[0;32m  OK  [0m] Reached target Sockets.
[[0;32m  OK  [0m] Reached target Basic System.
         Starting Accounts Service...
         Starting /etc/rc.local Compatibility...
         Starting MySQL Community Server...
[[0;32m  OK  [0m] Started D-Bus System Message Bus.
         Starting LSB: Record successful boot for GRUB...
         Starting LXD - container startup/shutdown...
[[0;32m  OK  [0m] Started ACPI event daemon.
         Starting Login Service...
[[0;32m  OK  [0m] Started FUSE filesystem for LXC.
[[0;32m  OK  [0m] Started Regular background program processing daemon.
         Starting Snappy daemon...
         Starting Virtualbox guest utils...
         Starting System Logging Service...
[[0;32m  OK  [0m] Started Deferred execution scheduler.
         Starting OpenBSD Secure Shell server...
         Starting LSB: MD monitoring daemon...
[[0;32m  OK  [0m] Started /etc/rc.local Compatibility.
         Starting Authenticate and Authorize Users to Run Privileged Tasks...
[[0;32m  OK  [0m] Started iSCSI initiator daemon (iscsid).
         Starting Login to default iSCSI targets...
[[0;32m  OK  [0m] Started LSB: Record successful boot for GRUB.
[[0;32m  OK  [0m] Started Login Service.
[[0;32m  OK  [0m] Started Unattended Upgrades Shutdown.
[[0;32m  OK  [0m] Started Authenticate and Authorize Users to Run Privileged Tasks.
[[0;32m  OK  [0m] Started LSB: MD monitoring daemon.
[[0;32m  OK  [0m] Started Accounts Service.
[[0;32m  OK  [0m] Started Login to default iSCSI targets.
[[0;32m  OK  [0m] Reached target Remote File Systems (Pre).
[[0;32m  OK  [0m] Reached target Remote File Systems.
         Starting LSB: daemon to balance interrupts for SMP systems...
         Starting LSB: automatic crash report generation...
         Starting LSB: Apache2 web server...
         Starting Permit User Sessions...
         Starting LSB: Set the CPU Frequency Scaling governor to "ondemand"...
[[0;32m  OK  [0m] Started LSB: Set the CPU Frequency Scaling governor to "ondemand".
[[0;32m  OK  [0m] Started System Logging Service.
[[0;32m  OK  [0m] Started Permit User Sessions.
         Starting Hold until boot process finishes up...
         Starting Terminate Plymouth Boot Screen...
[[0;32m  OK  [0m] Started Hold until boot process finishes up.
[[0;32m  OK  [0m] Started Serial Getty on ttyS0.
[[0;32m  OK  [0m] Started Getty on tty1.
[[0;32m  OK  [0m] Reached target Login Prompts.
         Starting Set console scheme...
[[0;32m  OK  [0m] Started Terminate Plymouth Boot Screen.
[[0;32m  OK  [0m] Started LSB: daemon to balance interrupts for SMP systems.
[[0;32m  OK  [0m] Started Set console scheme.
[[0;32m  OK  [0m] Started LSB: automatic crash report generation.
[[0;32m  OK  [0m] Started OpenBSD Secure Shell server.
[[0;32m  OK  [0m] Started Virtualbox guest utils.
[[0;32m  OK  [0m] Started LXD - container startup/shutdown.
[[0;32m  OK  [0m] Started Snappy daemon.
         Starting Wait until snapd is fully seeded...
[[0;32m  OK  [0m] Started Wait until snapd is fully seeded.
         Starting Apply the settings specified in cloud-config...
[   24.405652] cloud-init[1403]: Cloud-init v. 19.4-33-gbb4131a2-0ubuntu1~16.04.1 running 'modules:config' at Mon, 08 Jun 2020 14:50:26 +0000. Up 24.02 seconds.
[[0;32m  OK  [0m] Started Apply the settings specified in cloud-config.
[[0;32m  OK  [0m] Started LSB: Apache2 web server.

Ubuntu 16.04.6 LTS ubuntu-xenial ttyS0

ubuntu-xenial login: [   26.831738] cloud-init[1465]: Cloud-init v. 19.4-33-gbb4131a2-0ubuntu1~16.04.1 running 'modules:final' at Mon, 08 Jun 2020 14:50:29 +0000. Up 26.62 seconds.
[   26.832636] cloud-init[1465]: Cloud-init v. 19.4-33-gbb4131a2-0ubuntu1~16.04.1 finished at Mon, 08 Jun 2020 14:50:29 +0000. Datasource DataSourceNoCloud [seed=/dev/sdb][dsmode=net].  Up 26.82 seconds
[[0;32m  OK  [0m] Closed Load/Save RF Kill Switch Status /dev/rfkill Watch.
         Stopping Session 3 of user vagrant.
         Stopping User Manager for UID 1000...
[[0;32m  OK  [0m] Stopped target Graphical Interface.
         Stopping Accounts Service...
[[0;32m  OK  [0m] Stopped target Cloud-init target.
[[0;32m  OK  [0m] Stopped Execute cloud user/final scripts.
[[0;32m  OK  [0m] Stopped target Timers.
[[0;32m  OK  [0m] Stopped Daily apt upgrade and clean activities.
[[0;32m  OK  [0m] Stopped Daily Cleanup of Temporary Directories.
         Stopping ACPI event daemon...
         Stopping Authenticate and Authorize Users to Run Privileged Tasks...
[[0;32m  OK  [0m] Stopped Daily apt download activities.
[[0;32m  OK  [0m] Stopped Message of the Day.
[[0;32m  OK  [0m] Stopped target System Time Synchronized.
[[0;32m  OK  [0m] Stopped target Multi-User System.
         Stopping LSB: Record successful boot for GRUB...
         Stopping OpenBSD Secure Shell server...
         Stopping LXD - container startup/shutdown...
         Stopping Regular background program processing daemon...
         Stopping FUSE filesystem for LXC...
         Stopping LSB: Apache2 web server...
         Stopping Deferred execution scheduler...
         Stopping D-Bus System Message Bus...
         Stopping LSB: automatic crash report generation...
         Stopping Unattended Upgrades Shutdown...
[[0;32m  OK  [0m] Stopped target Login Prompts.
            Stopping Serial Getty on ttyS0...
         Stopping LSB: Set the CPU Frequency Scaling governor to "ondemand"...
         Stopping Virtualbox guest utils...
         Stopping LSB: MD monitoring daemon...
         Stopping MySQL Community Server...
[[0;32m  OK  [0m] Stopped Apply the settings specified in cloud-config.
[[0;32m  OK  [0m] Stopped Wait until snapd is fully seeded.
[[0;32m  OK  [0m] Stopped target Cloud-config availability.
         Stopping LSB: daemon to balance interrupts for SMP systems...
         Stopping System Logging Service...
[[0;32m  OK  [0m] Unmounted /var/lib/lxcfs.
[[0;32m  OK  [0m] Stopped Accounts Service.
[[0;32m  OK  [0m] Stopped Regular background program processing daemon.
[[0;32m  OK  [0m] Stopped ACPI event daemon.
[[0;32m  OK  [0m] Stopped System Logging Service.
[[0;32m  OK  [0m] Stopped Deferred execution scheduler.
[[0;32m  OK  [0m] Stopped Authenticate and Authorize Users to Run Privileged Tasks.
[[0;32m  OK  [0m] Stopped Unattended Upgrades Shutdown.
[[0;32m  OK  [0m] Stopped Serial Getty on ttyS0.
[[0;32m  OK  [0m] Stopped Getty on tty1.
[[0;32m  OK  [0m] Stopped OpenBSD Secure Shell server.
[[0;32m  OK  [0m] Stopped User Manager for UID 1000.
[[0;32m  OK  [0m] Stopped D-Bus System Message Bus.
[[0;32m  OK  [0m] Stopped Session 3 of user vagrant.
[[0;32m  OK  [0m] Stopped FUSE filesystem for LXC.
[[0;32m  OK  [0m] Stopped LSB: Record successful boot for GRUB.
[[0;32m  OK  [0m] Stopped LSB: Set the CPU Frequency Scaling governor to "ondemand".
[[0;32m  OK  [0m] Stopped LXD - container startup/shutdown.
[[0;32m  OK  [0m] Stopped LSB: MD monitoring daemon.
[[0;32m  OK  [0m] Stopped LSB: daemon to balance interrupts for SMP systems.
[[0;32m  OK  [0m] Removed slice User Slice of vagrant.
[[0;32m  OK  [0m] Removed slice system-getty.slice.
[[0;32m  OK  [0m] Removed slice system-serial\x2dgetty.slice.
         Stopping Permit User Sessions...
[[0;32m  OK  [0m] Stopped /etc/rc.local Compatibility.
         Stopping Login Service...
[[0;32m  OK  [0m] Stopped LSB: automatic crash report generation.
[[0;32m  OK  [0m] Stopped Virtualbox guest utils.
[[0;32m  OK  [0m] Stopped Permit User Sessions.
[[0;32m  OK  [0m] Stopped Login Service.
[[0;32m  OK  [0m] Stopped target User and Group Name Lookups.
[[0;32m  OK  [0m] Stopped LSB: Apache2 web server.
[[0;32m  OK  [0m] Stopped target Remote File Systems.
[[0;32m  OK  [0m] Stopped target Remote File Systems (Pre).
         Stopping Login to default iSCSI targets...
[[0;32m  OK  [0m] Stopped Login to default iSCSI targets.
         Stopping iSCSI initiator daemon (iscsid)...
[[0;32m  OK  [0m] Stopped iSCSI initiator daemon (iscsid).
[[0;32m  OK  [0m] Stopped target Network is Online.
[[0;32m  OK  [0m] Stopped MySQL Community Server.
[[0;32m  OK  [0m] Stopped target Network.
[[0;32m  OK  [0m] Stopped target Basic System.
[[0;32m  OK  [0m] Stopped target Paths.
[[0;32m  OK  [0m] Stopped Dispatch Password Requests to Console Directory Watch.
[[0;32m  OK  [0m] Stopped Forward Password Requests to Wall Directory Watch.
[[0;32m  OK  [0m] Stopped ACPI Events Check.
[[0;32m  OK  [0m] Stopped target Sockets.
[[0;32m  OK  [0m] Closed Socket activation for snappy daemon.
[[0;32m  OK  [0m] Closed UUID daemon activation socket.
[[0;32m  OK  [0m] Closed LXD - unix socket.
[[0;32m  OK  [0m] Closed Syslog Socket.
[[0;32m  OK  [0m] Closed D-Bus System Message Bus Socket.
[[0;32m  OK  [0m] Closed ACPID Listen Socket.
[[0;32m  OK  [0m] Stopped target System Initialization.
[[0;32m  OK  [0m] Stopped target Swap.
[[0;32m  OK  [0m] Stopped target Encrypted Volumes.
         Stopping Load/Save Random Seed...
[[0;32m  OK  [0m] Stopped Create Volatile Files and Directories.
[[0;32m  OK  [0m] Stopped Initial cloud-init job (metadata service crawler).
         Stopping Raise network interfaces...
[[0;32m  OK  [0m] Stopped target Slices.
[[0;32m  OK  [0m] Removed slice User and Session Slice.
[[0;32m  OK  [0m] Stopped Load/Save Random Seed.
[[0;32m  OK  [0m] Stopped Raise network interfaces.
[[0;32m  OK  [0m] Stopped Apply Kernel Variables.
[[0;32m  OK  [0m] Stopped Load Kernel Modules.
[[0;32m  OK  [0m] Stopped target Network (Pre).
[[0;32m  OK  [0m] Stopped Initial cloud-init job (pre-networking).
[[0;32m  OK  [0m] Stopped target Local File Systems.
         Unmounting /vagrant...
         Unmounting /var/www/html...
         Unmounting /run/user/1000...
[[0;32m  OK  [0m] Unmounted /vagrant.
[[0;32m  OK  [0m] Unmounted /run/user/1000.
[[0;32m  OK  [0m] Unmounted /var/www/html.
[[0;32m  OK  [0m] Reached target Unmount All Filesystems.
[[0;32m  OK  [0m] Stopped target Local File Systems (Pre).
         Stopping Monitoring of LVM2 mirrors... dmeventd or progress polling...
[[0;32m  OK  [0m] Stopped Create Static Device Nodes in /dev.
[[0;32m  OK  [0m] Stopped Remount Root and Kernel File Systems.
[[0;32m  OK  [0m] Reached target Shutdown.
[ 1370.604738] reboot: Power down
