[    0.000000] Initializing cgroup subsys cpuset
[    0.000000] Initializing cgroup subsys cpu
[    0.000000] Initializing cgroup subsys cpuacct
[    0.000000] Linux version 4.4.0-184-generic (buildd@lgw01-amd64-060) (gcc version 5.4.0 20160609 (Ubuntu 5.4.0-6ubuntu1~16.04.12) ) #214-Ubuntu SMP Thu Jun 4 10:14:11 UTC 2020 (Ubuntu 4.4.0-184.214-generic 4.4.223)
[    0.000000] Command line: BOOT_IMAGE=/boot/vmlinuz-4.4.0-184-generic root=UUID=f7b43405-fdce-4bb1-b4fb-264548858b21 ro console=tty1 console=ttyS0
[    0.000000] KERNEL supported cpus:
[    0.000000]   Intel GenuineIntel
[    0.000000]   AMD AuthenticAMD
[    0.000000]   Centaur CentaurHauls
[    0.000000] x86/fpu: xstate_offset[2]:  576, xstate_sizes[2]:  256
[    0.000000] x86/fpu: Supporting XSAVE feature 0x01: 'x87 floating point registers'
[    0.000000] x86/fpu: Supporting XSAVE feature 0x02: 'SSE registers'
[    0.000000] x86/fpu: Supporting XSAVE feature 0x04: 'AVX registers'
[    0.000000] x86/fpu: Enabled xstate features 0x7, context size is 832 bytes, using 'standard' format.
[    0.000000] e820: BIOS-provided physical RAM map:
[    0.000000] BIOS-e820: [mem 0x0000000000000000-0x000000000009fbff] usable
[    0.000000] BIOS-e820: [mem 0x000000000009fc00-0x000000000009ffff] reserved
[    0.000000] BIOS-e820: [mem 0x00000000000f0000-0x00000000000fffff] reserved
[    0.000000] BIOS-e820: [mem 0x0000000000100000-0x000000003ffeffff] usable
[    0.000000] BIOS-e820: [mem 0x000000003fff0000-0x000000003fffffff] ACPI data
[    0.000000] BIOS-e820: [mem 0x00000000fec00000-0x00000000fec00fff] reserved
[    0.000000] BIOS-e820: [mem 0x00000000fee00000-0x00000000fee00fff] reserved
[    0.000000] BIOS-e820: [mem 0x00000000fffc0000-0x00000000ffffffff] reserved
[    0.000000] NX (Execute Disable) protection: active
[    0.000000] SMBIOS 2.5 present.
[    0.000000] Hypervisor detected: KVM
[    0.000000] e820: last_pfn = 0x3fff0 max_arch_pfn = 0x400000000
[    0.000000] MTRR: Disabled
[    0.000000] x86/PAT: MTRRs disabled, skipping PAT initialization too.
[    0.000000] CPU MTRRs all blank - virtualized system.
[    0.000000] x86/PAT: Configuration [0-7]: WB  WT  UC- UC  WB  WT  UC- UC  
[    0.000000] found SMP MP-table at [mem 0x0009fff0-0x0009ffff] mapped at [ffff88000009fff0]
[    0.000000] Scanning 1 areas for low memory corruption
[    0.000000] RAMDISK: [mem 0x361ca000-0x370dcfff]
[    0.000000] ACPI: Early table checksum verification disabled
[    0.000000] ACPI: RSDP 0x00000000000E0000 000024 (v02 VBOX  )
[    0.000000] ACPI: XSDT 0x000000003FFF0030 00003C (v01 VBOX   VBOXXSDT 00000001 ASL  00000061)
[    0.000000] ACPI: FACP 0x000000003FFF00F0 0000F4 (v04 VBOX   VBOXFACP 00000001 ASL  00000061)
[    0.000000] ACPI: DSDT 0x000000003FFF0470 002325 (v02 VBOX   VBOXBIOS 00000002 INTL 20100528)
[    0.000000] ACPI: FACS 0x000000003FFF0200 000040
[    0.000000] ACPI: FACS 0x000000003FFF0200 000040
[    0.000000] ACPI: APIC 0x000000003FFF0240 00005C (v02 VBOX   VBOXAPIC 00000001 ASL  00000061)
[    0.000000] ACPI: SSDT 0x000000003FFF02A0 0001CC (v01 VBOX   VBOXCPUT 00000002 INTL 20100528)
[    0.000000] No NUMA configuration found
[    0.000000] Faking a node at [mem 0x0000000000000000-0x000000003ffeffff]
[    0.000000] NODE_DATA(0) allocated [mem 0x3ffeb000-0x3ffeffff]
[    0.000000] kvm-clock: Using msrs 4b564d01 and 4b564d00
[    0.000000] kvm-clock: cpu 0, msr 0:3ffe3001, primary cpu clock
[    0.000000] kvm-clock: using sched offset of 4774236388 cycles
[    0.000000] clocksource: kvm-clock: mask: 0xffffffffffffffff max_cycles: 0x1cd42e4dffb, max_idle_ns: 881590591483 ns
[    0.000000] Zone ranges:
[    0.000000]   DMA      [mem 0x0000000000001000-0x0000000000ffffff]
[    0.000000]   DMA32    [mem 0x0000000001000000-0x000000003ffeffff]
[    0.000000]   Normal   empty
[    0.000000]   Device   empty
[    0.000000] Movable zone start for each node
[    0.000000] Early memory node ranges
[    0.000000]   node   0: [mem 0x0000000000001000-0x000000000009efff]
[    0.000000]   node   0: [mem 0x0000000000100000-0x000000003ffeffff]
[    0.000000] Initmem setup node 0 [mem 0x0000000000001000-0x000000003ffeffff]
[    0.000000] ACPI: PM-Timer IO Port: 0x4008
[    0.000000] IOAPIC[0]: apic_id 2, version 32, address 0xfec00000, GSI 0-23
[    0.000000] ACPI: INT_SRC_OVR (bus 0 bus_irq 0 global_irq 2 dfl dfl)
[    0.000000] ACPI: INT_SRC_OVR (bus 0 bus_irq 9 global_irq 9 low level)
[    0.000000] Using ACPI (MADT) for SMP configuration information
[    0.000000] smpboot: Allowing 2 CPUs, 0 hotplug CPUs
[    0.000000] PM: Registered nosave memory: [mem 0x00000000-0x00000fff]
[    0.000000] PM: Registered nosave memory: [mem 0x0009f000-0x0009ffff]
[    0.000000] PM: Registered nosave memory: [mem 0x000a0000-0x000effff]
[    0.000000] PM: Registered nosave memory: [mem 0x000f0000-0x000fffff]
[    0.000000] e820: [mem 0x40000000-0xfebfffff] available for PCI devices
[    0.000000] Booting paravirtualized kernel on KVM
[    0.000000] clocksource: refined-jiffies: mask: 0xffffffff max_cycles: 0xffffffff, max_idle_ns: 7645519600211568 ns
[    0.000000] setup_percpu: NR_CPUS:512 nr_cpumask_bits:512 nr_cpu_ids:2 nr_node_ids:1
[    0.000000] PERCPU: Embedded 33 pages/cpu @ffff88003fc00000 s95448 r8192 d31528 u1048576
[    0.000000] Built 1 zonelists in Node order, mobility grouping on.  Total pages: 257912
[    0.000000] Policy zone: DMA32
[    0.000000] Kernel command line: BOOT_IMAGE=/boot/vmlinuz-4.4.0-184-generic root=UUID=f7b43405-fdce-4bb1-b4fb-264548858b21 ro console=tty1 console=ttyS0
[    0.000000] PID hash table entries: 4096 (order: 3, 32768 bytes)
[    0.000000] Memory: 997112K/1048120K available (8632K kernel code, 1336K rwdata, 4036K rodata, 1492K init, 1292K bss, 51008K reserved, 0K cma-reserved)
[    0.000000] SLUB: HWalign=64, Order=0-3, MinObjects=0, CPUs=2, Nodes=1
[    0.000000] Kernel/User page tables isolation: enabled
[    0.000000] Hierarchical RCU implementation.
[    0.000000] 	Build-time adjustment of leaf fanout to 64.
[    0.000000] 	RCU restricting CPUs from NR_CPUS=512 to nr_cpu_ids=2.
[    0.000000] RCU: Adjusting geometry for rcu_fanout_leaf=64, nr_cpu_ids=2
[    0.000000] NR_IRQS:33024 nr_irqs:440 16
[    0.000000] Console: colour VGA+ 80x25
[    0.000000] console [tty1] enabled
[    0.000000] console [ttyS0] enabled
[    0.000000] tsc: Detected 3408.000 MHz processor
[    0.195095] Calibrating delay loop (skipped) preset value.. 6816.00 BogoMIPS (lpj=13632000)
[    0.197255] pid_max: default: 32768 minimum: 301
[    0.198549] ACPI: Core revision 20150930
[    0.201185] ACPI: 2 ACPI AML tables successfully acquired and loaded
[    0.202837] Security Framework initialized
[    0.203857] Yama: becoming mindful.
[    0.204833] AppArmor: AppArmor initialized
[    0.205998] Dentry cache hash table entries: 131072 (order: 8, 1048576 bytes)
[    0.210453] Inode-cache hash table entries: 65536 (order: 7, 524288 bytes)
[    0.212158] Mount-cache hash table entries: 2048 (order: 2, 16384 bytes)
[    0.213666] Mountpoint-cache hash table entries: 2048 (order: 2, 16384 bytes)
[    0.215561] Initializing cgroup subsys io
[    0.216620] Initializing cgroup subsys memory
[    0.217699] Initializing cgroup subsys devices
[    0.218995] Initializing cgroup subsys freezer
[    0.220086] Initializing cgroup subsys net_cls
[    0.221195] Initializing cgroup subsys perf_event
[    0.222370] Initializing cgroup subsys net_prio
[    0.223517] Initializing cgroup subsys hugetlb
[    0.224748] Initializing cgroup subsys pids
[    0.227025] mce: CPU supports 0 MCE banks
[    0.228077] Last level iTLB entries: 4KB 64, 2MB 8, 4MB 8
[    0.229329] Last level dTLB entries: 4KB 64, 2MB 0, 4MB 0, 1GB 4
[    0.230921] Spectre V1 : Mitigation: usercopy/swapgs barriers and __user pointer sanitization
[    0.233080] Spectre V2 : Mitigation: Full generic retpoline
[    0.234558] Spectre V2 : Spectre v2 / SpectreRSB mitigation: Filling RSB on context switch
[    0.236537] Speculative Store Bypass: Vulnerable
[    0.237694] SRBDS: Unknown: Dependent on hypervisor status
[    0.239171] MDS: Vulnerable: Clear CPU buffers attempted, no microcode
[    0.243779] Freeing SMP alternatives memory: 36K
[    0.251088] ftrace: allocating 32319 entries in 127 pages
[    0.316074] smpboot: APIC(0) Converting physical 0 to logical package 0
[    0.317633] smpboot: Max logical packages: 1
[    0.319182] x2apic enabled
[    0.320395] Switched APIC routing to physical x2apic.
[    0.322970] ..TIMER: vector=0x30 apic1=0 pin1=2 apic2=-1 pin2=-1
[    0.432646] smpboot: CPU0: Intel(R) Core(TM) i7-6700 CPU @ 3.40GHz (family: 0x6, model: 0x5e, stepping: 0x3)
[    0.435462] Performance Events: unsupported p6 CPU model 94 no PMU driver, software events only.
[    0.448973] KVM setup paravirtual spinlock
[    0.450717] x86: Booting SMP configuration:
[    0.451779] .... node  #0, CPUs:      #1
[    0.452948] kvm-clock: cpu 1, msr 0:3ffe3041, secondary cpu clock
[    0.455171] mce: CPU supports 0 MCE banks
[    0.457819] x86: Booted up 1 node, 2 CPUs
[    0.459264] smpboot: Total of 2 processors activated (13632.00 BogoMIPS)
[    0.461530] devtmpfs: initialized
[    0.463978] evm: security.selinux
[    0.465027] evm: security.SMACK64
[    0.466050] evm: security.SMACK64EXEC
[    0.467041] evm: security.SMACK64TRANSMUTE
[    0.468084] evm: security.SMACK64MMAP
[    0.469120] evm: security.ima
[    0.469977] evm: security.capability
[    0.471237] clocksource: jiffies: mask: 0xffffffff max_cycles: 0xffffffff, max_idle_ns: 7645041785100000 ns
[    0.473764] futex hash table entries: 512 (order: 3, 32768 bytes)
[    0.475444] pinctrl core: initialized pinctrl subsystem
[    0.476863] RTC time:  9:37:34, date: 07/02/20
[    0.478179] NET: Registered protocol family 16
[    0.490471] cpuidle: using governor ladder
[    0.503156] cpuidle: using governor menu
[    0.505501] PCCT header not found.
[    0.507590] ACPI: bus type PCI registered
[    0.510030] acpiphp: ACPI Hot Plug PCI Controller Driver version: 0.5
[    0.513338] PCI: Using configuration type 1 for base access
[    0.531825] ACPI: Added _OSI(Module Device)
[    0.534233] ACPI: Added _OSI(Processor Device)
[    0.536559] ACPI: Added _OSI(3.0 _SCP Extensions)
[    0.539030] ACPI: Added _OSI(Processor Aggregator Device)
[    0.543194] ACPI: Executed 1 blocks of module-level executable AML code
[    0.551442] ACPI: Interpreter enabled
[    0.553464] ACPI: (supports S0 S5)
[    0.555444] ACPI: Using IOAPIC for interrupt routing
[    0.558362] PCI: Using host bridge windows from ACPI; if necessary, use "pci=nocrs" and report a bug
[    0.564454] ACPI: PCI Root Bridge [PCI0] (domain 0000 [bus 00-ff])
[    0.566066] acpi PNP0A03:00: _OSC: OS supports [ASPM ClockPM Segments MSI]
[    0.568190] acpi PNP0A03:00: _OSC: not requesting OS control; OS requires [ExtendedConfig ASPM ClockPM MSI]
[    0.570728] acpi PNP0A03:00: fail to add MMCONFIG information, can't access extended PCI configuration space under this bridge.
[    0.573824] PCI host bridge to bus 0000:00
[    0.575182] pci_bus 0000:00: root bus resource [io  0x0000-0x0cf7 window]
[    0.576747] pci_bus 0000:00: root bus resource [io  0x0d00-0xffff window]
[    0.578248] pci_bus 0000:00: root bus resource [mem 0x000a0000-0x000bffff window]
[    0.580360] pci_bus 0000:00: root bus resource [mem 0x40000000-0xfdffffff window]
[    0.582595] pci_bus 0000:00: root bus resource [bus 00-ff]
[    0.585829] pci 0000:00:01.1: legacy IDE quirk: reg 0x10: [io  0x01f0-0x01f7]
[    0.587367] pci 0000:00:01.1: legacy IDE quirk: reg 0x14: [io  0x03f6]
[    0.588968] pci 0000:00:01.1: legacy IDE quirk: reg 0x18: [io  0x0170-0x0177]
[    0.603179] pci 0000:00:01.1: legacy IDE quirk: reg 0x1c: [io  0x0376]
[    0.618422] pci 0000:00:07.0: quirk: [io  0x4000-0x403f] claimed by PIIX4 ACPI
[    0.620434] pci 0000:00:07.0: quirk: [io  0x4100-0x410f] claimed by PIIX4 SMB
[    0.631375] ACPI: PCI Interrupt Link [LNKA] (IRQs 5 9 10 *11)
[    0.633555] ACPI: PCI Interrupt Link [LNKB] (IRQs 5 9 *10 11)
[    0.635668] ACPI: PCI Interrupt Link [LNKC] (IRQs 5 *9 10 11)
[    0.637764] ACPI: PCI Interrupt Link [LNKD] (IRQs 5 9 10 *11)
[    0.640114] ACPI: Enabled 2 GPEs in block 00 to 07
[    0.641860] vgaarb: setting as boot device: PCI:0000:00:02.0
[    0.643203] vgaarb: device added: PCI:0000:00:02.0,decodes=io+mem,owns=io+mem,locks=none
[    0.645264] vgaarb: loaded
[    0.646089] vgaarb: bridge control possible 0000:00:02.0
[    0.647574] SCSI subsystem initialized
[    0.648897] ACPI: bus type USB registered
[    0.650150] usbcore: registered new interface driver usbfs
[    0.651525] usbcore: registered new interface driver hub
[    0.652910] usbcore: registered new device driver usb
[    0.654745] PCI: Using ACPI for IRQ routing
[    0.658793] NetLabel: Initializing
[    0.659864] NetLabel:  domain hash size = 128
[    0.660992] NetLabel:  protocols = UNLABELED CIPSOv4
[    0.662235] NetLabel:  unlabeled traffic allowed by default
[    0.663828] amd_nb: Cannot enumerate AMD northbridges
[    0.665424] clocksource: Switched to clocksource kvm-clock
[    0.677140] AppArmor: AppArmor Filesystem Enabled
[    0.678401] pnp: PnP ACPI init
[    0.680310] pnp: PnP ACPI: found 3 devices
[    0.691686] clocksource: acpi_pm: mask: 0xffffff max_cycles: 0xffffff, max_idle_ns: 2085701024 ns
[    0.694045] NET: Registered protocol family 2
[    0.695337] TCP established hash table entries: 8192 (order: 4, 65536 bytes)
[    0.696993] TCP bind hash table entries: 8192 (order: 5, 131072 bytes)
[    0.698598] TCP: Hash tables configured (established 8192 bind 8192)
[    0.700258] UDP hash table entries: 512 (order: 2, 16384 bytes)
[    0.701668] UDP-Lite hash table entries: 512 (order: 2, 16384 bytes)
[    0.703237] NET: Registered protocol family 1
[    0.704350] pci 0000:00:00.0: Limiting direct PCI/PCI transfers
[    0.705834] pci 0000:00:01.0: Activating ISA DMA hang workarounds
[    0.707426] Unpacking initramfs...
[    0.955561] Freeing initrd memory: 15436K
[    0.956703] clocksource: tsc: mask: 0xffffffffffffffff max_cycles: 0x311fd3cd494, max_idle_ns: 440795223879 ns
[    0.959412] platform rtc_cmos: registered platform RTC device (no PNP device found)
[    0.961524] Scanning for low memory corruption every 60 seconds
[    0.963652] audit: initializing netlink subsys (disabled)
[    0.965031] audit: type=2000 audit(1593682660.793:1): initialized
[    0.966866] Initialise system trusted keyring
[    0.968344] HugeTLB registered 2 MB page size, pre-allocated 0 pages
[    0.971165] zbud: loaded
[    0.972320] VFS: Disk quotas dquot_6.6.0
[    0.973424] VFS: Dquot-cache hash table entries: 512 (order 0, 4096 bytes)
[    0.975289] squashfs: version 4.0 (2009/01/31) Phillip Lougher
[    0.977020] fuse init (API version 7.23)
[    0.978237] Key type big_key registered
[    0.979306] Allocating IMA MOK and blacklist keyrings.
[    0.983686] Key type asymmetric registered
[    0.984792] Asymmetric key parser 'x509' registered
[    0.986084] Block layer SCSI generic (bsg) driver version 0.4 loaded (major 249)
[    0.988083] io scheduler noop registered
[    0.989245] io scheduler deadline registered (default)
[    0.990720] io scheduler cfq registered
[    0.991871] pci_hotplug: PCI Hot Plug PCI Core version: 0.5
[    0.993236] pciehp: PCI Express Hot Plug Controller Driver version: 0.4
[    0.995049] ACPI: AC Adapter [AC] (on-line)
[    0.996188] input: Power Button as /devices/LNXSYSTM:00/LNXPWRBN:00/input/input0
[    0.998122] ACPI: Power Button [PWRF]
[    0.999404] input: Sleep Button as /devices/LNXSYSTM:00/LNXSLPBN:00/input/input1
[    1.001360] ACPI: Sleep Button [SLPF]
[    1.002723] GHES: HEST is not enabled!
[    1.003888] Serial: 8250/16550 driver, 32 ports, IRQ sharing enabled
[    1.026197] 00:02: ttyS0 at I/O 0x3f8 (irq = 4, base_baud = 115200) is a 16550A
[    1.030058] Linux agpgart interface v0.103
[    1.036036] loop: module loaded
[    1.038054] scsi host0: ata_piix
[    1.039181] scsi host1: ata_piix
[    1.040101] ata1: PATA max UDMA/33 cmd 0x1f0 ctl 0x3f6 bmdma 0xd000 irq 14
[    1.041892] ata2: PATA max UDMA/33 cmd 0x170 ctl 0x376 bmdma 0xd008 irq 15
[    1.043864] libphy: Fixed MDIO Bus: probed
[    1.045186] tun: Universal TUN/TAP device driver, 1.6
[    1.046411] tun: (C) 1999-2004 Max Krasnyansky <maxk@qualcomm.com>
[    1.047815] PPP generic driver version 2.4.2
[    1.049096] ehci_hcd: USB 2.0 'Enhanced' Host Controller (EHCI) Driver
[    1.050640] ehci-pci: EHCI PCI platform driver
[    1.051816] ehci-platform: EHCI generic platform driver
[    1.053046] ohci_hcd: USB 1.1 'Open' Host Controller (OHCI) Driver
[    1.054488] ohci-pci: OHCI PCI platform driver
[    1.055634] ohci-platform: OHCI generic platform driver
[    1.056946] uhci_hcd: USB Universal Host Controller Interface driver
[    1.058469] i8042: PNP: PS/2 Controller [PNP0303:PS2K,PNP0f03:PS2M] at 0x60,0x64 irq 1,12
[    1.061322] serio: i8042 KBD port at 0x60,0x64 irq 1
[    1.062561] serio: i8042 AUX port at 0x60,0x64 irq 12
[    1.063998] mousedev: PS/2 mouse device common for all mice
[    1.066078] rtc_cmos rtc_cmos: rtc core: registered rtc_cmos as rtc0
[    1.067693] input: AT Translated Set 2 keyboard as /devices/platform/i8042/serio0/input/input2
[    1.070030] rtc_cmos rtc_cmos: alarms up to one day, 114 bytes nvram
[    1.071631] i2c /dev entries driver
[    1.072659] device-mapper: uevent: version 1.0.3
[    1.073870] device-mapper: ioctl: 4.34.0-ioctl (2015-10-28) initialised: dm-devel@redhat.com
[    1.076071] ledtrig-cpu: registered to indicate activity on CPUs
[    1.078118] NET: Registered protocol family 10
[    1.079826] NET: Registered protocol family 17
[    1.080939] Key type dns_resolver registered
[    1.082395] registered taskstats version 1
[    1.083548] Loading compiled-in X.509 certificates
[    1.085199] Loaded X.509 cert 'Build time autogenerated kernel key: b6ae09eed57f82583ccd3c65c463e852cdd7a0b5'
[    1.087689] zswap: loaded using pool lzo/zbud
[    1.091000] Key type trusted registered
[    1.095987] Key type encrypted registered
[    1.097058] AppArmor: AppArmor sha1 policy hashing enabled
[    1.098487] ima: No TPM chip found, activating TPM-bypass!
[    1.100095] ima: Allocated hash algorithm: sha1
[    1.101258] evm: HMAC attrs: 0x1
[    1.102760]   Magic number: 12:688:625
[    1.103907] rtc_cmos rtc_cmos: setting system clock to 2020-07-02 09:37:34 UTC (1593682654)
[    1.106243] BIOS EDD facility v0.16 2004-Jun-25, 0 devices found
[    1.107677] EDD information not available.
[    1.251780] Freeing unused kernel memory: 1492K
[    1.253794] Write protecting the kernel read-only data: 14336k
[    1.257093] Freeing unused kernel memory: 1596K
[    1.259587] Freeing unused kernel memory: 60K
Loading, please wait...
starting version 229
[    1.283889] random: systemd-udevd: uninitialized urandom read (16 bytes read, 3 bits of entropy available)
[    1.284866] random: udevadm: uninitialized urandom read (16 bytes read, 3 bits of entropy available)
[    1.284898] random: udevadm: uninitialized urandom read (16 bytes read, 3 bits of entropy available)
[    1.296282] random: systemd-udevd: uninitialized urandom read (16 bytes read, 3 bits of entropy available)
[    1.299796] random: udevadm: uninitialized urandom read (16 bytes read, 3 bits of entropy available)
[    1.299879] random: udevadm: uninitialized urandom read (16 bytes read, 3 bits of entropy available)
[    1.300166] random: udevadm: uninitialized urandom read (16 bytes read, 3 bits of entropy available)
[    1.300250] random: udevadm: uninitialized urandom read (16 bytes read, 3 bits of entropy available)
[    1.300371] random: udevadm: uninitialized urandom read (16 bytes read, 3 bits of entropy available)
[    1.300459] random: udevadm: uninitialized urandom read (16 bytes read, 3 bits of entropy available)
[    1.352762] e1000: Intel(R) PRO/1000 Network Driver - version 7.3.21-k8-NAPI
[    1.354598] e1000: Copyright (c) 1999-2006 Intel Corporation.
[    1.358270] Fusion MPT base driver 3.04.20
[    1.359580] Copyright (c) 1999-2008 LSI Corporation
[    1.371966] Fusion MPT SPI Host driver 3.04.20
[    1.383755] AVX2 version of gcm_enc/dec engaged.
[    1.385020] AES CTR mode by8 optimization enabled
[    1.574851] input: ImExPS/2 Generic Explorer Mouse as /devices/platform/i8042/serio1/input/input4
[    1.746464] e1000 0000:00:03.0 eth0: (PCI:33MHz:32-bit) 02:ba:b8:ca:39:a3
[    1.749699] e1000 0000:00:03.0 eth0: Intel(R) PRO/1000 Network Connection
[    1.754449] mptbase: ioc0: Initiating bringup
[    1.818459] ioc0: LSI53C1030 A0: Capabilities={Initiator}
[    1.995197] scsi host2: ioc0: LSI53C1030 A0, FwRev=00000000h, Ports=1, MaxQ=256, IRQ=20
[    2.118318] scsi 2:0:0:0: Direct-Access     VBOX     HARDDISK         1.0  PQ: 0 ANSI: 5
[    2.121401] scsi target2:0:0: Beginning Domain Validation
[    2.126391] scsi target2:0:0: Domain Validation skipping write tests
[    2.128115] scsi target2:0:0: Ending Domain Validation
[    2.130089] scsi target2:0:0: asynchronous
[    2.132653] scsi 2:0:1:0: Direct-Access     VBOX     HARDDISK         1.0  PQ: 0 ANSI: 5
[    2.135147] scsi target2:0:1: Beginning Domain Validation
[    2.140670] scsi target2:0:1: Domain Validation skipping write tests
[    2.142366] scsi target2:0:1: Ending Domain Validation
[    2.144002] scsi target2:0:1: asynchronous
[    2.218443] sd 2:0:0:0: Attached scsi generic sg0 type 0
[    2.233591] sd 2:0:0:0: [sda] 20971520 512-byte logical blocks: (10.7 GB/10.0 GiB)
[    2.236044] sd 2:0:0:0: [sda] Write Protect is off
[    2.237523] sd 2:0:0:0: [sda] Incomplete mode parameter data
[    2.239026] sd 2:0:0:0: [sda] Assuming drive cache: write through
[    2.241213] sd 2:0:1:0: [sdb] 20480 512-byte logical blocks: (10.5 MB/10.0 MiB)
[    2.243387] sd 2:0:1:0: Attached scsi generic sg1 type 0
[    2.245041] sd 2:0:1:0: [sdb] Write Protect is off
[    2.246804] sd 2:0:1:0: [sdb] Incomplete mode parameter data
[    2.248233] sd 2:0:1:0: [sdb] Assuming drive cache: write through
[    2.250907]  sda: sda1
[    2.252786] sd 2:0:0:0: [sda] Attached SCSI disk
[    2.262541] sd 2:0:1:0: [sdb] Attached SCSI disk
[    2.498500] e1000 0000:00:08.0 eth1: (PCI:33MHz:32-bit) 08:00:27:be:e3:32
[    2.500297] e1000 0000:00:08.0 eth1: Intel(R) PRO/1000 Network Connection
[    2.502852] e1000 0000:00:08.0 enp0s8: renamed from eth1
[    2.513976] e1000 0000:00:03.0 enp0s3: renamed from eth0
Begin: Loading essential drivers ... [    3.979958] md: linear personality registered for level -1
[    3.983904] md: multipath personality registered for level -4
[    3.987480] md: raid0 personality registered for level 0
[    3.992359] md: raid1 personality registered for level 1
[    4.061473] raid6: sse2x1   gen() 11885 MB/s
[    4.129435] raid6: sse2x1   xor()  9131 MB/s
[    4.197589] raid6: sse2x2   gen() 15126 MB/s
[    4.265953] raid6: sse2x2   xor() 10462 MB/s
[    4.334235] raid6: sse2x4   gen() 17037 MB/s
[    4.401615] raid6: sse2x4   xor() 10546 MB/s
[    4.469938] raid6: avx2x1   gen() 18292 MB/s
[    4.538249] raid6: avx2x2   gen() 28535 MB/s
[    4.606212] raid6: avx2x4   gen() 31196 MB/s
[    4.607320] raid6: using algorithm avx2x4 gen() 31196 MB/s
[    4.608730] raid6: using avx2x2 recovery algorithm
[    4.611347] xor: automatically using best checksumming function:
[    4.649485]    avx       : 25775.000 MB/sec
[    4.651509] async_tx: api initialized (async)
[    4.661062] md: raid6 personality registered for level 6
[    4.662545] md: raid5 personality registered for level 5
[    4.663871] md: raid4 personality registered for level 4
[    4.671822] md: raid10 personality registered for level 10
done.
Begin: Running /scripts/init-premount ... done.
Begin: Mounting root file system ... Begin: Running /scripts/local-top ... done.
Begin: Running /scripts/local-premount ... [    4.701677] Btrfs loaded
Scanning for Btrfs filesystems
done.
Warning: fsck not present, so skipping root file system
[    4.764948] EXT4-fs (sda1): mounted filesystem with ordered data mode. Opts: (null)
done.
Begin: Running /scripts/local-bottom ... done.
Begin: Running /scripts/init-bottom ... done.
[    5.597212] systemd[1]: systemd 229 running in system mode. (+PAM +AUDIT +SELINUX +IMA +APPARMOR +SMACK +SYSVINIT +UTMP +LIBCRYPTSETUP +GCRYPT +GNUTLS +ACL +XZ -LZ4 +SECCOMP +BLKID +ELFUTILS +KMOD -IDN)
[    5.615857] systemd[1]: Detected virtualization oracle.
[    5.621973] systemd[1]: Detected architecture x86-64.

Welcome to [1mUbuntu 16.04.6 LTS[0m!

[    5.777221] systemd[1]: Set hostname to <ubuntu-xenial>.
[    5.806700] random: nonblocking pool is initialized
[    6.606339] systemd[1]: Listening on Syslog Socket.
[[0;32m  OK  [0m] Listening on Syslog Socket.
[    6.615047] systemd[1]: Created slice System Slice.
[[0;32m  OK  [0m] Created slice System Slice.
[    6.630231] systemd[1]: Reached target Encrypted Volumes.
[[0;32m  OK  [0m] Reached target Encrypted Volumes.
[    6.640671] systemd[1]: Listening on LVM2 poll daemon socket.
[[0;32m  OK  [0m] Listening on LVM2 poll daemon socket.
[    6.650511] systemd[1]: Listening on udev Kernel Socket.
[[0;32m  OK  [0m] Listening on udev Kernel Socket.
[    6.655649] systemd[1]: Listening on udev Control Socket.
[[0;32m  OK  [0m] Listening on udev Control Socket.
[    6.665993] systemd[1]: Started Trigger resolvconf update for networkd DNS.
[[0;32m  OK  [0m] Started Trigger resolvconf update for networkd DNS.
[    6.671777] systemd[1]: Listening on Journal Socket (/dev/log).
[[0;32m  OK  [0m] Listening on Journal Socket (/dev/log).
[    6.677068] systemd[1]: Listening on LVM2 metadata daemon socket.
[[0;32m  OK  [0m] Listening on LVM2 metadata daemon socket.
[    6.681117] systemd[1]: Listening on Device-mapper event daemon FIFOs.
[[0;32m  OK  [0m] Listening on Device-mapper event daemon FIFOs.
[    6.690406] systemd[1]: Set up automount Arbitrary Executable File Formats File System Automount Point.
[[0;32m  OK  [0m] Set up automount Arbitrary Executab...ats File System Automount Point.
[    6.695094] systemd[1]: Reached target Swap.
[[0;32m  OK  [0m] Reached target Swap.
[    6.698036] systemd[1]: Created slice system-serial\x2dgetty.slice.
[[0;32m  OK  [0m] Created slice system-serial\x2dgetty.slice.
[    6.701888] systemd[1]: Created slice User and Session Slice.
[[0;32m  OK  [0m] Created slice User and Session Slice.
[    6.705006] systemd[1]: Reached target Slices.
[[0;32m  OK  [0m] Reached target Slices.
[    6.707533] systemd[1]: Reached target User and Group Name Lookups.
[[0;32m  OK  [0m] Reached target User and Group Name Lookups.
[    6.710403] systemd[1]: Listening on /dev/initctl Compatibility Named Pipe.
[[0;32m  OK  [0m] Listening on /dev/initctl Compatibility Named Pipe.
[    6.712950] systemd[1]: Started Forward Password Requests to Wall Directory Watch.
[[0;32m  OK  [0m] Started Forward Password Requests to Wall Directory Watch.
[    6.716557] systemd[1]: Listening on Journal Socket.
[[0;32m  OK  [0m] Listening on Journal Socket.
[    6.734325] systemd[1]: Starting Uncomplicated firewall...
         Starting Uncomplicated firewall...
[    6.737290] systemd[1]: Mounting Debug File System...
         Mounting Debug File System...
[    6.786570] systemd[1]: Starting Load Kernel Modules...
         Starting Load Kernel Modules...
[    6.799876] systemd[1]: Starting Remount Root and Kernel File Systems...
         Starting Remount Root and Kernel File Systems...
[    6.816357] systemd[1]: Starting Create list of required static device nodes for the current kernel...
         Starting Create list of required st... nodes for the current kernel...
[    6.860463] EXT4-fs (sda1): re-mounted. Opts: (null)
[    6.874739] systemd[1]: Starting Nameserver information manager...
         Starting Nameserver information manager...
[    6.886989] systemd[1]: Mounting POSIX Message Queue File System...
[    6.889700] Loading iSCSI transport class v2.0-870.
         Mounting POSIX Message Queue File System...
[    6.903229] systemd[1]: Starting Set console keymap...
         Starting Set console keymap...
[    6.906950] systemd[1]: Mounting Huge Pages File System...
         Mounting Huge Pages File System...
[    6.910615] iscsi: registered transport (tcp)
[    6.918237] systemd[1]: Listening on Journal Audit Socket.
[[0;32m  OK  [0m] Listening on Journal Audit Socket.
[    6.934259] systemd[1]: Starting Journal Service...
         Starting Journal Service...
[    6.937126] systemd[1]: Reached target System Time Synchronized.
[[0;32m  OK  [0m] Reached target System Time Synchronized.
[    6.940785] systemd[1]: Starting Monitoring of LVM2 mirrors, snapshots etc. using dmeventd or progress polling...
         Starting Monitoring of LVM2 mirrors... dmeventd or progress polling...
[    6.947515] systemd[1]: Mounted Huge Pages File System.
[[0;32m  OK  [0m] Mounted Huge Pages File System.
[    6.957874] systemd[1]: Mounted Debug File System.
[[0;32m  OK  [0m] Mounted Debug File System.
[    6.960500] systemd[1]: Mounted POSIX Message Queue File System.
[[0;32m  OK  [0m] Mounted POSIX Message Queue File System.
[    6.963904] systemd[1]: Started Uncomplicated firewall.
[[0;32m  OK  [0m] Started Uncomplicated firewall.
[    6.967077] systemd[1]: Started Remount Root and Kernel File Systems.
[[0;32m  OK  [0m] Started Remount Root and Kernel File Systems.
[    6.970094] systemd[1]: Started Create list of required static device nodes for the current kernel.
[[0;32m  OK  [0m] Started Create list of required sta...ce nodes for the current kernel.
[    6.985377] systemd[1]: Starting Create Static Device Nodes in /dev...
         Starting Create Static Device Nodes in /dev...
[    6.994358] systemd[1]: Starting Load/Save Random Seed...
         Starting Load/Save Random Seed...
[    7.005676] systemd[1]: Starting udev Coldplug all Devices...
         Starting udev Coldplug all Devices...
[    7.026227] systemd[1]: Started Nameserver information manager.
[[0;32m  OK  [0m] Started Nameserver information manager.
[    7.053129] systemd[1]: Started Load/Save Random Seed.
[[0;32m  OK  [0m] Started Load/Save Random Seed.
[    7.068560] systemd[1]: Started Set console keymap.
[[0;32m  OK  [0m] Started Set console keymap.
[    7.104635] iscsi: registered transport (iser)
[    7.106875] systemd[1]: Started Load Kernel Modules.
[[0;32m  OK  [0m] Started Load Kernel Modules.
[    7.109612] systemd[1]: Mounting FUSE Control File System...
         Mounting FUSE Control File System...
[    7.120514] systemd[1]: Starting Apply Kernel Variables...
         Starting Apply Kernel Variables...
[    7.130411] systemd[1]: Mounted FUSE Control File System.
[[0;32m  OK  [0m] Mounted FUSE Control File System.
[    7.138118] systemd[1]: Started Journal Service.
[[0;32m  OK  [0m] Started Journal Service.
[[0;32m  OK  [0m] Started udev Coldplug all Devices.
         Starting Flush Journal to Persistent Storage...
[[0;32m  OK  [0m] Started LVM2 metadata daemon.
[[0;32m  OK  [0m] Started Apply Kernel Variables.
[[0;32m  OK  [0m] Started Flush Journal to Persistent Storage.
[[0;32m  OK  [0m] Started Create Static Device Nodes in /dev.
         Starting udev Kernel Device Manager...
[[0;32m  OK  [0m] Started udev Kernel Device Manager.
[[0;32m  OK  [0m] Started Dispatch Password Requests to Console Directory Watch.
[[0;32m  OK  [0m] Found device /dev/ttyS0.
[[0;32m  OK  [0m] Listening on Load/Save RF Kill Switch Status /dev/rfkill Watch.
[[0;32m  OK  [0m] Started Monitoring of LVM2 mirrors,...ng dmeventd or progress polling.
[[0;32m  OK  [0m] Reached target Local File Systems (Pre).
[[0;32m  OK  [0m] Reached target Local File Systems.
         Starting Tell Plymouth To Write Out Runtime Data...
         Starting Set console font and keymap...
         Starting Create Volatile Files and Directories...
         Starting LSB: AppArmor initialization...
         Starting Initial cloud-init job (pre-networking)...
[[0;32m  OK  [0m] Started Tell Plymouth To Write Out Runtime Data.
[[0;32m  OK  [0m] Started Create Volatile Files and Directories.
         Starting Update UTMP about System Boot/Shutdown...
[[0;32m  OK  [0m] Found device 82540EM Gigabit Ethern...r (PRO/1000 MT Desktop Adapter).
[[0;32m  OK  [0m] Started Update UTMP about System Boot/Shutdown.
[[0;32m  OK  [0m] Found device 82540EM Gigabit Ethern...r (PRO/1000 MT Desktop Adapter).
[[0;32m  OK  [0m] Started Set console font and keymap.
[[0;32m  OK  [0m] Created slice system-getty.slice.
[[0;32m  OK  [0m] Started LSB: AppArmor initialization.
[   12.633935] cloud-init[540]: Cloud-init v. 19.4-33-gbb4131a2-0ubuntu1~16.04.1 running 'init-local' at Thu, 02 Jul 2020 09:37:45 +0000. Up 11.88 seconds.
[[0;32m  OK  [0m] Started Initial cloud-init job (pre-networking).
[[0;32m  OK  [0m] Reached target Network (Pre).
[[0;32m  OK  [0m] Started ifup for enp0s8.
[[0;32m  OK  [0m] Started ifup for enp0s3.
         Starting Raise network interfaces...
[[0;32m  OK  [0m] Started Raise network interfaces.
         Starting Initial cloud-init job (metadata service crawler)...
[[0;32m  OK  [0m] Reached target Network.
[   14.483007] cloud-init[1077]: Cloud-init v. 19.4-33-gbb4131a2-0ubuntu1~16.04.1 running 'init' at Thu, 02 Jul 2020 09:37:47 +0000. Up 13.39 seconds.
[   14.493705] cloud-init[1077]: ci-info: ++++++++++++++++++++++++++++++++++++++Net device info+++++++++++++++++++++++++++++++++++++++
[   14.498257] cloud-init[1077]: ci-info: +--------+------+-----------------------------+---------------+--------+-------------------+
[   14.500859] cloud-init[1077]: ci-info: | Device |  Up  |           Address           |      Mask     | Scope  |     Hw-Address    |
[   14.502455] cloud-init[1077]: ci-info: +--------+------+-----------------------------+---------------+--------+-------------------+
[   14.504806] cloud-init[1077]: ci-info: | enp0s3 | True |          10.0.2.15          | 255.255.255.0 | global | 02:ba:b8:ca:39:a3 |
[   14.506421] cloud-init[1077]: ci-info: | enp0s3 | True |  fe80::ba:b8ff:feca:39a3/64 |       .       |  link  | 02:ba:b8:ca:39:a3 |
[   14.507830] cloud-init[1077]: ci-info: | enp0s8 | True |        192.168.33.30        | 255.255.255.0 | global | 08:00:27:be:e3:32 |
[   14.509414] cloud-init[1077]: ci-info: | enp0s8 | True | fe80::a00:27ff:febe:e332/64 |       .       |  link  | 08:00:27:be:e3:32 |
[   14.510777] cloud-init[1077]: ci-info: |   lo   | True |          127.0.0.1          |   255.0.0.0   |  host  |         .         |
[   14.512963] cloud-init[1077]: ci-info: |   lo   | True |           ::1/128           |       .       |  host  |         .         |
[   14.514522] cloud-init[1077]: ci-info: +--------+------+-----------------------------+---------------+--------+-------------------+
[   14.516347] cloud-init[1077]: ci-info: ++++++++++++++++++++++++++++Route IPv4 info++++++++++++++++++++++++++++
[   14.518052] cloud-init[1077]: ci-info: +-------+--------------+----------+---------------+-----------+-------+
[   14.519790] cloud-init[1077]: ci-info: | Route | Destination  | Gateway  |    Genmask    | Interface | Flags |
[   14.521621] cloud-init[1077]: ci-info: +-------+--------------+----------+---------------+-----------+-------+
[   14.528448] cloud-init[1077]: ci-info: |   0   |   0.0.0.0    | 10.0.2.2 |    0.0.0.0    |   enp0s3  |   UG  |
[   14.536319] cloud-init[1077]: ci-info: |   1   |   10.0.2.0   | 0.0.0.0  | 255.255.255.0 |   enp0s3  |   U   |
[   14.545047] cloud-init[1077]: ci-info: |   2   | 192.168.33.0 | 0.0.0.0  | 255.255.255.0 |   enp0s8  |   U   |
[   14.552918] cloud-init[1077]: ci-info: +-------+--------------+----------+---------------+-----------+-------+
[   14.560703] cloud-init[1077]: ci-info: +++++++++++++++++++Route IPv6 info+++++++++++++++++++
[   14.576660] [[0;32m  OK  [0m] Started Initial cloud-init job (metadata service crawler).
[[0;32m  OK  [0m] Reached target Cloud-config availability.
[[0;32m  OK  [0m] Reached target Network is Online.
cloud-init[1077]: ci-info: +-------+-------------+---------+-----------+-------+
[   14.578721] cloud-init[1077]: ci-info: | Route | Destination | Gateway | Interface | Flags |
[   14.580221] cloud-init[1077]: ci-info: +-------+-------------+---------+-----------+-------+
[   14.581432] cloud-init[1077]: ci-info: |   0   |  fe80::/64  |    ::   |   enp0s8  |   U   |
[   14.582714] cloud-init[1077]: ci-info: |   1   |  fe80::/64  |    ::   |   enp0s3  |   U   |
[   14.589099]          Starting iSCSI initiator daemon (iscsid)...
[[0;32m  OK  [0m] Reached target System Initialization.
cloud-init[1077]: ci-info: |   4   |   ff00::/8  |    ::   |   enp0s8  |   U   |
[   14.596718] cloud-init[1077]: ci-info: |   5   |   ff00::/8  |    ::   |   enp0s3  |   U   |
[   14.612707]          Starting Socket activation for snappy daemon.
[[0;32m  OK  [0m] Listening on ACPID Listen Socket.
cloud-init[1077]: ci-info: +-------+-------------+---------+-----------+-------+
[[0;32m  OK  [0m] Started ACPI Events Check.
[[0;32m  OK  [0m] Reached target Paths.
[[0;32m  OK  [0m] Started Message of the Day.
[[0;32m  OK  [0m] Started Daily apt download activities.
[[0;32m  OK  [0m] Started Daily Cleanup of Temporary Directories.
[[0;32m  OK  [0m] Listening on D-Bus System Message Bus Socket.
[[0;32m  OK  [0m] Listening on UUID daemon activation socket.
         Starting LXD - unix socket.
[[0;32m  OK  [0m] Started Daily apt upgrade and clean activities.
[[0;32m  OK  [0m] Reached target Timers.
[[0;32m  OK  [0m] Listening on Socket activation for snappy daemon.
[[0;32m  OK  [0m] Listening on LXD - unix socket.
[[0;32m  OK  [0m] Reached target Sockets.
[[0;32m  OK  [0m] Reached target Basic System.
         Starting Accounts Service...
         Starting Login Service...
         Starting Snappy daemon...
[[0;32m  OK  [0m] Started Regular background program processing daemon.
         Starting MySQL Community Server...
         Starting LSB: Record successful boot for GRUB...
[[0;32m  OK  [0m] Started ACPI event daemon.
[[0;32m  OK  [0m] Started D-Bus System Message Bus.
         Starting LXD - container startup/shutdown...
[[0;32m  OK  [0m] Started FUSE filesystem for LXC.
[[0;32m  OK  [0m] Started Deferred execution scheduler.
         Starting OpenBSD Secure Shell server...
         Starting Virtualbox guest utils...
         Starting /etc/rc.local Compatibility...
         Starting System Logging Service...
         Starting LSB: MD monitoring daemon...
[[0;32m  OK  [0m] Started iSCSI initiator daemon (iscsid).
[[0;32m  OK  [0m] Started /etc/rc.local Compatibility.
[[0;32m  OK  [0m] Started Login Service.
[[0;32m  OK  [0m] Started Unattended Upgrades Shutdown.
         Starting Login to default iSCSI targets...
         Starting Authenticate and Authorize Users to Run Privileged Tasks...
[[0;32m  OK  [0m] Started LSB: Record successful boot for GRUB.
[[0;32m  OK  [0m] Started LSB: MD monitoring daemon.
[[0;32m  OK  [0m] Started System Logging Service.
[[0;32m  OK  [0m] Started Login to default iSCSI targets.
[[0;32m  OK  [0m] Reached target Remote File Systems (Pre).
[[0;32m  OK  [0m] Reached target Remote File Systems.
         Starting Permit User Sessions...
         Starting LSB: automatic crash report generation...
         Starting LSB: Apache2 web server...
         Starting LSB: daemon to balance interrupts for SMP systems...
         Starting LSB: Set the CPU Frequency Scaling governor to "ondemand"...
[[0;32m  OK  [0m] Started LSB: Set the CPU Frequency Scaling governor to "ondemand".
[[0;32m  OK  [0m] Started Permit User Sessions.
         Starting Terminate Plymouth Boot Screen...
         Starting Hold until boot process finishes up...
[[0;32m  OK  [0m] Started LSB: daemon to balance interrupts for SMP systems.
[[0;32m  OK  [0m] Started Terminate Plymouth Boot Screen.
[[0;32m  OK  [0m] Started Hold until boot process finishes up.
         Starting Set console scheme...
[[0;32m  OK  [0m] Started Serial Getty on ttyS0.
[[0;32m  OK  [0m] Started Getty on tty1.
[[0;32m  OK  [0m] Reached target Login Prompts.
[[0;32m  OK  [0m] Started Authenticate and Authorize Users to Run Privileged Tasks.
[[0;32m  OK  [0m] Started Accounts Service.
[[0;32m  OK  [0m] Started Set console scheme.
[[0;32m  OK  [0m] Started Virtualbox guest utils.
[[0;32m  OK  [0m] Started LSB: automatic crash report generation.
[[0;32m  OK  [0m] Started OpenBSD Secure Shell server.
[[0;32m  OK  [0m] Started Snappy daemon.
         Starting Wait until snapd is fully seeded...
[[0;32m  OK  [0m] Started Wait until snapd is fully seeded.
         Starting Apply the settings specified in cloud-config...
[[0;32m  OK  [0m] Started LXD - container startup/shutdown.
[   29.883284] cloud-init[1376]: Cloud-init v. 19.4-33-gbb4131a2-0ubuntu1~16.04.1 running 'modules:config' at Thu, 02 Jul 2020 09:38:02 +0000. Up 29.23 seconds.
[[0;32m  OK  [0m] Started Apply the settings specified in cloud-config.

Ubuntu 16.04.6 LTS ubuntu-xenial ttyS0

ubuntu-xenial login: [   38.744766] cloud-init[1459]: Cloud-init v. 19.4-33-gbb4131a2-0ubuntu1~16.04.1 running 'modules:final' at Thu, 02 Jul 2020 09:38:12 +0000. Up 38.57 seconds.
[   38.745154] cloud-init[1459]: Cloud-init v. 19.4-33-gbb4131a2-0ubuntu1~16.04.1 finished at Thu, 02 Jul 2020 09:38:12 +0000. Datasource DataSourceNoCloud [seed=/dev/sdb][dsmode=net].  Up 38.73 seconds
