[    0.000000] Initializing cgroup subsys cpuset
[    0.000000] Initializing cgroup subsys cpu
[    0.000000] Initializing cgroup subsys cpuacct
[    0.000000] Linux version 4.4.0-184-generic (buildd@lgw01-amd64-060) (gcc version 5.4.0 20160609 (Ubuntu 5.4.0-6ubuntu1~16.04.12) ) #214-Ubuntu SMP Thu Jun 4 10:14:11 UTC 2020 (Ubuntu 4.4.0-184.214-generic 4.4.223)
[    0.000000] Command line: BOOT_IMAGE=/boot/vmlinuz-4.4.0-184-generic root=UUID=f7b43405-fdce-4bb1-b4fb-264548858b21 ro console=tty1 console=ttyS0
[    0.000000] KERNEL supported cpus:
[    0.000000]   Intel GenuineIntel
[    0.000000]   AMD AuthenticAMD
[    0.000000]   Centaur CentaurHauls
[    0.000000] x86/fpu: Legacy x87 FPU detected.
[    0.000000] e820: BIOS-provided physical RAM map:
[    0.000000] BIOS-e820: [mem 0x0000000000000000-0x000000000009fbff] usable
[    0.000000] BIOS-e820: [mem 0x000000000009fc00-0x000000000009ffff] reserved
[    0.000000] BIOS-e820: [mem 0x00000000000f0000-0x00000000000fffff] reserved
[    0.000000] BIOS-e820: [mem 0x0000000000100000-0x000000003ffeffff] usable
[    0.000000] BIOS-e820: [mem 0x000000003fff0000-0x000000003fffffff] ACPI data
[    0.000000] BIOS-e820: [mem 0x00000000fec00000-0x00000000fec00fff] reserved
[    0.000000] BIOS-e820: [mem 0x00000000fee00000-0x00000000fee00fff] reserved
[    0.000000] BIOS-e820: [mem 0x00000000fffc0000-0x00000000ffffffff] reserved
[    0.000000] NX (Execute Disable) protection: active
[    0.000000] SMBIOS 2.5 present.
[    0.000000] Hypervisor detected: KVM
[    0.000000] e820: last_pfn = 0x3fff0 max_arch_pfn = 0x400000000
[    0.000000] MTRR: Disabled
[    0.000000] x86/PAT: MTRRs disabled, skipping PAT initialization too.
[    0.000000] CPU MTRRs all blank - virtualized system.
[    0.000000] x86/PAT: Configuration [0-7]: WB  WT  UC- UC  WB  WT  UC- UC  
[    0.000000] found SMP MP-table at [mem 0x0009fff0-0x0009ffff] mapped at [ffff88000009fff0]
[    0.000000] Scanning 1 areas for low memory corruption
[    0.000000] RAMDISK: [mem 0x361ca000-0x370dcfff]
[    0.000000] ACPI: Early table checksum verification disabled
[    0.000000] ACPI: RSDP 0x00000000000E0000 000024 (v02 VBOX  )
[    0.000000] ACPI: XSDT 0x000000003FFF0030 00003C (v01 VBOX   VBOXXSDT 00000001 ASL  00000061)
[    0.000000] ACPI: FACP 0x000000003FFF00F0 0000F4 (v04 VBOX   VBOXFACP 00000001 ASL  00000061)
[    0.000000] ACPI: DSDT 0x000000003FFF0470 002325 (v02 VBOX   VBOXBIOS 00000002 INTL 20100528)
[    0.000000] ACPI: FACS 0x000000003FFF0200 000040
[    0.000000] ACPI: FACS 0x000000003FFF0200 000040
[    0.000000] ACPI: APIC 0x000000003FFF0240 00005C (v02 VBOX   VBOXAPIC 00000001 ASL  00000061)
[    0.000000] ACPI: SSDT 0x000000003FFF02A0 0001CC (v01 VBOX   VBOXCPUT 00000002 INTL 20100528)
[    0.000000] No NUMA configuration found
[    0.000000] Faking a node at [mem 0x0000000000000000-0x000000003ffeffff]
[    0.000000] NODE_DATA(0) allocated [mem 0x3ffeb000-0x3ffeffff]
[    0.000000] kvm-clock: Using msrs 4b564d01 and 4b564d00
[    0.000000] kvm-clock: cpu 0, msr 0:3ffe3001, primary cpu clock
[    0.000000] kvm-clock: using sched offset of 6685249701 cycles
[    0.000000] clocksource: kvm-clock: mask: 0xffffffffffffffff max_cycles: 0x1cd42e4dffb, max_idle_ns: 881590591483 ns
[    0.000000] Zone ranges:
[    0.000000]   DMA      [mem 0x0000000000001000-0x0000000000ffffff]
[    0.000000]   DMA32    [mem 0x0000000001000000-0x000000003ffeffff]
[    0.000000]   Normal   empty
[    0.000000]   Device   empty
[    0.000000] Movable zone start for each node
[    0.000000] Early memory node ranges
[    0.000000]   node   0: [mem 0x0000000000001000-0x000000000009efff]
[    0.000000]   node   0: [mem 0x0000000000100000-0x000000003ffeffff]
[    0.000000] Initmem setup node 0 [mem 0x0000000000001000-0x000000003ffeffff]
[    0.000000] ACPI: PM-Timer IO Port: 0x4008
[    0.000000] IOAPIC[0]: apic_id 2, version 32, address 0xfec00000, GSI 0-23
[    0.000000] ACPI: INT_SRC_OVR (bus 0 bus_irq 0 global_irq 2 dfl dfl)
[    0.000000] ACPI: INT_SRC_OVR (bus 0 bus_irq 9 global_irq 9 low level)
[    0.000000] Using ACPI (MADT) for SMP configuration information
[    0.000000] smpboot: Allowing 2 CPUs, 0 hotplug CPUs
[    0.000000] PM: Registered nosave memory: [mem 0x00000000-0x00000fff]
[    0.000000] PM: Registered nosave memory: [mem 0x0009f000-0x0009ffff]
[    0.000000] PM: Registered nosave memory: [mem 0x000a0000-0x000effff]
[    0.000000] PM: Registered nosave memory: [mem 0x000f0000-0x000fffff]
[    0.000000] e820: [mem 0x40000000-0xfebfffff] available for PCI devices
[    0.000000] Booting paravirtualized kernel on KVM
[    0.000000] clocksource: refined-jiffies: mask: 0xffffffff max_cycles: 0xffffffff, max_idle_ns: 7645519600211568 ns
[    0.000000] setup_percpu: NR_CPUS:512 nr_cpumask_bits:512 nr_cpu_ids:2 nr_node_ids:1
[    0.000000] PERCPU: Embedded 33 pages/cpu @ffff88003fc00000 s95448 r8192 d31528 u1048576
[    0.000000] Built 1 zonelists in Node order, mobility grouping on.  Total pages: 257912
[    0.000000] Policy zone: DMA32
[    0.000000] Kernel command line: BOOT_IMAGE=/boot/vmlinuz-4.4.0-184-generic root=UUID=f7b43405-fdce-4bb1-b4fb-264548858b21 ro console=tty1 console=ttyS0
[    0.000000] PID hash table entries: 4096 (order: 3, 32768 bytes)
[    0.000000] Memory: 997112K/1048120K available (8632K kernel code, 1336K rwdata, 4036K rodata, 1492K init, 1292K bss, 51008K reserved, 0K cma-reserved)
[    0.000000] SLUB: HWalign=64, Order=0-3, MinObjects=0, CPUs=2, Nodes=1
[    0.000000] Kernel/User page tables isolation: enabled
[    0.000000] Hierarchical RCU implementation.
[    0.000000] 	Build-time adjustment of leaf fanout to 64.
[    0.000000] 	RCU restricting CPUs from NR_CPUS=512 to nr_cpu_ids=2.
[    0.000000] RCU: Adjusting geometry for rcu_fanout_leaf=64, nr_cpu_ids=2
[    0.000000] NR_IRQS:33024 nr_irqs:440 16
[    0.000000] Console: colour VGA+ 80x25
[    0.000000] console [tty1] enabled
[    0.000000] console [ttyS0] enabled
[    0.000000] tsc: Detected 3408.002 MHz processor
[    0.623230] Calibrating delay loop (skipped) preset value.. 6816.00 BogoMIPS (lpj=13632008)
[    0.630194] pid_max: default: 32768 minimum: 301
[    0.633806] ACPI: Core revision 20150930
[    0.637951] ACPI: 2 ACPI AML tables successfully acquired and loaded
[    0.643802] Security Framework initialized
[    0.647061] Yama: becoming mindful.
[    0.650692] AppArmor: AppArmor initialized
[    0.654484] Dentry cache hash table entries: 131072 (order: 8, 1048576 bytes)
[    0.665367] Inode-cache hash table entries: 65536 (order: 7, 524288 bytes)
[    0.676567] Mount-cache hash table entries: 2048 (order: 2, 16384 bytes)
[    0.681831] Mountpoint-cache hash table entries: 2048 (order: 2, 16384 bytes)
[    0.689124] Initializing cgroup subsys io
[    0.693340] Initializing cgroup subsys memory
[    0.697072] Initializing cgroup subsys devices
[    0.700892] Initializing cgroup subsys freezer
[    0.705415] Initializing cgroup subsys net_cls
[    0.709626] Initializing cgroup subsys perf_event
[    0.714719] Initializing cgroup subsys net_prio
[    0.718566] Initializing cgroup subsys hugetlb
[    0.722446] Initializing cgroup subsys pids
[    0.726422] mce: CPU supports 0 MCE banks
[    0.729823] Last level iTLB entries: 4KB 64, 2MB 8, 4MB 8
[    0.734762] Last level dTLB entries: 4KB 64, 2MB 0, 4MB 0, 1GB 4
[    0.739789] Spectre V1 : Mitigation: usercopy/swapgs barriers and __user pointer sanitization
[    0.747563] Spectre V2 : Mitigation: Full generic retpoline
[    0.753045] Spectre V2 : Spectre v2 / SpectreRSB mitigation: Filling RSB on context switch
[    0.760095] Speculative Store Bypass: Vulnerable
[    0.766194] MDS: Mitigation: Clear CPU buffers
[    0.792978] Freeing SMP alternatives memory: 36K
[    0.847962] ftrace: allocating 32319 entries in 127 pages
[    1.450476] smpboot: APIC(0) Converting physical 0 to logical package 0
[    1.457285] smpboot: Max logical packages: 1
[    1.475994] ..TIMER: vector=0x30 apic1=0 pin1=2 apic2=-1 pin2=-1
[    1.590306] smpboot: CPU0: Intel(R) Core(TM) i7-6700 CPU @ 3.40GHz (family: 0x6, model: 0x5e, stepping: 0x3)
[    1.601960] Performance Events: unsupported p6 CPU model 94 no PMU driver, software events only.
[    1.662803] KVM setup paravirtual spinlock
[    1.669683] x86: Booting SMP configuration:
[    1.673934] .... node  #0, CPUs:      #1
[    1.678881] kvm-clock: cpu 1, msr 0:3ffe3041, secondary cpu clock
[    1.682403] mce: CPU supports 0 MCE banks
[    1.685597] TSC synchronization [CPU#0 -> CPU#1]:
[    1.689568] Measured 165513 cycles TSC warp between CPUs, turning off TSC clock.
[    1.694857] tsc: Marking TSC unstable due to check_tsc_sync_source failed
[    0.437311] x86: Booted up 1 node, 2 CPUs
[    0.440002] smpboot: Total of 2 processors activated (13632.00 BogoMIPS)
[    0.452082] devtmpfs: initialized
[    0.457838] evm: security.selinux
[    0.460005] evm: security.SMACK64
[    0.464002] evm: security.SMACK64EXEC
[    0.466758] evm: security.SMACK64TRANSMUTE
[    0.468002] evm: security.SMACK64MMAP
[    0.472026] evm: security.ima
[    0.476002] evm: security.capability
[    0.480263] clocksource: jiffies: mask: 0xffffffff max_cycles: 0xffffffff, max_idle_ns: 7645041785100000 ns
[    0.484029] futex hash table entries: 512 (order: 3, 32768 bytes)
[    0.488569] pinctrl core: initialized pinctrl subsystem
[    0.492245] RTC time:  8:40:07, date: 03/05/21
[    0.497056] NET: Registered protocol family 16
[    0.512013] cpuidle: using governor ladder
[    0.528013] cpuidle: using governor menu
[    0.532131] PCCT header not found.
[    0.534869] ACPI: bus type PCI registered
[    0.536003] acpiphp: ACPI Hot Plug PCI Controller Driver version: 0.5
[    0.540413] PCI: Using configuration type 1 for base access
[    0.568389] ACPI: Added _OSI(Module Device)
[    0.572002] ACPI: Added _OSI(Processor Device)
[    0.575340] ACPI: Added _OSI(3.0 _SCP Extensions)
[    0.576002] ACPI: Added _OSI(Processor Aggregator Device)
[    0.581141] ACPI: Executed 1 blocks of module-level executable AML code
[    0.589218] ACPI: Interpreter enabled
[    0.592010] ACPI: (supports S0 S5)
[    0.594657] ACPI: Using IOAPIC for interrupt routing
[    0.600217] PCI: Using host bridge windows from ACPI; if necessary, use "pci=nocrs" and report a bug
[    0.613231] ACPI: PCI Root Bridge [PCI0] (domain 0000 [bus 00-ff])
[    0.616011] acpi PNP0A03:00: _OSC: OS supports [ASPM ClockPM Segments MSI]
[    0.620584] acpi PNP0A03:00: _OSC: not requesting OS control; OS requires [ExtendedConfig ASPM ClockPM MSI]
[    0.624016] acpi PNP0A03:00: fail to add MMCONFIG information, can't access extended PCI configuration space under this bridge.
[    0.628515] PCI host bridge to bus 0000:00
[    0.632003] pci_bus 0000:00: root bus resource [io  0x0000-0x0cf7 window]
[    0.636003] pci_bus 0000:00: root bus resource [io  0x0d00-0xffff window]
[    0.640006] pci_bus 0000:00: root bus resource [mem 0x000a0000-0x000bffff window]
[    0.644005] pci_bus 0000:00: root bus resource [mem 0x40000000-0xfdffffff window]
[    0.648007] pci_bus 0000:00: root bus resource [bus 00-ff]
[    0.656514] pci 0000:00:01.1: legacy IDE quirk: reg 0x10: [io  0x01f0-0x01f7]
[    0.660003] pci 0000:00:01.1: legacy IDE quirk: reg 0x14: [io  0x03f6]
[    0.664003] pci 0000:00:01.1: legacy IDE quirk: reg 0x18: [io  0x0170-0x0177]
[    0.668003] pci 0000:00:01.1: legacy IDE quirk: reg 0x1c: [io  0x0376]
[    0.740706] pci 0000:00:07.0: quirk: [io  0x4000-0x403f] claimed by PIIX4 ACPI
[    0.760066] pci 0000:00:07.0: quirk: [io  0x4100-0x410f] claimed by PIIX4 SMB
[    0.792429] ACPI: PCI Interrupt Link [LNKA] (IRQs 5 9 10 *11)
[    0.840345] ACPI: PCI Interrupt Link [LNKB] (IRQs 5 9 *10 11)
[    0.857310] ACPI: PCI Interrupt Link [LNKC] (IRQs 5 *9 10 11)
[    0.872783] ACPI: PCI Interrupt Link [LNKD] (IRQs 5 9 10 *11)
[    0.888794] ACPI: Enabled 2 GPEs in block 00 to 07
[    0.900463] vgaarb: setting as boot device: PCI:0000:00:02.0
[    0.904000] vgaarb: device added: PCI:0000:00:02.0,decodes=io+mem,owns=io+mem,locks=none
[    0.928004] vgaarb: loaded
[    0.932002] vgaarb: bridge control possible 0000:00:02.0
[    0.944679] SCSI subsystem initialized
[    0.952117] ACPI: bus type USB registered
[    0.960036] usbcore: registered new interface driver usbfs
[    0.968010] usbcore: registered new interface driver hub
[    0.980132] usbcore: registered new device driver usb
[    0.988331] PCI: Using ACPI for IRQ routing
[    1.000168] NetLabel: Initializing
[    1.004002] NetLabel:  domain hash size = 128
[    1.012001] NetLabel:  protocols = UNLABELED CIPSOv4
[    1.020012] NetLabel:  unlabeled traffic allowed by default
[    1.028103] amd_nb: Cannot enumerate AMD northbridges
[    1.040261] clocksource: Switched to clocksource kvm-clock
[    1.083736] AppArmor: AppArmor Filesystem Enabled
[    1.089212] pnp: PnP ACPI init
[    1.092929] pnp: PnP ACPI: found 3 devices
[    1.105390] clocksource: acpi_pm: mask: 0xffffff max_cycles: 0xffffff, max_idle_ns: 2085701024 ns
[    1.115794] NET: Registered protocol family 2
[    1.121472] TCP established hash table entries: 8192 (order: 4, 65536 bytes)
[    1.127874] TCP bind hash table entries: 8192 (order: 5, 131072 bytes)
[    1.135289] TCP: Hash tables configured (established 8192 bind 8192)
[    1.142338] UDP hash table entries: 512 (order: 2, 16384 bytes)
[    1.148804] UDP-Lite hash table entries: 512 (order: 2, 16384 bytes)
[    1.154122] NET: Registered protocol family 1
[    1.157813] pci 0000:00:00.0: Limiting direct PCI/PCI transfers
[    1.163184] pci 0000:00:01.0: Activating ISA DMA hang workarounds
[    1.169427] Unpacking initramfs...
[    1.197041] Freeing initrd memory: 15436K
[    1.197041] clocksource: tsc: mask: 0xffffffffffffffff max_cycles: 0x311fd628962, max_idle_ns: 440795345332 ns
[    1.197041] platform rtc_cmos: registered platform RTC device (no PNP device found)
[    1.197041] Scanning for low memory corruption every 60 seconds
[    1.615728] audit: initializing netlink subsys (disabled)
[    1.621290] audit: type=2000 audit(1614933616.028:1): initialized
[    1.626863] Initialise system trusted keyring
[    1.633081] HugeTLB registered 2 MB page size, pre-allocated 0 pages
[    1.640420] zbud: loaded
[    1.644650] VFS: Disk quotas dquot_6.6.0
[    1.648765] VFS: Dquot-cache hash table entries: 512 (order 0, 4096 bytes)
[    1.654447] squashfs: version 4.0 (2009/01/31) Phillip Lougher
[    1.661284] fuse init (API version 7.23)
[    1.665026] Key type big_key registered
[    1.667981] Allocating IMA MOK and blacklist keyrings.
[    1.689631] Key type asymmetric registered
[    1.693767] Asymmetric key parser 'x509' registered
[    1.699878] Block layer SCSI generic (bsg) driver version 0.4 loaded (major 249)
[    1.708401] io scheduler noop registered
[    1.712548] io scheduler deadline registered (default)
[    1.717421] io scheduler cfq registered
[    1.721505] pci_hotplug: PCI Hot Plug PCI Core version: 0.5
[    1.726707] pciehp: PCI Express Hot Plug Controller Driver version: 0.4
[    1.733594] ACPI: AC Adapter [AC] (on-line)
[    1.737641] input: Power Button as /devices/LNXSYSTM:00/LNXPWRBN:00/input/input0
[    1.744262] ACPI: Power Button [PWRF]
[    1.747094] input: Sleep Button as /devices/LNXSYSTM:00/LNXSLPBN:00/input/input1
[    1.754572] ACPI: Sleep Button [SLPF]
[    1.758411] GHES: HEST is not enabled!
[    1.762899] Serial: 8250/16550 driver, 32 ports, IRQ sharing enabled
[    1.792108] 00:02: ttyS0 at I/O 0x3f8 (irq = 4, base_baud = 115200) is a 16550A
[    1.818595] Linux agpgart interface v0.103
[    1.843799] loop: module loaded
[    1.850911] scsi host0: ata_piix
[    1.855613] scsi host1: ata_piix
[    1.859312] ata1: PATA max UDMA/33 cmd 0x1f0 ctl 0x3f6 bmdma 0xd000 irq 14
[    1.865405] ata2: PATA max UDMA/33 cmd 0x170 ctl 0x376 bmdma 0xd008 irq 15
[    1.871201] libphy: Fixed MDIO Bus: probed
[    1.876247] tun: Universal TUN/TAP device driver, 1.6
[    1.880212] tun: (C) 1999-2004 Max Krasnyansky <maxk@qualcomm.com>
[    1.886074] PPP generic driver version 2.4.2
[    1.891094] ehci_hcd: USB 2.0 'Enhanced' Host Controller (EHCI) Driver
[    1.897644] ehci-pci: EHCI PCI platform driver
[    1.901285] ehci-platform: EHCI generic platform driver
[    1.906854] ohci_hcd: USB 1.1 'Open' Host Controller (OHCI) Driver
[    1.913239] ohci-pci: OHCI PCI platform driver
[    1.916871] ohci-platform: OHCI generic platform driver
[    1.921385] uhci_hcd: USB Universal Host Controller Interface driver
[    1.926649] i8042: PNP: PS/2 Controller [PNP0303:PS2K,PNP0f03:PS2M] at 0x60,0x64 irq 1,12
[    1.937339] serio: i8042 KBD port at 0x60,0x64 irq 1
[    1.941172] serio: i8042 AUX port at 0x60,0x64 irq 12
[    1.947016] mousedev: PS/2 mouse device common for all mice
[    1.956940] rtc_cmos rtc_cmos: rtc core: registered rtc_cmos as rtc0
[    1.963904] input: AT Translated Set 2 keyboard as /devices/platform/i8042/serio0/input/input2
[    1.973300] rtc_cmos rtc_cmos: alarms up to one day, 114 bytes nvram
[    1.978744] i2c /dev entries driver
[    1.982301] device-mapper: uevent: version 1.0.3
[    1.988452] device-mapper: ioctl: 4.34.0-ioctl (2015-10-28) initialised: dm-devel@redhat.com
[    1.995088] ledtrig-cpu: registered to indicate activity on CPUs
[    2.004571] NET: Registered protocol family 10
[    2.009378] NET: Registered protocol family 17
[    2.013310] Key type dns_resolver registered
[    2.018091] registered taskstats version 1
[    2.022239] Loading compiled-in X.509 certificates
[    2.026631] Loaded X.509 cert 'Build time autogenerated kernel key: b6ae09eed57f82583ccd3c65c463e852cdd7a0b5'
[    2.035632] zswap: loaded using pool lzo/zbud
[    2.055412] Key type trusted registered
[    2.063541] Key type encrypted registered
[    2.067829] AppArmor: AppArmor sha1 policy hashing enabled
[    2.072965] ima: No TPM chip found, activating TPM-bypass!
[    2.077634] ima: Allocated hash algorithm: sha1
[    2.081762] evm: HMAC attrs: 0x1
[    2.086465]   Magic number: 13:335:674
[    2.090493] rtc_cmos rtc_cmos: setting system clock to 2021-03-05 08:40:09 UTC (1614933609)
[    2.098640] BIOS EDD facility v0.16 2004-Jun-25, 0 devices found
[    2.103789] EDD information not available.
[    2.109543] Freeing unused kernel memory: 1492K
[    2.113877] Write protecting the kernel read-only data: 14336k
[    2.120058] Freeing unused kernel memory: 1596K
[    2.124427] Freeing unused kernel memory: 60K
Loading, please wait...
starting version 229
[    2.157020] random: systemd-udevd: uninitialized urandom read (16 bytes read, 5 bits of entropy available)
[    2.157782] random: udevadm: uninitialized urandom read (16 bytes read, 5 bits of entropy available)
[    2.157795] random: udevadm: uninitialized urandom read (16 bytes read, 5 bits of entropy available)
[    2.168679] random: udevadm: uninitialized urandom read (16 bytes read, 5 bits of entropy available)
[    2.168709] random: udevadm: uninitialized urandom read (16 bytes read, 5 bits of entropy available)
[    2.168892] random: udevadm: uninitialized urandom read (16 bytes read, 5 bits of entropy available)
[    2.169021] random: udevadm: uninitialized urandom read (16 bytes read, 5 bits of entropy available)
[    2.169064] random: udevadm: uninitialized urandom read (16 bytes read, 5 bits of entropy available)
[    2.169104] random: udevadm: uninitialized urandom read (16 bytes read, 5 bits of entropy available)
[    2.169140] random: udevadm: uninitialized urandom read (16 bytes read, 5 bits of entropy available)
[    2.298409] e1000: Intel(R) PRO/1000 Network Driver - version 7.3.21-k8-NAPI
[    2.307118] e1000: Copyright (c) 1999-2006 Intel Corporation.
[    2.338708] Fusion MPT base driver 3.04.20
[    2.343582] Copyright (c) 1999-2008 LSI Corporation
[    2.358421] Fusion MPT SPI Host driver 3.04.20
[    2.564852] input: ImExPS/2 Generic Explorer Mouse as /devices/platform/i8042/serio1/input/input4
[    3.075403] e1000 0000:00:03.0 eth0: (PCI:33MHz:32-bit) 02:ba:b8:ca:39:a3
[    3.082659] e1000 0000:00:03.0 eth0: Intel(R) PRO/1000 Network Connection
[    3.091123] mptbase: ioc0: Initiating bringup
[    3.166724] ioc0: LSI53C1030 A0: Capabilities={Initiator}
[    3.404254] scsi host2: ioc0: LSI53C1030 A0, FwRev=00000000h, Ports=1, MaxQ=256, IRQ=20
[    3.531441] scsi 2:0:0:0: Direct-Access     VBOX     HARDDISK         1.0  PQ: 0 ANSI: 5
[    3.559770] scsi target2:0:0: Beginning Domain Validation
[    3.584410] scsi target2:0:0: Domain Validation skipping write tests
[    3.590243] scsi target2:0:0: Ending Domain Validation
[    3.595145] scsi target2:0:0: asynchronous
[    3.601832] scsi 2:0:1:0: Direct-Access     VBOX     HARDDISK         1.0  PQ: 0 ANSI: 5
[    3.609284] scsi target2:0:1: Beginning Domain Validation
[    3.623417] scsi target2:0:1: Domain Validation skipping write tests
[    3.629847] scsi target2:0:1: Ending Domain Validation
[    3.634612] scsi target2:0:1: asynchronous
[    3.660833] sd 2:0:0:0: Attached scsi generic sg0 type 0
[    3.667353] sd 2:0:0:0: [sda] 20971520 512-byte logical blocks: (10.7 GB/10.0 GiB)
[    3.676683] sd 2:0:1:0: Attached scsi generic sg1 type 0
[    3.682928] sd 2:0:1:0: [sdb] 20480 512-byte logical blocks: (10.5 MB/10.0 MiB)
[    3.690772] sd 2:0:0:0: [sda] Write Protect is off
[    3.696315] sd 2:0:1:0: [sdb] Write Protect is off
[    3.725464] sd 2:0:0:0: [sda] Incomplete mode parameter data
[    3.730346] sd 2:0:0:0: [sda] Assuming drive cache: write through
[    3.736327] sd 2:0:1:0: [sdb] Incomplete mode parameter data
[    3.740705] sd 2:0:1:0: [sdb] Assuming drive cache: write through
[    3.751115]  sda: sda1
[    3.756939] sd 2:0:0:0: [sda] Attached SCSI disk
[    3.774392] sd 2:0:1:0: [sdb] Attached SCSI disk
[    4.293843] e1000 0000:00:08.0 eth1: (PCI:33MHz:32-bit) 08:00:27:ed:68:3e
[    4.300051] e1000 0000:00:08.0 eth1: Intel(R) PRO/1000 Network Connection
[    4.308988] e1000 0000:00:08.0 enp0s8: renamed from eth1
[    4.337874] e1000 0000:00:03.0 enp0s3: renamed from eth0
Begin: Loading essential drivers ... [    6.099122] md: linear personality registered for level -1
[    6.110056] md: multipath personality registered for level -4
[    6.119551] md: raid0 personality registered for level 0
[    6.140025] md: raid1 personality registered for level 1
