[    0.000000] Initializing cgroup subsys cpuset
[    0.000000] Initializing cgroup subsys cpu
[    0.000000] Initializing cgroup subsys cpuacct
[    0.000000] Linux version 4.4.0-177-generic (buildd@lgw01-amd64-035) (gcc version 5.4.0 20160609 (Ubuntu 5.4.0-6ubuntu1~16.04.12) ) #207-Ubuntu SMP Mon Mar 16 01:16:10 UTC 2020 (Ubuntu 4.4.0-177.207-generic 4.4.214)
[    0.000000] Command line: BOOT_IMAGE=/boot/vmlinuz-4.4.0-177-generic root=LABEL=cloudimg-rootfs ro console=tty1 console=ttyS0
[    0.000000] KERNEL supported cpus:
[    0.000000]   Intel GenuineIntel
[    0.000000]   AMD AuthenticAMD
[    0.000000]   Centaur CentaurHauls
[    0.000000] x86/fpu: xstate_offset[2]:  576, xstate_sizes[2]:  256
[    0.000000] x86/fpu: Supporting XSAVE feature 0x01: 'x87 floating point registers'
[    0.000000] x86/fpu: Supporting XSAVE feature 0x02: 'SSE registers'
[    0.000000] x86/fpu: Supporting XSAVE feature 0x04: 'AVX registers'
[    0.000000] x86/fpu: Enabled xstate features 0x7, context size is 832 bytes, using 'standard' format.
[    0.000000] e820: BIOS-provided physical RAM map:
[    0.000000] BIOS-e820: [mem 0x0000000000000000-0x000000000009fbff] usable
[    0.000000] BIOS-e820: [mem 0x000000000009fc00-0x000000000009ffff] reserved
[    0.000000] BIOS-e820: [mem 0x00000000000f0000-0x00000000000fffff] reserved
[    0.000000] BIOS-e820: [mem 0x0000000000100000-0x000000007ffeffff] usable
[    0.000000] BIOS-e820: [mem 0x000000007fff0000-0x000000007fffffff] ACPI data
[    0.000000] BIOS-e820: [mem 0x00000000fec00000-0x00000000fec00fff] reserved
[    0.000000] BIOS-e820: [mem 0x00000000fee00000-0x00000000fee00fff] reserved
[    0.000000] BIOS-e820: [mem 0x00000000fffc0000-0x00000000ffffffff] reserved
[    0.000000] NX (Execute Disable) protection: active
[    0.000000] SMBIOS 2.5 present.
[    0.000000] Hypervisor detected: KVM
[    0.000000] e820: last_pfn = 0x7fff0 max_arch_pfn = 0x400000000
[    0.000000] MTRR: Disabled
[    0.000000] x86/PAT: MTRRs disabled, skipping PAT initialization too.
[    0.000000] CPU MTRRs all blank - virtualized system.
[    0.000000] x86/PAT: Configuration [0-7]: WB  WT  UC- UC  WB  WT  UC- UC  
[    0.000000] found SMP MP-table at [mem 0x0009fff0-0x0009ffff] mapped at [ffff88000009fff0]
[    0.000000] Scanning 1 areas for low memory corruption
[    0.000000] RAMDISK: [mem 0x362e2000-0x37168fff]
[    0.000000] ACPI: Early table checksum verification disabled
[    0.000000] ACPI: RSDP 0x00000000000E0000 000024 (v02 VBOX  )
[    0.000000] ACPI: XSDT 0x000000007FFF0030 00003C (v01 VBOX   VBOXXSDT 00000001 ASL  00000061)
[    0.000000] ACPI: FACP 0x000000007FFF00F0 0000F4 (v04 VBOX   VBOXFACP 00000001 ASL  00000061)
[    0.000000] ACPI: DSDT 0x000000007FFF0470 002325 (v02 VBOX   VBOXBIOS 00000002 INTL 20100528)
[    0.000000] ACPI: FACS 0x000000007FFF0200 000040
[    0.000000] ACPI: FACS 0x000000007FFF0200 000040
[    0.000000] ACPI: APIC 0x000000007FFF0240 00005C (v02 VBOX   VBOXAPIC 00000001 ASL  00000061)
[    0.000000] ACPI: SSDT 0x000000007FFF02A0 0001CC (v01 VBOX   VBOXCPUT 00000002 INTL 20100528)
[    0.000000] No NUMA configuration found
[    0.000000] Faking a node at [mem 0x0000000000000000-0x000000007ffeffff]
[    0.000000] NODE_DATA(0) allocated [mem 0x7ffeb000-0x7ffeffff]
[    0.000000] kvm-clock: Using msrs 4b564d01 and 4b564d00
[    0.000000] kvm-clock: cpu 0, msr 0:7ffe3001, primary cpu clock
[    0.000000] kvm-clock: using sched offset of 4038313229 cycles
[    0.000000] clocksource: kvm-clock: mask: 0xffffffffffffffff max_cycles: 0x1cd42e4dffb, max_idle_ns: 881590591483 ns
[    0.000000] Zone ranges:
[    0.000000]   DMA      [mem 0x0000000000001000-0x0000000000ffffff]
[    0.000000]   DMA32    [mem 0x0000000001000000-0x000000007ffeffff]
[    0.000000]   Normal   empty
[    0.000000]   Device   empty
[    0.000000] Movable zone start for each node
[    0.000000] Early memory node ranges
[    0.000000]   node   0: [mem 0x0000000000001000-0x000000000009efff]
[    0.000000]   node   0: [mem 0x0000000000100000-0x000000007ffeffff]
[    0.000000] Initmem setup node 0 [mem 0x0000000000001000-0x000000007ffeffff]
[    0.000000] ACPI: PM-Timer IO Port: 0x4008
[    0.000000] IOAPIC[0]: apic_id 2, version 32, address 0xfec00000, GSI 0-23
[    0.000000] ACPI: INT_SRC_OVR (bus 0 bus_irq 0 global_irq 2 dfl dfl)
[    0.000000] ACPI: INT_SRC_OVR (bus 0 bus_irq 9 global_irq 9 low level)
[    0.000000] Using ACPI (MADT) for SMP configuration information
[    0.000000] smpboot: Allowing 2 CPUs, 0 hotplug CPUs
[    0.000000] PM: Registered nosave memory: [mem 0x00000000-0x00000fff]
[    0.000000] PM: Registered nosave memory: [mem 0x0009f000-0x0009ffff]
[    0.000000] PM: Registered nosave memory: [mem 0x000a0000-0x000effff]
[    0.000000] PM: Registered nosave memory: [mem 0x000f0000-0x000fffff]
[    0.000000] e820: [mem 0x80000000-0xfebfffff] available for PCI devices
[    0.000000] Booting paravirtualized kernel on KVM
[    0.000000] clocksource: refined-jiffies: mask: 0xffffffff max_cycles: 0xffffffff, max_idle_ns: 7645519600211568 ns
[    0.000000] setup_percpu: NR_CPUS:512 nr_cpumask_bits:512 nr_cpu_ids:2 nr_node_ids:1
[    0.000000] PERCPU: Embedded 33 pages/cpu @ffff88007fc00000 s95448 r8192 d31528 u1048576
[    0.000000] Built 1 zonelists in Node order, mobility grouping on.  Total pages: 515960
[    0.000000] Policy zone: DMA32
[    0.000000] Kernel command line: BOOT_IMAGE=/boot/vmlinuz-4.4.0-177-generic root=LABEL=cloudimg-rootfs ro console=tty1 console=ttyS0
[    0.000000] PID hash table entries: 4096 (order: 3, 32768 bytes)
[    0.000000] Memory: 2029868K/2096696K available (8626K kernel code, 1336K rwdata, 4036K rodata, 1488K init, 1292K bss, 66828K reserved, 0K cma-reserved)
[    0.000000] SLUB: HWalign=64, Order=0-3, MinObjects=0, CPUs=2, Nodes=1
[    0.000000] Kernel/User page tables isolation: enabled
[    0.000000] Hierarchical RCU implementation.
[    0.000000] 	Build-time adjustment of leaf fanout to 64.
[    0.000000] 	RCU restricting CPUs from NR_CPUS=512 to nr_cpu_ids=2.
[    0.000000] RCU: Adjusting geometry for rcu_fanout_leaf=64, nr_cpu_ids=2
[    0.000000] NR_IRQS:33024 nr_irqs:440 16
[    0.000000] Console: colour VGA+ 80x25
[    0.000000] console [tty1] enabled
[    0.000000] console [ttyS0] enabled
[    0.000000] tsc: Detected 3408.004 MHz processor
[    0.206645] Calibrating delay loop (skipped) preset value.. 6816.00 BogoMIPS (lpj=13632016)
[    0.208766] pid_max: default: 32768 minimum: 301
[    0.209890] ACPI: Core revision 20150930
[    0.212762] ACPI: 2 ACPI AML tables successfully acquired and loaded
[    0.214331] Security Framework initialized
[    0.215373] Yama: becoming mindful.
[    0.216378] AppArmor: AppArmor initialized
[    0.220178] Dentry cache hash table entries: 262144 (order: 9, 2097152 bytes)
[    0.222054] Inode-cache hash table entries: 131072 (order: 8, 1048576 bytes)
[    0.226614] Mount-cache hash table entries: 4096 (order: 3, 32768 bytes)
[    0.228378] Mountpoint-cache hash table entries: 4096 (order: 3, 32768 bytes)
[    0.229961] Initializing cgroup subsys io
[    0.231089] Initializing cgroup subsys memory
[    0.232194] Initializing cgroup subsys devices
[    0.233305] Initializing cgroup subsys freezer
[    0.234407] Initializing cgroup subsys net_cls
[    0.235586] Initializing cgroup subsys perf_event
[    0.236885] Initializing cgroup subsys net_prio
[    0.238065] Initializing cgroup subsys hugetlb
[    0.239113] Initializing cgroup subsys pids
[    0.241248] mce: CPU supports 0 MCE banks
[    0.242381] Last level iTLB entries: 4KB 64, 2MB 8, 4MB 8
[    0.243840] Last level dTLB entries: 4KB 64, 2MB 0, 4MB 0, 1GB 4
[    0.245146] Spectre V1 : Mitigation: usercopy/swapgs barriers and __user pointer sanitization
[    0.247585] Spectre V2 : Mitigation: Full generic retpoline
[    0.248948] Spectre V2 : Spectre v2 / SpectreRSB mitigation: Filling RSB on context switch
[    0.250916] Speculative Store Bypass: Vulnerable
[    0.252113] MDS: Mitigation: Clear CPU buffers
[    0.256102] Freeing SMP alternatives memory: 36K
[    0.263489] ftrace: allocating 32304 entries in 127 pages
[    0.349168] smpboot: APIC(0) Converting physical 0 to logical package 0
[    0.353021] smpboot: Max logical packages: 1
[    0.354271] x2apic enabled
[    0.355436] Switched APIC routing to physical x2apic.
[    0.358166] ..TIMER: vector=0x30 apic1=0 pin1=2 apic2=-1 pin2=-1
[    0.467737] APIC calibration not consistent with PM-Timer: 98ms instead of 100ms
[    0.469936] APIC delta adjusted to PM-Timer: 6246155 (6152503)
[    0.473263] smpboot: CPU0: Intel(R) Core(TM) i7-6700 CPU @ 3.40GHz (family: 0x6, model: 0x5e, stepping: 0x3)
[    0.475932] Performance Events: unsupported p6 CPU model 94 no PMU driver, software events only.
[    0.489542] KVM setup paravirtual spinlock
[    0.493963] x86: Booting SMP configuration:
[    0.494940] .... node  #0, CPUs:      #1
[    0.496126] kvm-clock: cpu 1, msr 0:7ffe3041, secondary cpu clock
[    0.498350] mce: CPU supports 0 MCE banks
[    0.501014] x86: Booted up 1 node, 2 CPUs
[    0.502271] smpboot: Total of 2 processors activated (13632.01 BogoMIPS)
[    0.504333] devtmpfs: initialized
[    0.507165] evm: security.selinux
[    0.508105] evm: security.SMACK64
[    0.508966] evm: security.SMACK64EXEC
[    0.510211] evm: security.SMACK64TRANSMUTE
[    0.511637] evm: security.SMACK64MMAP
[    0.512602] evm: security.ima
[    0.513439] evm: security.capability
[    0.514738] clocksource: jiffies: mask: 0xffffffff max_cycles: 0xffffffff, max_idle_ns: 7645041785100000 ns
[    0.517216] futex hash table entries: 512 (order: 3, 32768 bytes)
[    0.518759] pinctrl core: initialized pinctrl subsystem
[    0.520050] RTC time:  9:34:04, date: 02/19/21
[    0.521469] NET: Registered protocol family 16
[    0.533429] cpuidle: using governor ladder
[    0.545719] cpuidle: using governor menu
[    0.546812] PCCT header not found.
[    0.547859] ACPI: bus type PCI registered
[    0.548868] acpiphp: ACPI Hot Plug PCI Controller Driver version: 0.5
[    0.558980] PCI: Using configuration type 1 for base access
[    0.571095] ACPI: Added _OSI(Module Device)
[    0.573381] ACPI: Added _OSI(Processor Device)
[    0.575337] ACPI: Added _OSI(3.0 _SCP Extensions)
[    0.576735] ACPI: Added _OSI(Processor Aggregator Device)
[    0.578926] ACPI: Executed 1 blocks of module-level executable AML code
[    0.582762] ACPI: Interpreter enabled
[    0.583656] ACPI: (supports S0 S5)
[    0.584630] ACPI: Using IOAPIC for interrupt routing
[    0.586332] PCI: Using host bridge windows from ACPI; if necessary, use "pci=nocrs" and report a bug
[    0.592457] ACPI: PCI Root Bridge [PCI0] (domain 0000 [bus 00-ff])
[    0.595159] acpi PNP0A03:00: _OSC: OS supports [ASPM ClockPM Segments MSI]
[    0.598785] acpi PNP0A03:00: _OSC: not requesting OS control; OS requires [ExtendedConfig ASPM ClockPM MSI]
[    0.603455] acpi PNP0A03:00: fail to add MMCONFIG information, can't access extended PCI configuration space under this bridge.
[    0.609497] PCI host bridge to bus 0000:00
[    0.611682] pci_bus 0000:00: root bus resource [io  0x0000-0x0cf7 window]
[    0.617747] pci_bus 0000:00: root bus resource [io  0x0d00-0xffff window]
[    0.620719] pci_bus 0000:00: root bus resource [mem 0x000a0000-0x000bffff window]
[    0.623872] pci_bus 0000:00: root bus resource [mem 0x80000000-0xfdffffff window]
[    0.626157] pci_bus 0000:00: root bus resource [bus 00-ff]
[    0.629985] pci 0000:00:01.1: legacy IDE quirk: reg 0x10: [io  0x01f0-0x01f7]
[    0.645893] pci 0000:00:01.1: legacy IDE quirk: reg 0x14: [io  0x03f6]
[    0.647631] pci 0000:00:01.1: legacy IDE quirk: reg 0x18: [io  0x0170-0x0177]
[    0.649606] pci 0000:00:01.1: legacy IDE quirk: reg 0x1c: [io  0x0376]
[    0.674096] pci 0000:00:07.0: quirk: [io  0x4000-0x403f] claimed by PIIX4 ACPI
[    0.676180] pci 0000:00:07.0: quirk: [io  0x4100-0x410f] claimed by PIIX4 SMB
[    0.691992] ACPI: PCI Interrupt Link [LNKA] (IRQs 5 9 10 *11)
[    0.694750] ACPI: PCI Interrupt Link [LNKB] (IRQs 5 9 *10 11)
[    0.696729] ACPI: PCI Interrupt Link [LNKC] (IRQs 5 *9 10 11)
[    0.698909] ACPI: PCI Interrupt Link [LNKD] (IRQs 5 9 10 *11)
[    0.700967] ACPI: Enabled 2 GPEs in block 00 to 07
[    0.702753] vgaarb: setting as boot device: PCI:0000:00:02.0
[    0.703961] vgaarb: device added: PCI:0000:00:02.0,decodes=io+mem,owns=io+mem,locks=none
[    0.705935] vgaarb: loaded
[    0.706676] vgaarb: bridge control possible 0000:00:02.0
[    0.708115] SCSI subsystem initialized
[    0.709238] ACPI: bus type USB registered
[    0.710355] usbcore: registered new interface driver usbfs
[    0.711549] usbcore: registered new interface driver hub
[    0.712850] usbcore: registered new device driver usb
[    0.714481] PCI: Using ACPI for IRQ routing
[    0.715837] NetLabel: Initializing
[    0.716672] NetLabel:  domain hash size = 128
[    0.717772] NetLabel:  protocols = UNLABELED CIPSOv4
[    0.718875] NetLabel:  unlabeled traffic allowed by default
[    0.720236] amd_nb: Cannot enumerate AMD northbridges
[    0.721540] clocksource: Switched to clocksource kvm-clock
[    0.733714] AppArmor: AppArmor Filesystem Enabled
[    0.735014] pnp: PnP ACPI init
[    0.736910] pnp: PnP ACPI: found 3 devices
[    0.750746] clocksource: acpi_pm: mask: 0xffffff max_cycles: 0xffffff, max_idle_ns: 2085701024 ns
[    0.753080] NET: Registered protocol family 2
[    0.754379] TCP established hash table entries: 16384 (order: 5, 131072 bytes)
[    0.756378] TCP bind hash table entries: 16384 (order: 6, 262144 bytes)
[    0.758283] TCP: Hash tables configured (established 16384 bind 16384)
[    0.759805] UDP hash table entries: 1024 (order: 3, 32768 bytes)
[    0.761240] UDP-Lite hash table entries: 1024 (order: 3, 32768 bytes)
[    0.762856] NET: Registered protocol family 1
[    0.764038] pci 0000:00:00.0: Limiting direct PCI/PCI transfers
[    0.765369] pci 0000:00:01.0: Activating ISA DMA hang workarounds
[    0.767161] Unpacking initramfs...
[    1.006614] Freeing initrd memory: 14876K
[    1.007844] clocksource: tsc: mask: 0xffffffffffffffff max_cycles: 0x311fd7ed0ff, max_idle_ns: 440795285512 ns
[    1.010730] platform rtc_cmos: registered platform RTC device (no PNP device found)
[    1.012658] Scanning for low memory corruption every 60 seconds
[    1.015121] audit: initializing netlink subsys (disabled)
[    1.016452] audit: type=2000 audit(1613727250.248:1): initialized
[    1.018200] Initialise system trusted keyring
[    1.019617] HugeTLB registered 2 MB page size, pre-allocated 0 pages
[    1.022640] zbud: loaded
[    1.023923] VFS: Disk quotas dquot_6.6.0
[    1.024963] VFS: Dquot-cache hash table entries: 512 (order 0, 4096 bytes)
[    1.027027] squashfs: version 4.0 (2009/01/31) Phillip Lougher
[    1.028938] fuse init (API version 7.23)
[    1.030449] Key type big_key registered
[    1.031450] Allocating IMA MOK and blacklist keyrings.
[    1.035961] Key type asymmetric registered
[    1.036996] Asymmetric key parser 'x509' registered
[    1.038398] Block layer SCSI generic (bsg) driver version 0.4 loaded (major 249)
[    1.040158] io scheduler noop registered
[    1.041198] io scheduler deadline registered (default)
[    1.042849] io scheduler cfq registered
[    1.044122] pci_hotplug: PCI Hot Plug PCI Core version: 0.5
[    1.045938] pciehp: PCI Express Hot Plug Controller Driver version: 0.4
[    1.047790] ACPI: AC Adapter [AC] (on-line)
[    1.048891] input: Power Button as /devices/LNXSYSTM:00/LNXPWRBN:00/input/input0
[    1.050930] ACPI: Power Button [PWRF]
[    1.052013] input: Sleep Button as /devices/LNXSYSTM:00/LNXSLPBN:00/input/input1
[    1.053870] ACPI: Sleep Button [SLPF]
[    1.055129] GHES: HEST is not enabled!
[    1.056522] Serial: 8250/16550 driver, 32 ports, IRQ sharing enabled
[    1.078655] 00:02: ttyS0 at I/O 0x3f8 (irq = 4, base_baud = 115200) is a 16550A
[    1.085426] Linux agpgart interface v0.103
[    1.092559] loop: module loaded
[    1.094377] scsi host0: ata_piix
[    1.095619] scsi host1: ata_piix
[    1.096727] ata1: PATA max UDMA/33 cmd 0x1f0 ctl 0x3f6 bmdma 0xd000 irq 14
[    1.099061] ata2: PATA max UDMA/33 cmd 0x170 ctl 0x376 bmdma 0xd008 irq 15
[    1.100719] libphy: Fixed MDIO Bus: probed
[    1.101833] tun: Universal TUN/TAP device driver, 1.6
[    1.103028] tun: (C) 1999-2004 Max Krasnyansky <maxk@qualcomm.com>
[    1.104610] PPP generic driver version 2.4.2
[    1.106143] ehci_hcd: USB 2.0 'Enhanced' Host Controller (EHCI) Driver
[    1.107761] ehci-pci: EHCI PCI platform driver
[    1.108862] ehci-platform: EHCI generic platform driver
[    1.110290] ohci_hcd: USB 1.1 'Open' Host Controller (OHCI) Driver
[    1.111970] ohci-pci: OHCI PCI platform driver
[    1.113079] ohci-platform: OHCI generic platform driver
[    1.114380] uhci_hcd: USB Universal Host Controller Interface driver
[    1.115992] i8042: PNP: PS/2 Controller [PNP0303:PS2K,PNP0f03:PS2M] at 0x60,0x64 irq 1,12
[    1.118746] serio: i8042 KBD port at 0x60,0x64 irq 1
[    1.119977] serio: i8042 AUX port at 0x60,0x64 irq 12
[    1.121704] mousedev: PS/2 mouse device common for all mice
[    1.123673] input: AT Translated Set 2 keyboard as /devices/platform/i8042/serio0/input/input2
[    1.126512] rtc_cmos rtc_cmos: rtc core: registered rtc_cmos as rtc0
[    1.128273] rtc_cmos rtc_cmos: alarms up to one day, 114 bytes nvram
[    1.129795] i2c /dev entries driver
[    1.130795] device-mapper: uevent: version 1.0.3
[    1.132209] device-mapper: ioctl: 4.34.0-ioctl (2015-10-28) initialised: dm-devel@redhat.com
[    1.134325] ledtrig-cpu: registered to indicate activity on CPUs
[    1.136241] NET: Registered protocol family 10
[    1.137782] NET: Registered protocol family 17
[    1.138995] Key type dns_resolver registered
[    1.140651] registered taskstats version 1
[    1.141752] Loading compiled-in X.509 certificates
[    1.143606] Loaded X.509 cert 'Build time autogenerated kernel key: a048edf52b07f04005c7780de0f875c713550332'
[    1.146376] zswap: loaded using pool lzo/zbud
[    1.149292] Key type trusted registered
[    1.153320] Key type encrypted registered
[    1.154392] AppArmor: AppArmor sha1 policy hashing enabled
[    1.155716] ima: No TPM chip found, activating TPM-bypass!
[    1.157209] ima: Allocated hash algorithm: sha1
[    1.158478] evm: HMAC attrs: 0x1
[    1.159888]   Magic number: 9:385:576
[    1.161043] rtc_cmos rtc_cmos: setting system clock to 2021-02-19 09:34:05 UTC (1613727245)
[    1.163412] BIOS EDD facility v0.16 2004-Jun-25, 0 devices found
[    1.164925] EDD information not available.
[    1.279555] Freeing unused kernel memory: 1488K
[    1.281005] Write protecting the kernel read-only data: 14336k
[    1.282918] Freeing unused kernel memory: 1604K
[    1.284230] Freeing unused kernel memory: 60K
Loading, please wait...
starting version 229
[    1.299189] random: systemd-udevd: uninitialized urandom read (16 bytes read, 3 bits of entropy available)
[    1.299717] random: udevadm: uninitialized urandom read (16 bytes read, 3 bits of entropy available)
[    1.299733] random: udevadm: uninitialized urandom read (16 bytes read, 3 bits of entropy available)
[    1.306326] random: systemd-udevd: uninitialized urandom read (16 bytes read, 3 bits of entropy available)
[    1.307719] random: udevadm: uninitialized urandom read (16 bytes read, 3 bits of entropy available)
[    1.307764] random: udevadm: uninitialized urandom read (16 bytes read, 3 bits of entropy available)
[    1.307957] random: udevadm: uninitialized urandom read (16 bytes read, 3 bits of entropy available)
[    1.308003] random: udevadm: uninitialized urandom read (16 bytes read, 3 bits of entropy available)
[    1.308060] random: udevadm: uninitialized urandom read (16 bytes read, 3 bits of entropy available)
[    1.308106] random: udevadm: uninitialized urandom read (16 bytes read, 3 bits of entropy available)
[    1.351222] e1000: Intel(R) PRO/1000 Network Driver - version 7.3.21-k8-NAPI
[    1.352879] e1000: Copyright (c) 1999-2006 Intel Corporation.
[    1.358684] Fusion MPT base driver 3.04.20
[    1.359954] Copyright (c) 1999-2008 LSI Corporation
[    1.364545] Fusion MPT SPI Host driver 3.04.20
[    1.370090] AVX2 version of gcm_enc/dec engaged.
[    1.371213] AES CTR mode by8 optimization enabled
[    1.372617] mptbase: ioc0: Initiating bringup
[    1.434362] ioc0: LSI53C1030 A0: Capabilities={Initiator}
[    1.559189] input: ImExPS/2 Generic Explorer Mouse as /devices/platform/i8042/serio1/input/input4
[    1.601746] scsi host2: ioc0: LSI53C1030 A0, FwRev=00000000h, Ports=1, MaxQ=256, IRQ=20
[    1.714092] scsi 2:0:0:0: Direct-Access     VBOX     HARDDISK         1.0  PQ: 0 ANSI: 5
[    1.716353] scsi target2:0:0: Beginning Domain Validation
[    1.720594] scsi target2:0:0: Domain Validation skipping write tests
[    1.722373] scsi target2:0:0: Ending Domain Validation
[    1.723855] scsi target2:0:0: asynchronous
[    1.725806] scsi 2:0:1:0: Direct-Access     VBOX     HARDDISK         1.0  PQ: 0 ANSI: 5
[    1.728233] scsi target2:0:1: Beginning Domain Validation
[    1.731664] scsi target2:0:1: Domain Validation skipping write tests
[    1.733757] scsi target2:0:1: Ending Domain Validation
[    1.736812] scsi target2:0:1: asynchronous
[    1.782543] sd 2:0:0:0: Attached scsi generic sg0 type 0
[    1.784503] sd 2:0:0:0: [sda] 20971520 512-byte logical blocks: (10.7 GB/10.0 GiB)
[    1.787262] sd 2:0:1:0: [sdb] 20480 512-byte logical blocks: (10.5 MB/10.0 MiB)
[    1.789814] sd 2:0:1:0: Attached scsi generic sg1 type 0
[    1.792108] sd 2:0:1:0: [sdb] Write Protect is off
[    1.794063] sd 2:0:0:0: [sda] Write Protect is off
[    1.795626] sd 2:0:0:0: [sda] Incomplete mode parameter data
[    1.797126] sd 2:0:0:0: [sda] Assuming drive cache: write through
[    1.798594] sd 2:0:1:0: [sdb] Incomplete mode parameter data
[    1.799977] sd 2:0:1:0: [sdb] Assuming drive cache: write through
[    1.804524]  sda: sda1
[    1.807008] sd 2:0:0:0: [sda] Attached SCSI disk
[    1.808391] sd 2:0:1:0: [sdb] Attached SCSI disk
[    2.571446] e1000 0000:00:03.0 eth0: (PCI:33MHz:32-bit) 02:ba:b8:ca:39:a3
[    2.573713] e1000 0000:00:03.0 eth0: Intel(R) PRO/1000 Network Connection
[    2.966485] e1000 0000:00:08.0 eth1: (PCI:33MHz:32-bit) 08:00:27:31:22:e3
[    2.969933] e1000 0000:00:08.0 eth1: Intel(R) PRO/1000 Network Connection
[    2.975092] e1000 0000:00:03.0 enp0s3: renamed from eth0
[    2.989906] e1000 0000:00:08.0 enp0s8: renamed from eth1
Begin: Loading essential drivers ... [    4.538828] md: linear personality registered for level -1
[    4.542488] md: multipath personality registered for level -4
[    4.546342] md: raid0 personality registered for level 0
[    4.551251] md: raid1 personality registered for level 1
[    4.621834] raid6: sse2x1   gen() 10077 MB/s
[    4.690133] raid6: sse2x1   xor()  8973 MB/s
[    4.758413] raid6: sse2x2   gen() 14795 MB/s
[    4.825561] raid6: sse2x2   xor()  9754 MB/s
[    4.893807] raid6: sse2x4   gen() 16902 MB/s
[    4.961754] raid6: sse2x4   xor() 11647 MB/s
[    5.030267] raid6: avx2x1   gen() 22266 MB/s
[    5.097560] raid6: avx2x2   gen() 27385 MB/s
[    5.165985] raid6: avx2x4   gen() 30375 MB/s
[    5.167497] raid6: using algorithm avx2x4 gen() 30375 MB/s
[    5.168840] raid6: using avx2x2 recovery algorithm
[    5.171375] xor: automatically using best checksumming function:
[    5.209725]    avx       : 25863.000 MB/sec
[    5.212093] async_tx: api initialized (async)
[    5.222361] md: raid6 personality registered for level 6
[    5.223702] md: raid5 personality registered for level 5
[    5.225025] md: raid4 personality registered for level 4
[    5.232486] md: raid10 personality registered for level 10
done.
Begin: Running /scripts/init-premount ... done.
Begin: Mounting root file system ... Begin: Running /scripts/local-top ... done.
Begin: Running /scripts/local-premount ... [    5.261217] Btrfs loaded
Scanning for Btrfs filesystems
done.
Warning: fsck not present, so skipping root file system
[    5.315088] EXT4-fs (sda1): mounted filesystem with ordered data mode. Opts: (null)
done.
Begin: Running /scripts/local-bottom ... done.
Begin: Running /scripts/init-bottom ... done.
[    5.957409] systemd[1]: systemd 229 running in system mode. (+PAM +AUDIT +SELINUX +IMA +APPARMOR +SMACK +SYSVINIT +UTMP +LIBCRYPTSETUP +GCRYPT +GNUTLS +ACL +XZ -LZ4 +SECCOMP +BLKID +ELFUTILS +KMOD -IDN)
[    5.962905] systemd[1]: Detected virtualization oracle.
[    5.964346] systemd[1]: Detected architecture x86-64.

Welcome to [1mUbuntu 16.04.6 LTS[0m!

[    6.010603] systemd[1]: Set hostname to <ubuntu>.
[    6.059333] systemd[1]: Initializing machine ID from random generator.
[    6.061353] systemd[1]: Installed transient /etc/machine-id file.
[    6.333265] random: nonblocking pool is initialized
[    6.882014] systemd[1]: Listening on Journal Socket (/dev/log).
[[0;32m  OK  [0m] Listening on Journal Socket (/dev/log).
[    6.886012] systemd[1]: Listening on LVM2 poll daemon socket.
[[0;32m  OK  [0m] Listening on LVM2 poll daemon socket.
[    6.889831] systemd[1]: Listening on Syslog Socket.
[[0;32m  OK  [0m] Listening on Syslog Socket.
[    6.898195] systemd[1]: Listening on /dev/initctl Compatibility Named Pipe.
[[0;32m  OK  [0m] Listening on /dev/initctl Compatibility Named Pipe.
[    6.909894] systemd[1]: Reached target System Time Synchronized.
[[0;32m  OK  [0m] Reached target System Time Synchronized.
[    6.922519] systemd[1]: Reached target User and Group Name Lookups.
[[0;32m  OK  [0m] Reached target User and Group Name Lookups.
[    6.926959] systemd[1]: Listening on udev Kernel Socket.
[[0;32m  OK  [0m] Listening on udev Kernel Socket.
[    6.938742] systemd[1]: Created slice User and Session Slice.
[[0;32m  OK  [0m] Created slice User and Session Slice.
[    6.942747] systemd[1]: Started Forward Password Requests to Wall Directory Watch.
[[0;32m  OK  [0m] Started Forward Password Requests to Wall Directory Watch.
[    6.947974] systemd[1]: Reached target Encrypted Volumes.
[[0;32m  OK  [0m] Reached target Encrypted Volumes.
[    6.958623] systemd[1]: Listening on LVM2 metadata daemon socket.
[[0;32m  OK  [0m] Listening on LVM2 metadata daemon socket.
[    6.970546] systemd[1]: Set up automount Arbitrary Executable File Formats File System Automount Point.
[[0;32m  OK  [0m] Set up automount Arbitrary Executab...ats File System Automount Point.
[    6.977284] systemd[1]: Listening on Device-mapper event daemon FIFOs.
[[0;32m  OK  [0m] Listening on Device-mapper event daemon FIFOs.
[    6.983713] systemd[1]: Reached target Swap.
[[0;32m  OK  [0m] Reached target Swap.
[    6.987099] systemd[1]: Listening on Journal Audit Socket.
[[0;32m  OK  [0m] Listening on Journal Audit Socket.
[    6.998678] systemd[1]: Listening on Journal Socket.
[[0;32m  OK  [0m] Listening on Journal Socket.
[    7.002782] systemd[1]: Started Trigger resolvconf update for networkd DNS.
[[0;32m  OK  [0m] Started Trigger resolvconf update for networkd DNS.
[    7.007772] systemd[1]: Created slice System Slice.
[[0;32m  OK  [0m] Created slice System Slice.
[    7.029742] systemd[1]: Starting Uncomplicated firewall...
         Starting Uncomplicated firewall...
[    7.032904] systemd[1]: Mounting Debug File System...
         Mounting Debug File System...
[    7.035943] systemd[1]: Starting Set console keymap...
         Starting Set console keymap...
[    7.043248] systemd[1]: Starting Remount Root and Kernel File Systems...
         Starting Remount Root and Kernel File Systems...
[    7.046399] systemd[1]: Starting Nameserver information manager...
         Starting Nameserver information manager...
[    7.050493] systemd[1]: Mounting Huge Pages File System...
         Mounting Huge Pages File System...
[    7.052967] systemd[1]: Reached target Slices.
[[0;32m  OK  [0m] Reached target Slices.
[    7.055765] systemd[1]: Starting Monitoring of LVM2 mirrors, snapshots etc. using dmeventd or progress polling...
         Starting Monitoring of LVM2 mirrors... dmeventd or progress polling...
[    7.066675] systemd[1]: Created slice system-serial\x2dgetty.slice.
[    7.069014] EXT4-fs (sda1): re-mounted. Opts: (null)
[[0;32m  OK  [0m] Created slice system-serial\x2dgetty.slice.
[    7.121861] systemd[1]: Starting Load Kernel Modules...
         Starting Load Kernel Modules...
[    7.125139] systemd[1]: Starting Create list of required static device nodes for the current kernel...
         Starting Create list of required st... nodes for the current kernel...
[    7.134904] systemd[1]: Mounting POSIX Message Queue File System...
         Mounting POSIX Message Queue File System...
[    7.138188] systemd[1]: Starting Journal Service...
         Starting Journal Service...
[    7.143502] systemd[1]: Listening on udev Control Socket.
[[0;32m  OK  [0m] Listening on udev Control Socket.
[    7.147250] systemd[1]: Mounted Huge Pages File System.
[[0;32m  OK  [0m] Mounted Huge Pages File System.
[    7.153969] systemd[1]: Mounted Debug File System.
[[0;32m  OK  [0m] Mounted Debug File System.
[    7.155700] systemd[1]: Mounted POSIX Message Queue File System.
[[0;32m  OK  [0m] Mounted POSIX Message Queue File System.
[    7.166785] systemd[1]: Started Uncomplicated firewall.
[[0;32m  OK  [0m] Started Uncomplicated firewall.
[    7.175216] systemd[1]: Started Remount Root and Kernel File Systems.
[[0;32m  OK  [0m] Started Remount Root and Kernel File Systems.
[    7.194401] systemd[1]: Started Create list of required static device nodes for the current kernel.
[[0;32m  OK  [0m] Started Create list of required sta...ce nodes for the current kernel.
[    7.208288] systemd[1]: Started Nameserver information manager.
[[0;32m  OK  [0m] Started Nameserver information manager.
[    7.219895] systemd[1]: Starting Create Static Device Nodes in /dev...
         Starting Create Static Device Nodes in /dev...
[    7.232829] systemd[1]: Starting udev Coldplug all Devices...
         Starting udev Coldplug all Devices...
[    7.243221] systemd[1]: Starting Load/Save Random Seed...
         Starting Load/Save Random Seed...
[    7.252661] Loading iSCSI transport class v2.0-870.
[    7.370330] systemd[1]: Started Set console keymap.
[[0;32m  OK  [0m] Started Set console keymap.
[    7.378464] systemd[1]: Started Load/Save Random Seed.
[[0;32m  OK  [0m] Started Load/Save Random Seed.
[    7.438528] systemd[1]: Started LVM2 metadata daemon.
[[0;32m  OK  [0m] Started LVM2 metadata daemon.
[    7.449174] iscsi: registered transport (tcp)
[    7.461457] systemd[1]: Started udev Coldplug all Devices.
[[0;32m  OK  [0m] Started udev Coldplug all Devices.
[    7.584179] systemd[1]: Started Journal Service.
[[0;32m  OK  [0m] Started Journal Service.
         Starting Flush Journal to Persistent Storage...
[[0;32m  OK  [0m] Started Monitoring of LVM2 mirrors,...ng dmeventd or progress polling.
[    7.740462] systemd-journald[407]: Received request to flush runtime journal from PID 1
[[0;32m  OK  [0m] Started Flush Journal to Persistent Storage.
[    7.863339] iscsi: registered transport (iser)
[[0;32m  OK  [0m] Started Load Kernel Modules.
         Starting Apply Kernel Variables...
         Mounting FUSE Control File System...
[[0;32m  OK  [0m] Mounted FUSE Control File System.
[[0;32m  OK  [0m] Started Create Static Device Nodes in /dev.
         Starting udev Kernel Device Manager...
[[0;32m  OK  [0m] Reached target Local File Systems (Pre).
[[0;32m  OK  [0m] Reached target Local File Systems.
         Starting Set console font and keymap...
         Starting Commit a transient machine-id on disk...
         Starting Initial cloud-init job (pre-networking)...
         Starting LSB: AppArmor initialization...
         Starting Create Volatile Files and Directories...
         Starting Tell Plymouth To Write Out Runtime Data...
[[0;32m  OK  [0m] Started Apply Kernel Variables.
[[0;32m  OK  [0m] Started Commit a transient machine-id on disk.
[[0;32m  OK  [0m] Started Create Volatile Files and Directories.
         Starting Update UTMP about System Boot/Shutdown...
[[0;32m  OK  [0m] Started Tell Plymouth To Write Out Runtime Data.
[[0;32m  OK  [0m] Started Update UTMP about System Boot/Shutdown.
[[0;32m  OK  [0m] Started udev Kernel Device Manager.
[[0;32m  OK  [0m] Started Dispatch Password Requests to Console Directory Watch.
[[0;32m  OK  [0m] Found device /dev/ttyS0.
[[0;32m  OK  [0m] Listening on Load/Save RF Kill Switch Status /dev/rfkill Watch.
[[0;32m  OK  [0m] Started LSB: AppArmor initialization.
[[0;32m  OK  [0m] Started Set console font and keymap.
[[0;32m  OK  [0m] Created slice system-getty.slice.
[   14.748321] cloud-init[476]: Cloud-init v. 19.4-33-gbb4131a2-0ubuntu1~16.04.1 running 'init-local' at Fri, 19 Feb 2021 09:34:18 +0000. Up 14.16 seconds.
[[0;32m  OK  [0m] Started Initial cloud-init job (pre-networking).
[[0;32m  OK  [0m] Reached target Network (Pre).
         Starting Raise network interfaces...
[[0;32m  OK  [0m] Started Raise network interfaces.
[[0;32m  OK  [0m] Reached target Network.
         Starting Initial cloud-init job (metadata service crawler)...
[   17.873421] cloud-init[974]: Cloud-init v. 19.4-33-gbb4131a2-0ubuntu1~16.04.1 running 'init' at Fri, 19 Feb 2021 09:34:20 +0000. Up 15.74 seconds.
[   17.880974] cloud-init[974]: ci-info: ++++++++++++++++++++++++++++++++++++++Net device info+++++++++++++++++++++++++++++++++++++++
[   17.882324] cloud-init[974]: ci-info: +--------+-------+----------------------------+---------------+--------+-------------------+
[   17.883772] cloud-init[974]: ci-info: | Device |   Up  |          Address           |      Mask     | Scope  |     Hw-Address    |
[   17.885097] cloud-init[974]: ci-info: +--------+-------+----------------------------+---------------+--------+-------------------+
[   17.886391] cloud-init[974]: ci-info: | enp0s3 |  True |         10.0.2.15          | 255.255.255.0 | global | 02:ba:b8:ca:39:a3 |
[   17.887881] cloud-init[974]: ci-info: | enp0s3 |  True | fe80::ba:b8ff:feca:39a3/64 |       .       |  link  | 02:ba:b8:ca:39:a3 |
[   17.889319] cloud-init[974]: ci-info: | enp0s8 | False |             .              |       .       |   .    | 08:00:27:31:22:e3 |
[   17.896665] cloud-init[974]: ci-info: |   lo   |  True |         127.0.0.1          |   255.0.0.0   |  host  |         .         |
[   17.904462] cloud-init[974]: ci-info: |   lo   |  True |          ::1/128           |       .       |  host  |         .         |
[   17.905583] cloud-init[974]: ci-info: +--------+-------+----------------------------+---------------+--------+-------------------+
[   17.906954] cloud-init[974]: ci-info: +++++++++++++++++++++++++++Route IPv4 info++++++++++++++++++++++++++++
[   17.917077] cloud-init[974]: ci-info: +-------+-------------+----------+---------------+-----------+-------+
[[0;32m  OK  [0m] Started Initial cloud-init job (metadata service crawler).
[[0;32m  OK  [0m] Reached target Network is Online.
[   17.930726] cloud-init[974]: ci-info: | Route | Destination | Gateway  |    Genmask    | Interface | Flags |
[   17.940318]          Starting iSCSI initiator daemon (iscsid)...
cloud-init[974]: ci-info: +-------+-------------+----------+---------------+-----------+-------+
[   17.942281] [[0;32m  OK  [0m] Reached target Cloud-config availability.
[[0;32m  OK  [0m] Reached target System Initialization.
cloud-init[974]: ci-info: |   0   |   0.0.0.0   | 10.0.2.2 |    0.0.0.0    |   enp0s3  |   UG  |
[   17.952707] cloud-init[974]: ci-info: |   1   |   10.0.2.0  | 0.0.0.0  | 255.255.255.0 |   enp0s3  |   U   |
[   17.964433]          Starting Socket activation for snappy daemon.
cloud-init[974]: ci-info: +-------+-------------+----------+---------------+-----------+-------+
[   17.966220] cloud-init[974]: ci-info: +++++++++++++++++++Route IPv6 info+++++++++++++++++++
[   17.973036] cloud-init[974]: ci-info: +-------+-------------+---------+-----------+-------+
[   17.974162] cloud-init[974]: ci-info: | Route | Destination | Gateway | Interface | Flags |
[   17.975425] cloud-init[974]: ci-info: +-------+-------------+---------+-----------+-------+
[   17.976248] cloud-init[974]: ci-info: |   0   |  fe80::/64  |    ::   |   enp0s3  |   U   |
[   17.977306] cloud-init[974]: ci-info: |   3   |   ff00::/8  |    ::   |   enp0s3  |   U   |
[   17.984764]          Starting LXD - unix socket.
[[0;32m  OK  [0m] Listening on ACPID Listen Socket.
cloud-init[974]: ci-info: +-------+-------------+---------+-----------+-------+
[   17.986364] [[0;32m  OK  [0m] Started Daily Cleanup of Temporary Directories.
cloud-init[974]: Generating public/private rsa key pair.
[   17.987550] [[0;32m  OK  [0m] Started Daily apt download activities.
cloud-init[974]: Your identification has been saved in /etc/ssh/ssh_host_rsa_key.
[   17.996435] [[0;32m  OK  [0m] Started ACPI Events Check.
[[0;32m  OK  [0m] Reached target Paths.
[[0;32m  OK  [0m] Started Daily apt upgrade and clean activities.
[[0;32m  OK  [0m] Started Message of the Day.
[[0;32m  OK  [0m] Listening on D-Bus System Message Bus Socket.
[[0;32m  OK  [0m] Reached target Timers.
[[0;32m  OK  [0m] Listening on UUID daemon activation socket.
[[0;32m  OK  [0m] Listening on Socket activation for snappy daemon.
cloud-init[974]: Your public key has been saved in /etc/ssh/ssh_host_rsa_key.pub.
[   18.002259] [[0;32m  OK  [0m] Listening on LXD - unix socket.
[[0;32m  OK  [0m] Reached target Sockets.
[[0;32m  OK  [0m] Reached target Basic System.
cloud-init[974]: The key fingerprint is:
[   18.017339] cloud-init[974]: SHA256:PvYeA/qB6MADo/LjGIWrtR/5aZlwSU+FFgFMRv/kdkk root@ubuntu-xenial
[   18.025053]          Starting LSB: MD monitoring daemon...
cloud-init[974]: The key's randomart image is:
[   18.027258]          Starting /etc/rc.local Compatibility...
cloud-init[974]: +---[RSA 2048]----+
[   18.028458] cloud-init[974]: |     +=.o+       |
[   18.029127] cloud-init[974]: |     ...o .      |
[   18.037073] cloud-init[974]: |       .... E    |
[   18.037924] cloud-init[974]: | .    . .+ . .   |
[   18.044857]          Starting Pollinate to seed the pseudo random number generator...
cloud-init[974]: |+ .  . +S + o    |
[   18.046178] [[0;32m  OK  [0m] Started D-Bus System Message Bus.
cloud-init[974]: |.*  .oo+.o .     |
[   18.047300] cloud-init[974]: |= = +ooo= o      |
[   18.052583] cloud-init[974]: |o=.= o++ + o     |
[   18.053355] cloud-init[974]: |o.+oo.o ..o      |
[   18.054128] cloud-init[974]: +----[SHA256]-----+
[   18.054899] cloud-init[974]: Generating public/private dsa key pair.
[   18.055857] cloud-init[974]: Your identification has been saved in /etc/ssh/ssh_host_dsa_key.
[   18.057454] cloud-init[974]: Your public key has been saved in /etc/ssh/ssh_host_dsa_key.pub.
[   18.058850] cloud-init[974]: The key fingerprint is:
[   18.059895] cloud-init[974]: SHA256:G9grJfV0DYOgLXOXoKLk5yB0xv2mO0F/vSrC2QM8MHQ root@ubuntu-xenial
[   18.061555] cloud-init[974]: The key's randomart image is:
[   18.062608] cloud-init[974]: +---[DSA 1024]----+
[   18.063567] cloud-init[974]: |        o. .o    |
[   18.072399] cloud-init[974]: |  ...E + ... +   |
[   18.080865] cloud-init[974]: | .o+o.= + + . .  |
[   18.092393] cloud-init[974]: |.oo+ o.B + .     |
[   18.105750] cloud-init[974]: |. + * +oS o      |
[   18.107343] cloud-init[974]: | . + =o+ = .     |
[   18.108748] cloud-init[974]: |    o.B +   .    |
[   18.118310] cloud-init[974]: |     =.=   .     |
[   18.133637] cloud-init[974]: |     .o o..      |
[   18.135049] cloud-init[974]: +----[SHA256]-----+
[   18.136392] cloud-init[974]: Generating public/private ecdsa key pair.
[   18.144477] cloud-init[974]: Your identification has been saved in /etc/ssh/ssh_host_ecdsa_key.
[   18.152885] cloud-init[974]: Your public key has been saved in /etc/ssh/ssh_host_ecdsa_key.pub.
[   18.155076] cloud-init[974]: The key fingerprint is:
[   18.165141] cloud-init[974]: SHA256:IirMUoDGFReCft2A4fFD3FzNfMpXRsI6RevRjG/3O/Q root@ubuntu-xenial
[   18.179299] cloud-init[974]: The key's randomart image is:
[   18.199912] cloud-init[974]: +---[ECDSA 256]---+
[   18.201442] cloud-init[974]: |  .*=++ ..+ oo.. |
[   18.208866] cloud-init[974]: |o.o.*o o   + +*o |
[   18.217396] cloud-init[974]: |+o ..oo   . =+oo |
[   18.228964] cloud-init[974]: |.o . ...   =..o  |
[   18.236366] cloud-init[974]: |  o . . S   o. o.|
[   18.237659] cloud-init[974]: |o. . . .      ..o|
[   18.239340] cloud-init[974]: |oo.           . o|
[   18.252373] cloud-init[974]: |..             .E|
[   18.253750] cloud-init[974]: |               ..|
[   18.260390] cloud-init[974]: +----[SHA256]-----+
[   18.273626] cloud-init[974]: Generating public/private ed25519 key pair.
[   18.275488] cloud-init[974]: Your identification has been saved in /etc/ssh/ssh_host_ed25519_key.
[   18.284459] cloud-init[974]: Your public key has been saved in /etc/ssh/ssh_host_ed25519_key.pub.
[   18.292887] cloud-init[974]: The key fingerprint is:
[   18.295129] cloud-init[974]: SHA256:W+ro0ZMxjiLolCH/4nXwoomJtlF7iJsHtcXEMgbYBs8 root@ubuntu-xenial
[   18.297459] cloud-init[974]: The key's randomart image is:
[   18.304754] cloud-init[974]: +--[ED25519 256]--+
[   18.312515] cloud-init[974]: |o+. .            |
[   18.314049] cloud-init[974]: |.oo+ o           |
[   18.321550] cloud-init[974]: | .E =            |
[   18.323051] cloud-init[974]: |   . o           |
[   18.333150] cloud-init[974]: |....+   S .      |
[   18.334680] cloud-init[974]: |.+=.oo + B       |
[   18.336395] cloud-init[974]: |.=+o+.= B        |
[   18.344694] cloud-init[974]: |++=B.+ + .       |
[   18.346193] cloud-init[974]: |=**...o .        |
[   18.364077] cloud-init[974]: +----[SHA256]-----+
         Starting Login Service...
         Starting Virtualbox guest utils...
[[0;32m  OK  [0m] Started Regular background program processing daemon.
         Starting LXD - container startup/shutdown...
[[0;32m  OK  [0m] Started FUSE filesystem for LXC.
         Starting System Logging Service...
[[0;32m  OK  [0m] Started ACPI event daemon.
[[0;32m  OK  [0m] Started Deferred execution scheduler.
         Starting Accounts Service...
         Starting LSB: Record successful boot for GRUB...
         Starting Snappy daemon...
[[0;32m  OK  [0m] Started /etc/rc.local Compatibility.
[[0;32m  OK  [0m] Started LSB: Record successful boot for GRUB.
[[0;32m  OK  [0m] Started Login Service.
[[0;32m  OK  [0m] Started Unattended Upgrades Shutdown.
[[0;32m  OK  [0m] Started iSCSI initiator daemon (iscsid).
         Starting Login to default iSCSI targets...
[[0;32m  OK  [0m] Started LSB: MD monitoring daemon.
[[0;32m  OK  [0m] Started Login to default iSCSI targets.
[[0;32m  OK  [0m] Reached target Remote File Systems (Pre).
[[0;32m  OK  [0m] Reached target Remote File Systems.
         Starting LSB: Set the CPU Frequency Scaling governor to "ondemand"...
         Starting Permit User Sessions...
         Starting LSB: daemon to balance interrupts for SMP systems...
         Starting LSB: automatic crash report generation...
[[0;32m  OK  [0m] Started LSB: Set the CPU Frequency Scaling governor to "ondemand".
[[0;32m  OK  [0m] Started Permit User Sessions.
         Starting Terminate Plymouth Boot Screen...
         Starting Hold until boot process finishes up...
[[0;32m  OK  [0m] Started Hold until boot process finishes up.
[[0;32m  OK  [0m] Started Serial Getty on ttyS0.
[[0;32m  OK  [0m] Started Getty on tty1.
[[0;32m  OK  [0m] Reached target Login Prompts.
         Starting Set console scheme...
[[0;32m  OK  [0m] Started System Logging Service.
[[0;32m  OK  [0m] Started Terminate Plymouth Boot Screen.
[[0;32m  OK  [0m] Started LSB: automatic crash report generation.
[[0;32m  OK  [0m] Started Set console scheme.
[[0;32m  OK  [0m] Started LSB: daemon to balance interrupts for SMP systems.
[[0;32m  OK  [0m] Started Virtualbox guest utils.
         Starting Authenticate and Authorize Users to Run Privileged Tasks...
[[0;32m  OK  [0m] Started Authenticate and Authorize Users to Run Privileged Tasks.
[[0;32m  OK  [0m] Started Accounts Service.
[[0;32m  OK  [0m] Started Pollinate to seed the pseudo random number generator.
         Starting OpenBSD Secure Shell server...
[[0;32m  OK  [0m] Started OpenBSD Secure Shell server.
[[0;32m  OK  [0m] Started LXD - container startup/shutdown.
[[0;32m  OK  [0m] Created slice User Slice of vagrant.
         Starting User Manager for UID 1000...
[[0;32m  OK  [0m] Started Session 1 of user vagrant.
[[0;32m  OK  [0m] Started User Manager for UID 1000.
[[0;32m  OK  [0m] Started Snappy daemon.
         Starting Wait until snapd is fully seeded...
[   25.788353] cloud-init[1461]: Generating locales (this might take a while)...

Ubuntu 16.04.6 LTS ubuntu-xenial ttyS0

ubuntu-xenial login: [   27.394912] cloud-init[1461]:   en_US.UTF-8... done
[   27.397124] cloud-init[1461]: Generation complete.
[   28.915722] cloud-init[1461]: Cloud-init v. 19.4-33-gbb4131a2-0ubuntu1~16.04.1 running 'modules:config' at Fri, 19 Feb 2021 09:34:30 +0000. Up 25.55 seconds.
ci-info: no authorized SSH keys fingerprints found for user ubuntu.
<14>Feb 19 09:34:34 ec2: 
<14>Feb 19 09:34:34 ec2: #############################################################
<14>Feb 19 09:34:34 ec2: -----BEGIN SSH HOST KEY FINGERPRINTS-----
<14>Feb 19 09:34:34 ec2: 1024 SHA256:G9grJfV0DYOgLXOXoKLk5yB0xv2mO0F/vSrC2QM8MHQ root@ubuntu-xenial (DSA)
<14>Feb 19 09:34:34 ec2: 256 SHA256:IirMUoDGFReCft2A4fFD3FzNfMpXRsI6RevRjG/3O/Q root@ubuntu-xenial (ECDSA)
<14>Feb 19 09:34:34 ec2: 256 SHA256:W+ro0ZMxjiLolCH/4nXwoomJtlF7iJsHtcXEMgbYBs8 root@ubuntu-xenial (ED25519)
<14>Feb 19 09:34:34 ec2: 2048 SHA256:PvYeA/qB6MADo/LjGIWrtR/5aZlwSU+FFgFMRv/kdkk root@ubuntu-xenial (RSA)
<14>Feb 19 09:34:34 ec2: -----END SSH HOST KEY FINGERPRINTS-----
<14>Feb 19 09:34:34 ec2: #############################################################
-----BEGIN SSH HOST KEY KEYS-----
ecdsa-sha2-nistp256 AAAAE2VjZHNhLXNoYTItbmlzdHAyNTYAAAAIbmlzdHAyNTYAAABBBK5lSXi1PcBr6dUTaEKLU/rSwKsVe9waJBtl9gx609vNAFkFqyCUxdkbO9Vzoya8+MrcEeelaO06etT6pyjYj2w= root@ubuntu-xenial
ssh-ed25519 AAAAC3NzaC1lZDI1NTE5AAAAICnj2Z7e2iGxW77GkFa9vvs2FfMtR8jPfj88ITF7YmW7 root@ubuntu-xenial
ssh-rsa AAAAB3NzaC1yc2EAAAADAQABAAABAQCudjmTgKqlRK0UNdJBXw45d4zxWE/VGoPGUFx3q+V4DA1eh2Pwlex0WxTaIAWhOxO2NndPMuGl4CmPDA4oOXmRbgohmFs8+laLUc9IP/qBxLC/F6zgGQ9udP7dko++X6v/qzHg1ylHRfMQUUb8pFZseGY0WV/3yE1DDU66vc0MwM9we/oqD8VcBv9E7gQMXodgfKsCfquHqUcqfjM95XsCuUPoD/uYkE357/eQ2L3xvs9zrGzH2fN0myJeI8+npCCrZWI0ZMl4H+fxkr17/PkhZ75uj8hVq45YF32jkaALXQaieGMD8YtAnCqBPLimSod68hNAGxktRM6DIKX37C7Z root@ubuntu-xenial
-----END SSH HOST KEY KEYS-----
[   29.547488] cloud-init[1654]: Cloud-init v. 19.4-33-gbb4131a2-0ubuntu1~16.04.1 running 'modules:final' at Fri, 19 Feb 2021 09:34:33 +0000. Up 29.33 seconds.
[   29.549382] cloud-init[1654]: ci-info: no authorized SSH keys fingerprints found for user ubuntu.
[   29.551016] cloud-init[1654]: Cloud-init v. 19.4-33-gbb4131a2-0ubuntu1~16.04.1 finished at Fri, 19 Feb 2021 09:34:34 +0000. Datasource DataSourceNoCloud [seed=/dev/sdb][dsmode=net].  Up 29.53 seconds
