[    0.000000] Initializing cgroup subsys cpuset
[    0.000000] Initializing cgroup subsys cpu
[    0.000000] Initializing cgroup subsys cpuacct
[    0.000000] Linux version 4.4.0-177-generic (buildd@lgw01-amd64-035) (gcc version 5.4.0 20160609 (Ubuntu 5.4.0-6ubuntu1~16.04.12) ) #207-Ubuntu SMP Mon Mar 16 01:16:10 UTC 2020 (Ubuntu 4.4.0-177.207-generic 4.4.214)
[    0.000000] Command line: BOOT_IMAGE=/boot/vmlinuz-4.4.0-177-generic root=LABEL=cloudimg-rootfs ro console=tty1 console=ttyS0
[    0.000000] KERNEL supported cpus:
[    0.000000]   Intel GenuineIntel
[    0.000000]   AMD AuthenticAMD
[    0.000000]   Centaur CentaurHauls
[    0.000000] x86/fpu: xstate_offset[2]:  576, xstate_sizes[2]:  256
[    0.000000] x86/fpu: Supporting XSAVE feature 0x01: 'x87 floating point registers'
[    0.000000] x86/fpu: Supporting XSAVE feature 0x02: 'SSE registers'
[    0.000000] x86/fpu: Supporting XSAVE feature 0x04: 'AVX registers'
[    0.000000] x86/fpu: Enabled xstate features 0x7, context size is 832 bytes, using 'standard' format.
[    0.000000] e820: BIOS-provided physical RAM map:
[    0.000000] BIOS-e820: [mem 0x0000000000000000-0x000000000009fbff] usable
[    0.000000] BIOS-e820: [mem 0x000000000009fc00-0x000000000009ffff] reserved
[    0.000000] BIOS-e820: [mem 0x00000000000f0000-0x00000000000fffff] reserved
[    0.000000] BIOS-e820: [mem 0x0000000000100000-0x000000007ffeffff] usable
[    0.000000] BIOS-e820: [mem 0x000000007fff0000-0x000000007fffffff] ACPI data
[    0.000000] BIOS-e820: [mem 0x00000000fec00000-0x00000000fec00fff] reserved
[    0.000000] BIOS-e820: [mem 0x00000000fee00000-0x00000000fee00fff] reserved
[    0.000000] BIOS-e820: [mem 0x00000000fffc0000-0x00000000ffffffff] reserved
[    0.000000] NX (Execute Disable) protection: active
[    0.000000] SMBIOS 2.5 present.
[    0.000000] Hypervisor detected: KVM
[    0.000000] e820: last_pfn = 0x7fff0 max_arch_pfn = 0x400000000
[    0.000000] MTRR: Disabled
[    0.000000] x86/PAT: MTRRs disabled, skipping PAT initialization too.
[    0.000000] CPU MTRRs all blank - virtualized system.
[    0.000000] x86/PAT: Configuration [0-7]: WB  WT  UC- UC  WB  WT  UC- UC  
[    0.000000] found SMP MP-table at [mem 0x0009fff0-0x0009ffff] mapped at [ffff88000009fff0]
[    0.000000] Scanning 1 areas for low memory corruption
[    0.000000] RAMDISK: [mem 0x361c2000-0x370d8fff]
[    0.000000] ACPI: Early table checksum verification disabled
[    0.000000] ACPI: RSDP 0x00000000000E0000 000024 (v02 VBOX  )
[    0.000000] ACPI: XSDT 0x000000007FFF0030 00003C (v01 VBOX   VBOXXSDT 00000001 ASL  00000061)
[    0.000000] ACPI: FACP 0x000000007FFF00F0 0000F4 (v04 VBOX   VBOXFACP 00000001 ASL  00000061)
[    0.000000] ACPI: DSDT 0x000000007FFF0470 002325 (v02 VBOX   VBOXBIOS 00000002 INTL 20100528)
[    0.000000] ACPI: FACS 0x000000007FFF0200 000040
[    0.000000] ACPI: FACS 0x000000007FFF0200 000040
[    0.000000] ACPI: APIC 0x000000007FFF0240 00005C (v02 VBOX   VBOXAPIC 00000001 ASL  00000061)
[    0.000000] ACPI: SSDT 0x000000007FFF02A0 0001CC (v01 VBOX   VBOXCPUT 00000002 INTL 20100528)
[    0.000000] No NUMA configuration found
[    0.000000] Faking a node at [mem 0x0000000000000000-0x000000007ffeffff]
[    0.000000] NODE_DATA(0) allocated [mem 0x7ffeb000-0x7ffeffff]
[    0.000000] kvm-clock: Using msrs 4b564d01 and 4b564d00
[    0.000000] kvm-clock: cpu 0, msr 0:7ffe3001, primary cpu clock
[    0.000000] kvm-clock: using sched offset of 4136401881 cycles
[    0.000000] clocksource: kvm-clock: mask: 0xffffffffffffffff max_cycles: 0x1cd42e4dffb, max_idle_ns: 881590591483 ns
[    0.000000] Zone ranges:
[    0.000000]   DMA      [mem 0x0000000000001000-0x0000000000ffffff]
[    0.000000]   DMA32    [mem 0x0000000001000000-0x000000007ffeffff]
[    0.000000]   Normal   empty
[    0.000000]   Device   empty
[    0.000000] Movable zone start for each node
[    0.000000] Early memory node ranges
[    0.000000]   node   0: [mem 0x0000000000001000-0x000000000009efff]
[    0.000000]   node   0: [mem 0x0000000000100000-0x000000007ffeffff]
[    0.000000] Initmem setup node 0 [mem 0x0000000000001000-0x000000007ffeffff]
[    0.000000] ACPI: PM-Timer IO Port: 0x4008
[    0.000000] IOAPIC[0]: apic_id 2, version 32, address 0xfec00000, GSI 0-23
[    0.000000] ACPI: INT_SRC_OVR (bus 0 bus_irq 0 global_irq 2 dfl dfl)
[    0.000000] ACPI: INT_SRC_OVR (bus 0 bus_irq 9 global_irq 9 low level)
[    0.000000] Using ACPI (MADT) for SMP configuration information
[    0.000000] smpboot: Allowing 2 CPUs, 0 hotplug CPUs
[    0.000000] PM: Registered nosave memory: [mem 0x00000000-0x00000fff]
[    0.000000] PM: Registered nosave memory: [mem 0x0009f000-0x0009ffff]
[    0.000000] PM: Registered nosave memory: [mem 0x000a0000-0x000effff]
[    0.000000] PM: Registered nosave memory: [mem 0x000f0000-0x000fffff]
[    0.000000] e820: [mem 0x80000000-0xfebfffff] available for PCI devices
[    0.000000] Booting paravirtualized kernel on KVM
[    0.000000] clocksource: refined-jiffies: mask: 0xffffffff max_cycles: 0xffffffff, max_idle_ns: 7645519600211568 ns
[    0.000000] setup_percpu: NR_CPUS:512 nr_cpumask_bits:512 nr_cpu_ids:2 nr_node_ids:1
[    0.000000] PERCPU: Embedded 33 pages/cpu @ffff88007fc00000 s95448 r8192 d31528 u1048576
[    0.000000] Built 1 zonelists in Node order, mobility grouping on.  Total pages: 515960
[    0.000000] Policy zone: DMA32
[    0.000000] Kernel command line: BOOT_IMAGE=/boot/vmlinuz-4.4.0-177-generic root=LABEL=cloudimg-rootfs ro console=tty1 console=ttyS0
[    0.000000] PID hash table entries: 4096 (order: 3, 32768 bytes)
[    0.000000] Memory: 2029292K/2096696K available (8626K kernel code, 1336K rwdata, 4036K rodata, 1488K init, 1292K bss, 67404K reserved, 0K cma-reserved)
[    0.000000] SLUB: HWalign=64, Order=0-3, MinObjects=0, CPUs=2, Nodes=1
[    0.000000] Kernel/User page tables isolation: enabled
[    0.000000] Hierarchical RCU implementation.
[    0.000000] 	Build-time adjustment of leaf fanout to 64.
[    0.000000] 	RCU restricting CPUs from NR_CPUS=512 to nr_cpu_ids=2.
[    0.000000] RCU: Adjusting geometry for rcu_fanout_leaf=64, nr_cpu_ids=2
[    0.000000] NR_IRQS:33024 nr_irqs:440 16
[    0.000000] Console: colour VGA+ 80x25
[    0.000000] console [tty1] enabled
[    0.000000] console [ttyS0] enabled
[    0.000000] tsc: Detected 3407.998 MHz processor
[    0.209928] Calibrating delay loop (skipped) preset value.. 6815.99 BogoMIPS (lpj=13631992)
[    0.212075] pid_max: default: 32768 minimum: 301
[    0.213303] ACPI: Core revision 20150930
[    0.216168] ACPI: 2 ACPI AML tables successfully acquired and loaded
[    0.217959] Security Framework initialized
[    0.219043] Yama: becoming mindful.
[    0.220020] AppArmor: AppArmor initialized
[    0.223893] Dentry cache hash table entries: 262144 (order: 9, 2097152 bytes)
[    0.225809] Inode-cache hash table entries: 131072 (order: 8, 1048576 bytes)
[    0.230129] Mount-cache hash table entries: 4096 (order: 3, 32768 bytes)
[    0.231788] Mountpoint-cache hash table entries: 4096 (order: 3, 32768 bytes)
[    0.233621] Initializing cgroup subsys io
[    0.234676] Initializing cgroup subsys memory
[    0.235800] Initializing cgroup subsys devices
[    0.236991] Initializing cgroup subsys freezer
[    0.238207] Initializing cgroup subsys net_cls
[    0.239373] Initializing cgroup subsys perf_event
[    0.240860] Initializing cgroup subsys net_prio
[    0.242127] Initializing cgroup subsys hugetlb
[    0.243239] Initializing cgroup subsys pids
[    0.245479] mce: CPU supports 0 MCE banks
[    0.246718] Last level iTLB entries: 4KB 64, 2MB 8, 4MB 8
[    0.248030] Last level dTLB entries: 4KB 64, 2MB 0, 4MB 0, 1GB 4
[    0.249454] Spectre V1 : Mitigation: usercopy/swapgs barriers and __user pointer sanitization
[    0.251604] Spectre V2 : Mitigation: Full generic retpoline
[    0.252961] Spectre V2 : Spectre v2 / SpectreRSB mitigation: Filling RSB on context switch
[    0.255144] Speculative Store Bypass: Vulnerable
[    0.256384] MDS: Mitigation: Clear CPU buffers
[    0.260704] Freeing SMP alternatives memory: 36K
[    0.268350] ftrace: allocating 32304 entries in 127 pages
[    0.332754] smpboot: APIC(0) Converting physical 0 to logical package 0
[    0.334515] smpboot: Max logical packages: 1
[    0.335866] x2apic enabled
[    0.337014] Switched APIC routing to physical x2apic.
[    0.339521] ..TIMER: vector=0x30 apic1=0 pin1=2 apic2=-1 pin2=-1
[    0.449049] smpboot: CPU0: Intel(R) Core(TM) i7-6700 CPU @ 3.40GHz (family: 0x6, model: 0x5e, stepping: 0x3)
[    0.451579] Performance Events: unsupported p6 CPU model 94 no PMU driver, software events only.
[    0.464262] KVM setup paravirtual spinlock
[    0.468759] x86: Booting SMP configuration:
[    0.469907] .... node  #0, CPUs:      #1
[    0.471055] kvm-clock: cpu 1, msr 0:7ffe3041, secondary cpu clock
[    0.473181] mce: CPU supports 0 MCE banks
[    0.475898] x86: Booted up 1 node, 2 CPUs
[    0.477250] smpboot: Total of 2 processors activated (13631.99 BogoMIPS)
[    0.479398] devtmpfs: initialized
[    0.482073] evm: security.selinux
[    0.482934] evm: security.SMACK64
[    0.483882] evm: security.SMACK64EXEC
[    0.484872] evm: security.SMACK64TRANSMUTE
[    0.486020] evm: security.SMACK64MMAP
[    0.487039] evm: security.ima
[    0.487862] evm: security.capability
[    0.489220] clocksource: jiffies: mask: 0xffffffff max_cycles: 0xffffffff, max_idle_ns: 7645041785100000 ns
[    0.491702] futex hash table entries: 512 (order: 3, 32768 bytes)
[    0.493495] pinctrl core: initialized pinctrl subsystem
[    0.494878] RTC time: 10:50:33, date: 01/15/21
[    0.496175] NET: Registered protocol family 16
[    0.510391] cpuidle: using governor ladder
[    0.522838] cpuidle: using governor menu
[    0.523956] PCCT header not found.
[    0.525146] ACPI: bus type PCI registered
[    0.526243] acpiphp: ACPI Hot Plug PCI Controller Driver version: 0.5
[    0.527943] PCI: Using configuration type 1 for base access
[    0.544341] ACPI: Added _OSI(Module Device)
[    0.546157] ACPI: Added _OSI(Processor Device)
[    0.547302] ACPI: Added _OSI(3.0 _SCP Extensions)
[    0.548605] ACPI: Added _OSI(Processor Aggregator Device)
[    0.550642] ACPI: Executed 1 blocks of module-level executable AML code
[    0.554523] ACPI: Interpreter enabled
[    0.555473] ACPI: (supports S0 S5)
[    0.556491] ACPI: Using IOAPIC for interrupt routing
[    0.557952] PCI: Using host bridge windows from ACPI; if necessary, use "pci=nocrs" and report a bug
[    0.564163] ACPI: PCI Root Bridge [PCI0] (domain 0000 [bus 00-ff])
[    0.565975] acpi PNP0A03:00: _OSC: OS supports [ASPM ClockPM Segments MSI]
[    0.567941] acpi PNP0A03:00: _OSC: not requesting OS control; OS requires [ExtendedConfig ASPM ClockPM MSI]
[    0.570302] acpi PNP0A03:00: fail to add MMCONFIG information, can't access extended PCI configuration space under this bridge.
[    0.573539] PCI host bridge to bus 0000:00
[    0.574639] pci_bus 0000:00: root bus resource [io  0x0000-0x0cf7 window]
[    0.576341] pci_bus 0000:00: root bus resource [io  0x0d00-0xffff window]
[    0.577859] pci_bus 0000:00: root bus resource [mem 0x000a0000-0x000bffff window]
[    0.579773] pci_bus 0000:00: root bus resource [mem 0x80000000-0xfdffffff window]
[    0.581726] pci_bus 0000:00: root bus resource [bus 00-ff]
[    0.585074] pci 0000:00:01.1: legacy IDE quirk: reg 0x10: [io  0x01f0-0x01f7]
[    0.586705] pci 0000:00:01.1: legacy IDE quirk: reg 0x14: [io  0x03f6]
[    0.588249] pci 0000:00:01.1: legacy IDE quirk: reg 0x18: [io  0x0170-0x0177]
[    0.589858] pci 0000:00:01.1: legacy IDE quirk: reg 0x1c: [io  0x0376]
[    0.623594] pci 0000:00:07.0: quirk: [io  0x4000-0x403f] claimed by PIIX4 ACPI
[    0.625688] pci 0000:00:07.0: quirk: [io  0x4100-0x410f] claimed by PIIX4 SMB
[    0.640098] ACPI: PCI Interrupt Link [LNKA] (IRQs 5 9 10 *11)
[    0.642446] ACPI: PCI Interrupt Link [LNKB] (IRQs 5 9 *10 11)
[    0.644530] ACPI: PCI Interrupt Link [LNKC] (IRQs 5 *9 10 11)
[    0.646639] ACPI: PCI Interrupt Link [LNKD] (IRQs 5 9 10 *11)
[    0.648614] ACPI: Enabled 2 GPEs in block 00 to 07
[    0.650355] vgaarb: setting as boot device: PCI:0000:00:02.0
[    0.651978] vgaarb: device added: PCI:0000:00:02.0,decodes=io+mem,owns=io+mem,locks=none
[    0.654011] vgaarb: loaded
[    0.654903] vgaarb: bridge control possible 0000:00:02.0
[    0.656530] SCSI subsystem initialized
[    0.657873] ACPI: bus type USB registered
[    0.659017] usbcore: registered new interface driver usbfs
[    0.660519] usbcore: registered new interface driver hub
[    0.661889] usbcore: registered new device driver usb
[    0.663493] PCI: Using ACPI for IRQ routing
[    0.664967] NetLabel: Initializing
[    0.666226] NetLabel:  domain hash size = 128
[    0.667365] NetLabel:  protocols = UNLABELED CIPSOv4
[    0.668743] NetLabel:  unlabeled traffic allowed by default
[    0.670476] amd_nb: Cannot enumerate AMD northbridges
[    0.671933] clocksource: Switched to clocksource kvm-clock
[    0.683295] AppArmor: AppArmor Filesystem Enabled
[    0.684650] pnp: PnP ACPI init
[    0.686330] pnp: PnP ACPI: found 3 devices
[    0.701780] clocksource: acpi_pm: mask: 0xffffff max_cycles: 0xffffff, max_idle_ns: 2085701024 ns
[    0.704073] NET: Registered protocol family 2
[    0.705327] TCP established hash table entries: 16384 (order: 5, 131072 bytes)
[    0.707220] TCP bind hash table entries: 16384 (order: 6, 262144 bytes)
[    0.708847] TCP: Hash tables configured (established 16384 bind 16384)
[    0.710364] UDP hash table entries: 1024 (order: 3, 32768 bytes)
[    0.711819] UDP-Lite hash table entries: 1024 (order: 3, 32768 bytes)
[    0.713400] NET: Registered protocol family 1
[    0.714571] pci 0000:00:00.0: Limiting direct PCI/PCI transfers
[    0.716107] pci 0000:00:01.0: Activating ISA DMA hang workarounds
[    0.717650] Unpacking initramfs...
[    0.943850] Freeing initrd memory: 15452K
[    0.945310] clocksource: tsc: mask: 0xffffffffffffffff max_cycles: 0x311fd208cfc, max_idle_ns: 440795283699 ns
[    0.947698] platform rtc_cmos: registered platform RTC device (no PNP device found)
[    0.949766] Scanning for low memory corruption every 60 seconds
[    0.951622] audit: initializing netlink subsys (disabled)
[    0.953091] audit: type=2000 audit(1610707839.671:1): initialized
[    0.954701] Initialise system trusted keyring
[    0.956075] HugeTLB registered 2 MB page size, pre-allocated 0 pages
[    0.958651] zbud: loaded
[    0.959950] VFS: Disk quotas dquot_6.6.0
[    0.961099] VFS: Dquot-cache hash table entries: 512 (order 0, 4096 bytes)
[    0.962841] squashfs: version 4.0 (2009/01/31) Phillip Lougher
[    0.964475] fuse init (API version 7.23)
[    0.965664] Key type big_key registered
[    0.966665] Allocating IMA MOK and blacklist keyrings.
[    0.971030] Key type asymmetric registered
[    0.972088] Asymmetric key parser 'x509' registered
[    0.973436] Block layer SCSI generic (bsg) driver version 0.4 loaded (major 249)
[    0.975530] io scheduler noop registered
[    0.976640] io scheduler deadline registered (default)
[    0.977886] io scheduler cfq registered
[    0.978990] pci_hotplug: PCI Hot Plug PCI Core version: 0.5
[    0.980408] pciehp: PCI Express Hot Plug Controller Driver version: 0.4
[    0.982089] ACPI: AC Adapter [AC] (on-line)
[    0.983212] input: Power Button as /devices/LNXSYSTM:00/LNXPWRBN:00/input/input0
[    0.985244] ACPI: Power Button [PWRF]
[    0.986241] input: Sleep Button as /devices/LNXSYSTM:00/LNXSLPBN:00/input/input1
[    0.988092] ACPI: Sleep Button [SLPF]
[    0.989325] GHES: HEST is not enabled!
[    0.990408] Serial: 8250/16550 driver, 32 ports, IRQ sharing enabled
[    1.012491] 00:02: ttyS0 at I/O 0x3f8 (irq = 4, base_baud = 115200) is a 16550A
[    1.015287] Linux agpgart interface v0.103
[    1.018744] loop: module loaded
[    1.020106] scsi host0: ata_piix
[    1.021328] scsi host1: ata_piix
[    1.022263] ata1: PATA max UDMA/33 cmd 0x1f0 ctl 0x3f6 bmdma 0xd000 irq 14
[    1.023814] ata2: PATA max UDMA/33 cmd 0x170 ctl 0x376 bmdma 0xd008 irq 15
[    1.025442] libphy: Fixed MDIO Bus: probed
[    1.026505] tun: Universal TUN/TAP device driver, 1.6
[    1.027749] tun: (C) 1999-2004 Max Krasnyansky <maxk@qualcomm.com>
[    1.029227] PPP generic driver version 2.4.2
[    1.030322] ehci_hcd: USB 2.0 'Enhanced' Host Controller (EHCI) Driver
[    1.031771] ehci-pci: EHCI PCI platform driver
[    1.033019] ehci-platform: EHCI generic platform driver
[    1.034251] ohci_hcd: USB 1.1 'Open' Host Controller (OHCI) Driver
[    1.035678] ohci-pci: OHCI PCI platform driver
[    1.036867] ohci-platform: OHCI generic platform driver
[    1.038133] uhci_hcd: USB Universal Host Controller Interface driver
[    1.039594] i8042: PNP: PS/2 Controller [PNP0303:PS2K,PNP0f03:PS2M] at 0x60,0x64 irq 1,12
[    1.042273] serio: i8042 KBD port at 0x60,0x64 irq 1
[    1.043516] serio: i8042 AUX port at 0x60,0x64 irq 12
[    1.044914] mousedev: PS/2 mouse device common for all mice
[    1.046711] rtc_cmos rtc_cmos: rtc core: registered rtc_cmos as rtc0
[    1.048279] rtc_cmos rtc_cmos: alarms up to one day, 114 bytes nvram
[    1.049789] i2c /dev entries driver
[    1.050748] input: AT Translated Set 2 keyboard as /devices/platform/i8042/serio0/input/input2
[    1.053014] device-mapper: uevent: version 1.0.3
[    1.054193] device-mapper: ioctl: 4.34.0-ioctl (2015-10-28) initialised: dm-devel@redhat.com
[    1.056270] ledtrig-cpu: registered to indicate activity on CPUs
[    1.058437] NET: Registered protocol family 10
[    1.059839] NET: Registered protocol family 17
[    1.060975] Key type dns_resolver registered
[    1.062270] registered taskstats version 1
[    1.063253] Loading compiled-in X.509 certificates
[    1.064822] Loaded X.509 cert 'Build time autogenerated kernel key: a048edf52b07f04005c7780de0f875c713550332'
[    1.067212] zswap: loaded using pool lzo/zbud
[    1.070690] Key type trusted registered
[    1.076399] Key type encrypted registered
[    1.077463] AppArmor: AppArmor sha1 policy hashing enabled
[    1.078791] ima: No TPM chip found, activating TPM-bypass!
[    1.080022] ima: Allocated hash algorithm: sha1
[    1.081242] evm: HMAC attrs: 0x1
[    1.082739]   Magic number: 5:941:830
[    1.083798] rtc_cmos rtc_cmos: setting system clock to 2021-01-15 10:50:34 UTC (1610707834)
[    1.086125] BIOS EDD facility v0.16 2004-Jun-25, 0 devices found
[    1.087509] EDD information not available.
[    1.846708] Freeing unused kernel memory: 1488K
[    1.848745] Write protecting the kernel read-only data: 14336k
[    1.851892] Freeing unused kernel memory: 1604K
[    1.854365] Freeing unused kernel memory: 60K
Loading, please wait...
starting version 229
[    1.870530] random: udevadm: uninitialized urandom read (16 bytes read, 3 bits of entropy available)
[    1.872927] random: udevadm: uninitialized urandom read (16 bytes read, 3 bits of entropy available)
[    1.876837] random: systemd-udevd: uninitialized urandom read (16 bytes read, 3 bits of entropy available)
[    1.879277] random: systemd-udevd: uninitialized urandom read (16 bytes read, 3 bits of entropy available)
[    1.881803] random: systemd-udevd: uninitialized urandom read (16 bytes read, 3 bits of entropy available)
[    1.884242] random: systemd-udevd: uninitialized urandom read (16 bytes read, 3 bits of entropy available)
[    1.885224] random: udevadm: uninitialized urandom read (16 bytes read, 3 bits of entropy available)
[    1.885260] random: udevadm: uninitialized urandom read (16 bytes read, 3 bits of entropy available)
[    1.885420] random: udevadm: uninitialized urandom read (16 bytes read, 3 bits of entropy available)
[    1.885464] random: udevadm: uninitialized urandom read (16 bytes read, 3 bits of entropy available)
[    1.924844] [drm] Initialized drm 1.1.0 20060810
[    1.926456] e1000: Intel(R) PRO/1000 Network Driver - version 7.3.21-k8-NAPI
[    1.928056] e1000: Copyright (c) 1999-2006 Intel Corporation.
[    1.933838] Fusion MPT base driver 3.04.20
[    1.935002] Copyright (c) 1999-2008 LSI Corporation
[    1.936466] vboxvideo: loading out-of-tree module taints kernel.
[    1.937924] vboxvideo: module verification failed: signature and/or required key missing - tainting kernel
[    1.948290] [drm] VRAM 01000000
[    1.949402] Fusion MPT SPI Host driver 3.04.20
[    1.950596] [TTM] Zone  kernel: Available graphics memory: 1023966 kiB
[    1.952124] [TTM] Initializing pool allocator
[    1.953274] [TTM] Initializing DMA pool allocator
[    1.956110] fbcon: vboxdrmfb (fb0) is primary device
[    1.963884] Console: switching to colour frame buffer device 100x37
[    1.966228] vboxvideo 0000:00:02.0: fb0: vboxdrmfb frame buffer device
[    1.969662] AVX2 version of gcm_enc/dec engaged.
[    1.970456] AES CTR mode by8 optimization enabled
[    1.980070] [drm] Initialized vboxvideo 1.0.0 20130823 for 0000:00:02.0 on minor 0
[    2.163689] input: ImExPS/2 Generic Explorer Mouse as /devices/platform/i8042/serio1/input/input4
[    2.523801] e1000 0000:00:03.0 eth0: (PCI:33MHz:32-bit) 02:ba:b8:ca:39:a3
[    2.527390] e1000 0000:00:03.0 eth0: Intel(R) PRO/1000 Network Connection
[    2.533412] mptbase: ioc0: Initiating bringup
[    2.597200] ioc0: LSI53C1030 A0: Capabilities={Initiator}
[    2.764795] scsi host2: ioc0: LSI53C1030 A0, FwRev=00000000h, Ports=1, MaxQ=256, IRQ=20
[    2.886366] scsi 2:0:0:0: Direct-Access     VBOX     HARDDISK         1.0  PQ: 0 ANSI: 5
[    2.898346] scsi target2:0:0: Beginning Domain Validation
[    2.909384] scsi target2:0:0: Domain Validation skipping write tests
[    2.912220] scsi target2:0:0: Ending Domain Validation
[    2.914947] scsi target2:0:0: asynchronous
[    2.924426] scsi 2:0:1:0: Direct-Access     VBOX     HARDDISK         1.0  PQ: 0 ANSI: 5
[    2.927946] scsi target2:0:1: Beginning Domain Validation
[    2.934468] scsi target2:0:1: Domain Validation skipping write tests
[    2.937346] scsi target2:0:1: Ending Domain Validation
[    2.939062] scsi target2:0:1: asynchronous
[    2.957284] sd 2:0:0:0: Attached scsi generic sg0 type 0
[    2.959069] sd 2:0:0:0: [sda] 20971520 512-byte logical blocks: (10.7 GB/10.0 GiB)
[    2.961855] sd 2:0:1:0: Attached scsi generic sg1 type 0
[    2.963546] sd 2:0:1:0: [sdb] 20480 512-byte logical blocks: (10.5 MB/10.0 MiB)
[    2.966334] sd 2:0:0:0: [sda] Write Protect is off
[    2.967651] sd 2:0:1:0: [sdb] Write Protect is off
[    2.968898] sd 2:0:0:0: [sda] Incomplete mode parameter data
[    2.970114] sd 2:0:0:0: [sda] Assuming drive cache: write through
[    2.971413] sd 2:0:1:0: [sdb] Incomplete mode parameter data
[    2.972717] sd 2:0:1:0: [sdb] Assuming drive cache: write through
[    2.976740]  sda: sda1
[    2.978564] sd 2:0:1:0: [sdb] Attached SCSI disk
[    2.979644] sd 2:0:0:0: [sda] Attached SCSI disk
[    3.276504] e1000 0000:00:08.0 eth1: (PCI:33MHz:32-bit) 08:00:27:6a:4a:e6
[    3.279296] e1000 0000:00:08.0 eth1: Intel(R) PRO/1000 Network Connection
[    3.283599] e1000 0000:00:08.0 enp0s8: renamed from eth1
[    3.353620] e1000 0000:00:03.0 enp0s3: renamed from eth0
Begin: Loading essential drivers ... [    3.619369] md: linear personality registered for level -1
[    3.622579] md: multipath personality registered for level -4
[    3.625758] md: raid0 personality registered for level 0
[    3.630295] md: raid1 personality registered for level 1
[    3.700055] raid6: sse2x1   gen() 10741 MB/s
[    3.768363] raid6: sse2x1   xor()  8221 MB/s
[    3.836014] raid6: sse2x2   gen() 14539 MB/s
[    3.904010] raid6: sse2x2   xor() 10504 MB/s
[    3.972383] raid6: sse2x4   gen() 18110 MB/s
[    4.040154] raid6: sse2x4   xor() 12730 MB/s
[    4.108028] raid6: avx2x1   gen() 25618 MB/s
[    4.176351] raid6: avx2x2   gen() 29279 MB/s
[    4.244034] raid6: avx2x4   gen() 32491 MB/s
[    4.244943] raid6: using algorithm avx2x4 gen() 32491 MB/s
[    4.245964] raid6: using avx2x2 recovery algorithm
[    4.248136] xor: automatically using best checksumming function:
[    4.288044]    avx       : 32447.000 MB/sec
[    4.289977] async_tx: api initialized (async)
[    4.300563] md: raid6 personality registered for level 6
[    4.301674] md: raid5 personality registered for level 5
[    4.302743] md: raid4 personality registered for level 4
[    4.310589] md: raid10 personality registered for level 10
done.
Begin: Running /scripts/init-premount ... done.
Begin: Mounting root file system ... Begin: Running /scripts/local-top ... done.
Begin: Running /scripts/local-premount ... [    4.337422] Btrfs loaded
Scanning for Btrfs filesystems
done.
Warning: fsck not present, so skipping root file system
[    4.452246] EXT4-fs (sda1): mounted filesystem with ordered data mode. Opts: (null)
done.
Begin: Running /scripts/local-bottom ... done.
Begin: Running /scripts/init-bottom ... done.
[    5.488832] random: nonblocking pool is initialized
[    5.527683] systemd[1]: systemd 229 running in system mode. (+PAM +AUDIT +SELINUX +IMA +APPARMOR +SMACK +SYSVINIT +UTMP +LIBCRYPTSETUP +GCRYPT +GNUTLS +ACL +XZ -LZ4 +SECCOMP +BLKID +ELFUTILS +KMOD -IDN)
[    5.531373] systemd[1]: Detected virtualization oracle.
[    5.532583] systemd[1]: Detected architecture x86-64.

Welcome to [1mUbuntu 16.04.6 LTS[0m!

[    5.563368] systemd[1]: Set hostname to <ubuntu-xenial>.
[    6.489649] systemd[1]: Started Forward Password Requests to Wall Directory Watch.
[[0;32m  OK  [0m] Started Forward Password Requests to Wall Directory Watch.
[    6.497542] systemd[1]: Listening on Syslog Socket.
[[0;32m  OK  [0m] Listening on Syslog Socket.
[    6.508936] systemd[1]: Reached target Encrypted Volumes.
[[0;32m  OK  [0m] Reached target Encrypted Volumes.
[    6.520445] systemd[1]: Listening on LVM2 poll daemon socket.
[[0;32m  OK  [0m] Listening on LVM2 poll daemon socket.
[    6.532414] systemd[1]: Reached target User and Group Name Lookups.
[[0;32m  OK  [0m] Reached target User and Group Name Lookups.
[    6.545092] systemd[1]: Listening on udev Control Socket.
[[0;32m  OK  [0m] Listening on udev Control Socket.
[    6.557412] systemd[1]: Listening on Journal Socket.
[[0;32m  OK  [0m] Listening on Journal Socket.
[    6.563158] systemd[1]: Listening on LVM2 metadata daemon socket.
[[0;32m  OK  [0m] Listening on LVM2 metadata daemon socket.
[    6.570037] systemd[1]: Listening on udev Kernel Socket.
[[0;32m  OK  [0m] Listening on udev Kernel Socket.
[    6.581012] systemd[1]: Listening on /dev/initctl Compatibility Named Pipe.
[[0;32m  OK  [0m] Listening on /dev/initctl Compatibility Named Pipe.
[    6.588340] systemd[1]: Listening on Device-mapper event daemon FIFOs.
[[0;32m  OK  [0m] Listening on Device-mapper event daemon FIFOs.
[    6.597069] systemd[1]: Reached target Swap.
[[0;32m  OK  [0m] Reached target Swap.
[    6.600773] systemd[1]: Set up automount Arbitrary Executable File Formats File System Automount Point.
[[0;32m  OK  [0m] Set up automount Arbitrary Executab...ats File System Automount Point.
[    6.607997] systemd[1]: Listening on Journal Socket (/dev/log).
[[0;32m  OK  [0m] Listening on Journal Socket (/dev/log).
[    6.616218] systemd[1]: Reached target System Time Synchronized.
[[0;32m  OK  [0m] Reached target System Time Synchronized.
[    6.624315] systemd[1]: Listening on Journal Audit Socket.
[[0;32m  OK  [0m] Listening on Journal Audit Socket.
[    6.627992] systemd[1]: Created slice System Slice.
[[0;32m  OK  [0m] Created slice System Slice.
[    6.644401] systemd[1]: Starting Monitoring of LVM2 mirrors, snapshots etc. using dmeventd or progress polling...
         Starting Monitoring of LVM2 mirrors... dmeventd or progress polling...
[    6.657207] systemd[1]: Starting Journal Service...
         Starting Journal Service...
[    6.661124] systemd[1]: Starting Set console keymap...
         Starting Set console keymap...
[    6.665111] systemd[1]: Mounting Debug File System...
         Mounting Debug File System...
[    6.669144] systemd[1]: Starting Create list of required static device nodes for the current kernel...
         Starting Create list of required st... nodes for the current kernel...
[    6.682098] systemd[1]: Mounting POSIX Message Queue File System...
         Mounting POSIX Message Queue File System...
[    6.692966] systemd[1]: Mounting Huge Pages File System...
         Mounting Huge Pages File System...
[    6.700766] systemd[1]: Starting Load Kernel Modules...
         Starting Load Kernel Modules...
[    6.709552] systemd[1]: Starting Nameserver information manager...
         Starting Nameserver information manager...
[    6.712180] systemd[1]: Starting Uncomplicated firewall...
         Starting Uncomplicated firewall...
[    6.717270] systemd[1]: Created slice system-serial\x2dgetty.slice.
[[0;32m  OK  [0m] Created slice system-serial\x2dgetty.slice.
[    6.725291] systemd[1]: Starting Remount Root and Kernel File Systems...
         Starting Remount Root and Kernel File Systems...
[    6.743614] systemd[1]: Started Trigger resolvconf update for networkd DNS.
[[0;32m  OK  [0m] Started Trigger resolvconf update for networkd DNS.
[    6.746338] systemd[1]: Created slice User and Session Slice.
[[0;32m  OK  [0m] Created slice User and Session Slice.
[    6.756506] systemd[1]: Reached target Slices.
[[0;32m  OK  [0m] Reached target Slices.
[    6.769211] systemd[1]: Started Create list of required static device nodes for the current kernel.
[[0;32m  OK  [0m] Started Create list of required sta...ce nodes for the current kernel.
[    6.781990] systemd[1]: Starting Create Static Device Nodes in /dev...
         Starting Create Static Device Nodes in /dev...
[    6.926229] systemd[1]: Started Uncomplicated firewall.
[[0;32m  OK  [0m] Started Uncomplicated firewall.
[    7.067716] Loading iSCSI transport class v2.0-870.
[    7.155032] systemd[1]: Started Journal Service.
[[0;32m  OK  [0m] Started Journal Service.
[[0;32m  OK  [0m] Mounted Debug File System.
[    7.168890] EXT4-fs (sda1): re-mounted. Opts: (null)
[[0;32m  OK  [0m] Mounted POSIX Message Queue File System.
[[0;32m  OK  [0m] Mounted Huge Pages File System.
[[0;32m  OK  [0m] Started Remount Root and Kernel File Systems.
         Starting Flush Journal to Persistent Storage...
[    7.212968] iscsi: registered transport (tcp)
         Starting udev Coldplug all Devices...
         Starting Load/Save Random Seed...
[[0;32m  OK  [0m] Started Nameserver information manager.
[[0;32m  OK  [0m] Started LVM2 metadata daemon.
[[0;32m  OK  [0m] Started udev Coldplug all Devices.
[[0;32m  OK  [0m] Started Load/Save Random Seed.
[    7.412885] systemd-journald[377]: Received request to flush runtime journal from PID 1
[[0;32m  OK  [0m] Started Flush Journal to Persistent Storage.
[[0;32m  OK  [0m] Started Set console keymap.
[[0;32m  OK  [0m] Started Create Static Device Nodes in /dev.
         Starting udev Kernel Device Manager...
[    7.573449] iscsi: registered transport (iser)
[[0;32m  OK  [0m] Started Load Kernel Modules.
         Starting Apply Kernel Variables...
         Mounting FUSE Control File System...
[[0;32m  OK  [0m] Mounted FUSE Control File System.
[[0;32m  OK  [0m] Started Apply Kernel Variables.
[[0;32m  OK  [0m] Started Monitoring of LVM2 mirrors,...ng dmeventd or progress polling.
[[0;32m  OK  [0m] Reached target Local File Systems (Pre).
[[0;32m  OK  [0m] Reached target Local File Systems.
         Starting LSB: AppArmor initialization...
         Starting Set console font and keymap...
         Starting Create Volatile Files and Directories...
         Starting Initial cloud-init job (pre-networking)...
         Starting Tell Plymouth To Write Out Runtime Data...
         Mounting /var/www/html...
         Mounting /vagrant...
[[0;32m  OK  [0m] Started Tell Plymouth To Write Out Runtime Data.
[[0;1;31mFAILED[0m] Failed to mount /var/www/html.
See 'systemctl status var-www-html.mount' for details.
[[0;32m  OK  [0m] Mounted /vagrant.
[[0;32m  OK  [0m] Started Create Volatile Files and Directories.
         Starting Update UTMP about System Boot/Shutdown...
[[0;32m  OK  [0m] Started Set console font and keymap.
[[0;32m  OK  [0m] Created slice system-getty.slice.
[[0;32m  OK  [0m] Started Update UTMP about System Boot/Shutdown.
[[0;32m  OK  [0m] Started udev Kernel Device Manager.
[[0;32m  OK  [0m] Started Dispatch Password Requests to Console Directory Watch.
[[0;32m  OK  [0m] Found device /dev/ttyS0.
[[0;32m  OK  [0m] Listening on Load/Save RF Kill Switch Status /dev/rfkill Watch.
[[0;32m  OK  [0m] Found device 82540EM Gigabit Ethern...r (PRO/1000 MT Desktop Adapter).
[[0;32m  OK  [0m] Found device 82540EM Gigabit Ethern...r (PRO/1000 MT Desktop Adapter).
[[0;32m  OK  [0m] Started LSB: AppArmor initialization.
[   39.018206] cloud-init[472]: Cloud-init v. 19.4-33-gbb4131a2-0ubuntu1~16.04.1 running 'init-local' at Fri, 15 Jan 2021 10:51:11 +0000. Up 37.77 seconds.
[[0;32m  OK  [0m] Started Initial cloud-init job (pre-networking).
[[0;32m  OK  [0m] Reached target Network (Pre).
[[0;32m  OK  [0m] Started ifup for enp0s3.
         Starting Raise network interfaces...
[[0;32m  OK  [0m] Started ifup for enp0s8.
[[0;32m  OK  [0m] Started Raise network interfaces.
[[0;32m  OK  [0m] Reached target Network.
         Starting Initial cloud-init job (metadata service crawler)...
[   41.363506] cloud-init[1092]: Cloud-init v. 19.4-33-gbb4131a2-0ubuntu1~16.04.1 running 'init' at Fri, 15 Jan 2021 10:51:13 +0000. Up 39.89 seconds.
[   41.374222] cloud-init[1092]: ci-info: ++++++++++++++++++++++++++++++++++++++Net device info+++++++++++++++++++++++++++++++++++++++
[   41.381319] cloud-init[1092]: ci-info: +--------+------+-----------------------------+---------------+--------+-------------------+
[   41.384960] cloud-init[1092]: ci-info: | Device |  Up  |           Address           |      Mask     | Scope  |     Hw-Address    |
[   41.388217] cloud-init[1092]: ci-info: +--------+------+-----------------------------+---------------+--------+-------------------+
[   41.392149] cloud-init[1092]: ci-info: | enp0s3 | True |          10.0.2.15          | 255.255.255.0 | global | 02:ba:b8:ca:39:a3 |
[   41.394804] cloud-init[1092]: ci-info: | enp0s3 | True |  fe80::ba:b8ff:feca:39a3/64 |       .       |  link  | 02:ba:b8:ca:39:a3 |
[   41.404579] cloud-init[1092]: ci-info: | enp0s8 | True |        192.168.33.11        | 255.255.255.0 | global | 08:00:27:6a:4a:e6 |
[   41.406948] cloud-init[1092]: ci-info: | enp0s8 | True | fe80::a00:27ff:fe6a:4ae6/64 |       .       |  link  | 08:00:27:6a:4a:e6 |
[   41.409476] cloud-init[1092]: ci-info: |   lo   | True |          127.0.0.1          |   255.0.0.0   |  host  |         .         |
[   41.411508] cloud-init[1092]: ci-info: |   lo   | True |           ::1/128           |       .       |  host  |         .         |
[   41.412918] cloud-init[1092]: ci-info: +--------+------+-----------------------------+---------------+--------+-------------------+
[   41.414247] cloud-init[1092]: ci-info: ++++++++++++++++++++++++++++Route IPv4 info++++++++++++++++++++++++++++
[   41.420902] cloud-init[1092]: ci-info: +-------+--------------+----------+---------------+-----------+-------+
[   41.428733] cloud-init[1092]: ci-info: | Route | Destination  | Gateway  |    Genmask    | Interface | Flags |
[   41.430348] cloud-init[1092]: ci-info: +-------+--------------+----------+---------------+-----------+-------+
[   41.436700] cloud-init[1092]: ci-info: |   0   |   0.0.0.0    | 10.0.2.2 |    0.0.0.0    |   enp0s3  |   UG  |
[   41.445260] cloud-init[1092]: ci-info: |   1   |   10.0.2.0   | 0.0.0.0  | 255.255.255.0 |   enp0s3  |   U   |
[   41.456324] [cloud-init[0;32m  OK  [0m[1092]: ] ci-info: |   2   | 192.168.33.0 | 0.0.0.0  | 255.255.255.0 |   enp0s8  |   U   |Started Initial cloud-init job (metadata service crawler).

[   41.464317] [[0;32m  OK  [0m] Reached target System Initialization.
cloud-init[1092]: ci-info: +-------+--------------+----------+---------------+-----------+-------+
         Starting Socket activation for snappy daemon.
[   41.466346] cloud-init[1092]: ci-info: +++++++++++++++++++Route IPv6 info+++++++++++++++++++
[   41.467940] cloud-init[1092]: ci-info: +-------+-------------+---------+-----------+-------+
[   41.469422] cloud-init[1092]: ci-info: | Route | Destination | Gateway | Interface | Flags |
[   41.470895] cloud-init[1092]: ci-info: +-------+-------------+---------+-----------+-------+
[   41.472396] cloud-init[1092]: ci-info: |   0   |  fe80::/64  |    ::   |   enp0s8  |   U   |
[   41.473921] cloud-init[1092]: ci-info: |   1   |  fe80::/64  |    ::   |   enp0s3  |   U   |
[   41.475413] cloud-init[1092]: ci-info: |   4   |   ff00::/8  |    ::   |   enp0s8  |   U   |
[   41.476930] cloud-init[1092]: ci-info: |   5   |   ff00::/8  |    ::   |   enp0s3  |   U   |
[   41.478410] cloud-init[1092]: ci-info: +-------+-------------+---------+-----------+-------+
[[0;32m  OK  [0m] Started Message of the Day.
[[0;32m  OK  [0m] Listening on D-Bus System Message Bus Socket.
[[0;32m  OK  [0m] Started Daily Cleanup of Temporary Directories.
[[0;32m  OK  [0m] Started Daily apt download activities.
         Starting LXD - unix socket.
[[0;32m  OK  [0m] Started Daily apt upgrade and clean activities.
[[0;32m  OK  [0m] Reached target Timers.
[[0;32m  OK  [0m] Started ACPI Events Check.
[[0;32m  OK  [0m] Reached target Paths.
[[0;32m  OK  [0m] Listening on ACPID Listen Socket.
[[0;32m  OK  [0m] Listening on UUID daemon activation socket.
[[0;32m  OK  [0m] Reached target Network is Online.
         Starting iSCSI initiator daemon (iscsid)...
[[0;32m  OK  [0m] Reached target Cloud-config availability.
[[0;32m  OK  [0m] Listening on Socket activation for snappy daemon.
[[0;32m  OK  [0m] Listening on LXD - unix socket.
[[0;32m  OK  [0m] Reached target Sockets.
[[0;32m  OK  [0m] Reached target Basic System.
[[0;32m  OK  [0m] Started ACPI event daemon.
         Starting System Logging Service...
         Starting LXD - container startup/shutdown...
         Starting Snappy daemon...
         Starting vboxadd.service...
[[0;32m  OK  [0m] Started D-Bus System Message Bus.
[[0;32m  OK  [0m] Started Deferred execution scheduler.
[[0;32m  OK  [0m] Started Regular background program processing daemon.
         Starting LSB: MD monitoring daemon...
         Starting /etc/rc.local Compatibility...
         Starting Login Service...
         Starting Accounts Service...
[[0;32m  OK  [0m] Started FUSE filesystem for LXC.
         Starting OpenBSD Secure Shell server...
         Starting LSB: Record successful boot for GRUB...
[[0;32m  OK  [0m] Started System Logging Service.
[[0;32m  OK  [0m] Started /etc/rc.local Compatibility.
[[0;32m  OK  [0m] Started Login Service.
[[0;32m  OK  [0m] Started Unattended Upgrades Shutdown.
[[0;32m  OK  [0m] Started iSCSI initiator daemon (iscsid).
         Starting Login to default iSCSI targets...
[[0;32m  OK  [0m] Started LSB: MD monitoring daemon.
[[0;32m  OK  [0m] Started LSB: Record successful boot for GRUB.
[[0;32m  OK  [0m] Started Login to default iSCSI targets.
[[0;32m  OK  [0m] Reached target Remote File Systems (Pre).
[[0;32m  OK  [0m] Reached target Remote File Systems.
         Starting LSB: Set the CPU Frequency Scaling governor to "ondemand"...
         Starting Permit User Sessions...
         Starting LSB: daemon to balance interrupts for SMP systems...
         Starting LSB: automatic crash report generation...
[[0;32m  OK  [0m] Started LSB: Set the CPU Frequency Scaling governor to "ondemand".
[[0;32m  OK  [0m] Started Permit User Sessions.
         Starting Hold until boot process finishes up...
         Starting Terminate Plymouth Boot Screen...
[[0;32m  OK  [0m] Started Hold until boot process finishes up.
[[0;32m  OK  [0m] Started Serial Getty on ttyS0.
         Starting Set console scheme...
[[0;32m  OK  [0m] Started Getty on tty1.
[[0;32m  OK  [0m] Reached target Login Prompts.
[[0;32m  OK  [0m] Started Terminate Plymouth Boot Screen.
[[0;32m  OK  [0m] Started Set console scheme.
[[0;32m  OK  [0m] Started LSB: automatic crash report generation.
[[0;32m  OK  [0m] Started LSB: daemon to balance interrupts for SMP systems.
[[0;32m  OK  [0m] Started OpenBSD Secure Shell server.
         Starting Authenticate and Authorize Users to Run Privileged Tasks...
[[0;32m  OK  [0m] Started Authenticate and Authorize Users to Run Privileged Tasks.
[[0;32m  OK  [0m] Started Accounts Service.
[[0;32m  OK  [0m] Created slice User Slice of vagrant.
         Starting User Manager for UID 1000...
[[0;32m  OK  [0m] Started Session 1 of user vagrant.
[[0;32m  OK  [0m] Started User Manager for UID 1000.
[[0;32m  OK  [0m] Started LXD - container startup/shutdown.
[[0;32m  OK  [0m] Started Snappy daemon.
         Starting Wait until snapd is fully seeded...
[[0;32m  OK  [0m] Started Wait until snapd is fully seeded.
         Starting Apply the settings specified in cloud-config...
[   50.368489] cloud-init[1413]: Cloud-init v. 19.4-33-gbb4131a2-0ubuntu1~16.04.1 running 'modules:config' at Fri, 15 Jan 2021 10:51:23 +0000. Up 50.03 seconds.

Ubuntu 16.04.6 LTS ubuntu-xenial ttyS0

ubuntu-xenial login: [   56.046567] cloud-init[1836]: Cloud-init v. 19.4-33-gbb4131a2-0ubuntu1~16.04.1 running 'modules:final' at Fri, 15 Jan 2021 10:51:29 +0000. Up 55.86 seconds.
[   56.046930] cloud-init[1836]: Cloud-init v. 19.4-33-gbb4131a2-0ubuntu1~16.04.1 finished at Fri, 15 Jan 2021 10:51:29 +0000. Datasource DataSourceNoCloud [seed=/dev/sdb][dsmode=net].  Up 56.03 seconds
