[    0.000000] Initializing cgroup subsys cpuset
[    0.000000] Initializing cgroup subsys cpu
[    0.000000] Initializing cgroup subsys cpuacct
[    0.000000] Linux version 4.4.0-187-generic (buildd@lgw01-amd64-035) (gcc version 5.4.0 20160609 (Ubuntu 5.4.0-6ubuntu1~16.04.12) ) #217-Ubuntu SMP Tue Jul 21 04:18:15 UTC 2020 (Ubuntu 4.4.0-187.217-generic 4.4.230)
[    0.000000] Command line: BOOT_IMAGE=/boot/vmlinuz-4.4.0-187-generic root=UUID=f7b43405-fdce-4bb1-b4fb-264548858b21 ro console=tty1 console=ttyS0
[    0.000000] KERNEL supported cpus:
[    0.000000]   Intel GenuineIntel
[    0.000000]   AMD AuthenticAMD
[    0.000000]   Centaur CentaurHauls
[    0.000000] x86/fpu: Legacy x87 FPU detected.
[    0.000000] e820: BIOS-provided physical RAM map:
[    0.000000] BIOS-e820: [mem 0x0000000000000000-0x000000000009fbff] usable
[    0.000000] BIOS-e820: [mem 0x000000000009fc00-0x000000000009ffff] reserved
[    0.000000] BIOS-e820: [mem 0x00000000000f0000-0x00000000000fffff] reserved
[    0.000000] BIOS-e820: [mem 0x0000000000100000-0x000000003ffeffff] usable
[    0.000000] BIOS-e820: [mem 0x000000003fff0000-0x000000003fffffff] ACPI data
[    0.000000] BIOS-e820: [mem 0x00000000fec00000-0x00000000fec00fff] reserved
[    0.000000] BIOS-e820: [mem 0x00000000fee00000-0x00000000fee00fff] reserved
[    0.000000] BIOS-e820: [mem 0x00000000fffc0000-0x00000000ffffffff] reserved
[    0.000000] NX (Execute Disable) protection: active
[    0.000000] SMBIOS 2.5 present.
[    0.000000] Hypervisor detected: KVM
[    0.000000] e820: last_pfn = 0x3fff0 max_arch_pfn = 0x400000000
[    0.000000] MTRR: Disabled
[    0.000000] x86/PAT: MTRRs disabled, skipping PAT initialization too.
[    0.000000] CPU MTRRs all blank - virtualized system.
[    0.000000] x86/PAT: Configuration [0-7]: WB  WT  UC- UC  WB  WT  UC- UC  
[    0.000000] found SMP MP-table at [mem 0x0009fff0-0x0009ffff] mapped at [ffff88000009fff0]
[    0.000000] Scanning 1 areas for low memory corruption
[    0.000000] RAMDISK: [mem 0x361c8000-0x370dbfff]
[    0.000000] ACPI: Early table checksum verification disabled
[    0.000000] ACPI: RSDP 0x00000000000E0000 000024 (v02 VBOX  )
[    0.000000] ACPI: XSDT 0x000000003FFF0030 00003C (v01 VBOX   VBOXXSDT 00000001 ASL  00000061)
[    0.000000] ACPI: FACP 0x000000003FFF00F0 0000F4 (v04 VBOX   VBOXFACP 00000001 ASL  00000061)
[    0.000000] ACPI: DSDT 0x000000003FFF0470 002325 (v02 VBOX   VBOXBIOS 00000002 INTL 20100528)
[    0.000000] ACPI: FACS 0x000000003FFF0200 000040
[    0.000000] ACPI: FACS 0x000000003FFF0200 000040
[    0.000000] ACPI: APIC 0x000000003FFF0240 00005C (v02 VBOX   VBOXAPIC 00000001 ASL  00000061)
[    0.000000] ACPI: SSDT 0x000000003FFF02A0 0001CC (v01 VBOX   VBOXCPUT 00000002 INTL 20100528)
[    0.000000] No NUMA configuration found
[    0.000000] Faking a node at [mem 0x0000000000000000-0x000000003ffeffff]
[    0.000000] NODE_DATA(0) allocated [mem 0x3ffeb000-0x3ffeffff]
[    0.000000] kvm-clock: Using msrs 4b564d01 and 4b564d00
[    0.000000] kvm-clock: cpu 0, msr 0:3ffe3001, primary cpu clock
[    0.000000] kvm-clock: using sched offset of 6252572135 cycles
[    0.000000] clocksource: kvm-clock: mask: 0xffffffffffffffff max_cycles: 0x1cd42e4dffb, max_idle_ns: 881590591483 ns
[    0.000000] Zone ranges:
[    0.000000]   DMA      [mem 0x0000000000001000-0x0000000000ffffff]
[    0.000000]   DMA32    [mem 0x0000000001000000-0x000000003ffeffff]
[    0.000000]   Normal   empty
[    0.000000]   Device   empty
[    0.000000] Movable zone start for each node
[    0.000000] Early memory node ranges
[    0.000000]   node   0: [mem 0x0000000000001000-0x000000000009efff]
[    0.000000]   node   0: [mem 0x0000000000100000-0x000000003ffeffff]
[    0.000000] Initmem setup node 0 [mem 0x0000000000001000-0x000000003ffeffff]
[    0.000000] ACPI: PM-Timer IO Port: 0x4008
[    0.000000] IOAPIC[0]: apic_id 2, version 32, address 0xfec00000, GSI 0-23
[    0.000000] ACPI: INT_SRC_OVR (bus 0 bus_irq 0 global_irq 2 dfl dfl)
[    0.000000] ACPI: INT_SRC_OVR (bus 0 bus_irq 9 global_irq 9 low level)
[    0.000000] Using ACPI (MADT) for SMP configuration information
[    0.000000] smpboot: Allowing 2 CPUs, 0 hotplug CPUs
[    0.000000] PM: Registered nosave memory: [mem 0x00000000-0x00000fff]
[    0.000000] PM: Registered nosave memory: [mem 0x0009f000-0x0009ffff]
[    0.000000] PM: Registered nosave memory: [mem 0x000a0000-0x000effff]
[    0.000000] PM: Registered nosave memory: [mem 0x000f0000-0x000fffff]
[    0.000000] e820: [mem 0x40000000-0xfebfffff] available for PCI devices
[    0.000000] Booting paravirtualized kernel on KVM
[    0.000000] clocksource: refined-jiffies: mask: 0xffffffff max_cycles: 0xffffffff, max_idle_ns: 7645519600211568 ns
[    0.000000] setup_percpu: NR_CPUS:512 nr_cpumask_bits:512 nr_cpu_ids:2 nr_node_ids:1
[    0.000000] PERCPU: Embedded 33 pages/cpu @ffff88003fc00000 s95512 r8192 d31464 u1048576
[    0.000000] Built 1 zonelists in Node order, mobility grouping on.  Total pages: 257912
[    0.000000] Policy zone: DMA32
[    0.000000] Kernel command line: BOOT_IMAGE=/boot/vmlinuz-4.4.0-187-generic root=UUID=f7b43405-fdce-4bb1-b4fb-264548858b21 ro console=tty1 console=ttyS0
[    0.000000] PID hash table entries: 4096 (order: 3, 32768 bytes)
[    0.000000] Memory: 997104K/1048120K available (8636K kernel code, 1337K rwdata, 4040K rodata, 1492K init, 1296K bss, 51016K reserved, 0K cma-reserved)
[    0.000000] SLUB: HWalign=64, Order=0-3, MinObjects=0, CPUs=2, Nodes=1
[    0.000000] Kernel/User page tables isolation: enabled
[    0.000000] Hierarchical RCU implementation.
[    0.000000] 	Build-time adjustment of leaf fanout to 64.
[    0.000000] 	RCU restricting CPUs from NR_CPUS=512 to nr_cpu_ids=2.
[    0.000000] RCU: Adjusting geometry for rcu_fanout_leaf=64, nr_cpu_ids=2
[    0.000000] NR_IRQS:33024 nr_irqs:440 16
[    0.000000] Console: colour VGA+ 80x25
[    0.000000] console [tty1] enabled
[    0.000000] console [ttyS0] enabled
[    0.000000] tsc: Detected 3407.998 MHz processor
[    0.669772] Calibrating delay loop (skipped) preset value.. 6815.99 BogoMIPS (lpj=13631992)
[    0.677613] pid_max: default: 32768 minimum: 301
[    0.682478] ACPI: Core revision 20150930
[    0.687310] ACPI: 2 ACPI AML tables successfully acquired and loaded
[    0.694605] Security Framework initialized
[    0.698546] Yama: becoming mindful.
[    0.702777] AppArmor: AppArmor initialized
[    0.707029] Dentry cache hash table entries: 131072 (order: 8, 1048576 bytes)
[    0.718614] Inode-cache hash table entries: 65536 (order: 7, 524288 bytes)
[    0.730959] Mount-cache hash table entries: 2048 (order: 2, 16384 bytes)
[    0.737670] Mountpoint-cache hash table entries: 2048 (order: 2, 16384 bytes)
[    0.745639] Initializing cgroup subsys io
[    0.749963] Initializing cgroup subsys memory
[    0.754606] Initializing cgroup subsys devices
[    0.759464] Initializing cgroup subsys freezer
[    0.764285] Initializing cgroup subsys net_cls
[    0.768878] Initializing cgroup subsys perf_event
[    0.774239] Initializing cgroup subsys net_prio
[    0.778324] Initializing cgroup subsys hugetlb
[    0.782358] Initializing cgroup subsys pids
[    0.786456] mce: CPU supports 0 MCE banks
[    0.791529] Last level iTLB entries: 4KB 64, 2MB 8, 4MB 8
[    0.797800] Last level dTLB entries: 4KB 64, 2MB 0, 4MB 0, 1GB 4
[    0.802665] Spectre V1 : Mitigation: usercopy/swapgs barriers and __user pointer sanitization
[    0.811478] Spectre V2 : Mitigation: Full generic retpoline
[    0.817013] Spectre V2 : Spectre v2 / SpectreRSB mitigation: Filling RSB on context switch
[    0.824799] Speculative Store Bypass: Vulnerable
[    0.830605] MDS: Mitigation: Clear CPU buffers
[    0.859899] Freeing SMP alternatives memory: 36K
[    0.917052] ftrace: allocating 32337 entries in 127 pages
[    1.579938] smpboot: APIC(0) Converting physical 0 to logical package 0
[    1.586872] smpboot: Max logical packages: 1
[    1.608085] ..TIMER: vector=0x30 apic1=0 pin1=2 apic2=-1 pin2=-1
[    1.723696] smpboot: CPU0: Intel(R) Core(TM) i7-6700 CPU @ 3.40GHz (family: 0x6, model: 0x5e, stepping: 0x3)
[    1.736025] Performance Events: unsupported p6 CPU model 94 no PMU driver, software events only.
[    1.803273] KVM setup paravirtual spinlock
[    1.810415] x86: Booting SMP configuration:
[    1.815497] .... node  #0, CPUs:      #1
[    1.821854] kvm-clock: cpu 1, msr 0:3ffe3041, secondary cpu clock
[    1.827215] mce: CPU supports 0 MCE banks
[    1.830969] TSC synchronization [CPU#0 -> CPU#1]:
[    1.835822] Measured 189181 cycles TSC warp between CPUs, turning off TSC clock.
[    1.842017] tsc: Marking TSC unstable due to check_tsc_sync_source failed
[    0.466099] x86: Booted up 1 node, 2 CPUs
[    0.468006] smpboot: Total of 2 processors activated (13631.99 BogoMIPS)
[    0.480088] devtmpfs: initialized
[    0.485581] evm: security.selinux
[    0.488009] evm: security.SMACK64
[    0.492006] evm: security.SMACK64EXEC
[    0.496006] evm: security.SMACK64TRANSMUTE
[    0.500006] evm: security.SMACK64MMAP
[    0.504005] evm: security.ima
[    0.507118] evm: security.capability
[    0.512286] clocksource: jiffies: mask: 0xffffffff max_cycles: 0xffffffff, max_idle_ns: 7645041785100000 ns
[    0.516049] futex hash table entries: 512 (order: 3, 32768 bytes)
[    0.524039] pinctrl core: initialized pinctrl subsystem
[    0.528463] RTC time: 14:57:01, date: 03/25/21
[    0.536035] NET: Registered protocol family 16
[    0.552063] cpuidle: using governor ladder
[    0.568009] cpuidle: using governor menu
[    0.571282] PCCT header not found.
[    0.572221] ACPI: bus type PCI registered
[    0.576006] acpiphp: ACPI Hot Plug PCI Controller Driver version: 0.5
[    0.580428] PCI: Using configuration type 1 for base access
[    0.604935] ACPI: Added _OSI(Module Device)
[    0.608007] ACPI: Added _OSI(Processor Device)
[    0.612005] ACPI: Added _OSI(3.0 _SCP Extensions)
[    0.616002] ACPI: Added _OSI(Processor Aggregator Device)
[    0.621172] ACPI: Executed 1 blocks of module-level executable AML code
[    0.634078] ACPI: Interpreter enabled
[    0.636021] ACPI: (supports S0 S5)
[    0.640004] ACPI: Using IOAPIC for interrupt routing
[    0.644369] PCI: Using host bridge windows from ACPI; if necessary, use "pci=nocrs" and report a bug
[    0.654439] ACPI: PCI Root Bridge [PCI0] (domain 0000 [bus 00-ff])
[    0.656022] acpi PNP0A03:00: _OSC: OS supports [ASPM ClockPM Segments MSI]
[    0.664485] acpi PNP0A03:00: _OSC: not requesting OS control; OS requires [ExtendedConfig ASPM ClockPM MSI]
[    0.668011] acpi PNP0A03:00: fail to add MMCONFIG information, can't access extended PCI configuration space under this bridge.
[    0.672607] PCI host bridge to bus 0000:00
[    0.676048] pci_bus 0000:00: root bus resource [io  0x0000-0x0cf7 window]
[    0.680014] pci_bus 0000:00: root bus resource [io  0x0d00-0xffff window]
[    0.684008] pci_bus 0000:00: root bus resource [mem 0x000a0000-0x000bffff window]
[    0.688013] pci_bus 0000:00: root bus resource [mem 0x40000000-0xfdffffff window]
[    0.692008] pci_bus 0000:00: root bus resource [bus 00-ff]
[    0.702145] pci 0000:00:01.1: legacy IDE quirk: reg 0x10: [io  0x01f0-0x01f7]
[    0.704012] pci 0000:00:01.1: legacy IDE quirk: reg 0x14: [io  0x03f6]
[    0.708009] pci 0000:00:01.1: legacy IDE quirk: reg 0x18: [io  0x0170-0x0177]
[    0.712010] pci 0000:00:01.1: legacy IDE quirk: reg 0x1c: [io  0x0376]
[    0.772346] pci 0000:00:07.0: quirk: [io  0x4000-0x403f] claimed by PIIX4 ACPI
[    0.776030] pci 0000:00:07.0: quirk: [io  0x4100-0x410f] claimed by PIIX4 SMB
[    0.790259] ACPI: PCI Interrupt Link [LNKA] (IRQs 5 9 10 *11)
[    0.800431] ACPI: PCI Interrupt Link [LNKB] (IRQs 5 9 *10 11)
[    0.809550] ACPI: PCI Interrupt Link [LNKC] (IRQs 5 *9 10 11)
[    0.814749] ACPI: PCI Interrupt Link [LNKD] (IRQs 5 9 10 *11)
[    0.818867] ACPI: Enabled 2 GPEs in block 00 to 07
[    0.820538] vgaarb: setting as boot device: PCI:0000:00:02.0
[    0.824000] vgaarb: device added: PCI:0000:00:02.0,decodes=io+mem,owns=io+mem,locks=none
[    0.824007] vgaarb: loaded
[    0.828003] vgaarb: bridge control possible 0000:00:02.0
[    0.832581] SCSI subsystem initialized
[    0.836414] ACPI: bus type USB registered
[    0.840047] usbcore: registered new interface driver usbfs
[    0.844025] usbcore: registered new interface driver hub
[    0.848130] usbcore: registered new device driver usb
[    0.856708] PCI: Using ACPI for IRQ routing
[    0.864265] NetLabel: Initializing
[    0.867064] NetLabel:  domain hash size = 128
[    0.868002] NetLabel:  protocols = UNLABELED CIPSOv4
[    0.872021] NetLabel:  unlabeled traffic allowed by default
[    0.876183] amd_nb: Cannot enumerate AMD northbridges
[    0.880485] clocksource: Switched to clocksource kvm-clock
[    0.926279] AppArmor: AppArmor Filesystem Enabled
[    0.929800] pnp: PnP ACPI init
[    0.929800] pnp: PnP ACPI: found 3 devices
[    0.985530] clocksource: acpi_pm: mask: 0xffffff max_cycles: 0xffffff, max_idle_ns: 2085701024 ns
[    0.988560] NET: Registered protocol family 2
[    0.999101] TCP established hash table entries: 8192 (order: 4, 65536 bytes)
[    1.001914] TCP bind hash table entries: 8192 (order: 5, 131072 bytes)
[    1.001914] TCP: Hash tables configured (established 8192 bind 8192)
[    1.001914] UDP hash table entries: 512 (order: 2, 16384 bytes)
[    1.001914] UDP-Lite hash table entries: 512 (order: 2, 16384 bytes)
[    1.001914] NET: Registered protocol family 1
[    1.001914] pci 0000:00:00.0: Limiting direct PCI/PCI transfers
[    1.001914] pci 0000:00:01.0: Activating ISA DMA hang workarounds
[    1.001914] Unpacking initramfs...
[    1.540163] Freeing initrd memory: 15440K
[    1.544562] clocksource: tsc: mask: 0xffffffffffffffff max_cycles: 0x311fd208cfc, max_idle_ns: 440795283699 ns
[    1.552278] platform rtc_cmos: registered platform RTC device (no PNP device found)
[    1.559271] Scanning for low memory corruption every 60 seconds
[    1.566979] audit: initializing netlink subsys (disabled)
[    1.573516] audit: type=2000 audit(1616684228.896:1): initialized
[    1.579447] Initialise system trusted keyring
[    1.585262] HugeTLB registered 2 MB page size, pre-allocated 0 pages
[    1.593209] zbud: loaded
[    1.596972] VFS: Disk quotas dquot_6.6.0
[    1.601310] VFS: Dquot-cache hash table entries: 512 (order 0, 4096 bytes)
[    1.608071] squashfs: version 4.0 (2009/01/31) Phillip Lougher
[    1.615428] fuse init (API version 7.23)
[    1.620542] Key type big_key registered
[    1.623483] Allocating IMA MOK and blacklist keyrings.
[    1.645957] Key type asymmetric registered
[    1.649904] Asymmetric key parser 'x509' registered
[    1.654322] Block layer SCSI generic (bsg) driver version 0.4 loaded (major 249)
[    1.661246] io scheduler noop registered
[    1.664963] io scheduler deadline registered (default)
[    1.670031] io scheduler cfq registered
[    1.673841] pci_hotplug: PCI Hot Plug PCI Core version: 0.5
[    1.680138] pciehp: PCI Express Hot Plug Controller Driver version: 0.4
[    1.686826] ACPI: AC Adapter [AC] (on-line)
[    1.692481] input: Power Button as /devices/LNXSYSTM:00/LNXPWRBN:00/input/input0
[    1.698425] ACPI: Power Button [PWRF]
[    1.702438] input: Sleep Button as /devices/LNXSYSTM:00/LNXSLPBN:00/input/input1
[    1.710589] ACPI: Sleep Button [SLPF]
[    1.714717] GHES: HEST is not enabled!
[    1.718551] Serial: 8250/16550 driver, 32 ports, IRQ sharing enabled
[    1.749081] 00:02: ttyS0 at I/O 0x3f8 (irq = 4, base_baud = 115200) is a 16550A
[    1.776396] Linux agpgart interface v0.103
[    1.799693] loop: module loaded
[    1.806099] scsi host0: ata_piix
[    1.810346] scsi host1: ata_piix
[    1.813364] ata1: PATA max UDMA/33 cmd 0x1f0 ctl 0x3f6 bmdma 0xd000 irq 14
[    1.814268] ata2: PATA max UDMA/33 cmd 0x170 ctl 0x376 bmdma 0xd008 irq 15
[    1.824518] libphy: Fixed MDIO Bus: probed
[    1.829236] tun: Universal TUN/TAP device driver, 1.6
[    1.833278] tun: (C) 1999-2004 Max Krasnyansky <maxk@qualcomm.com>
[    1.839103] PPP generic driver version 2.4.2
[    1.843226] ehci_hcd: USB 2.0 'Enhanced' Host Controller (EHCI) Driver
[    1.849453] ehci-pci: EHCI PCI platform driver
[    1.853316] ehci-platform: EHCI generic platform driver
[    1.857369] ohci_hcd: USB 1.1 'Open' Host Controller (OHCI) Driver
[    1.863176] ohci-pci: OHCI PCI platform driver
[    1.867717] ohci-platform: OHCI generic platform driver
[    1.873150] uhci_hcd: USB Universal Host Controller Interface driver
[    1.878272] i8042: PNP: PS/2 Controller [PNP0303:PS2K,PNP0f03:PS2M] at 0x60,0x64 irq 1,12
[    1.889296] serio: i8042 KBD port at 0x60,0x64 irq 1
[    1.893850] serio: i8042 AUX port at 0x60,0x64 irq 12
[    1.899359] mousedev: PS/2 mouse device common for all mice
[    1.909251] rtc_cmos rtc_cmos: rtc core: registered rtc_cmos as rtc0
[    1.917008] input: AT Translated Set 2 keyboard as /devices/platform/i8042/serio0/input/input2
[    1.925317] rtc_cmos rtc_cmos: alarms up to one day, 114 bytes nvram
[    1.931287] i2c /dev entries driver
[    1.935156] device-mapper: uevent: version 1.0.3
[    1.941028] device-mapper: ioctl: 4.34.0-ioctl (2015-10-28) initialised: dm-devel@redhat.com
[    1.950217] ledtrig-cpu: registered to indicate activity on CPUs
[    1.958246] NET: Registered protocol family 10
[    1.964127] NET: Registered protocol family 17
[    1.968776] Key type dns_resolver registered
[    1.975008] registered taskstats version 1
[    1.979726] Loading compiled-in X.509 certificates
[    1.984716] Loaded X.509 cert 'Build time autogenerated kernel key: f06b7227f29f55afa9b8968d1b82289d30ebc7c3'
[    1.993825] zswap: loaded using pool lzo/zbud
[    2.046828] Key type trusted registered
[    2.061793] Key type encrypted registered
[    2.066232] AppArmor: AppArmor sha1 policy hashing enabled
[    2.071329] ima: No TPM chip found, activating TPM-bypass!
[    2.077378] ima: Allocated hash algorithm: sha1
[    2.081627] evm: HMAC attrs: 0x1
[    2.086998]   Magic number: 13:786:991
[    2.091622] rtc_cmos rtc_cmos: setting system clock to 2021-03-25 14:57:03 UTC (1616684223)
[    2.101379] BIOS EDD facility v0.16 2004-Jun-25, 0 devices found
[    2.108780] EDD information not available.
[    2.115283] Freeing unused kernel memory: 1492K
[    2.132723] Write protecting the kernel read-only data: 14336k
[    2.139624] Freeing unused kernel memory: 1592K
[    2.145089] Freeing unused kernel memory: 56K
Loading, please wait...
starting version 229
[    2.180322] random: systemd-udevd: uninitialized urandom read (16 bytes read, 5 bits of entropy available)
[    2.181042] random: udevadm: uninitialized urandom read (16 bytes read, 5 bits of entropy available)
[    2.181060] random: udevadm: uninitialized urandom read (16 bytes read, 5 bits of entropy available)
[    2.197882] random: udevadm: uninitialized urandom read (16 bytes read, 5 bits of entropy available)
[    2.197914] random: udevadm: uninitialized urandom read (16 bytes read, 5 bits of entropy available)
[    2.198067] random: udevadm: uninitialized urandom read (16 bytes read, 5 bits of entropy available)
[    2.198144] random: udevadm: uninitialized urandom read (16 bytes read, 5 bits of entropy available)
[    2.198238] random: udevadm: uninitialized urandom read (16 bytes read, 5 bits of entropy available)
[    2.198280] random: udevadm: uninitialized urandom read (16 bytes read, 5 bits of entropy available)
[    2.198317] random: udevadm: uninitialized urandom read (16 bytes read, 5 bits of entropy available)
[    2.313068] Fusion MPT base driver 3.04.20
[    2.316967] Copyright (c) 1999-2008 LSI Corporation
[    2.322940] e1000: Intel(R) PRO/1000 Network Driver - version 7.3.21-k8-NAPI
[    2.326002] e1000: Copyright (c) 1999-2006 Intel Corporation.
[    2.358171] Fusion MPT SPI Host driver 3.04.20
[    2.850802] input: ImExPS/2 Generic Explorer Mouse as /devices/platform/i8042/serio1/input/input4
[    3.090072] e1000 0000:00:03.0 eth0: (PCI:33MHz:32-bit) 02:ba:b8:ca:39:a3
[    3.096481] e1000 0000:00:03.0 eth0: Intel(R) PRO/1000 Network Connection
[    3.105517] mptbase: ioc0: Initiating bringup
[    3.388025] ioc0: LSI53C1030 A0: Capabilities={Initiator}
[    3.910430] scsi host2: ioc0: LSI53C1030 A0, FwRev=00000000h, Ports=1, MaxQ=256, IRQ=20
[    4.073488] scsi 2:0:0:0: Direct-Access     VBOX     HARDDISK         1.0  PQ: 0 ANSI: 5
[    4.102825] scsi target2:0:0: Beginning Domain Validation
[    4.118459] scsi target2:0:0: Domain Validation skipping write tests
[    4.124220] scsi target2:0:0: Ending Domain Validation
[    4.129284] scsi target2:0:0: asynchronous
[    4.136385] scsi 2:0:1:0: Direct-Access     VBOX     HARDDISK         1.0  PQ: 0 ANSI: 5
[    4.143586] scsi target2:0:1: Beginning Domain Validation
[    4.158540] scsi target2:0:1: Domain Validation skipping write tests
[    4.165284] scsi target2:0:1: Ending Domain Validation
[    4.171184] scsi target2:0:1: asynchronous
[    4.197497] sd 2:0:0:0: Attached scsi generic sg0 type 0
[    4.202736] sd 2:0:0:0: [sda] 20971520 512-byte logical blocks: (10.7 GB/10.0 GiB)
[    4.212503] sd 2:0:1:0: [sdb] 20480 512-byte logical blocks: (10.5 MB/10.0 MiB)
[    4.220288] sd 2:0:1:0: Attached scsi generic sg1 type 0
[    4.225743] sd 2:0:0:0: [sda] Write Protect is off
[    4.230855] sd 2:0:1:0: [sdb] Write Protect is off
[    4.259475] sd 2:0:0:0: [sda] Incomplete mode parameter data
[    4.265553] sd 2:0:0:0: [sda] Assuming drive cache: write through
[    4.270785] sd 2:0:1:0: [sdb] Incomplete mode parameter data
[    4.275749] sd 2:0:1:0: [sdb] Assuming drive cache: write through
[    4.303194]  sda: sda1
[    4.309158] sd 2:0:0:0: [sda] Attached SCSI disk
[    4.322287] sd 2:0:1:0: [sdb] Attached SCSI disk
[    5.038386] e1000 0000:00:08.0 eth1: (PCI:33MHz:32-bit) 08:00:27:b4:10:e7
[    5.050994] e1000 0000:00:08.0 eth1: Intel(R) PRO/1000 Network Connection
[    5.063050] e1000 0000:00:03.0 enp0s3: renamed from eth0
[    5.089192] e1000 0000:00:08.0 enp0s8: renamed from eth1
Begin: Loading essential drivers ... [    6.725911] md: linear personality registered for level -1
[    6.737186] md: multipath personality registered for level -4
[    6.746669] md: raid0 personality registered for level 0
[    6.767736] md: raid1 personality registered for level 1
