[    0.000000] Initializing cgroup subsys cpuset
[    0.000000] Initializing cgroup subsys cpu
[    0.000000] Initializing cgroup subsys cpuacct
[    0.000000] Linux version 4.4.0-201-generic (buildd@lgw01-amd64-044) (gcc version 5.4.0 20160609 (Ubuntu 5.4.0-6ubuntu1~16.04.12) ) #233-Ubuntu SMP Thu Jan 14 06:10:28 UTC 2021 (Ubuntu 4.4.0-201.233-generic 4.4.247)
[    0.000000] Command line: BOOT_IMAGE=/boot/vmlinuz-4.4.0-201-generic root=UUID=f7b43405-fdce-4bb1-b4fb-264548858b21 ro console=tty1 console=ttyS0
[    0.000000] KERNEL supported cpus:
[    0.000000]   Intel GenuineIntel
[    0.000000]   AMD AuthenticAMD
[    0.000000]   Centaur CentaurHauls
[    0.000000] x86/fpu: xstate_offset[2]:  576, xstate_sizes[2]:  256
[    0.000000] x86/fpu: Supporting XSAVE feature 0x01: 'x87 floating point registers'
[    0.000000] x86/fpu: Supporting XSAVE feature 0x02: 'SSE registers'
[    0.000000] x86/fpu: Supporting XSAVE feature 0x04: 'AVX registers'
[    0.000000] x86/fpu: Enabled xstate features 0x7, context size is 832 bytes, using 'standard' format.
[    0.000000] e820: BIOS-provided physical RAM map:
[    0.000000] BIOS-e820: [mem 0x0000000000000000-0x000000000009fbff] usable
[    0.000000] BIOS-e820: [mem 0x000000000009fc00-0x000000000009ffff] reserved
[    0.000000] BIOS-e820: [mem 0x00000000000f0000-0x00000000000fffff] reserved
[    0.000000] BIOS-e820: [mem 0x0000000000100000-0x000000007ffeffff] usable
[    0.000000] BIOS-e820: [mem 0x000000007fff0000-0x000000007fffffff] ACPI data
[    0.000000] BIOS-e820: [mem 0x00000000fec00000-0x00000000fec00fff] reserved
[    0.000000] BIOS-e820: [mem 0x00000000fee00000-0x00000000fee00fff] reserved
[    0.000000] BIOS-e820: [mem 0x00000000fffc0000-0x00000000ffffffff] reserved
[    0.000000] NX (Execute Disable) protection: active
[    0.000000] SMBIOS 2.5 present.
[    0.000000] Hypervisor detected: KVM
[    0.000000] e820: last_pfn = 0x7fff0 max_arch_pfn = 0x400000000
[    0.000000] MTRR: Disabled
[    0.000000] x86/PAT: MTRRs disabled, skipping PAT initialization too.
[    0.000000] CPU MTRRs all blank - virtualized system.
[    0.000000] x86/PAT: Configuration [0-7]: WB  WT  UC- UC  WB  WT  UC- UC  
[    0.000000] found SMP MP-table at [mem 0x0009fff0-0x0009ffff] mapped at [ffff88000009fff0]
[    0.000000] Scanning 1 areas for low memory corruption
[    0.000000] RAMDISK: [mem 0x361c8000-0x370dbfff]
[    0.000000] ACPI: Early table checksum verification disabled
[    0.000000] ACPI: RSDP 0x00000000000E0000 000024 (v02 VBOX  )
[    0.000000] ACPI: XSDT 0x000000007FFF0030 00003C (v01 VBOX   VBOXXSDT 00000001 ASL  00000061)
[    0.000000] ACPI: FACP 0x000000007FFF00F0 0000F4 (v04 VBOX   VBOXFACP 00000001 ASL  00000061)
[    0.000000] ACPI: DSDT 0x000000007FFF0470 002325 (v02 VBOX   VBOXBIOS 00000002 INTL 20100528)
[    0.000000] ACPI: FACS 0x000000007FFF0200 000040
[    0.000000] ACPI: FACS 0x000000007FFF0200 000040
[    0.000000] ACPI: APIC 0x000000007FFF0240 00005C (v02 VBOX   VBOXAPIC 00000001 ASL  00000061)
[    0.000000] ACPI: SSDT 0x000000007FFF02A0 0001CC (v01 VBOX   VBOXCPUT 00000002 INTL 20100528)
[    0.000000] No NUMA configuration found
[    0.000000] Faking a node at [mem 0x0000000000000000-0x000000007ffeffff]
[    0.000000] NODE_DATA(0) allocated [mem 0x7ffeb000-0x7ffeffff]
[    0.000000] kvm-clock: Using msrs 4b564d01 and 4b564d00
[    0.000000] kvm-clock: cpu 0, msr 0:7ffe3001, primary cpu clock
[    0.000000] kvm-clock: using sched offset of 8004554741 cycles
[    0.000000] clocksource: kvm-clock: mask: 0xffffffffffffffff max_cycles: 0x1cd42e4dffb, max_idle_ns: 881590591483 ns
[    0.000000] Zone ranges:
[    0.000000]   DMA      [mem 0x0000000000001000-0x0000000000ffffff]
[    0.000000]   DMA32    [mem 0x0000000001000000-0x000000007ffeffff]
[    0.000000]   Normal   empty
[    0.000000]   Device   empty
[    0.000000] Movable zone start for each node
[    0.000000] Early memory node ranges
[    0.000000]   node   0: [mem 0x0000000000001000-0x000000000009efff]
[    0.000000]   node   0: [mem 0x0000000000100000-0x000000007ffeffff]
[    0.000000] Initmem setup node 0 [mem 0x0000000000001000-0x000000007ffeffff]
[    0.000000] ACPI: PM-Timer IO Port: 0x4008
[    0.000000] IOAPIC[0]: apic_id 2, version 32, address 0xfec00000, GSI 0-23
[    0.000000] ACPI: INT_SRC_OVR (bus 0 bus_irq 0 global_irq 2 dfl dfl)
[    0.000000] ACPI: INT_SRC_OVR (bus 0 bus_irq 9 global_irq 9 low level)
[    0.000000] Using ACPI (MADT) for SMP configuration information
[    0.000000] smpboot: Allowing 2 CPUs, 0 hotplug CPUs
[    0.000000] PM: Registered nosave memory: [mem 0x00000000-0x00000fff]
[    0.000000] PM: Registered nosave memory: [mem 0x0009f000-0x0009ffff]
[    0.000000] PM: Registered nosave memory: [mem 0x000a0000-0x000effff]
[    0.000000] PM: Registered nosave memory: [mem 0x000f0000-0x000fffff]
[    0.000000] e820: [mem 0x80000000-0xfebfffff] available for PCI devices
[    0.000000] Booting paravirtualized kernel on KVM
[    0.000000] clocksource: refined-jiffies: mask: 0xffffffff max_cycles: 0xffffffff, max_idle_ns: 7645519600211568 ns
[    0.000000] setup_percpu: NR_CPUS:512 nr_cpumask_bits:512 nr_cpu_ids:2 nr_node_ids:1
[    0.000000] PERCPU: Embedded 33 pages/cpu @ffff88007fc00000 s95640 r8192 d31336 u1048576
[    0.000000] Built 1 zonelists in Node order, mobility grouping on.  Total pages: 515960
[    0.000000] Policy zone: DMA32
[    0.000000] Kernel command line: BOOT_IMAGE=/boot/vmlinuz-4.4.0-201-generic root=UUID=f7b43405-fdce-4bb1-b4fb-264548858b21 ro console=tty1 console=ttyS0
[    0.000000] PID hash table entries: 4096 (order: 3, 32768 bytes)
[    0.000000] Memory: 2029296K/2096696K available (8641K kernel code, 1337K rwdata, 4044K rodata, 1492K init, 1296K bss, 67400K reserved, 0K cma-reserved)
[    0.000000] SLUB: HWalign=64, Order=0-3, MinObjects=0, CPUs=2, Nodes=1
[    0.000000] Kernel/User page tables isolation: enabled
[    0.000000] Hierarchical RCU implementation.
[    0.000000] 	Build-time adjustment of leaf fanout to 64.
[    0.000000] 	RCU restricting CPUs from NR_CPUS=512 to nr_cpu_ids=2.
[    0.000000] RCU: Adjusting geometry for rcu_fanout_leaf=64, nr_cpu_ids=2
[    0.000000] NR_IRQS:33024 nr_irqs:440 16
[    0.000000] Console: colour VGA+ 80x25
[    0.000000] console [tty1] enabled
[    0.000000] console [ttyS0] enabled
[    0.000000] tsc: Detected 3408.004 MHz processor
[    0.195309] Calibrating delay loop (skipped) preset value.. 6816.00 BogoMIPS (lpj=13632016)
[    0.197438] pid_max: default: 32768 minimum: 301
[    0.198593] ACPI: Core revision 20150930
[    0.201278] ACPI: 2 ACPI AML tables successfully acquired and loaded
[    0.202977] Security Framework initialized
[    0.204004] Yama: becoming mindful.
[    0.204889] AppArmor: AppArmor initialized
[    0.208644] Dentry cache hash table entries: 262144 (order: 9, 2097152 bytes)
[    0.210519] Inode-cache hash table entries: 131072 (order: 8, 1048576 bytes)
[    0.214758] Mount-cache hash table entries: 4096 (order: 3, 32768 bytes)
[    0.216303] Mountpoint-cache hash table entries: 4096 (order: 3, 32768 bytes)
[    0.218050] Initializing cgroup subsys io
[    0.219143] Initializing cgroup subsys memory
[    0.220242] Initializing cgroup subsys devices
[    0.221376] Initializing cgroup subsys freezer
[    0.222668] Initializing cgroup subsys net_cls
[    0.223738] Initializing cgroup subsys perf_event
[    0.224965] Initializing cgroup subsys net_prio
[    0.226125] Initializing cgroup subsys hugetlb
[    0.227270] Initializing cgroup subsys pids
[    0.229441] mce: CPU supports 0 MCE banks
[    0.230499] Last level iTLB entries: 4KB 64, 2MB 8, 4MB 8
[    0.231712] Last level dTLB entries: 4KB 64, 2MB 0, 4MB 0, 1GB 4
[    0.233124] Spectre V1 : Mitigation: usercopy/swapgs barriers and __user pointer sanitization
[    0.235275] Spectre V2 : Mitigation: Full generic retpoline
[    0.236579] Spectre V2 : Spectre v2 / SpectreRSB mitigation: Filling RSB on context switch
[    0.238667] Speculative Store Bypass: Vulnerable
[    0.239796] SRBDS: Unknown: Dependent on hypervisor status
[    0.241385] MDS: Mitigation: Clear CPU buffers
[    0.245223] Freeing SMP alternatives memory: 36K
[    0.252130] ftrace: allocating 32361 entries in 127 pages
[    0.313549] smpboot: APIC(0) Converting physical 0 to logical package 0
[    0.315092] smpboot: Max logical packages: 1
[    0.316502] x2apic enabled
[    0.317564] Switched APIC routing to physical x2apic.
[    0.320356] ..TIMER: vector=0x30 apic1=0 pin1=2 apic2=-1 pin2=-1
[    0.429889] smpboot: CPU0: Intel(R) Core(TM) i7-6700 CPU @ 3.40GHz (family: 0x6, model: 0x5e, stepping: 0x3)
[    0.432399] Performance Events: unsupported p6 CPU model 94 no PMU driver, software events only.
[    0.445150] KVM setup paravirtual spinlock
[    0.449457] x86: Booting SMP configuration:
[    0.450756] .... node  #0, CPUs:      #1
[    0.451880] kvm-clock: cpu 1, msr 0:7ffe3041, secondary cpu clock
[    0.454078] mce: CPU supports 0 MCE banks
[    0.456726] x86: Booted up 1 node, 2 CPUs
[    0.458012] smpboot: Total of 2 processors activated (13632.01 BogoMIPS)
[    0.460101] devtmpfs: initialized
[    0.462781] evm: security.selinux
[    0.463732] evm: security.SMACK64
[    0.464685] evm: security.SMACK64EXEC
[    0.465769] evm: security.SMACK64TRANSMUTE
[    0.466759] evm: security.SMACK64MMAP
[    0.467681] evm: security.ima
[    0.468552] evm: security.capability
[    0.470070] clocksource: jiffies: mask: 0xffffffff max_cycles: 0xffffffff, max_idle_ns: 7645041785100000 ns
[    0.472538] futex hash table entries: 512 (order: 3, 32768 bytes)
[    0.474381] pinctrl core: initialized pinctrl subsystem
[    0.475687] RTC time:  7:27:26, date: 02/15/21
[    0.477273] NET: Registered protocol family 16
[    0.491145] cpuidle: using governor ladder
[    0.503246] cpuidle: using governor menu
[    0.504332] PCCT header not found.
[    0.505417] ACPI: bus type PCI registered
[    0.506598] acpiphp: ACPI Hot Plug PCI Controller Driver version: 0.5
[    0.508270] PCI: Using configuration type 1 for base access
[    0.523713] ACPI: Added _OSI(Module Device)
[    0.524824] ACPI: Added _OSI(Processor Device)
[    0.525940] ACPI: Added _OSI(3.0 _SCP Extensions)
[    0.527216] ACPI: Added _OSI(Processor Aggregator Device)
[    0.529224] ACPI: Executed 1 blocks of module-level executable AML code
[    0.533157] ACPI: Interpreter enabled
[    0.534312] ACPI: (supports S0 S5)
[    0.535211] ACPI: Using IOAPIC for interrupt routing
[    0.536502] PCI: Using host bridge windows from ACPI; if necessary, use "pci=nocrs" and report a bug
[    0.542415] ACPI: PCI Root Bridge [PCI0] (domain 0000 [bus 00-ff])
[    0.543846] acpi PNP0A03:00: _OSC: OS supports [ASPM ClockPM Segments MSI]
[    0.545782] acpi PNP0A03:00: _OSC: not requesting OS control; OS requires [ExtendedConfig ASPM ClockPM MSI]
[    0.548116] acpi PNP0A03:00: fail to add MMCONFIG information, can't access extended PCI configuration space under this bridge.
[    0.551094] PCI host bridge to bus 0000:00
[    0.552152] pci_bus 0000:00: root bus resource [io  0x0000-0x0cf7 window]
[    0.553811] pci_bus 0000:00: root bus resource [io  0x0d00-0xffff window]
[    0.555294] pci_bus 0000:00: root bus resource [mem 0x000a0000-0x000bffff window]
[    0.557052] pci_bus 0000:00: root bus resource [mem 0x80000000-0xfdffffff window]
[    0.559236] pci_bus 0000:00: root bus resource [bus 00-ff]
[    0.562552] pci 0000:00:01.1: legacy IDE quirk: reg 0x10: [io  0x01f0-0x01f7]
[    0.564042] pci 0000:00:01.1: legacy IDE quirk: reg 0x14: [io  0x03f6]
[    0.565631] pci 0000:00:01.1: legacy IDE quirk: reg 0x18: [io  0x0170-0x0177]
[    0.579161] pci 0000:00:01.1: legacy IDE quirk: reg 0x1c: [io  0x0376]
[    0.599059] pci 0000:00:07.0: quirk: [io  0x4000-0x403f] claimed by PIIX4 ACPI
[    0.600978] pci 0000:00:07.0: quirk: [io  0x4100-0x410f] claimed by PIIX4 SMB
[    0.616615] ACPI: PCI Interrupt Link [LNKA] (IRQs 5 9 10 *11)
[    0.618823] ACPI: PCI Interrupt Link [LNKB] (IRQs 5 9 *10 11)
[    0.620863] ACPI: PCI Interrupt Link [LNKC] (IRQs 5 *9 10 11)
[    0.622794] ACPI: PCI Interrupt Link [LNKD] (IRQs 5 9 10 *11)
[    0.624756] ACPI: Enabled 2 GPEs in block 00 to 07
[    0.626551] vgaarb: setting as boot device: PCI:0000:00:02.0
[    0.627943] vgaarb: device added: PCI:0000:00:02.0,decodes=io+mem,owns=io+mem,locks=none
[    0.630116] vgaarb: loaded
[    0.630949] vgaarb: bridge control possible 0000:00:02.0
[    0.632455] SCSI subsystem initialized
[    0.633762] ACPI: bus type USB registered
[    0.634794] usbcore: registered new interface driver usbfs
[    0.636122] usbcore: registered new interface driver hub
[    0.637730] usbcore: registered new device driver usb
[    0.639303] PCI: Using ACPI for IRQ routing
[    0.640768] NetLabel: Initializing
[    0.642029] NetLabel:  domain hash size = 128
[    0.643380] NetLabel:  protocols = UNLABELED CIPSOv4
[    0.644746] NetLabel:  unlabeled traffic allowed by default
[    0.646596] amd_nb: Cannot enumerate AMD northbridges
[    0.647880] clocksource: Switched to clocksource kvm-clock
[    0.659308] AppArmor: AppArmor Filesystem Enabled
[    0.660537] pnp: PnP ACPI init
[    0.662243] pnp: PnP ACPI: found 3 devices
[    0.678110] clocksource: acpi_pm: mask: 0xffffff max_cycles: 0xffffff, max_idle_ns: 2085701024 ns
[    0.680550] NET: Registered protocol family 2
[    0.681851] TCP established hash table entries: 16384 (order: 5, 131072 bytes)
[    0.683784] TCP bind hash table entries: 16384 (order: 6, 262144 bytes)
[    0.685387] TCP: Hash tables configured (established 16384 bind 16384)
[    0.686927] UDP hash table entries: 1024 (order: 3, 32768 bytes)
[    0.688320] UDP-Lite hash table entries: 1024 (order: 3, 32768 bytes)
[    0.689718] NET: Registered protocol family 1
[    0.690943] pci 0000:00:00.0: Limiting direct PCI/PCI transfers
[    0.692506] pci 0000:00:01.0: Activating ISA DMA hang workarounds
[    0.694373] Unpacking initramfs...
[    0.925672] Freeing initrd memory: 15440K
[    0.926816] clocksource: tsc: mask: 0xffffffffffffffff max_cycles: 0x311fd7ed0ff, max_idle_ns: 440795285512 ns
[    0.929280] platform rtc_cmos: registered platform RTC device (no PNP device found)
[    0.931246] Scanning for low memory corruption every 60 seconds
[    0.933337] audit: initializing netlink subsys (disabled)
[    0.934595] audit: type=2000 audit(1613374056.386:1): initialized
[    0.936182] Initialise system trusted keyring
[    0.937538] HugeTLB registered 2 MB page size, pre-allocated 0 pages
[    0.940025] zbud: loaded
[    0.941468] VFS: Disk quotas dquot_6.6.0
[    0.942530] VFS: Dquot-cache hash table entries: 512 (order 0, 4096 bytes)
[    0.944357] squashfs: version 4.0 (2009/01/31) Phillip Lougher
[    0.946059] fuse init (API version 7.23)
[    0.947329] Key type big_key registered
[    0.948487] Allocating IMA MOK and blacklist keyrings.
[    0.952138] Key type asymmetric registered
[    0.953185] Asymmetric key parser 'x509' registered
[    0.954388] Block layer SCSI generic (bsg) driver version 0.4 loaded (major 249)
[    0.956364] io scheduler noop registered
[    0.957376] io scheduler deadline registered (default)
[    0.958618] io scheduler cfq registered
[    0.959726] pci_hotplug: PCI Hot Plug PCI Core version: 0.5
[    0.961058] pciehp: PCI Express Hot Plug Controller Driver version: 0.4
[    0.962725] ACPI: AC Adapter [AC] (on-line)
[    0.964128] input: Power Button as /devices/LNXSYSTM:00/LNXPWRBN:00/input/input0
[    0.966189] ACPI: Power Button [PWRF]
[    0.967227] input: Sleep Button as /devices/LNXSYSTM:00/LNXSLPBN:00/input/input1
[    0.969185] ACPI: Sleep Button [SLPF]
[    0.970480] GHES: HEST is not enabled!
[    0.971686] Serial: 8250/16550 driver, 32 ports, IRQ sharing enabled
[    0.993807] 00:02: ttyS0 at I/O 0x3f8 (irq = 4, base_baud = 115200) is a 16550A
[    0.999061] Linux agpgart interface v0.103
[    1.001667] loop: module loaded
[    1.003092] scsi host0: ata_piix
[    1.004114] scsi host1: ata_piix
[    1.005174] ata1: PATA max UDMA/33 cmd 0x1f0 ctl 0x3f6 bmdma 0xd000 irq 14
[    1.006797] ata2: PATA max UDMA/33 cmd 0x170 ctl 0x376 bmdma 0xd008 irq 15
[    1.008430] libphy: Fixed MDIO Bus: probed
[    1.009492] tun: Universal TUN/TAP device driver, 1.6
[    1.010726] tun: (C) 1999-2004 Max Krasnyansky <maxk@qualcomm.com>
[    1.012341] PPP generic driver version 2.4.2
[    1.013634] ehci_hcd: USB 2.0 'Enhanced' Host Controller (EHCI) Driver
[    1.015310] ehci-pci: EHCI PCI platform driver
[    1.016578] ehci-platform: EHCI generic platform driver
[    1.017930] ohci_hcd: USB 1.1 'Open' Host Controller (OHCI) Driver
[    1.019358] ohci-pci: OHCI PCI platform driver
[    1.020567] ohci-platform: OHCI generic platform driver
[    1.021875] uhci_hcd: USB Universal Host Controller Interface driver
[    1.023449] i8042: PNP: PS/2 Controller [PNP0303:PS2K,PNP0f03:PS2M] at 0x60,0x64 irq 1,12
[    1.025923] serio: i8042 KBD port at 0x60,0x64 irq 1
[    1.027199] serio: i8042 AUX port at 0x60,0x64 irq 12
[    1.028890] mousedev: PS/2 mouse device common for all mice
[    1.030739] input: AT Translated Set 2 keyboard as /devices/platform/i8042/serio0/input/input2
[    1.033424] rtc_cmos rtc_cmos: rtc core: registered rtc_cmos as rtc0
[    1.035070] rtc_cmos rtc_cmos: alarms up to one day, 114 bytes nvram
[    1.036606] i2c /dev entries driver
[    1.037636] device-mapper: uevent: version 1.0.3
[    1.039026] device-mapper: ioctl: 4.34.0-ioctl (2015-10-28) initialised: dm-devel@redhat.com
[    1.041130] ledtrig-cpu: registered to indicate activity on CPUs
[    1.043048] NET: Registered protocol family 10
[    1.044448] NET: Registered protocol family 17
[    1.045611] Key type dns_resolver registered
[    1.047402] registered taskstats version 1
[    1.048584] Loading compiled-in X.509 certificates
[    1.050253] Loaded X.509 cert 'Build time autogenerated kernel key: 9e5e2330314f2a00b0409bdb338e201244d5149f'
[    1.052726] zswap: loaded using pool lzo/zbud
[    1.055742] Key type trusted registered
[    1.060463] Key type encrypted registered
[    1.061479] AppArmor: AppArmor sha1 policy hashing enabled
[    1.062976] ima: No TPM chip found, activating TPM-bypass!
[    1.064259] ima: Allocated hash algorithm: sha1
[    1.065419] evm: HMAC attrs: 0x1
[    1.066779]   Magic number: 9:767:470
[    1.067966] rtc_cmos rtc_cmos: setting system clock to 2021-02-15 07:27:27 UTC (1613374047)
[    1.070247] BIOS EDD facility v0.16 2004-Jun-25, 0 devices found
[    1.071700] EDD information not available.
[    1.202027] Freeing unused kernel memory: 1492K
[    1.204118] Write protecting the kernel read-only data: 14336k
[    1.207478] Freeing unused kernel memory: 1588K
[    1.209958] Freeing unused kernel memory: 52K
Loading, please wait...
starting version 229
[    1.240353] random: systemd-udevd: uninitialized urandom read (16 bytes read, 3 bits of entropy available)
[    1.242163] random: udevadm: uninitialized urandom read (16 bytes read, 3 bits of entropy available)
[    1.242235] random: udevadm: uninitialized urandom read (16 bytes read, 3 bits of entropy available)
[    1.265359] random: systemd-udevd: uninitialized urandom read (16 bytes read, 3 bits of entropy available)
[    1.268875] random: udevadm: uninitialized urandom read (16 bytes read, 3 bits of entropy available)
[    1.268944] random: udevadm: uninitialized urandom read (16 bytes read, 3 bits of entropy available)
[    1.269182] random: udevadm: uninitialized urandom read (16 bytes read, 3 bits of entropy available)
[    1.269267] random: udevadm: uninitialized urandom read (16 bytes read, 3 bits of entropy available)
[    1.269354] random: udevadm: uninitialized urandom read (16 bytes read, 3 bits of entropy available)
[    1.269440] random: udevadm: uninitialized urandom read (16 bytes read, 3 bits of entropy available)
[    1.321455] e1000: Intel(R) PRO/1000 Network Driver - version 7.3.21-k8-NAPI
[    1.323127] e1000: Copyright (c) 1999-2006 Intel Corporation.
[    1.326199] Fusion MPT base driver 3.04.20
[    1.327275] Copyright (c) 1999-2008 LSI Corporation
[    1.341378] Fusion MPT SPI Host driver 3.04.20
[    1.354912] AVX2 version of gcm_enc/dec engaged.
[    1.356096] AES CTR mode by8 optimization enabled
[    1.541697] input: ImExPS/2 Generic Explorer Mouse as /devices/platform/i8042/serio1/input/input4
[    1.736530] e1000 0000:00:03.0 eth0: (PCI:33MHz:32-bit) 02:ba:b8:ca:39:a3
[    1.738242] e1000 0000:00:03.0 eth0: Intel(R) PRO/1000 Network Connection
[    2.121067] e1000 0000:00:08.0 eth1: (PCI:33MHz:32-bit) 08:00:27:ab:2e:65
[    2.122707] e1000 0000:00:08.0 eth1: Intel(R) PRO/1000 Network Connection
[    2.125641] e1000 0000:00:03.0 enp0s3: renamed from eth0
[    2.127449] mptbase: ioc0: Initiating bringup
[    2.137067] e1000 0000:00:08.0 enp0s8: renamed from eth1
[    2.737070] ioc0: LSI53C1030 A0: Capabilities={Initiator}
[    4.992927] scsi host2: ioc0: LSI53C1030 A0, FwRev=00000000h, Ports=1, MaxQ=256, IRQ=20
[    7.081111] scsi 2:0:0:0: Direct-Access     VBOX     HARDDISK         1.0  PQ: 0 ANSI: 5
[    7.090179] scsi target2:0:0: Beginning Domain Validation
[    7.102972] scsi target2:0:0: Domain Validation skipping write tests
[    7.109442] scsi target2:0:0: Ending Domain Validation
[    7.113081] scsi target2:0:0: asynchronous
[    7.116490] scsi 2:0:1:0: Direct-Access     VBOX     HARDDISK         1.0  PQ: 0 ANSI: 5
[    7.142547] scsi target2:0:1: Beginning Domain Validation
[    7.145686] scsi target2:0:1: Domain Validation skipping write tests
[    7.147140] scsi target2:0:1: Ending Domain Validation
[    7.148520] scsi target2:0:1: asynchronous
[    7.158463] sd 2:0:0:0: Attached scsi generic sg0 type 0
[    7.160029] sd 2:0:1:0: Attached scsi generic sg1 type 0
[    7.160247] sd 2:0:0:0: [sda] 20971520 512-byte logical blocks: (10.7 GB/10.0 GiB)
[    7.163374] sd 2:0:1:0: [sdb] 20480 512-byte logical blocks: (10.5 MB/10.0 MiB)
[    7.164108] sd 2:0:0:0: [sda] Write Protect is off
[    7.164284] sd 2:0:0:0: [sda] Incomplete mode parameter data
[    7.164286] sd 2:0:0:0: [sda] Assuming drive cache: write through
[    7.170606] sd 2:0:1:0: [sdb] Write Protect is off
[    7.172219] sd 2:0:1:0: [sdb] Incomplete mode parameter data
[    7.173520] sd 2:0:1:0: [sdb] Assuming drive cache: write through
[    7.178296]  sda: sda1
[    7.180424] sd 2:0:0:0: [sda] Attached SCSI disk
[    7.189812] sd 2:0:1:0: [sdb] Attached SCSI disk
Begin: Loading essential drivers ... [    8.710440] md: linear personality registered for level -1
[    8.713961] md: multipath personality registered for level -4
[    8.717493] md: raid0 personality registered for level 0
[    8.723168] md: raid1 personality registered for level 1
[    8.795968] raid6: sse2x1   gen() 12166 MB/s
[    8.864286] raid6: sse2x1   xor()  9929 MB/s
[    8.932586] raid6: sse2x2   gen() 13496 MB/s
[    8.999919] raid6: sse2x2   xor() 10812 MB/s
[    9.068248] raid6: sse2x4   gen() 18225 MB/s
[    9.136154] raid6: sse2x4   xor() 12693 MB/s
[    9.203899] raid6: avx2x1   gen() 26023 MB/s
[    9.272240] raid6: avx2x2   gen() 30233 MB/s
[    9.340125] raid6: avx2x4   gen() 32713 MB/s
[    9.341207] raid6: using algorithm avx2x4 gen() 32713 MB/s
[    9.342420] raid6: using avx2x2 recovery algorithm
[    9.344821] xor: automatically using best checksumming function:
[    9.384088]    avx       : 29435.000 MB/sec
[    9.386197] async_tx: api initialized (async)
[    9.395767] md: raid6 personality registered for level 6
[    9.397084] md: raid5 personality registered for level 5
[    9.398337] md: raid4 personality registered for level 4
[    9.405923] md: raid10 personality registered for level 10
done.
Begin: Running /scripts/init-premount ... done.
Begin: Mounting root file system ... Begin: Running /scripts/local-top ... done.
Begin: Running /scripts/local-premount ... [    9.435080] Btrfs loaded
Scanning for Btrfs filesystems
done.
Warning: fsck not present, so skipping root file system
[    9.469079] EXT4-fs (sda1): INFO: recovery required on readonly filesystem
[    9.470480] EXT4-fs (sda1): write access will be enabled during recovery
[    9.562572] EXT4-fs (sda1): orphan cleanup on readonly fs
[    9.593848] EXT4-fs (sda1): 10 orphan inodes deleted
[    9.597023] EXT4-fs (sda1): recovery complete
[    9.602299] EXT4-fs (sda1): mounted filesystem with ordered data mode. Opts: (null)
done.
Begin: Running /scripts/local-bottom ... done.
Begin: Running /scripts/init-bottom ... done.
[   10.333321] random: nonblocking pool is initialized
[   10.675804] systemd[1]: systemd 229 running in system mode. (+PAM +AUDIT +SELINUX +IMA +APPARMOR +SMACK +SYSVINIT +UTMP +LIBCRYPTSETUP +GCRYPT +GNUTLS +ACL +XZ -LZ4 +SECCOMP +BLKID +ELFUTILS +KMOD -IDN)
[   10.694392] systemd[1]: Detected virtualization oracle.
[   10.700046] systemd[1]: Detected architecture x86-64.

Welcome to [1mUbuntu 16.04.6 LTS[0m!

[   10.743018] systemd[1]: Set hostname to <snakeMulti>.
[   11.985469] systemd[1]: Listening on Device-mapper event daemon FIFOs.
[[0;32m  OK  [0m] Listening on Device-mapper event daemon FIFOs.
[   11.997051] systemd[1]: Reached target System Time Synchronized.
[[0;32m  OK  [0m] Reached target System Time Synchronized.
[   12.005117] systemd[1]: Reached target Swap.
[[0;32m  OK  [0m] Reached target Swap.
[   12.009701] systemd[1]: Listening on udev Control Socket.
[[0;32m  OK  [0m] Listening on udev Control Socket.
[   12.014944] systemd[1]: Listening on Journal Socket (/dev/log).
[[0;32m  OK  [0m] Listening on Journal Socket (/dev/log).
[   12.020565] systemd[1]: Listening on udev Kernel Socket.
[[0;32m  OK  [0m] Listening on udev Kernel Socket.
[   12.040361] systemd[1]: Listening on Journal Socket.
[[0;32m  OK  [0m] Listening on Journal Socket.
[   12.042900] systemd[1]: Listening on /dev/initctl Compatibility Named Pipe.
[[0;32m  OK  [0m] Listening on /dev/initctl Compatibility Named Pipe.
[   12.045927] systemd[1]: Listening on Syslog Socket.
[[0;32m  OK  [0m] Listening on Syslog Socket.
[   12.048438] systemd[1]: Created slice System Slice.
[[0;32m  OK  [0m] Created slice System Slice.
[   12.060487] systemd[1]: Starting Create list of required static device nodes for the current kernel...
         Starting Create list of required st... nodes for the current kernel...
[   12.065560] systemd[1]: Mounting POSIX Message Queue File System...
         Mounting POSIX Message Queue File System...
[   12.069002] systemd[1]: Mounting Debug File System...
         Mounting Debug File System...
[   12.071955] systemd[1]: Starting Nameserver information manager...
         Starting Nameserver information manager...
[   12.074960] systemd[1]: Created slice system-serial\x2dgetty.slice.
[[0;32m  OK  [0m] Created slice system-serial\x2dgetty.slice.
[   12.088070] systemd[1]: Mounting Huge Pages File System...
         Mounting Huge Pages File System...
[   12.091503] systemd[1]: Mounting RPC Pipe File System...
         Mounting RPC Pipe File System...
[   12.094110] systemd[1]: Starting Remount Root and Kernel File Systems...
         Starting Remount Root and Kernel File Systems...
[   12.104987] systemd[1]: Started Forward Password Requests to Wall Directory Watch.
[[0;32m  OK  [0m] Started Forward Password Requests to Wall Directory Watch.
[   12.108424] systemd[1]: Listening on LVM2 metadata daemon socket.
[[0;32m  OK  [0m] Listening on LVM2 metadata daemon socket.
[   12.111228] systemd[1]: Starting Monitoring of LVM2 mirrors, snapshots etc. using dmeventd or progress polling...
         Starting Monitoring of LVM2 mirrors... dmeventd or progress polling...
[   12.114469] systemd[1]: Listening on Journal Audit Socket.
[[0;32m  OK  [0m] Listening on Journal Audit Socket.
[   12.116731] systemd[1]: Set up automount Arbitrary Executable File Formats File System Automount Point.
[[0;32m  OK  [0m] Set up automount Arbitrary Executab...ats File System Automount Point.
[   12.125030] systemd[1]: Starting Set console keymap...
         Starting Set console keymap...
[   12.132388] systemd[1]: Started Trigger resolvconf update for networkd DNS.
[[0;32m  OK  [0m] Started Trigger resolvconf update for networkd DNS.
[   12.135410] systemd[1]: Starting Uncomplicated firewall...
         Starting Uncomplicated firewall...
[   12.148494] systemd[1]: Created slice User and Session Slice.
[[0;32m  OK  [0m] Created slice User and Session Slice.
[   12.156297] systemd[1]: Reached target Slices.
[[0;32m  OK  [0m] Reached target Slices.
[   12.164264] systemd[1]: Reached target User and Group Name Lookups.
[[0;32m  OK  [0m] Reached target User and Group Name Lookups.
[   12.178698] systemd[1]: Listening on LVM2 poll daemon socket.
[[0;32m  OK  [0m] Listening on LVM2 poll daemon socket.
[   12.204708] systemd[1]: Starting Journal Service...
         Starting Journal Service...
[   12.207484] EXT4-fs (sda1): re-mounted. Opts: (null)
[   12.216614] systemd[1]: Starting Load Kernel Modules...
         Starting Load Kernel Modules...
[   12.218715] systemd[1]: Reached target Encrypted Volumes.
[[0;32m  OK  [0m] Reached target Encrypted Volumes.
[   12.229447] systemd[1]: Mounted Huge Pages File System.
[[0;32m  OK  [0m] Mounted Huge Pages File System.
[   12.240284] systemd[1]: Mounted Debug File System.
[[0;32m  OK  [0m] Mounted Debug File System.
[   12.242876] systemd[1]: Mounted POSIX Message Queue File System.
[[0;32m  OK  [0m] Mounted POSIX Message Queue File System.
[   12.253312] systemd[1]: Started Create list of required static device nodes for the current kernel.
[[0;32m  OK  [0m] Started Create list of required sta...ce nodes for the current kernel.
[   12.281644] systemd[1]: Started Remount Root and Kernel File Systems.
[[0;32m  OK  [0m] Started Remount Root and Kernel File Systems.
[   12.289604] systemd[1]: Started Uncomplicated firewall.
[[0;32m  OK  [0m] Started Uncomplicated firewall.
[   12.299153] systemd[1]: Starting Load/Save Random Seed...
         Starting Load/Save Random Seed...
[   12.317354] systemd[1]: Starting udev Coldplug all Devices...
         Starting udev Coldplug all Devices...
[   12.321663] systemd[1]: Starting Create Static Device Nodes in /dev...
         Starting Create Static Device Nodes in /dev...
[   12.328256] systemd[1]: Started Nameserver information manager.
[[0;32m  OK  [0m] Started Nameserver information manager.
[   12.381517] systemd[1]: Started Set console keymap.
[[0;32m  OK  [0m] Started Set console keymap.
[   12.391348] systemd[1]: Started Load/Save Random Seed.
[[0;32m  OK  [0m] Started Load/Save Random Seed.
[   12.446582] systemd[1]: Started LVM2 metadata daemon.
[[0;32m  OK  [0m] Started LVM2 metadata daemon.
[   12.470119] systemd[1]: Started Journal Service.
[[0;32m  OK  [0m] Started Journal Service.
         Starting Flush Journal to Persistent Storage...
[[0;32m  OK  [0m] Started udev Coldplug all Devices.
[   12.609973] Loading iSCSI transport class v2.0-870.
[   12.622546] systemd-journald[402]: Received request to flush runtime journal from PID 1
[[0;32m  OK  [0m] Started Flush Journal to Persistent Storage.
[   12.713780] iscsi: registered transport (tcp)
[   12.729652] RPC: Registered named UNIX socket transport module.
[   12.732799] RPC: Registered udp transport module.
[   12.735846] RPC: Registered tcp transport module.
[   12.738651] RPC: Registered tcp NFSv4.1 backchannel transport module.
[[0;32m  OK  [0m] Mounted RPC Pipe File System.
[[0;32m  OK  [0m] Started Monitoring of LVM2 mirrors,...ng dmeventd or progress polling.
[[0;32m  OK  [0m] Started Create Static Device Nodes in /dev.
[[0;32m  OK  [0m] Reached target Local File Systems (Pre).
[   13.130982] iscsi: registered transport (iser)
         Mounting /vagrant...
[[0;32m  OK  [0m] Reached target Local File Systems.
         Starting Tell Plymouth To Write Out Runtime Data...
         Starting Preprocess NFS configuration...
         Starting Set console font and keymap...
         Starting Initial cloud-init job (pre-networking)...
         Starting LSB: AppArmor initialization...
         Starting Create Volatile Files and Directories...
         Starting udev Kernel Device Manager...
[[0;32m  OK  [0m] Started Load Kernel Modules.
         Mounting FUSE Control File System...
         Starting Apply Kernel Variables...
[[0;32m  OK  [0m] Mounted FUSE Control File System.
[[0;32m  OK  [0m] Started Tell Plymouth To Write Out Runtime Data.
[[0;32m  OK  [0m] Started Preprocess NFS configuration.
[[0;32m  OK  [0m] Reached target NFS client services.
[   13.482925] vboxguest: loading out-of-tree module taints kernel.
[   13.484689] vboxguest: module verification failed: signature and/or required key missing - tainting kernel
[   13.492932] vgdrvHeartbeatInit: Setting up heartbeat to trigger every 2000 milliseconds
[   13.495078] input: Unspecified device as /devices/pci0000:00/0000:00:04.0/input/input5
[   13.498962] vboxguest: Successfully loaded version 6.1.16
[   13.500305] vboxguest: misc device minor 55, IRQ 20, I/O port d020, MMIO at 00000000f0400000 (size 0x400000)
[[0;32m  OK  [0m] Started Apply Kernel Variables.
[[0;32m  OK  [0m] Started Create Volatile Files and Directories.
         Starting Update UTMP about System Boot/Shutdown...
[[0;32m  OK  [0m] Mounted /vagrant.
[[0;32m  OK  [0m] Started Update UTMP about System Boot/Shutdown.
[[0;32m  OK  [0m] Started udev Kernel Device Manager.
[[0;32m  OK  [0m] Started Dispatch Password Requests to Console Directory Watch.
[[0;32m  OK  [0m] Started Set console font and keymap.
[[0;32m  OK  [0m] Created slice system-getty.slice.
[[0;32m  OK  [0m] Found device /dev/ttyS0.
[[0;32m  OK  [0m] Listening on Load/Save RF Kill Switch Status /dev/rfkill Watch.
[[0;32m  OK  [0m] Found device 82540EM Gigabit Ethern...r (PRO/1000 MT Desktop Adapter).
[[0;32m  OK  [0m] Found device 82540EM Gigabit Ethern...r (PRO/1000 MT Desktop Adapter).
[[0;32m  OK  [0m] Started LSB: AppArmor initialization.
         Starting Load AppArmor profiles managed internally by snapd...
[[0;32m  OK  [0m] Started Load AppArmor profiles managed internally by snapd.
[   20.541476] cloud-init[488]: Cloud-init v. 19.4-33-gbb4131a2-0ubuntu1~16.04.1 running 'init-local' at Mon, 15 Feb 2021 07:27:46 +0000. Up 19.71 seconds.
[[0;32m  OK  [0m] Started Initial cloud-init job (pre-networking).
[[0;32m  OK  [0m] Reached target Network (Pre).
[[0;32m  OK  [0m] Started ifup for enp0s3.
         Starting Raise network interfaces...
[[0;32m  OK  [0m] Started ifup for enp0s8.
[[0;32m  OK  [0m] Started Raise network interfaces.
[[0;32m  OK  [0m] Reached target Network.
         Starting Initial cloud-init job (metadata service crawler)...
[   22.031011] cloud-init[1112]: Cloud-init v. 19.4-33-gbb4131a2-0ubuntu1~16.04.1 running 'init' at Mon, 15 Feb 2021 07:27:48 +0000. Up 21.34 seconds.
[   22.035522] cloud-init[1112]: ci-info: ++++++++++++++++++++++++++++++++++++++Net device info+++++++++++++++++++++++++++++++++++++++
[   22.039549] cloud-init[1112]: ci-info: +--------+------+-----------------------------+---------------+--------+-------------------+
[   22.043376] cloud-init[1112]: ci-info: | Device |  Up  |           Address           |      Mask     | Scope  |     Hw-Address    |
[   22.047330] cloud-init[1112]: ci-info: +--------+------+-----------------------------+---------------+--------+-------------------+
[   22.051422] cloud-init[1112]: ci-info: | enp0s3 | True |          10.0.2.15          | 255.255.255.0 | global | 02:ba:b8:ca:39:a3 |
[   22.060365] cloud-init[1112]: ci-info: | enp0s3 | True |  fe80::ba:b8ff:feca:39a3/64 |       .       |  link  | 02:ba:b8:ca:39:a3 |
[   22.061727] cloud-init[1112]: ci-info: | enp0s8 | True |        192.168.33.45        | 255.255.255.0 | global | 08:00:27:ab:2e:65 |
[   22.069130] cloud-init[1112]: ci-info: | enp0s8 | True | fe80::a00:27ff:feab:2e65/64 |       .       |  link  | 08:00:27:ab:2e:65 |
[   22.076325] cloud-init[1112]: ci-info: |   lo   | True |          127.0.0.1          |   255.0.0.0   |  host  |         .         |
[   22.084732] cloud-init[1112]: ci-info: |   lo   | True |           ::1/128           |       .       |  host  |         .         |
[   22.092457] cloud-init[1112]: ci-info: +--------+------+-----------------------------+---------------+--------+-------------------+
[[0;32m  OK  [0m] Started Initial cloud-init job (metadata service crawler).
[   22.092796] cloud-init[1112]: ci-info: ++++++++++++++++++++++++++++Route IPv4 info++++++++++++++++++++++++++++
[   22.095330] cloud-init[1112]: ci-info: +-------+--------------+----------+---------------+-----------+-------+
[   22.095540] cloud-init[1112]: ci-info: | Route | Destination  | Gateway  |    Genmask    | Interface | Flags |
[[0;32m  OK  [0m] Reached target Cloud-config availability.
[   22.095836] cloud-init[1112]: ci-info: +-------+--------------+----------+---------------+-----------+-------+
[   22.097841] cloud-init[1112]: ci-info: |   0   |   0.0.0.0    | 10.0.2.2 |    0.0.0.0    |   enp0s3  |   UG  |
[   22.097941] cloud-init[1112]: ci-info: |   1   |   10.0.2.0   | 0.0.0.0  | 255.255.255.0 |   enp0s3  |   U   |
[   22.098075] cloud-init[1112]: ci-info: |   2   | 192.168.33.0 | 0.0.0.0  | 255.255.255.0 |   enp0s8  |   U   |
[   22.098210] cloud-init[1112]: ci-info: +-------+--------------+----------+---------------+-----------+-------+
[   22.098458] cloud-init[1112]: ci-info: +++++++++++++++++++Route IPv6 info+++++++++++++++++++
[[0;32m  OK  [0m] Reached target Network is Online.
[   22.098661] cloud-init[1112]: ci-info: +-------+-------------+---------+-----------+-------+
[   22.105461] cloud-init[1112]: ci-info: | Route | Destination | Gateway | Interface | Flags |
[   22.106863] cloud-init[1112]: ci-info: +-------+-------------+---------+-----------+-------+
[   22.108389] cloud-init[1112]: ci-info: |   0   |  fe80::/64  |    ::   |   enp0s8  |   U   |
[   22.109935] cloud-init[1112]: ci-info: |   1   |  fe80::/64  |    ::   |   enp0s3  |   U   |
[   22.111487] cloud-init[1112]: ci-info: |   4   |   ff00::/8  |    ::   |   enp0s8  |   U   |
[   22.112945] cloud-init[1112]: ci-info: |   5   |   ff00::/8  |    ::   |   enp0s3  |   U   |
[   22.113122] cloud-init[1112]: ci-info: +-------+-------------+---------+-----------+-------+
         Starting iSCSI initiator daemon (iscsid)...
[[0;32m  OK  [0m] Reached target System Initialization.
[[0;32m  OK  [0m] Started Message of the Day.
[[0;32m  OK  [0m] Started Daily apt download activities.
[[0;32m  OK  [0m] Started Daily apt upgrade and clean activities.
[[0;32m  OK  [0m] Listening on RPCbind Server Activation Socket.
         Starting RPC bind portmap service...
[[0;32m  OK  [0m] Listening on UUID daemon activation socket.
[[0;32m  OK  [0m] Listening on D-Bus System Message Bus Socket.
         Starting LXD - unix socket.
[[0;32m  OK  [0m] Listening on ACPID Listen Socket.
         Starting Socket activation for snappy daemon.
[[0;32m  OK  [0m] Started ACPI Events Check.
[[0;32m  OK  [0m] Reached target Paths.
[[0;32m  OK  [0m] Started Daily Cleanup of Temporary Directories.
[[0;32m  OK  [0m] Reached target Timers.
[[0;32m  OK  [0m] Listening on LXD - unix socket.
[[0;32m  OK  [0m] Listening on Socket activation for snappy daemon.
[[0;32m  OK  [0m] Reached target Sockets.
[[0;32m  OK  [0m] Reached target Basic System.
         Starting /etc/rc.local Compatibility...
[[0;32m  OK  [0m] Started Deferred execution scheduler.
[[0;32m  OK  [0m] Started FUSE filesystem for LXC.
         Starting Accounts Service...
[[0;32m  OK  [0m] Started D-Bus System Message Bus.
[[0;32m  OK  [0m] Started Regular background program processing daemon.
         Starting vboxadd.service...
[[0;32m  OK  [0m] Started ACPI event daemon.
         Starting System Logging Service...
         Starting LSB: Record successful boot for GRUB...
         Starting OpenBSD Secure Shell server...
         Starting Login Service...
         Starting A high performance web server and a reverse proxy server...
         Starting LSB: MD monitoring daemon...
         Starting Snap Daemon...
         Starting LXD - container startup/shutdown...
[[0;32m  OK  [0m] Started RPC bind portmap service.
[[0;32m  OK  [0m] Started iSCSI initiator daemon (iscsid).
[[0;32m  OK  [0m] Started /etc/rc.local Compatibility.
         Starting Authenticate and Authorize Users to Run Privileged Tasks...
         Starting Login to default iSCSI targets...
[[0;32m  OK  [0m] Reached target RPC Port Mapper.
[[0;32m  OK  [0m] Started A high performance web server and a reverse proxy server.
[[0;32m  OK  [0m] Started Login to default iSCSI targets.
[[0;32m  OK  [0m] Reached target Remote File Systems (Pre).
[[0;32m  OK  [0m] Reached target Remote File Systems.
         Starting LSB: daemon to balance interrupts for SMP systems...
         Starting LSB: Set the CPU Frequency Scaling governor to "ondemand"...
         Starting Permit User Sessions...
         Starting LSB: automatic crash report generation...
[[0;32m  OK  [0m] Started System Logging Service.
[[0;32m  OK  [0m] Started LSB: MD monitoring daemon.
[[0;32m  OK  [0m] Started Authenticate and Authorize Users to Run Privileged Tasks.
[[0;32m  OK  [0m] Started Accounts Service.
[[0;32m  OK  [0m] Started Login Service.
[[0;32m  OK  [0m] Started Unattended Upgrades Shutdown.
[[0;32m  OK  [0m] Started LSB: Set the CPU Frequency Scaling governor to "ondemand".
[[0;32m  OK  [0m] Started Permit User Sessions.
         Starting Terminate Plymouth Boot Screen...
         Starting Hold until boot process finishes up...
[[0;32m  OK  [0m] Started Hold until boot process finishes up.
[[0;32m  OK  [0m] Started Getty on tty1.
[[0;32m  OK  [0m] Started Serial Getty on ttyS0.
[[0;32m  OK  [0m] Reached target Login Prompts.
         Starting Set console scheme...
[[0;32m  OK  [0m] Started Terminate Plymouth Boot Screen.
[[0;32m  OK  [0m] Started LSB: daemon to balance interrupts for SMP systems.
[[0;32m  OK  [0m] Started Set console scheme.
[[0;32m  OK  [0m] Started LSB: automatic crash report generation.
[[0;32m  OK  [0m] Started LSB: Record successful boot for GRUB.
[[0;32m  OK  [0m] Started OpenBSD Secure Shell server.
[[0;32m  OK  [0m] Created slice User Slice of vagrant.
         Starting User Manager for UID 1000...
[[0;32m  OK  [0m] Started Session 1 of user vagrant.
[[0;32m  OK  [0m] Started User Manager for UID 1000.
[[0;32m  OK  [0m] Started LXD - container startup/shutdown.
[[0;32m  OK  [0m] Started Snap Daemon.
         Starting Wait until snapd is fully seeded...
[[0;32m  OK  [0m] Started Wait until snapd is fully seeded.
         Starting Apply the settings specified in cloud-config...
[   28.760548] cloud-init[1453]: Cloud-init v. 19.4-33-gbb4131a2-0ubuntu1~16.04.1 running 'modules:config' at Mon, 15 Feb 2021 07:27:54 +0000. Up 28.10 seconds.

Ubuntu 16.04.6 LTS snakeMulti ttyS0

snakeMulti login: [   39.973691] cloud-init[1781]: Cloud-init v. 19.4-33-gbb4131a2-0ubuntu1~16.04.1 running 'modules:final' at Mon, 15 Feb 2021 07:28:06 +0000. Up 39.68 seconds.
[   39.974200] cloud-init[1781]: Cloud-init v. 19.4-33-gbb4131a2-0ubuntu1~16.04.1 finished at Mon, 15 Feb 2021 07:28:06 +0000. Datasource DataSourceNoCloud [seed=/dev/sdb][dsmode=net].  Up 39.96 seconds
[[0;32m  OK  [0m] Stopped Unattended Upgrades Shutdown.
         Unmounting /vagrant...
         Unmounting RPC Pipe File System...
         Stopping User Manager for UID 1000...
[[0;32m  OK  [0m] Stopped target Timers.
[[0;32m  OK  [0m] Stopped Daily apt upgrade and clean activities.
[[0;32m  OK  [0m] Stopped target Graphical Interface.
[[0;32m  OK  [0m] Stopped target Cloud-init target.
[[0;32m  OK  [0m] Stopped Message of the Day.
[[0;32m  OK  [0m] Closed Load/Save RF Kill Switch Status /dev/rfkill Watch.
         Stopping Session 3 of user vagrant.
[[0;32m  OK  [0m] Stopped Daily Cleanup of Temporary Directories.
[[0;32m  OK  [0m] Stopped Daily apt download activities.
[[0;32m  OK  [0m] Stopped target System Time Synchronized.
[[0;32m  OK  [0m] Stopped Execute cloud user/final scripts.
[[0;32m  OK  [0m] Stopped target Multi-User System.
         Stopping vboxadd-service.service...
         Stopping OpenBSD Secure Shell server...
         Stopping LSB: MD monitoring daemon...
         Stopping LSB: daemon to balance interrupts for SMP systems...
         Stopping LSB: automatic crash report generation...
         Stopping LXD - container startup/shutdown...
         Stopping D-Bus System Message Bus...
         Stopping FUSE filesystem for LXC...
         Stopping LSB: Set the CPU Frequency Scaling governor to "ondemand"...
         Stopping System Logging Service...
[[0;32m  OK  [0m] Stopped Apply the settings specified in cloud-config.
[[0;32m  OK  [0m] Stopped target Cloud-config availability.
[[0;32m  OK  [0m] Stopped Wait until snapd is fully seeded.
[[0;32m  OK  [0m] Stopped target Login Prompts.
         Stopping Serial Getty on ttyS0...
         Stopping A high performance web server and a reverse proxy server...
[[0;32m  OK  [0m] Stopped target RPC Port Mapper.
         Stopping Accounts Service...
         Stopping LSB: Record successful boot for GRUB...
         Stopping Authenticate and Authorize Users to Run Privileged Tasks...
         Stopping Session 5 of user vagrant.
         Stopping Regular background program processing daemon...
         Stopping Deferred execution scheduler...
         Stopping Getty on tty1...
         Stopping Session 2 of user vagrant.
         Stopping ACPI event daemon...
[[0;32m  OK  [0m] Stopped Deferred execution scheduler.
[[0;32m  OK  [0m] Stopped Accounts Service.
[[0;32m  OK  [0m] Stopped Regular background program processing daemon.
[[0;32m  OK  [0m] Stopped Authenticate and Authorize Users to Run Privileged Tasks.
[[0;32m  OK  [0m] Stopped Getty on tty1.
[[0;32m  OK  [0m] Stopped System Logging Service.
[[0;32m  OK  [0m] Stopped Serial Getty on ttyS0.
[[0;32m  OK  [0m] Stopped OpenBSD Secure Shell server.
[[0;32m  OK  [0m] Stopped User Manager for UID 1000.
[[0;32m  OK  [0m] Stopped Session 3 of user vagrant.
[[0;32m  OK  [0m] Unmounted RPC Pipe File System.
[[0;32m  OK  [0m] Stopped D-Bus System Message Bus.
[[0;32m  OK  [0m] Stopped A high performance web server and a reverse proxy server.
[[0;32m  OK  [0m] Unmounted /var/lib/lxcfs.
[[0;32m  OK  [0m] Unmounted /vagrant.
[[0;32m  OK  [0m] Stopped FUSE filesystem for LXC.
[[0;32m  OK  [0m] Stopped ACPI event daemon.
[[0;32m  OK  [0m] Stopped LSB: MD monitoring daemon.
[[0;32m  OK  [0m] Stopped vboxadd-service.service.
[[0;32m  OK  [0m] Stopped LSB: automatic crash report generation.
[[0;32m  OK  [0m] Stopped LXD - container startup/shutdown.
         Stopping vboxadd.service...
[[0;32m  OK  [0m] Removed slice system-serial\x2dgetty.slice.
[[0;32m  OK  [0m] Stopped /etc/rc.local Compatibility.
[[0;32m  OK  [0m] Removed slice system-getty.slice.
[[0;32m  OK  [0m] Stopped LSB: daemon to balance interrupts for SMP systems.
[[0;32m  OK  [0m] Stopped LSB: Set the CPU Frequency Scaling governor to "ondemand".
[[0;32m  OK  [0m] Stopped LSB: Record successful boot for GRUB.
[[0;32m  OK  [0m] Stopped Session 5 of user vagrant.
[[0;32m  OK  [0m] Stopped vboxadd.service.
