[    0.000000] Initializing cgroup subsys cpuset
[    0.000000] Initializing cgroup subsys cpu
[    0.000000] Initializing cgroup subsys cpuacct
[    0.000000] Linux version 4.4.0-177-generic (buildd@lgw01-amd64-035) (gcc version 5.4.0 20160609 (Ubuntu 5.4.0-6ubuntu1~16.04.12) ) #207-Ubuntu SMP Mon Mar 16 01:16:10 UTC 2020 (Ubuntu 4.4.0-177.207-generic 4.4.214)
[    0.000000] Command line: BOOT_IMAGE=/boot/vmlinuz-4.4.0-177-generic root=LABEL=cloudimg-rootfs ro console=tty1 console=ttyS0
[    0.000000] KERNEL supported cpus:
[    0.000000]   Intel GenuineIntel
[    0.000000]   AMD AuthenticAMD
[    0.000000]   Centaur CentaurHauls
[    0.000000] x86/fpu: xstate_offset[2]:  576, xstate_sizes[2]:  256
[    0.000000] x86/fpu: Supporting XSAVE feature 0x01: 'x87 floating point registers'
[    0.000000] x86/fpu: Supporting XSAVE feature 0x02: 'SSE registers'
[    0.000000] x86/fpu: Supporting XSAVE feature 0x04: 'AVX registers'
[    0.000000] x86/fpu: Enabled xstate features 0x7, context size is 832 bytes, using 'standard' format.
[    0.000000] e820: BIOS-provided physical RAM map:
[    0.000000] BIOS-e820: [mem 0x0000000000000000-0x000000000009fbff] usable
[    0.000000] BIOS-e820: [mem 0x000000000009fc00-0x000000000009ffff] reserved
[    0.000000] BIOS-e820: [mem 0x00000000000f0000-0x00000000000fffff] reserved
[    0.000000] BIOS-e820: [mem 0x0000000000100000-0x000000003ffeffff] usable
[    0.000000] BIOS-e820: [mem 0x000000003fff0000-0x000000003fffffff] ACPI data
[    0.000000] BIOS-e820: [mem 0x00000000fec00000-0x00000000fec00fff] reserved
[    0.000000] BIOS-e820: [mem 0x00000000fee00000-0x00000000fee00fff] reserved
[    0.000000] BIOS-e820: [mem 0x00000000fffc0000-0x00000000ffffffff] reserved
[    0.000000] NX (Execute Disable) protection: active
[    0.000000] SMBIOS 2.5 present.
[    0.000000] Hypervisor detected: KVM
[    0.000000] e820: last_pfn = 0x3fff0 max_arch_pfn = 0x400000000
[    0.000000] MTRR: Disabled
[    0.000000] x86/PAT: MTRRs disabled, skipping PAT initialization too.
[    0.000000] CPU MTRRs all blank - virtualized system.
[    0.000000] x86/PAT: Configuration [0-7]: WB  WT  UC- UC  WB  WT  UC- UC  
[    0.000000] found SMP MP-table at [mem 0x0009fff0-0x0009ffff] mapped at [ffff88000009fff0]
[    0.000000] Scanning 1 areas for low memory corruption
[    0.000000] RAMDISK: [mem 0x362e2000-0x37168fff]
[    0.000000] ACPI: Early table checksum verification disabled
[    0.000000] ACPI: RSDP 0x00000000000E0000 000024 (v02 VBOX  )
[    0.000000] ACPI: XSDT 0x000000003FFF0030 00003C (v01 VBOX   VBOXXSDT 00000001 ASL  00000061)
[    0.000000] ACPI: FACP 0x000000003FFF00F0 0000F4 (v04 VBOX   VBOXFACP 00000001 ASL  00000061)
[    0.000000] ACPI: DSDT 0x000000003FFF0470 002325 (v02 VBOX   VBOXBIOS 00000002 INTL 20100528)
[    0.000000] ACPI: FACS 0x000000003FFF0200 000040
[    0.000000] ACPI: FACS 0x000000003FFF0200 000040
[    0.000000] ACPI: APIC 0x000000003FFF0240 00005C (v02 VBOX   VBOXAPIC 00000001 ASL  00000061)
[    0.000000] ACPI: SSDT 0x000000003FFF02A0 0001CC (v01 VBOX   VBOXCPUT 00000002 INTL 20100528)
[    0.000000] No NUMA configuration found
[    0.000000] Faking a node at [mem 0x0000000000000000-0x000000003ffeffff]
[    0.000000] NODE_DATA(0) allocated [mem 0x3ffeb000-0x3ffeffff]
[    0.000000] kvm-clock: Using msrs 4b564d01 and 4b564d00
[    0.000000] kvm-clock: cpu 0, msr 0:3ffe3001, primary cpu clock
[    0.000000] kvm-clock: using sched offset of 7730382513 cycles
[    0.000000] clocksource: kvm-clock: mask: 0xffffffffffffffff max_cycles: 0x1cd42e4dffb, max_idle_ns: 881590591483 ns
[    0.000000] Zone ranges:
[    0.000000]   DMA      [mem 0x0000000000001000-0x0000000000ffffff]
[    0.000000]   DMA32    [mem 0x0000000001000000-0x000000003ffeffff]
[    0.000000]   Normal   empty
[    0.000000]   Device   empty
[    0.000000] Movable zone start for each node
[    0.000000] Early memory node ranges
[    0.000000]   node   0: [mem 0x0000000000001000-0x000000000009efff]
[    0.000000]   node   0: [mem 0x0000000000100000-0x000000003ffeffff]
[    0.000000] Initmem setup node 0 [mem 0x0000000000001000-0x000000003ffeffff]
[    0.000000] ACPI: PM-Timer IO Port: 0x4008
[    0.000000] IOAPIC[0]: apic_id 2, version 32, address 0xfec00000, GSI 0-23
[    0.000000] ACPI: INT_SRC_OVR (bus 0 bus_irq 0 global_irq 2 dfl dfl)
[    0.000000] ACPI: INT_SRC_OVR (bus 0 bus_irq 9 global_irq 9 low level)
[    0.000000] Using ACPI (MADT) for SMP configuration information
[    0.000000] smpboot: Allowing 2 CPUs, 0 hotplug CPUs
[    0.000000] PM: Registered nosave memory: [mem 0x00000000-0x00000fff]
[    0.000000] PM: Registered nosave memory: [mem 0x0009f000-0x0009ffff]
[    0.000000] PM: Registered nosave memory: [mem 0x000a0000-0x000effff]
[    0.000000] PM: Registered nosave memory: [mem 0x000f0000-0x000fffff]
[    0.000000] e820: [mem 0x40000000-0xfebfffff] available for PCI devices
[    0.000000] Booting paravirtualized kernel on KVM
[    0.000000] clocksource: refined-jiffies: mask: 0xffffffff max_cycles: 0xffffffff, max_idle_ns: 7645519600211568 ns
[    0.000000] setup_percpu: NR_CPUS:512 nr_cpumask_bits:512 nr_cpu_ids:2 nr_node_ids:1
[    0.000000] PERCPU: Embedded 33 pages/cpu @ffff88003fc00000 s95448 r8192 d31528 u1048576
[    0.000000] Built 1 zonelists in Node order, mobility grouping on.  Total pages: 257912
[    0.000000] Policy zone: DMA32
[    0.000000] Kernel command line: BOOT_IMAGE=/boot/vmlinuz-4.4.0-177-generic root=LABEL=cloudimg-rootfs ro console=tty1 console=ttyS0
[    0.000000] PID hash table entries: 4096 (order: 3, 32768 bytes)
[    0.000000] Memory: 997676K/1048120K available (8626K kernel code, 1336K rwdata, 4036K rodata, 1488K init, 1292K bss, 50444K reserved, 0K cma-reserved)
[    0.000000] SLUB: HWalign=64, Order=0-3, MinObjects=0, CPUs=2, Nodes=1
[    0.000000] Kernel/User page tables isolation: enabled
[    0.000000] Hierarchical RCU implementation.
[    0.000000] 	Build-time adjustment of leaf fanout to 64.
[    0.000000] 	RCU restricting CPUs from NR_CPUS=512 to nr_cpu_ids=2.
[    0.000000] RCU: Adjusting geometry for rcu_fanout_leaf=64, nr_cpu_ids=2
[    0.000000] NR_IRQS:33024 nr_irqs:440 16
[    0.000000] Console: colour VGA+ 80x25
[    0.000000] console [tty1] enabled
[    0.000000] console [ttyS0] enabled
[    0.000000] tsc: Detected 3407.998 MHz processor
[    0.174737] Calibrating delay loop (skipped) preset value.. 6815.99 BogoMIPS (lpj=13631992)
[    0.176873] pid_max: default: 32768 minimum: 301
[    0.178047] ACPI: Core revision 20150930
[    0.180529] ACPI: 2 ACPI AML tables successfully acquired and loaded
[    0.182252] Security Framework initialized
[    0.183267] Yama: becoming mindful.
[    0.184232] AppArmor: AppArmor initialized
[    0.185424] Dentry cache hash table entries: 131072 (order: 8, 1048576 bytes)
[    0.189967] Inode-cache hash table entries: 65536 (order: 7, 524288 bytes)
[    0.191721] Mount-cache hash table entries: 2048 (order: 2, 16384 bytes)
[    0.193277] Mountpoint-cache hash table entries: 2048 (order: 2, 16384 bytes)
[    0.195072] Initializing cgroup subsys io
[    0.196207] Initializing cgroup subsys memory
[    0.197296] Initializing cgroup subsys devices
[    0.198466] Initializing cgroup subsys freezer
[    0.199695] Initializing cgroup subsys net_cls
[    0.200860] Initializing cgroup subsys perf_event
[    0.202067] Initializing cgroup subsys net_prio
[    0.203214] Initializing cgroup subsys hugetlb
[    0.204414] Initializing cgroup subsys pids
[    0.206887] mce: CPU supports 0 MCE banks
[    0.208049] Last level iTLB entries: 4KB 64, 2MB 8, 4MB 8
[    0.209368] Last level dTLB entries: 4KB 64, 2MB 0, 4MB 0, 1GB 4
[    0.210969] Spectre V1 : Mitigation: usercopy/swapgs barriers and __user pointer sanitization
[    0.213432] Spectre V2 : Mitigation: Full generic retpoline
[    0.214875] Spectre V2 : Spectre v2 / SpectreRSB mitigation: Filling RSB on context switch
[    0.217453] Speculative Store Bypass: Vulnerable
[    0.219027] MDS: Vulnerable: Clear CPU buffers attempted, no microcode
[    0.225107] Freeing SMP alternatives memory: 36K
[    0.234779] ftrace: allocating 32304 entries in 127 pages
[    0.301382] smpboot: APIC(0) Converting physical 0 to logical package 0
[    0.302938] smpboot: Max logical packages: 1
[    0.304257] x2apic enabled
[    0.305300] Switched APIC routing to physical x2apic.
[    0.308161] ..TIMER: vector=0x30 apic1=0 pin1=2 apic2=-1 pin2=-1
[    0.417707] smpboot: CPU0: Intel(R) Core(TM) i7-6700 CPU @ 3.40GHz (family: 0x6, model: 0x5e, stepping: 0x3)
[    0.420268] Performance Events: unsupported p6 CPU model 94 no PMU driver, software events only.
[    0.433098] KVM setup paravirtual spinlock
[    0.434836] x86: Booting SMP configuration:
[    0.435996] .... node  #0, CPUs:      #1
[    0.437156] kvm-clock: cpu 1, msr 0:3ffe3041, secondary cpu clock
[    0.439331] mce: CPU supports 0 MCE banks
[    0.441991] x86: Booted up 1 node, 2 CPUs
[    0.443244] smpboot: Total of 2 processors activated (13631.99 BogoMIPS)
[    0.445480] devtmpfs: initialized
[    0.448129] evm: security.selinux
[    0.448997] evm: security.SMACK64
[    0.449912] evm: security.SMACK64EXEC
[    0.450895] evm: security.SMACK64TRANSMUTE
[    0.451977] evm: security.SMACK64MMAP
[    0.452959] evm: security.ima
[    0.453844] evm: security.capability
[    0.455253] clocksource: jiffies: mask: 0xffffffff max_cycles: 0xffffffff, max_idle_ns: 7645041785100000 ns
[    0.457854] futex hash table entries: 512 (order: 3, 32768 bytes)
[    0.459357] pinctrl core: initialized pinctrl subsystem
[    0.460767] RTC time:  6:49:03, date: 05/12/20
[    0.462052] NET: Registered protocol family 16
[    0.475698] cpuidle: using governor ladder
[    0.486832] cpuidle: using governor menu
[    0.488330] PCCT header not found.
[    0.489359] ACPI: bus type PCI registered
[    0.490637] acpiphp: ACPI Hot Plug PCI Controller Driver version: 0.5
[    0.492194] PCI: Using configuration type 1 for base access
[    0.508121] ACPI: Added _OSI(Module Device)
[    0.510886] ACPI: Added _OSI(Processor Device)
[    0.513642] ACPI: Added _OSI(3.0 _SCP Extensions)
[    0.516643] ACPI: Added _OSI(Processor Aggregator Device)
[    0.521703] ACPI: Executed 1 blocks of module-level executable AML code
[    0.529619] ACPI: Interpreter enabled
[    0.531068] ACPI: (supports S0 S5)
[    0.532441] ACPI: Using IOAPIC for interrupt routing
[    0.534489] PCI: Using host bridge windows from ACPI; if necessary, use "pci=nocrs" and report a bug
[    0.543610] ACPI: PCI Root Bridge [PCI0] (domain 0000 [bus 00-ff])
[    0.546033] acpi PNP0A03:00: _OSC: OS supports [ASPM ClockPM Segments MSI]
[    0.549592] acpi PNP0A03:00: _OSC: not requesting OS control; OS requires [ExtendedConfig ASPM ClockPM MSI]
[    0.554314] acpi PNP0A03:00: fail to add MMCONFIG information, can't access extended PCI configuration space under this bridge.
[    0.559119] PCI host bridge to bus 0000:00
[    0.560335] pci_bus 0000:00: root bus resource [io  0x0000-0x0cf7 window]
[    0.562352] pci_bus 0000:00: root bus resource [io  0x0d00-0xffff window]
[    0.563828] pci_bus 0000:00: root bus resource [mem 0x000a0000-0x000bffff window]
[    0.565520] pci_bus 0000:00: root bus resource [mem 0x40000000-0xfdffffff window]
[    0.567252] pci_bus 0000:00: root bus resource [bus 00-ff]
[    0.570296] pci 0000:00:01.1: legacy IDE quirk: reg 0x10: [io  0x01f0-0x01f7]
[    0.571755] pci 0000:00:01.1: legacy IDE quirk: reg 0x14: [io  0x03f6]
[    0.573087] pci 0000:00:01.1: legacy IDE quirk: reg 0x18: [io  0x0170-0x0177]
[    0.574713] pci 0000:00:01.1: legacy IDE quirk: reg 0x1c: [io  0x0376]
[    0.600835] pci 0000:00:07.0: quirk: [io  0x4000-0x403f] claimed by PIIX4 ACPI
[    0.602818] pci 0000:00:07.0: quirk: [io  0x4100-0x410f] claimed by PIIX4 SMB
[    0.612694] ACPI: PCI Interrupt Link [LNKA] (IRQs 5 9 10 *11)
[    0.614822] ACPI: PCI Interrupt Link [LNKB] (IRQs 5 9 *10 11)
[    0.616744] ACPI: PCI Interrupt Link [LNKC] (IRQs 5 *9 10 11)
[    0.618735] ACPI: PCI Interrupt Link [LNKD] (IRQs 5 9 10 *11)
[    0.620702] ACPI: Enabled 2 GPEs in block 00 to 07
[    0.622471] vgaarb: setting as boot device: PCI:0000:00:02.0
[    0.624158] vgaarb: device added: PCI:0000:00:02.0,decodes=io+mem,owns=io+mem,locks=none
[    0.626207] vgaarb: loaded
[    0.627012] vgaarb: bridge control possible 0000:00:02.0
[    0.628501] SCSI subsystem initialized
[    0.629757] ACPI: bus type USB registered
[    0.630831] usbcore: registered new interface driver usbfs
[    0.632132] usbcore: registered new interface driver hub
[    0.633414] usbcore: registered new device driver usb
[    0.635107] PCI: Using ACPI for IRQ routing
[    0.638960] NetLabel: Initializing
[    0.639917] NetLabel:  domain hash size = 128
[    0.641172] NetLabel:  protocols = UNLABELED CIPSOv4
[    0.642378] NetLabel:  unlabeled traffic allowed by default
[    0.643965] amd_nb: Cannot enumerate AMD northbridges
[    0.645286] clocksource: Switched to clocksource kvm-clock
[    0.657401] AppArmor: AppArmor Filesystem Enabled
[    0.658746] pnp: PnP ACPI init
[    0.660388] pnp: PnP ACPI: found 3 devices
[    0.672448] clocksource: acpi_pm: mask: 0xffffff max_cycles: 0xffffff, max_idle_ns: 2085701024 ns
[    0.674636] NET: Registered protocol family 2
[    0.675926] TCP established hash table entries: 8192 (order: 4, 65536 bytes)
[    0.677617] TCP bind hash table entries: 8192 (order: 5, 131072 bytes)
[    0.679115] TCP: Hash tables configured (established 8192 bind 8192)
[    0.680596] UDP hash table entries: 512 (order: 2, 16384 bytes)
[    0.682060] UDP-Lite hash table entries: 512 (order: 2, 16384 bytes)
[    0.683493] NET: Registered protocol family 1
[    0.684596] pci 0000:00:00.0: Limiting direct PCI/PCI transfers
[    0.686171] pci 0000:00:01.0: Activating ISA DMA hang workarounds
[    0.688009] Unpacking initramfs...
[    0.906472] Freeing initrd memory: 14876K
[    0.907847] clocksource: tsc: mask: 0xffffffffffffffff max_cycles: 0x311fd208cfc, max_idle_ns: 440795283699 ns
[    0.910296] platform rtc_cmos: registered platform RTC device (no PNP device found)
[    0.912305] Scanning for low memory corruption every 60 seconds
[    0.914339] audit: initializing netlink subsys (disabled)
[    0.915652] audit: type=2000 audit(1589266152.213:1): initialized
[    0.917286] Initialise system trusted keyring
[    0.918718] HugeTLB registered 2 MB page size, pre-allocated 0 pages
[    0.921334] zbud: loaded
[    0.922551] VFS: Disk quotas dquot_6.6.0
[    0.923709] VFS: Dquot-cache hash table entries: 512 (order 0, 4096 bytes)
[    0.925736] squashfs: version 4.0 (2009/01/31) Phillip Lougher
[    0.927554] fuse init (API version 7.23)
[    0.928917] Key type big_key registered
[    0.930053] Allocating IMA MOK and blacklist keyrings.
[    0.935239] Key type asymmetric registered
[    0.936313] Asymmetric key parser 'x509' registered
[    0.937533] Block layer SCSI generic (bsg) driver version 0.4 loaded (major 249)
[    0.939638] io scheduler noop registered
[    0.940798] io scheduler deadline registered (default)
[    0.942171] io scheduler cfq registered
[    0.943257] pci_hotplug: PCI Hot Plug PCI Core version: 0.5
[    0.944616] pciehp: PCI Express Hot Plug Controller Driver version: 0.4
[    0.946321] ACPI: AC Adapter [AC] (on-line)
[    0.947485] input: Power Button as /devices/LNXSYSTM:00/LNXPWRBN:00/input/input0
[    0.949364] ACPI: Power Button [PWRF]
[    0.950402] input: Sleep Button as /devices/LNXSYSTM:00/LNXSLPBN:00/input/input1
[    0.952304] ACPI: Sleep Button [SLPF]
[    0.953556] GHES: HEST is not enabled!
[    0.954824] Serial: 8250/16550 driver, 32 ports, IRQ sharing enabled
[    0.977218] 00:02: ttyS0 at I/O 0x3f8 (irq = 4, base_baud = 115200) is a 16550A
[    0.982209] Linux agpgart interface v0.103
[    0.984780] loop: module loaded
[    0.986264] scsi host0: ata_piix
[    0.987273] scsi host1: ata_piix
[    0.988301] ata1: PATA max UDMA/33 cmd 0x1f0 ctl 0x3f6 bmdma 0xd000 irq 14
[    0.990126] ata2: PATA max UDMA/33 cmd 0x170 ctl 0x376 bmdma 0xd008 irq 15
[    0.991815] libphy: Fixed MDIO Bus: probed
[    0.992917] tun: Universal TUN/TAP device driver, 1.6
[    0.994194] tun: (C) 1999-2004 Max Krasnyansky <maxk@qualcomm.com>
[    0.995775] PPP generic driver version 2.4.2
[    0.996970] ehci_hcd: USB 2.0 'Enhanced' Host Controller (EHCI) Driver
[    0.998672] ehci-pci: EHCI PCI platform driver
[    0.999844] ehci-platform: EHCI generic platform driver
[    1.001164] ohci_hcd: USB 1.1 'Open' Host Controller (OHCI) Driver
[    1.002746] ohci-pci: OHCI PCI platform driver
[    1.003885] ohci-platform: OHCI generic platform driver
[    1.005222] uhci_hcd: USB Universal Host Controller Interface driver
[    1.007020] i8042: PNP: PS/2 Controller [PNP0303:PS2K,PNP0f03:PS2M] at 0x60,0x64 irq 1,12
[    1.009524] serio: i8042 KBD port at 0x60,0x64 irq 1
[    1.010785] serio: i8042 AUX port at 0x60,0x64 irq 12
[    1.012307] mousedev: PS/2 mouse device common for all mice
[    1.014300] input: AT Translated Set 2 keyboard as /devices/platform/i8042/serio0/input/input2
[    1.016690] rtc_cmos rtc_cmos: rtc core: registered rtc_cmos as rtc0
[    1.018389] rtc_cmos rtc_cmos: alarms up to one day, 114 bytes nvram
[    1.019927] i2c /dev entries driver
[    1.020969] device-mapper: uevent: version 1.0.3
[    1.022252] device-mapper: ioctl: 4.34.0-ioctl (2015-10-28) initialised: dm-devel@redhat.com
[    1.024643] ledtrig-cpu: registered to indicate activity on CPUs
[    1.026474] NET: Registered protocol family 10
[    1.027791] NET: Registered protocol family 17
[    1.028983] Key type dns_resolver registered
[    1.030722] registered taskstats version 1
[    1.031833] Loading compiled-in X.509 certificates
[    1.033432] Loaded X.509 cert 'Build time autogenerated kernel key: a048edf52b07f04005c7780de0f875c713550332'
[    1.035768] zswap: loaded using pool lzo/zbud
[    1.038833] Key type trusted registered
[    1.043430] Key type encrypted registered
[    1.044582] AppArmor: AppArmor sha1 policy hashing enabled
[    1.045969] ima: No TPM chip found, activating TPM-bypass!
[    1.047304] ima: Allocated hash algorithm: sha1
[    1.048481] evm: HMAC attrs: 0x1
[    1.049768]   Magic number: 4:317:822
[    1.050850] rtc_cmos rtc_cmos: setting system clock to 2020-05-12 06:49:03 UTC (1589266143)
[    1.053070] BIOS EDD facility v0.16 2004-Jun-25, 0 devices found
[    1.054522] EDD information not available.
[    1.182569] Freeing unused kernel memory: 1488K
[    1.187346] Write protecting the kernel read-only data: 14336k
[    1.191489] Freeing unused kernel memory: 1604K
[    1.194555] Freeing unused kernel memory: 60K
Loading, please wait...
starting version 229
[    1.225123] random: systemd-udevd: uninitialized urandom read (16 bytes read, 3 bits of entropy available)
[    1.226293] random: udevadm: uninitialized urandom read (16 bytes read, 3 bits of entropy available)
[    1.226325] random: udevadm: uninitialized urandom read (16 bytes read, 3 bits of entropy available)
[    1.241451] random: systemd-udevd: uninitialized urandom read (16 bytes read, 3 bits of entropy available)
[    1.244516] random: udevadm: uninitialized urandom read (16 bytes read, 3 bits of entropy available)
[    1.244599] random: udevadm: uninitialized urandom read (16 bytes read, 3 bits of entropy available)
[    1.244889] random: udevadm: uninitialized urandom read (16 bytes read, 3 bits of entropy available)
[    1.244994] random: udevadm: uninitialized urandom read (16 bytes read, 3 bits of entropy available)
[    1.245098] random: udevadm: uninitialized urandom read (16 bytes read, 3 bits of entropy available)
[    1.245203] random: udevadm: uninitialized urandom read (16 bytes read, 3 bits of entropy available)
[    1.288024] Fusion MPT base driver 3.04.20
[    1.289104] Copyright (c) 1999-2008 LSI Corporation
[    1.290617] e1000: Intel(R) PRO/1000 Network Driver - version 7.3.21-k8-NAPI
[    1.292360] e1000: Copyright (c) 1999-2006 Intel Corporation.
[    1.314023] Fusion MPT SPI Host driver 3.04.20
[    1.317090] AVX2 version of gcm_enc/dec engaged.
[    1.318348] AES CTR mode by8 optimization enabled
[    1.517702] input: ImExPS/2 Generic Explorer Mouse as /devices/platform/i8042/serio1/input/input4
[    1.947685] e1000 0000:00:03.0 eth0: (PCI:33MHz:32-bit) 02:ba:b8:ca:39:a3
[    1.951754] e1000 0000:00:03.0 eth0: Intel(R) PRO/1000 Network Connection
[    3.052175] e1000 0000:00:08.0 eth1: (PCI:33MHz:32-bit) 08:00:27:80:13:0e
[    3.055399] e1000 0000:00:08.0 eth1: Intel(R) PRO/1000 Network Connection
[    3.060750] mptbase: ioc0: Initiating bringup
[    3.061840] e1000 0000:00:08.0 enp0s8: renamed from eth1
[    3.071419] e1000 0000:00:03.0 enp0s3: renamed from eth0
[    3.130140] ioc0: LSI53C1030 A0: Capabilities={Initiator}
[    3.298666] scsi host2: ioc0: LSI53C1030 A0, FwRev=00000000h, Ports=1, MaxQ=256, IRQ=20
[    3.417864] scsi 2:0:0:0: Direct-Access     VBOX     HARDDISK         1.0  PQ: 0 ANSI: 5
[    3.420395] scsi target2:0:0: Beginning Domain Validation
[    3.424899] scsi target2:0:0: Domain Validation skipping write tests
[    3.426677] scsi target2:0:0: Ending Domain Validation
[    3.428229] scsi target2:0:0: asynchronous
[    3.430777] scsi 2:0:1:0: Direct-Access     VBOX     HARDDISK         1.0  PQ: 0 ANSI: 5
[    3.433091] scsi target2:0:1: Beginning Domain Validation
[    3.437908] scsi target2:0:1: Domain Validation skipping write tests
[    3.470353] scsi target2:0:1: Ending Domain Validation
[    3.471890] scsi target2:0:1: asynchronous
[    3.483858] sd 2:0:0:0: Attached scsi generic sg0 type 0
[    3.485395] sd 2:0:0:0: [sda] 20971520 512-byte logical blocks: (10.7 GB/10.0 GiB)
[    3.488368] sd 2:0:0:0: [sda] Write Protect is off
[    3.490039] sd 2:0:1:0: Attached scsi generic sg1 type 0
[    3.490041] sd 2:0:1:0: [sdb] 20480 512-byte logical blocks: (10.5 MB/10.0 MiB)
[    3.491689] sd 2:0:0:0: [sda] Incomplete mode parameter data
[    3.491691] sd 2:0:0:0: [sda] Assuming drive cache: write through
[    3.497266] sd 2:0:1:0: [sdb] Write Protect is off
[    3.499018] sd 2:0:1:0: [sdb] Incomplete mode parameter data
[    3.500557] sd 2:0:1:0: [sdb] Assuming drive cache: write through
[    3.513751]  sda: sda1
[    3.515859] sd 2:0:0:0: [sda] Attached SCSI disk
[    3.540968] sd 2:0:1:0: [sdb] Attached SCSI disk
Begin: Loading essential drivers ... [    5.013716] md: linear personality registered for level -1
[    5.017226] md: multipath personality registered for level -4
[    5.021025] md: raid0 personality registered for level 0
[    5.025730] md: raid1 personality registered for level 1
[    5.097756] raid6: sse2x1   gen() 12581 MB/s
[    5.166067] raid6: sse2x1   xor()  9458 MB/s
[    5.233418] raid6: sse2x2   gen() 14995 MB/s
[    5.301732] raid6: sse2x2   xor() 10669 MB/s
[    5.370066] raid6: sse2x4   gen() 16877 MB/s
[    5.437392] raid6: sse2x4   xor() 11788 MB/s
[    5.505695] raid6: avx2x1   gen() 24569 MB/s
[    5.574029] raid6: avx2x2   gen() 28840 MB/s
[    5.641382] raid6: avx2x4   gen() 27970 MB/s
[    5.642644] raid6: using algorithm avx2x2 gen() 28840 MB/s
[    5.644189] raid6: using avx2x2 recovery algorithm
[    5.646633] xor: automatically using best checksumming function:
[    5.686242]    avx       : 33850.000 MB/sec
[    5.688585] async_tx: api initialized (async)
[    5.697396] md: raid6 personality registered for level 6
[    5.698856] md: raid5 personality registered for level 5
[    5.700232] md: raid4 personality registered for level 4
[    5.706576] md: raid10 personality registered for level 10
done.
Begin: Running /scripts/init-premount ... done.
Begin: Mounting root file system ... Begin: Running /scripts/local-top ... done.
Begin: Running /scripts/local-premount ... [    5.736113] Btrfs loaded
Scanning for Btrfs filesystems
done.
Warning: fsck not present, so skipping root file system
[    5.767385] EXT4-fs (sda1): INFO: recovery required on readonly filesystem
[    5.768931] EXT4-fs (sda1): write access will be enabled during recovery
[    6.380180] EXT4-fs (sda1): orphan cleanup on readonly fs
[    6.439109] EXT4-fs (sda1): 6 orphan inodes deleted
[    6.444504] EXT4-fs (sda1): recovery complete
[    6.452309] EXT4-fs (sda1): mounted filesystem with ordered data mode. Opts: (null)
done.
[    6.717352] random: nonblocking pool is initialized
Begin: Running /scripts/local-bottom ... done.
Begin: Running /scripts/init-bottom ... done.
[    7.623805] systemd[1]: systemd 229 running in system mode. (+PAM +AUDIT +SELINUX +IMA +APPARMOR +SMACK +SYSVINIT +UTMP +LIBCRYPTSETUP +GCRYPT +GNUTLS +ACL +XZ -LZ4 +SECCOMP +BLKID +ELFUTILS +KMOD -IDN)
[    7.631860] systemd[1]: Detected virtualization oracle.
[    7.634686] systemd[1]: Detected architecture x86-64.

Welcome to [1mUbuntu 16.04.6 LTS[0m!

[    7.688667] systemd[1]: Set hostname to <ubuntu-xenial>.
[    9.237217] systemd[1]: Reached target User and Group Name Lookups.
[[0;32m  OK  [0m] Reached target User and Group Name Lookups.
[    9.250066] systemd[1]: Listening on Journal Socket (/dev/log).
[[0;32m  OK  [0m] Listening on Journal Socket (/dev/log).
[    9.254141] systemd[1]: Created slice User and Session Slice.
[[0;32m  OK  [0m] Created slice User and Session Slice.
[    9.257815] systemd[1]: Listening on /dev/initctl Compatibility Named Pipe.
[[0;32m  OK  [0m] Listening on /dev/initctl Compatibility Named Pipe.
[    9.262171] systemd[1]: Listening on Syslog Socket.
[[0;32m  OK  [0m] Listening on Syslog Socket.
[    9.269622] systemd[1]: Listening on LVM2 metadata daemon socket.
[[0;32m  OK  [0m] Listening on LVM2 metadata daemon socket.
[    9.273585] systemd[1]: Listening on Journal Audit Socket.
[[0;32m  OK  [0m] Listening on Journal Audit Socket.
[    9.281626] systemd[1]: Started Forward Password Requests to Wall Directory Watch.
[[0;32m  OK  [0m] Started Forward Password Requests to Wall Directory Watch.
[    9.286554] systemd[1]: Reached target Swap.
[[0;32m  OK  [0m] Reached target Swap.
[    9.289796] systemd[1]: Listening on udev Control Socket.
[[0;32m  OK  [0m] Listening on udev Control Socket.
[    9.298480] systemd[1]: Created slice System Slice.
[[0;32m  OK  [0m] Created slice System Slice.
[    9.301817] systemd[1]: Reached target System Time Synchronized.
[[0;32m  OK  [0m] Reached target System Time Synchronized.
[    9.305504] systemd[1]: Listening on udev Kernel Socket.
[[0;32m  OK  [0m] Listening on udev Kernel Socket.
[    9.309086] systemd[1]: Set up automount Arbitrary Executable File Formats File System Automount Point.
[[0;32m  OK  [0m] Set up automount Arbitrary Executab...ats File System Automount Point.
[    9.314598] systemd[1]: Started Trigger resolvconf update for networkd DNS.
[[0;32m  OK  [0m] Started Trigger resolvconf update for networkd DNS.
[   10.021774] systemd[1]: Listening on Journal Socket.
[[0;32m  OK  [0m] Listening on Journal Socket.
[   10.042826] systemd[1]: Starting Uncomplicated firewall...
         Starting Uncomplicated firewall...
[   10.094488] systemd[1]: Starting Remount Root and Kernel File Systems...
         Starting Remount Root and Kernel File Systems...
[   10.106034] systemd[1]: Mounting Huge Pages File System...
         Mounting Huge Pages File System...
[   10.109225] systemd[1]: Starting Journal Service...
         Starting Journal Service...
[   10.112078] systemd[1]: Mounting Debug File System...
         Mounting Debug File System...
[   10.198772] systemd[1]: Starting Load Kernel Modules...
         Starting Load Kernel Modules...
[   10.208708] systemd[1]: Starting Create list of required static device nodes for the current kernel...
         Starting Create list of required st... nodes for the current kernel...
[   10.227744] systemd[1]: Mounting POSIX Message Queue File System...
         Mounting POSIX Message Queue File System...
[   10.238524] systemd[1]: Created slice system-serial\x2dgetty.slice.
[[0;32m  OK  [0m] Created slice system-serial\x2dgetty.slice.
[   10.243975] systemd[1]: Reached target Slices.
[[0;32m  OK  [0m] Reached target Slices.
[   10.249389] systemd[1]: Starting Set console keymap...
         Starting Set console keymap...
[   10.262388] systemd[1]: Reached target Encrypted Volumes.
[[0;32m  OK  [0m] Reached target Encrypted Volumes.
[   10.285799] systemd[1]: Starting Nameserver information manager...
         Starting Nameserver information manager...
[   10.288623] systemd[1]: Listening on Device-mapper event daemon FIFOs.
[[0;32m  OK  [0m] Listening on Device-mapper event daemon FIFOs.
[   10.292654] systemd[1]: Starting Monitoring of LVM2 mirrors, snapshots etc. using dmeventd or progress polling...
         Starting Monitoring of LVM2 mirrors... dmeventd or progress polling...
[   10.296702] systemd[1]: Listening on LVM2 poll daemon socket.
[[0;32m  OK  [0m] Listening on LVM2 poll daemon socket.
[   10.307749] systemd[1]: Started Uncomplicated firewall.
[[0;32m  OK  [0m] Started Uncomplicated firewall.
[   10.331548] systemd[1]: Started Create list of required static device nodes for the current kernel.
[[0;32m  OK  [0m] Started Create list of required sta...ce nodes for the current kernel.
[   10.345742] systemd[1]: Starting Create Static Device Nodes in /dev...
         Starting Create Static Device Nodes in /dev...
[   10.535862] EXT4-fs (sda1): re-mounted. Opts: (null)
[   10.536708] systemd[1]: Mounted Huge Pages File System.
[[0;32m  OK  [0m] Mounted Huge Pages File System.
[   10.542815] systemd[1]: Mounted Debug File System.
[   10.545259] Loading iSCSI transport class v2.0-870.
[[0;32m  OK  [0m] Mounted Debug File System.
[   10.551530] systemd[1]: Mounted POSIX Message Queue File System.
[[0;32m  OK  [0m] Mounted POSIX Message Queue File System.
[   10.565460] systemd[1]: Started Remount Root and Kernel File Systems.
[[0;32m  OK  [0m] Started Remount Root and Kernel File Systems.
[   10.616295] systemd[1]: Starting udev Coldplug all Devices...
         Starting udev Coldplug all Devices...
[   10.630749] systemd[1]: Starting Load/Save Random Seed...
         Starting Load/Save Random Seed...
[   10.650365] systemd[1]: Started Nameserver information manager.
[[0;32m  OK  [0m] Started Nameserver information manager.
[   10.683983] iscsi: registered transport (tcp)
[   10.692025] systemd[1]: Started udev Coldplug all Devices.
[[0;32m  OK  [0m] Started udev Coldplug all Devices.
[   10.834101] systemd[1]: Started Load/Save Random Seed.
[[0;32m  OK  [0m] Started Load/Save Random Seed.
[   10.846206] systemd[1]: Started Journal Service.
[[0;32m  OK  [0m] Started Journal Service.
         Starting Flush Journal to Persistent Storage...
[[0;32m  OK  [0m] Started Set console keymap.
[[0;32m  OK  [0m] Started LVM2 metadata daemon.
[   11.059465] systemd-journald[375]: Received request to flush runtime journal from PID 1
[[0;32m  OK  [0m] Started Flush Journal to Persistent Storage.
[[0;32m  OK  [0m] Started Create Static Device Nodes in /dev.
         Starting udev Kernel Device Manager...
[   11.165772] iscsi: registered transport (iser)
[[0;32m  OK  [0m] Started Load Kernel Modules.
         Mounting FUSE Control File System...
         Starting Apply Kernel Variables...
[[0;32m  OK  [0m] Mounted FUSE Control File System.
[[0;32m  OK  [0m] Started Apply Kernel Variables.
[[0;32m  OK  [0m] Started udev Kernel Device Manager.
[[0;32m  OK  [0m] Started Dispatch Password Requests to Console Directory Watch.
[[0;32m  OK  [0m] Started Monitoring of LVM2 mirrors,...ng dmeventd or progress polling.
[[0;32m  OK  [0m] Reached target Local File Systems (Pre).
[[0;32m  OK  [0m] Reached target Local File Systems.
         Starting Set console font and keymap...
         Starting Initial cloud-init job (pre-networking)...
         Starting Create Volatile Files and Directories...
         Starting LSB: AppArmor initialization...
         Starting Tell Plymouth To Write Out Runtime Data...
[[0;32m  OK  [0m] Found device /dev/ttyS0.
[[0;32m  OK  [0m] Started Create Volatile Files and Directories.
         Starting Update UTMP about System Boot/Shutdown...
[[0;32m  OK  [0m] Started Tell Plymouth To Write Out Runtime Data.
[[0;32m  OK  [0m] Listening on Load/Save RF Kill Switch Status /dev/rfkill Watch.
[[0;32m  OK  [0m] Started Update UTMP about System Boot/Shutdown.
[[0;32m  OK  [0m] Found device 82540EM Gigabit Ethern...r (PRO/1000 MT Desktop Adapter).
[[0;32m  OK  [0m] Found device 82540EM Gigabit Ethern...r (PRO/1000 MT Desktop Adapter).
[[0;32m  OK  [0m] Started Set console font and keymap.
[[0;32m  OK  [0m] Created slice system-getty.slice.
[[0;32m  OK  [0m] Started LSB: AppArmor initialization.
[   25.048090] cloud-init[484]: Cloud-init v. 19.4-33-gbb4131a2-0ubuntu1~16.04.1 running 'init-local' at Tue, 12 May 2020 06:49:26 +0000. Up 23.82 seconds.
[[0;32m  OK  [0m] Started Initial cloud-init job (pre-networking).
[[0;32m  OK  [0m] Reached target Network (Pre).
[[0;32m  OK  [0m] Started ifup for enp0s8.
[[0;32m  OK  [0m] Started ifup for enp0s3.
         Starting Raise network interfaces...
[[0;32m  OK  [0m] Started Raise network interfaces.
[[0;32m  OK  [0m] Reached target Network.
         Starting Initial cloud-init job (metadata service crawler)...
[   27.293688] cloud-init[1079]: Cloud-init v. 19.4-33-gbb4131a2-0ubuntu1~16.04.1 running 'init' at Tue, 12 May 2020 06:49:28 +0000. Up 25.84 seconds.
[   27.304663] cloud-init[1079]: ci-info: ++++++++++++++++++++++++++++++++++++++Net device info+++++++++++++++++++++++++++++++++++++++
[   27.306454] cloud-init[1079]: ci-info: +--------+------+-----------------------------+---------------+--------+-------------------+
[   27.307748] cloud-init[1079]: ci-info: | Device |  Up  |           Address           |      Mask     | Scope  |     Hw-Address    |
[   27.316340] cloud-init[1079]: ci-info: +--------+------+-----------------------------+---------------+--------+-------------------+
[   27.317718] cloud-init[1079]: ci-info: | enp0s3 | True |          10.0.2.15          | 255.255.255.0 | global | 02:ba:b8:ca:39:a3 |
[   27.319270] cloud-init[1079]: ci-info: | enp0s3 | True |  fe80::ba:b8ff:feca:39a3/64 |       .       |  link  | 02:ba:b8:ca:39:a3 |
[   27.321017] cloud-init[1079]: ci-info: | enp0s8 | True |        192.168.33.16        | 255.255.255.0 | global | 08:00:27:80:13:0e |
[   27.322806] cloud-init[1079]: ci-info: | enp0s8 | True | fe80::a00:27ff:fe80:130e/64 |       .       |  link  | 08:00:27:80:13:0e |
[   27.324605] cloud-init[1079]: ci-info: |   lo   | True |          127.0.0.1          |   255.0.0.0   |  host  |         .         |
[   27.326389] cloud-init[1079]: ci-info: |   lo   | True |           ::1/128           |       .       |  host  |         .         |
[   27.328243] cloud-init[1079]: ci-info: +--------+------+-----------------------------+---------------+--------+-------------------+
[   27.336364] cloud-init[1079]: ci-info: ++++++++++++++++++++++++++++Route IPv4 info++++++++++++++++++++++++++++
[   27.344709] cloud-init[1079]: ci-info: +-------+--------------+----------+---------------+-----------+-------+
[[0;32m  OK  [0m] Started Initial cloud-init job (metadata service crawler).
[[0;32m  OK  [0m] Reached target Network is Online.
[   27.358202] cloud-init[1079]: ci-info: | Route | Destination  | Gateway  |    Genmask    | Interface | Flags |
[   27.372655] cloud-init[1079]: ci-info: +-------+--------------+----------+---------------+-----------+-------+
[   27.374508] cloud-init[1079]: ci-info: |   0   |   0.0.0.0    | 10.0.2.2 |    0.0.0.0    |   enp0s3  |   UG  |
[   27.380557] cloud-init[1079]: ci-info: |   1   |   10.0.2.0   | 0.0.0.0  | 255.255.255.0 |   enp0s3  |   U   |
[   27.388459] cloud-init[1079]: ci-info: |   2   | 192.168.33.0 | 0.0.0.0  | 255.255.255.0 |   enp0s8  |   U   |
         Starting iSCSI initiator daemon (iscsid)...
[[0;32m  OK  [0m] Reached target Cloud-config availability.
[[0;32m  OK  [0m] Reached target System Initialization.
[[0;32m  OK  [0m] Listening on UUID daemon activation socket.
[   27.399955] cloud-init[1079]: ci-info: +-------+--------------+----------+---------------+-----------+-------+
[   27.419106] cloud-init[1079]: ci-info: +++++++++++++++++++Route IPv6 info+++++++++++++++++++
[   27.421773] cloud-init[1079]: ci-info: +-------+-------------+---------+-----------+-------+
[   27.424457] cloud-init[1079]: ci-info: | Route | Destination | Gateway | Interface | Flags |
[   27.426388] cloud-init[1079]: ci-info: +-------+-------------+---------+-----------+-------+
[   27.427888] cloud-init[1079]: ci-info: |   0   |  fe80::/64  |    ::   |   enp0s8  |   U   |
[   27.429656] cloud-init[1079]: ci-info: |   1   |  fe80::/64  |    ::   |   enp0s3  |   U   |
[   27.431247] cloud-init[1079]: ci-info: |   4   |   ff00::/8  |    ::   |   enp0s8  |   U   |
[   27.441041] cloud-init[1079]: ci-info: |   5   |   ff00::/8  |    ::   |   enp0s3  |   U   |
[   27.442730] cloud-init[1079]: ci-info: +-------+-------------+---------+-----------+-------+
[[0;32m  OK  [0m] Started Daily apt download activities.
[[0;32m  OK  [0m] Started Daily apt upgrade and clean activities.
[[0;32m  OK  [0m] Started Message of the Day.
[[0;32m  OK  [0m] Listening on D-Bus System Message Bus Socket.
         Starting LXD - unix socket.
[[0;32m  OK  [0m] Listening on ACPID Listen Socket.
[[0;32m  OK  [0m] Started ACPI Events Check.
[[0;32m  OK  [0m] Reached target Paths.
[[0;32m  OK  [0m] Started Daily Cleanup of Temporary Directories.
[[0;32m  OK  [0m] Reached target Timers.
         Starting Socket activation for snappy daemon.
[[0;32m  OK  [0m] Listening on LXD - unix socket.
[[0;32m  OK  [0m] Listening on Socket activation for snappy daemon.
[[0;32m  OK  [0m] Reached target Sockets.
[[0;32m  OK  [0m] Reached target Basic System.
         Starting Message of the Day...
         Starting Virtualbox guest utils...
         Starting Accounts Service...
         Starting LSB: MD monitoring daemon...
         Starting System Logging Service...
         Starting LSB: Record successful boot for GRUB...
[[0;32m  OK  [0m] Started FUSE filesystem for LXC.
[[0;32m  OK  [0m] Started Deferred execution scheduler.
         Starting OpenBSD Secure Shell server...
[[0;32m  OK  [0m] Started Regular background program processing daemon.
[[0;32m  OK  [0m] Started D-Bus System Message Bus.
         Starting Snappy daemon...
         Starting MySQL Community Server...
         Starting /etc/rc.local Compatibility...
         Starting Login Service...
[[0;32m  OK  [0m] Started ACPI event daemon.
         Starting LXD - container startup/shutdown...
[[0;32m  OK  [0m] Started System Logging Service.
[[0;32m  OK  [0m] Started iSCSI initiator daemon (iscsid).
[[0;32m  OK  [0m] Started /etc/rc.local Compatibility.
[[0;32m  OK  [0m] Started OpenBSD Secure Shell server.
         Starting Login to default iSCSI targets...
[[0;32m  OK  [0m] Started Login Service.
[[0;32m  OK  [0m] Started Unattended Upgrades Shutdown.
         Starting Authenticate and Authorize Users to Run Privileged Tasks...
[[0;32m  OK  [0m] Started LSB: Record successful boot for GRUB.
[[0;32m  OK  [0m] Started Login to default iSCSI targets.
[[0;32m  OK  [0m] Reached target Remote File Systems (Pre).
[[0;32m  OK  [0m] Reached target Remote File Systems.
         Starting LSB: Apache2 web server...
         Starting LSB: automatic crash report generation...
         Starting Permit User Sessions...
         Starting LSB: Set the CPU Frequency Scaling governor to "ondemand"...
         Starting LSB: daemon to balance interrupts for SMP systems...
[[0;32m  OK  [0m] Started LSB: Set the CPU Frequency Scaling governor to "ondemand".
[[0;32m  OK  [0m] Started Permit User Sessions.
         Starting Terminate Plymouth Boot Screen...
         Starting Hold until boot process finishes up...
[[0;32m  OK  [0m] Started Terminate Plymouth Boot Screen.
[[0;32m  OK  [0m] Started Hold until boot process finishes up.
[[0;32m  OK  [0m] Started Serial Getty on ttyS0.
         Starting Set console scheme...
[[0;32m  OK  [0m] Started Getty on tty1.
[[0;32m  OK  [0m] Reached target Login Prompts.
[[0;32m  OK  [0m] Started Set console scheme.
[[0;32m  OK  [0m] Started LSB: MD monitoring daemon.
[[0;32m  OK  [0m] Started Authenticate and Authorize Users to Run Privileged Tasks.
[[0;32m  OK  [0m] Started Accounts Service.
[[0;32m  OK  [0m] Started LSB: automatic crash report generation.
[[0;32m  OK  [0m] Started LSB: daemon to balance interrupts for SMP systems.
[[0;32m  OK  [0m] Started Virtualbox guest utils.
[[0;32m  OK  [0m] Created slice User Slice of vagrant.
         Starting User Manager for UID 1000...
[[0;32m  OK  [0m] Started Session 1 of user vagrant.
[[0;32m  OK  [0m] Started User Manager for UID 1000.
[[0;32m  OK  [0m] Started Snappy daemon.
         Starting Wait until snapd is fully seeded...
[[0;32m  OK  [0m] Started Wait until snapd is fully seeded.
         Starting Apply the settings specified in cloud-config...
[[0;32m  OK  [0m] Started Message of the Day.
[   38.352743] cloud-init[1430]: Cloud-init v. 19.4-33-gbb4131a2-0ubuntu1~16.04.1 running 'modules:config' at Tue, 12 May 2020 06:49:37 +0000. Up 35.15 seconds.

Ubuntu 16.04.6 LTS ubuntu-xenial ttyS0

ubuntu-xenial login: [   44.170357] cloud-init[1588]: Cloud-init v. 19.4-33-gbb4131a2-0ubuntu1~16.04.1 running 'modules:final' at Tue, 12 May 2020 06:49:46 +0000. Up 43.93 seconds.
[   44.170679] cloud-init[1588]: Cloud-init v. 19.4-33-gbb4131a2-0ubuntu1~16.04.1 finished at Tue, 12 May 2020 06:49:46 +0000. Datasource DataSourceNoCloud [seed=/dev/sdb][dsmode=net].  Up 44.16 seconds
