[    0.000000] Initializing cgroup subsys cpuset
[    0.000000] Initializing cgroup subsys cpu
[    0.000000] Initializing cgroup subsys cpuacct
[    0.000000] Linux version 4.4.0-184-generic (buildd@lgw01-amd64-060) (gcc version 5.4.0 20160609 (Ubuntu 5.4.0-6ubuntu1~16.04.12) ) #214-Ubuntu SMP Thu Jun 4 10:14:11 UTC 2020 (Ubuntu 4.4.0-184.214-generic 4.4.223)
[    0.000000] Command line: BOOT_IMAGE=/boot/vmlinuz-4.4.0-184-generic root=UUID=f7b43405-fdce-4bb1-b4fb-264548858b21 ro console=tty1 console=ttyS0
[    0.000000] KERNEL supported cpus:
[    0.000000]   Intel GenuineIntel
[    0.000000]   AMD AuthenticAMD
[    0.000000]   Centaur CentaurHauls
[    0.000000] x86/fpu: xstate_offset[2]:  576, xstate_sizes[2]:  256
[    0.000000] x86/fpu: Supporting XSAVE feature 0x01: 'x87 floating point registers'
[    0.000000] x86/fpu: Supporting XSAVE feature 0x02: 'SSE registers'
[    0.000000] x86/fpu: Supporting XSAVE feature 0x04: 'AVX registers'
[    0.000000] x86/fpu: Enabled xstate features 0x7, context size is 832 bytes, using 'standard' format.
[    0.000000] e820: BIOS-provided physical RAM map:
[    0.000000] BIOS-e820: [mem 0x0000000000000000-0x000000000009fbff] usable
[    0.000000] BIOS-e820: [mem 0x000000000009fc00-0x000000000009ffff] reserved
[    0.000000] BIOS-e820: [mem 0x00000000000f0000-0x00000000000fffff] reserved
[    0.000000] BIOS-e820: [mem 0x0000000000100000-0x000000003ffeffff] usable
[    0.000000] BIOS-e820: [mem 0x000000003fff0000-0x000000003fffffff] ACPI data
[    0.000000] BIOS-e820: [mem 0x00000000fec00000-0x00000000fec00fff] reserved
[    0.000000] BIOS-e820: [mem 0x00000000fee00000-0x00000000fee00fff] reserved
[    0.000000] BIOS-e820: [mem 0x00000000fffc0000-0x00000000ffffffff] reserved
[    0.000000] NX (Execute Disable) protection: active
[    0.000000] SMBIOS 2.5 present.
[    0.000000] Hypervisor detected: KVM
[    0.000000] e820: last_pfn = 0x3fff0 max_arch_pfn = 0x400000000
[    0.000000] MTRR: Disabled
[    0.000000] x86/PAT: MTRRs disabled, skipping PAT initialization too.
[    0.000000] CPU MTRRs all blank - virtualized system.
[    0.000000] x86/PAT: Configuration [0-7]: WB  WT  UC- UC  WB  WT  UC- UC  
[    0.000000] found SMP MP-table at [mem 0x0009fff0-0x0009ffff] mapped at [ffff88000009fff0]
[    0.000000] Scanning 1 areas for low memory corruption
[    0.000000] RAMDISK: [mem 0x361ca000-0x370dcfff]
[    0.000000] ACPI: Early table checksum verification disabled
[    0.000000] ACPI: RSDP 0x00000000000E0000 000024 (v02 VBOX  )
[    0.000000] ACPI: XSDT 0x000000003FFF0030 00003C (v01 VBOX   VBOXXSDT 00000001 ASL  00000061)
[    0.000000] ACPI: FACP 0x000000003FFF00F0 0000F4 (v04 VBOX   VBOXFACP 00000001 ASL  00000061)
[    0.000000] ACPI: DSDT 0x000000003FFF0470 002325 (v02 VBOX   VBOXBIOS 00000002 INTL 20100528)
[    0.000000] ACPI: FACS 0x000000003FFF0200 000040
[    0.000000] ACPI: FACS 0x000000003FFF0200 000040
[    0.000000] ACPI: APIC 0x000000003FFF0240 00005C (v02 VBOX   VBOXAPIC 00000001 ASL  00000061)
[    0.000000] ACPI: SSDT 0x000000003FFF02A0 0001CC (v01 VBOX   VBOXCPUT 00000002 INTL 20100528)
[    0.000000] No NUMA configuration found
[    0.000000] Faking a node at [mem 0x0000000000000000-0x000000003ffeffff]
[    0.000000] NODE_DATA(0) allocated [mem 0x3ffeb000-0x3ffeffff]
[    0.000000] kvm-clock: Using msrs 4b564d01 and 4b564d00
[    0.000000] kvm-clock: cpu 0, msr 0:3ffe3001, primary cpu clock
[    0.000000] kvm-clock: using sched offset of 4064771872 cycles
[    0.000000] clocksource: kvm-clock: mask: 0xffffffffffffffff max_cycles: 0x1cd42e4dffb, max_idle_ns: 881590591483 ns
[    0.000000] Zone ranges:
[    0.000000]   DMA      [mem 0x0000000000001000-0x0000000000ffffff]
[    0.000000]   DMA32    [mem 0x0000000001000000-0x000000003ffeffff]
[    0.000000]   Normal   empty
[    0.000000]   Device   empty
[    0.000000] Movable zone start for each node
[    0.000000] Early memory node ranges
[    0.000000]   node   0: [mem 0x0000000000001000-0x000000000009efff]
[    0.000000]   node   0: [mem 0x0000000000100000-0x000000003ffeffff]
[    0.000000] Initmem setup node 0 [mem 0x0000000000001000-0x000000003ffeffff]
[    0.000000] ACPI: PM-Timer IO Port: 0x4008
[    0.000000] IOAPIC[0]: apic_id 2, version 32, address 0xfec00000, GSI 0-23
[    0.000000] ACPI: INT_SRC_OVR (bus 0 bus_irq 0 global_irq 2 dfl dfl)
[    0.000000] ACPI: INT_SRC_OVR (bus 0 bus_irq 9 global_irq 9 low level)
[    0.000000] Using ACPI (MADT) for SMP configuration information
[    0.000000] smpboot: Allowing 2 CPUs, 0 hotplug CPUs
[    0.000000] PM: Registered nosave memory: [mem 0x00000000-0x00000fff]
[    0.000000] PM: Registered nosave memory: [mem 0x0009f000-0x0009ffff]
[    0.000000] PM: Registered nosave memory: [mem 0x000a0000-0x000effff]
[    0.000000] PM: Registered nosave memory: [mem 0x000f0000-0x000fffff]
[    0.000000] e820: [mem 0x40000000-0xfebfffff] available for PCI devices
[    0.000000] Booting paravirtualized kernel on KVM
[    0.000000] clocksource: refined-jiffies: mask: 0xffffffff max_cycles: 0xffffffff, max_idle_ns: 7645519600211568 ns
[    0.000000] setup_percpu: NR_CPUS:512 nr_cpumask_bits:512 nr_cpu_ids:2 nr_node_ids:1
[    0.000000] PERCPU: Embedded 33 pages/cpu @ffff88003fc00000 s95448 r8192 d31528 u1048576
[    0.000000] Built 1 zonelists in Node order, mobility grouping on.  Total pages: 257912
[    0.000000] Policy zone: DMA32
[    0.000000] Kernel command line: BOOT_IMAGE=/boot/vmlinuz-4.4.0-184-generic root=UUID=f7b43405-fdce-4bb1-b4fb-264548858b21 ro console=tty1 console=ttyS0
[    0.000000] PID hash table entries: 4096 (order: 3, 32768 bytes)
[    0.000000] Memory: 997112K/1048120K available (8632K kernel code, 1336K rwdata, 4036K rodata, 1492K init, 1292K bss, 51008K reserved, 0K cma-reserved)
[    0.000000] SLUB: HWalign=64, Order=0-3, MinObjects=0, CPUs=2, Nodes=1
[    0.000000] Kernel/User page tables isolation: enabled
[    0.000000] Hierarchical RCU implementation.
[    0.000000] 	Build-time adjustment of leaf fanout to 64.
[    0.000000] 	RCU restricting CPUs from NR_CPUS=512 to nr_cpu_ids=2.
[    0.000000] RCU: Adjusting geometry for rcu_fanout_leaf=64, nr_cpu_ids=2
[    0.000000] NR_IRQS:33024 nr_irqs:440 16
[    0.000000] Console: colour VGA+ 80x25
[    0.000000] console [tty1] enabled
[    0.000000] console [ttyS0] enabled
[    0.000000] tsc: Detected 3408.000 MHz processor
[    0.185661] Calibrating delay loop (skipped) preset value.. 6816.00 BogoMIPS (lpj=13632000)
[    0.188010] pid_max: default: 32768 minimum: 301
[    0.189214] ACPI: Core revision 20150930
[    0.191963] ACPI: 2 ACPI AML tables successfully acquired and loaded
[    0.193806] Security Framework initialized
[    0.194855] Yama: becoming mindful.
[    0.195817] AppArmor: AppArmor initialized
[    0.197118] Dentry cache hash table entries: 131072 (order: 8, 1048576 bytes)
[    0.201618] Inode-cache hash table entries: 65536 (order: 7, 524288 bytes)
[    0.203501] Mount-cache hash table entries: 2048 (order: 2, 16384 bytes)
[    0.205090] Mountpoint-cache hash table entries: 2048 (order: 2, 16384 bytes)
[    0.206822] Initializing cgroup subsys io
[    0.207855] Initializing cgroup subsys memory
[    0.208971] Initializing cgroup subsys devices
[    0.210079] Initializing cgroup subsys freezer
[    0.211210] Initializing cgroup subsys net_cls
[    0.212493] Initializing cgroup subsys perf_event
[    0.213929] Initializing cgroup subsys net_prio
[    0.215085] Initializing cgroup subsys hugetlb
[    0.216343] Initializing cgroup subsys pids
[    0.218706] mce: CPU supports 0 MCE banks
[    0.219887] Last level iTLB entries: 4KB 64, 2MB 8, 4MB 8
[    0.221302] Last level dTLB entries: 4KB 64, 2MB 0, 4MB 0, 1GB 4
[    0.222871] Spectre V1 : Mitigation: usercopy/swapgs barriers and __user pointer sanitization
[    0.224989] Spectre V2 : Mitigation: Full generic retpoline
[    0.226381] Spectre V2 : Spectre v2 / SpectreRSB mitigation: Filling RSB on context switch
[    0.228384] Speculative Store Bypass: Vulnerable
[    0.229585] SRBDS: Unknown: Dependent on hypervisor status
[    0.230956] MDS: Vulnerable: Clear CPU buffers attempted, no microcode
[    0.235577] Freeing SMP alternatives memory: 36K
[    0.243118] ftrace: allocating 32319 entries in 127 pages
[    0.318378] smpboot: APIC(0) Converting physical 0 to logical package 0
[    0.319958] smpboot: Max logical packages: 1
[    0.321508] x2apic enabled
[    0.322931] Switched APIC routing to physical x2apic.
[    0.326028] ..TIMER: vector=0x30 apic1=0 pin1=2 apic2=-1 pin2=-1
[    0.435826] smpboot: CPU0: Intel(R) Core(TM) i7-6700 CPU @ 3.40GHz (family: 0x6, model: 0x5e, stepping: 0x3)
[    0.438656] Performance Events: unsupported p6 CPU model 94 no PMU driver, software events only.
[    0.452417] KVM setup paravirtual spinlock
[    0.454103] x86: Booting SMP configuration:
[    0.455180] .... node  #0, CPUs:      #1
[    0.456391] kvm-clock: cpu 1, msr 0:3ffe3041, secondary cpu clock
[    0.459444] mce: CPU supports 0 MCE banks
[    0.462148] x86: Booted up 1 node, 2 CPUs
[    0.463746] smpboot: Total of 2 processors activated (13632.00 BogoMIPS)
[    0.465958] devtmpfs: initialized
[    0.468436] evm: security.selinux
[    0.469336] evm: security.SMACK64
[    0.470349] evm: security.SMACK64EXEC
[    0.471510] evm: security.SMACK64TRANSMUTE
[    0.472717] evm: security.SMACK64MMAP
[    0.473719] evm: security.ima
[    0.474588] evm: security.capability
[    0.475800] clocksource: jiffies: mask: 0xffffffff max_cycles: 0xffffffff, max_idle_ns: 7645041785100000 ns
[    0.478240] futex hash table entries: 512 (order: 3, 32768 bytes)
[    0.479817] pinctrl core: initialized pinctrl subsystem
[    0.481166] RTC time: 15:13:09, date: 06/22/20
[    0.482724] NET: Registered protocol family 16
[    0.497732] cpuidle: using governor ladder
[    0.509576] cpuidle: using governor menu
[    0.510670] PCCT header not found.
[    0.511661] ACPI: bus type PCI registered
[    0.512921] acpiphp: ACPI Hot Plug PCI Controller Driver version: 0.5
[    0.514823] PCI: Using configuration type 1 for base access
[    0.530033] ACPI: Added _OSI(Module Device)
[    0.531181] ACPI: Added _OSI(Processor Device)
[    0.532439] ACPI: Added _OSI(3.0 _SCP Extensions)
[    0.533827] ACPI: Added _OSI(Processor Aggregator Device)
[    0.535760] ACPI: Executed 1 blocks of module-level executable AML code
[    0.539625] ACPI: Interpreter enabled
[    0.540678] ACPI: (supports S0 S5)
[    0.541691] ACPI: Using IOAPIC for interrupt routing
[    0.543377] PCI: Using host bridge windows from ACPI; if necessary, use "pci=nocrs" and report a bug
[    0.549520] ACPI: PCI Root Bridge [PCI0] (domain 0000 [bus 00-ff])
[    0.551289] acpi PNP0A03:00: _OSC: OS supports [ASPM ClockPM Segments MSI]
[    0.553249] acpi PNP0A03:00: _OSC: not requesting OS control; OS requires [ExtendedConfig ASPM ClockPM MSI]
[    0.555928] acpi PNP0A03:00: fail to add MMCONFIG information, can't access extended PCI configuration space under this bridge.
[    0.559366] PCI host bridge to bus 0000:00
[    0.560608] pci_bus 0000:00: root bus resource [io  0x0000-0x0cf7 window]
[    0.562301] pci_bus 0000:00: root bus resource [io  0x0d00-0xffff window]
[    0.564566] pci_bus 0000:00: root bus resource [mem 0x000a0000-0x000bffff window]
[    0.566762] pci_bus 0000:00: root bus resource [mem 0x40000000-0xfdffffff window]
[    0.568918] pci_bus 0000:00: root bus resource [bus 00-ff]
[    0.572593] pci 0000:00:01.1: legacy IDE quirk: reg 0x10: [io  0x01f0-0x01f7]
[    0.574871] pci 0000:00:01.1: legacy IDE quirk: reg 0x14: [io  0x03f6]
[    0.576646] pci 0000:00:01.1: legacy IDE quirk: reg 0x18: [io  0x0170-0x0177]
[    0.588888] pci 0000:00:01.1: legacy IDE quirk: reg 0x1c: [io  0x0376]
[    0.604187] pci 0000:00:07.0: quirk: [io  0x4000-0x403f] claimed by PIIX4 ACPI
[    0.606557] pci 0000:00:07.0: quirk: [io  0x4100-0x410f] claimed by PIIX4 SMB
[    0.616870] ACPI: PCI Interrupt Link [LNKA] (IRQs 5 9 10 *11)
[    0.619102] ACPI: PCI Interrupt Link [LNKB] (IRQs 5 9 *10 11)
[    0.621032] ACPI: PCI Interrupt Link [LNKC] (IRQs 5 *9 10 11)
[    0.623181] ACPI: PCI Interrupt Link [LNKD] (IRQs 5 9 10 *11)
[    0.625349] ACPI: Enabled 2 GPEs in block 00 to 07
[    0.627152] vgaarb: setting as boot device: PCI:0000:00:02.0
[    0.628715] vgaarb: device added: PCI:0000:00:02.0,decodes=io+mem,owns=io+mem,locks=none
[    0.630969] vgaarb: loaded
[    0.631949] vgaarb: bridge control possible 0000:00:02.0
[    0.633534] SCSI subsystem initialized
[    0.634725] ACPI: bus type USB registered
[    0.635920] usbcore: registered new interface driver usbfs
[    0.637418] usbcore: registered new interface driver hub
[    0.638959] usbcore: registered new device driver usb
[    0.640695] PCI: Using ACPI for IRQ routing
[    0.645042] NetLabel: Initializing
[    0.646238] NetLabel:  domain hash size = 128
[    0.647354] NetLabel:  protocols = UNLABELED CIPSOv4
[    0.648674] NetLabel:  unlabeled traffic allowed by default
[    0.650470] amd_nb: Cannot enumerate AMD northbridges
[    0.652248] clocksource: Switched to clocksource kvm-clock
[    0.664206] AppArmor: AppArmor Filesystem Enabled
[    0.665508] pnp: PnP ACPI init
[    0.667227] pnp: PnP ACPI: found 3 devices
[    0.680095] clocksource: acpi_pm: mask: 0xffffff max_cycles: 0xffffff, max_idle_ns: 2085701024 ns
[    0.682461] NET: Registered protocol family 2
[    0.683685] TCP established hash table entries: 8192 (order: 4, 65536 bytes)
[    0.685396] TCP bind hash table entries: 8192 (order: 5, 131072 bytes)
[    0.686791] TCP: Hash tables configured (established 8192 bind 8192)
[    0.688353] UDP hash table entries: 512 (order: 2, 16384 bytes)
[    0.689677] UDP-Lite hash table entries: 512 (order: 2, 16384 bytes)
[    0.691082] NET: Registered protocol family 1
[    0.692420] pci 0000:00:00.0: Limiting direct PCI/PCI transfers
[    0.693881] pci 0000:00:01.0: Activating ISA DMA hang workarounds
[    0.695329] Unpacking initramfs...
[    0.947187] Freeing initrd memory: 15436K
[    0.948464] clocksource: tsc: mask: 0xffffffffffffffff max_cycles: 0x311fd3cd494, max_idle_ns: 440795223879 ns
[    0.951395] platform rtc_cmos: registered platform RTC device (no PNP device found)
[    0.953427] Scanning for low memory corruption every 60 seconds
[    0.955346] audit: initializing netlink subsys (disabled)
[    0.956666] audit: type=2000 audit(1592838795.622:1): initialized
[    0.958659] Initialise system trusted keyring
[    0.960087] HugeTLB registered 2 MB page size, pre-allocated 0 pages
[    0.962908] zbud: loaded
[    0.964142] VFS: Disk quotas dquot_6.6.0
[    0.965214] VFS: Dquot-cache hash table entries: 512 (order 0, 4096 bytes)
[    0.967200] squashfs: version 4.0 (2009/01/31) Phillip Lougher
[    0.968919] fuse init (API version 7.23)
[    0.970506] Key type big_key registered
[    0.971706] Allocating IMA MOK and blacklist keyrings.
[    0.975859] Key type asymmetric registered
[    0.977108] Asymmetric key parser 'x509' registered
[    0.978337] Block layer SCSI generic (bsg) driver version 0.4 loaded (major 249)
[    0.980416] io scheduler noop registered
[    0.981492] io scheduler deadline registered (default)
[    0.982883] io scheduler cfq registered
[    0.984179] pci_hotplug: PCI Hot Plug PCI Core version: 0.5
[    0.985640] pciehp: PCI Express Hot Plug Controller Driver version: 0.4
[    0.987312] ACPI: AC Adapter [AC] (on-line)
[    0.988463] input: Power Button as /devices/LNXSYSTM:00/LNXPWRBN:00/input/input0
[    0.990411] ACPI: Power Button [PWRF]
[    0.991439] input: Sleep Button as /devices/LNXSYSTM:00/LNXSLPBN:00/input/input1
[    0.993538] ACPI: Sleep Button [SLPF]
[    0.994855] GHES: HEST is not enabled!
[    0.995970] Serial: 8250/16550 driver, 32 ports, IRQ sharing enabled
[    1.018107] 00:02: ttyS0 at I/O 0x3f8 (irq = 4, base_baud = 115200) is a 16550A
[    1.021102] Linux agpgart interface v0.103
[    1.027555] loop: module loaded
[    1.029241] scsi host0: ata_piix
[    1.030564] scsi host1: ata_piix
[    1.031487] ata1: PATA max UDMA/33 cmd 0x1f0 ctl 0x3f6 bmdma 0xd000 irq 14
[    1.033128] ata2: PATA max UDMA/33 cmd 0x170 ctl 0x376 bmdma 0xd008 irq 15
[    1.035123] libphy: Fixed MDIO Bus: probed
[    1.036352] tun: Universal TUN/TAP device driver, 1.6
[    1.037962] tun: (C) 1999-2004 Max Krasnyansky <maxk@qualcomm.com>
[    1.039669] PPP generic driver version 2.4.2
[    1.040885] ehci_hcd: USB 2.0 'Enhanced' Host Controller (EHCI) Driver
[    1.042565] ehci-pci: EHCI PCI platform driver
[    1.043670] ehci-platform: EHCI generic platform driver
[    1.044966] ohci_hcd: USB 1.1 'Open' Host Controller (OHCI) Driver
[    1.046448] ohci-pci: OHCI PCI platform driver
[    1.047546] ohci-platform: OHCI generic platform driver
[    1.048888] uhci_hcd: USB Universal Host Controller Interface driver
[    1.050481] i8042: PNP: PS/2 Controller [PNP0303:PS2K,PNP0f03:PS2M] at 0x60,0x64 irq 1,12
[    1.053335] serio: i8042 KBD port at 0x60,0x64 irq 1
[    1.054634] serio: i8042 AUX port at 0x60,0x64 irq 12
[    1.055995] mousedev: PS/2 mouse device common for all mice
[    1.057859] rtc_cmos rtc_cmos: rtc core: registered rtc_cmos as rtc0
[    1.059430] rtc_cmos rtc_cmos: alarms up to one day, 114 bytes nvram
[    1.061025] i2c /dev entries driver
[    1.062118] input: AT Translated Set 2 keyboard as /devices/platform/i8042/serio0/input/input2
[    1.064683] device-mapper: uevent: version 1.0.3
[    1.065780] device-mapper: ioctl: 4.34.0-ioctl (2015-10-28) initialised: dm-devel@redhat.com
[    1.068064] ledtrig-cpu: registered to indicate activity on CPUs
[    1.070185] NET: Registered protocol family 10
[    1.071596] NET: Registered protocol family 17
[    1.072891] Key type dns_resolver registered
[    1.074261] registered taskstats version 1
[    1.075437] Loading compiled-in X.509 certificates
[    1.076972] Loaded X.509 cert 'Build time autogenerated kernel key: b6ae09eed57f82583ccd3c65c463e852cdd7a0b5'
[    1.079409] zswap: loaded using pool lzo/zbud
[    1.082380] Key type trusted registered
[    1.086737] Key type encrypted registered
[    1.087768] AppArmor: AppArmor sha1 policy hashing enabled
[    1.089236] ima: No TPM chip found, activating TPM-bypass!
[    1.090638] ima: Allocated hash algorithm: sha1
[    1.091838] evm: HMAC attrs: 0x1
[    1.093251]   Magic number: 8:412:235
[    1.094455] rtc_cmos rtc_cmos: setting system clock to 2020-06-22 15:13:10 UTC (1592838790)
[    1.096671] BIOS EDD facility v0.16 2004-Jun-25, 0 devices found
[    1.098139] EDD information not available.
[    1.915873] Freeing unused kernel memory: 1492K
[    1.918465] Write protecting the kernel read-only data: 14336k
[    1.922517] Freeing unused kernel memory: 1596K
[    1.924373] Freeing unused kernel memory: 60K
Loading, please wait...
starting version 229
[    1.940488] random: systemd-udevd: uninitialized urandom read (16 bytes read, 3 bits of entropy available)
[    1.941044] random: udevadm: uninitialized urandom read (16 bytes read, 3 bits of entropy available)
[    1.941061] random: udevadm: uninitialized urandom read (16 bytes read, 3 bits of entropy available)
[    1.948620] random: systemd-udevd: uninitialized urandom read (16 bytes read, 3 bits of entropy available)
[    1.949974] random: udevadm: uninitialized urandom read (16 bytes read, 3 bits of entropy available)
[    1.950016] random: udevadm: uninitialized urandom read (16 bytes read, 3 bits of entropy available)
[    1.950158] random: udevadm: uninitialized urandom read (16 bytes read, 3 bits of entropy available)
[    1.950210] random: udevadm: uninitialized urandom read (16 bytes read, 3 bits of entropy available)
[    1.950259] random: udevadm: uninitialized urandom read (16 bytes read, 3 bits of entropy available)
[    1.950309] random: udevadm: uninitialized urandom read (16 bytes read, 3 bits of entropy available)
[    2.003227] Fusion MPT base driver 3.04.20
[    2.003233] e1000: Intel(R) PRO/1000 Network Driver - version 7.3.21-k8-NAPI
[    2.003234] e1000: Copyright (c) 1999-2006 Intel Corporation.
[    2.008703] Copyright (c) 1999-2008 LSI Corporation
[    2.015054] Fusion MPT SPI Host driver 3.04.20
[    2.027416] AVX2 version of gcm_enc/dec engaged.
[    2.028506] AES CTR mode by8 optimization enabled
[    2.213975] input: ImExPS/2 Generic Explorer Mouse as /devices/platform/i8042/serio1/input/input4
[    2.398379] e1000 0000:00:03.0 eth0: (PCI:33MHz:32-bit) 02:ba:b8:ca:39:a3
[    2.403491] e1000 0000:00:03.0 eth0: Intel(R) PRO/1000 Network Connection
[    2.406837] mptbase: ioc0: Initiating bringup
[    2.473596] ioc0: LSI53C1030 A0: Capabilities={Initiator}
[    2.643719] scsi host2: ioc0: LSI53C1030 A0, FwRev=00000000h, Ports=1, MaxQ=256, IRQ=20
[    2.761380] scsi 2:0:0:0: Direct-Access     VBOX     HARDDISK         1.0  PQ: 0 ANSI: 5
[    2.769338] scsi target2:0:0: Beginning Domain Validation
[    2.778328] scsi target2:0:0: Domain Validation skipping write tests
[    2.784329] scsi target2:0:0: Ending Domain Validation
[    2.788765] scsi target2:0:0: asynchronous
[    2.796545] scsi 2:0:1:0: Direct-Access     VBOX     HARDDISK         1.0  PQ: 0 ANSI: 5
[    2.800235] scsi target2:0:1: Beginning Domain Validation
[    2.805694] scsi target2:0:1: Domain Validation skipping write tests
[    2.809468] scsi target2:0:1: Ending Domain Validation
[    2.812620] scsi target2:0:1: asynchronous
[    2.829107] sd 2:0:0:0: Attached scsi generic sg0 type 0
[    2.845770] sd 2:0:1:0: [sdb] 20480 512-byte logical blocks: (10.5 MB/10.0 MiB)
[    2.848156] sd 2:0:1:0: Attached scsi generic sg1 type 0
[    2.849571] sd 2:0:1:0: [sdb] Write Protect is off
[    2.851178] sd 2:0:1:0: [sdb] Incomplete mode parameter data
[    2.852188] sd 2:0:0:0: [sda] 20971520 512-byte logical blocks: (10.7 GB/10.0 GiB)
[    2.854906] sd 2:0:1:0: [sdb] Assuming drive cache: write through
[    2.856741] sd 2:0:0:0: [sda] Write Protect is off
[    2.858309] sd 2:0:0:0: [sda] Incomplete mode parameter data
[    2.859795] sd 2:0:0:0: [sda] Assuming drive cache: write through
[    2.875127]  sda: sda1
[    2.877212] sd 2:0:1:0: [sdb] Attached SCSI disk
[    2.878893] sd 2:0:0:0: [sda] Attached SCSI disk
[    3.154823] e1000 0000:00:08.0 eth1: (PCI:33MHz:32-bit) 08:00:27:35:d3:8c
[    3.158815] e1000 0000:00:08.0 eth1: Intel(R) PRO/1000 Network Connection
[    3.165214] e1000 0000:00:03.0 enp0s3: renamed from eth0
[    3.630394] e1000 0000:00:08.0 enp0s8: renamed from eth1
Begin: Loading essential drivers ... [    5.114845] md: linear personality registered for level -1
[    5.118623] md: multipath personality registered for level -4
[    5.122334] md: raid0 personality registered for level 0
[    5.127256] md: raid1 personality registered for level 1
[    5.200405] raid6: sse2x1   gen() 11286 MB/s
[    5.268303] raid6: sse2x1   xor()  9124 MB/s
[    5.336659] raid6: sse2x2   gen() 14878 MB/s
[    5.404368] raid6: sse2x2   xor() 10264 MB/s
[    5.472358] raid6: sse2x4   gen() 16757 MB/s
[    5.541038] raid6: sse2x4   xor() 11897 MB/s
[    5.608386] raid6: avx2x1   gen() 24253 MB/s
[    5.676312] raid6: avx2x2   gen() 26815 MB/s
[    5.744612] raid6: avx2x4   gen() 29525 MB/s
[    5.745802] raid6: using algorithm avx2x4 gen() 29525 MB/s
[    5.747231] raid6: using avx2x2 recovery algorithm
[    5.749542] xor: automatically using best checksumming function:
[    5.788939]    avx       : 29697.000 MB/sec
[    5.791167] async_tx: api initialized (async)
[    5.802312] md: raid6 personality registered for level 6
[    5.803627] md: raid5 personality registered for level 5
[    5.805109] md: raid4 personality registered for level 4
[    5.812432] md: raid10 personality registered for level 10
done.
Begin: Running /scripts/init-premount ... done.
Begin: Mounting root file system ... Begin: Running /scripts/local-top ... done.
Begin: Running /scripts/local-premount ... [    5.842461] Btrfs loaded
Scanning for Btrfs filesystems
done.
Warning: fsck not present, so skipping root file system
[    5.905898] EXT4-fs (sda1): mounted filesystem with ordered data mode. Opts: (null)
done.
Begin: Running /scripts/local-bottom ... done.
Begin: Running /scripts/init-bottom ... done.
[    6.479207] systemd[1]: systemd 229 running in system mode. (+PAM +AUDIT +SELINUX +IMA +APPARMOR +SMACK +SYSVINIT +UTMP +LIBCRYPTSETUP +GCRYPT +GNUTLS +ACL +XZ -LZ4 +SECCOMP +BLKID +ELFUTILS +KMOD -IDN)
[    6.488391] systemd[1]: Detected virtualization oracle.
[    6.490822] systemd[1]: Detected architecture x86-64.

Welcome to [1mUbuntu 16.04.6 LTS[0m!

[    6.574220] systemd[1]: Set hostname to <ubuntu-xenial>.
[    6.810312] random: nonblocking pool is initialized
[    7.158728] systemd[1]: Listening on Journal Socket (/dev/log).
[[0;32m  OK  [0m] Listening on Journal Socket (/dev/log).
[    7.161123] systemd[1]: Reached target Encrypted Volumes.
[[0;32m  OK  [0m] Reached target Encrypted Volumes.
[    7.163223] systemd[1]: Listening on Journal Audit Socket.
[[0;32m  OK  [0m] Listening on Journal Audit Socket.
[    7.886775] systemd[1]: Started Forward Password Requests to Wall Directory Watch.
[[0;32m  OK  [0m] Started Forward Password Requests to Wall Directory Watch.
[    7.894246] systemd[1]: Listening on Syslog Socket.
[[0;32m  OK  [0m] Listening on Syslog Socket.
[    7.898979] systemd[1]: Listening on udev Control Socket.
[[0;32m  OK  [0m] Listening on udev Control Socket.
[    7.904186] systemd[1]: Listening on LVM2 poll daemon socket.
[[0;32m  OK  [0m] Listening on LVM2 poll daemon socket.
[    7.909326] systemd[1]: Reached target User and Group Name Lookups.
[[0;32m  OK  [0m] Reached target User and Group Name Lookups.
[    7.914769] systemd[1]: Listening on udev Kernel Socket.
[[0;32m  OK  [0m] Listening on udev Kernel Socket.
[    7.920123] systemd[1]: Created slice User and Session Slice.
[[0;32m  OK  [0m] Created slice User and Session Slice.
[    7.924428] systemd[1]: Listening on Journal Socket.
[[0;32m  OK  [0m] Listening on Journal Socket.
[    7.948283] systemd[1]: Reached target System Time Synchronized.
[[0;32m  OK  [0m] Reached target System Time Synchronized.
[    8.001637] systemd[1]: Listening on Device-mapper event daemon FIFOs.
[[0;32m  OK  [0m] Listening on Device-mapper event daemon FIFOs.
[    8.009882] systemd[1]: Listening on /dev/initctl Compatibility Named Pipe.
[[0;32m  OK  [0m] Listening on /dev/initctl Compatibility Named Pipe.
[    8.019497] systemd[1]: Set up automount Arbitrary Executable File Formats File System Automount Point.
[[0;32m  OK  [0m] Set up automount Arbitrary Executab...ats File System Automount Point.
[    8.031661] systemd[1]: Created slice System Slice.
[[0;32m  OK  [0m] Created slice System Slice.
[    8.052709] systemd[1]: Starting Nameserver information manager...
         Starting Nameserver information manager...
[    8.065567] systemd[1]: Starting Uncomplicated firewall...
         Starting Uncomplicated firewall...
[    8.070494] systemd[1]: Mounting Huge Pages File System...
         Mounting Huge Pages File System...
[    8.104433] systemd[1]: Starting Load Kernel Modules...
         Starting Load Kernel Modules...
[    8.107588] systemd[1]: Starting Create list of required static device nodes for the current kernel...
         Starting Create list of required st... nodes for the current kernel...
[    8.118000] systemd[1]: Mounting POSIX Message Queue File System...
         Mounting POSIX Message Queue File System...
[    8.124815] systemd[1]: Starting Set console keymap...
         Starting Set console keymap...
[    8.126952] systemd[1]: Reached target Slices.
[[0;32m  OK  [0m] Reached target Slices.
[    8.129438] systemd[1]: Mounting Debug File System...
         Mounting Debug File System...
[    8.132606] systemd[1]: Starting Journal Service...
         Starting Journal Service...
[    8.135280] systemd[1]: Starting Remount Root and Kernel File Systems...
         Starting Remount Root and Kernel File Systems...
[    8.204594] systemd[1]: Created slice system-serial\x2dgetty.slice.
[[0;32m  OK  [0m] Created slice system-serial\x2dgetty.slice.
[    8.212757] systemd[1]: Started Trigger resolvconf update for networkd DNS.

    8.214835] EXT4-fs (sda1): re-mounted. Opts: (null)
[[0;32m  OK  [0m] Started Trigger resolvconf update for networkd DNS.
[    8.216755] systemd[1]: Listening on LVM2 metadata daemon socket.
[[0;32m  OK  [0m] Listening on LVM2 metadata daemon socket.
[    8.233549] systemd[1]: Starting Monitoring of LVM2 mirrors, snapshots etc. using dmeventd or progress polling...
         Starting Monitoring of LVM2 mirrors... dmeventd or progress polling...
[    8.237533] systemd[1]: Reached target Swap.
[[0;32m  OK  [0m] Reached target Swap.
[    8.243135] systemd[1]: Mounted Huge Pages File System.
[[0;32m  OK  [0m] Mounted Huge Pages File System.
[    8.245357] systemd[1]: Mounted Debug File System.
[[0;32m  OK  [0m] Mounted Debug File System.
[    8.247483] systemd[1]: Mounted POSIX Message Queue File System.
[[0;32m  OK  [0m] Mounted POSIX Message Queue File System.
[    8.250866] systemd[1]: Started Uncomplicated firewall.
[[0;32m  OK  [0m] Started Uncomplicated firewall.
[    8.253533] systemd[1]: Started Create list of required static device nodes for the current kernel.
[[0;32m  OK  [0m] Started Create list of required sta...ce nodes for the current kernel.
[    8.258316] systemd[1]: Started Remount Root and Kernel File Systems.
[    8.259913] Loading iSCSI transport class v2.0-870.
[[0;32m  OK  [0m] Started Remount Root and Kernel File Systems.
[    8.269543] systemd[1]: Started Nameserver information manager.
[[0;32m  OK  [0m] Started Nameserver information manager.
[    8.292993] systemd[1]: Starting udev Coldplug all Devices...
         Starting udev Coldplug all Devices...
[    8.296156] systemd[1]: Starting Load/Save Random Seed...
         Starting Load/Save Random Seed...
[    8.313345] systemd[1]: Starting Create Static Device Nodes in /dev...
         Starting Create Static Device Nodes in /dev...
[    8.365365] systemd[1]: Started Set console keymap.
[[0;32m  OK  [0m] Started Set console keymap.
[    8.406292] iscsi: registered transport (tcp)
[    8.416658] systemd[1]: Started udev Coldplug all Devices.
[[0;32m  OK  [0m] Started udev Coldplug all Devices.
[    8.426470] systemd[1]: Started Journal Service.
[[0;32m  OK  [0m] Started Journal Service.
[[0;32m  OK  [0m] Started Load/Save Random Seed.
         Starting Flush Journal to Persistent Storage...
[    8.511545] systemd-journald[398]: Received request to flush runtime journal from PID 1
[[0;32m  OK  [0m] Started Flush Journal to Persistent Storage.
[    8.646051] iscsi: registered transport (iser)
[[0;32m  OK  [0m] Started LVM2 metadata daemon.
[[0;32m  OK  [0m] Started Load Kernel Modules.
         Starting Apply Kernel Variables...
         Mounting FUSE Control File System...
[[0;32m  OK  [0m] Mounted FUSE Control File System.
[[0;32m  OK  [0m] Started Create Static Device Nodes in /dev.
         Starting udev Kernel Device Manager...
[[0;32m  OK  [0m] Started Apply Kernel Variables.
[[0;32m  OK  [0m] Started udev Kernel Device Manager.
[[0;32m  OK  [0m] Started Dispatch Password Requests to Console Directory Watch.
[[0;32m  OK  [0m] Started Monitoring of LVM2 mirrors,...ng dmeventd or progress polling.
[[0;32m  OK  [0m] Reached target Local File Systems (Pre).
[[0;32m  OK  [0m] Reached target Local File Systems.
         Starting Initial cloud-init job (pre-networking)...
         Starting LSB: AppArmor initialization...
         Starting Tell Plymouth To Write Out Runtime Data...
         Starting Set console font and keymap...
         Starting Create Volatile Files and Directories...
[[0;32m  OK  [0m] Found device /dev/ttyS0.
[[0;32m  OK  [0m] Started Tell Plymouth To Write Out Runtime Data.
[[0;32m  OK  [0m] Started Create Volatile Files and Directories.
         Starting Update UTMP about System Boot/Shutdown...
[[0;32m  OK  [0m] Listening on Load/Save RF Kill Switch Status /dev/rfkill Watch.
[[0;32m  OK  [0m] Found device 82540EM Gigabit Ethern...r (PRO/1000 MT Desktop Adapter).
[[0;32m  OK  [0m] Started Update UTMP about System Boot/Shutdown.
[[0;32m  OK  [0m] Found device 82540EM Gigabit Ethern...r (PRO/1000 MT Desktop Adapter).
[[0;32m  OK  [0m] Started Set console font and keymap.
[[0;32m  OK  [0m] Created slice system-getty.slice.
[[0;32m  OK  [0m] Started LSB: AppArmor initialization.
[   13.038125] cloud-init[490]: Cloud-init v. 19.4-33-gbb4131a2-0ubuntu1~16.04.1 running 'init-local' at Mon, 22 Jun 2020 15:13:22 +0000. Up 12.41 seconds.
[[0;32m  OK  [0m] Started Initial cloud-init job (pre-networking).
[[0;32m  OK  [0m] Reached target Network (Pre).
[[0;32m  OK  [0m] Started ifup for enp0s3.
[[0;32m  OK  [0m] Started ifup for enp0s8.
         Starting Raise network interfaces...
[[0;32m  OK  [0m] Started Raise network interfaces.
[[0;32m  OK  [0m] Reached target Network.
         Starting Initial cloud-init job (metadata service crawler)...
[   14.294213] cloud-init[1087]: Cloud-init v. 19.4-33-gbb4131a2-0ubuntu1~16.04.1 running 'init' at Mon, 22 Jun 2020 15:13:23 +0000. Up 13.73 seconds.
[   14.295891] cloud-init[1087]: ci-info: ++++++++++++++++++++++++++++++++++++++Net device info+++++++++++++++++++++++++++++++++++++++
[   14.297119] cloud-init[1087]: ci-info: +--------+------+-----------------------------+---------------+--------+-------------------+
[   14.298324] cloud-init[1087]: ci-info: | Device |  Up  |           Address           |      Mask     | Scope  |     Hw-Address    |
[   14.299952] cloud-init[1087]: ci-info: +--------+------+-----------------------------+---------------+--------+-------------------+
[   14.301655] cloud-init[1087]: ci-info: | enp0s3 | True |          10.0.2.15          | 255.255.255.0 | global | 02:ba:b8:ca:39:a3 |
[   14.303471] cloud-init[1087]: ci-info: | enp0s3 | True |  fe80::ba:b8ff:feca:39a3/64 |       .       |  link  | 02:ba:b8:ca:39:a3 |
[   14.304514] cloud-init[1087]: ci-info: | enp0s8 | True |        192.168.33.15        | 255.255.255.0 | global | 08:00:27:35:d3:8c |
[   14.305763] cloud-init[1087]: ci-info: | enp0s8 | True | fe80::a00:27ff:fe35:d38c/64 |       .       |  link  | 08:00:27:35:d3:8c |
[   14.306991] cloud-init[1087]: ci-info: |   lo   | True |          127.0.0.1          |   255.0.0.0   |  host  |         .         |
[   14.308263] cloud-init[1087]: ci-info: |   lo   | True |           ::1/128           |       .       |  host  |         .         |
[   14.310115] cloud-init[1087]: ci-info: +--------+------+-----------------------------+---------------+--------+-------------------+
[   14.311882] cloud-init[1087]: ci-info: ++++++++++++++++++++++++++++Route IPv4 info++++++++++++++++++++++++++++
[   14.313485] cloud-init[1087]: ci-info: +-------+--------------+----------+---------------+-----------+-------+
[   14.321105] cloud-init[1087]: ci-info: | Route | Destination  | Gateway  |    Genmask    | Interface | Flags |
[   14.322515] cloud-init[1087]: ci-info: +-------+--------------+----------+---------------+-----------+-------+
[   14.328899] cloud-init[1087]: ci-info: |   0   |   0.0.0.0    | 10.0.2.2 |    0.0.0.0    |   enp0s3  |   UG  |
[   14.336732] cloud-init[1087]: ci-info: |   1   |   10.0.2.0   | 0.0.0.0  | 255.255.255.0 |   enp0s3  |   U   |
[   14.338070] cloud-init[1087]: ci-info: |   2   | 192.168.33.0 | 0.0.0.0  | 255.255.255.0 |   enp0s8  |   U   |
[   14.339199] cloud-init[1087]: ci-info: +-------+--------------+----------+---------------+-----------+-------+
[   14.340669] cloud-init[1087]: ci-info: +++++++++++++++++++Route IPv6 info+++++++++++++++++++
[   14.348433] cloud-init[1087]: ci-info: +-------+-------------+---------+-----------+-------+
[   14.349648] cloud-init[1087]: ci-info: | Route | Destination | Gateway | Interface | Flags |
[   14.350583] cloud-init[1087]: ci-info: +-------+-------------+---------+-----------+-------+
[   14.351611] cloud-init[1087]: ci-info: |   0   |  fe80::/64  |    ::   |   enp0s8  |   U   |
[   14.356270] cloud-init[1087]: ci-info: |   1   |  fe80::/64  |    ::   |   enp0s3  |   U   |
[   14.357532] cloud-init[1087]: ci-info: |   4   |   ff00::/8  |    ::   |   enp0s8  |   U   |
[   14.365083] cloud-init[1087]: ci-info: |   5   |   ff00::/8  |    ::   |   enp0s3  |   U   |
[   14.365281] cloud-init[1087]: ci-info: +-------+-------------+---------+-----------+-------+
[[0;32m  OK  [0m] Started Initial cloud-init job (metadata service crawler).
[[0;32m  OK  [0m] Reached target Network is Online.
         Starting iSCSI initiator daemon (iscsid)...
[[0;32m  OK  [0m] Reached target System Initialization.
[[0;32m  OK  [0m] Listening on UUID daemon activation socket.
[[0;32m  OK  [0m] Started Daily apt download activities.
[[0;32m  OK  [0m] Started Daily apt upgrade and clean activities.
[[0;32m  OK  [0m] Listening on D-Bus System Message Bus Socket.
[[0;32m  OK  [0m] Listening on ACPID Listen Socket.
[[0;32m  OK  [0m] Started Daily Cleanup of Temporary Directories.
         Starting LXD - unix socket.
[[0;32m  OK  [0m] Started ACPI Events Check.
[[0;32m  OK  [0m] Reached target Paths.
[[0;32m  OK  [0m] Started Message of the Day.
[[0;32m  OK  [0m] Reached target Timers.
         Starting Socket activation for snappy daemon.
[[0;32m  OK  [0m] Reached target Cloud-config availability.
[[0;32m  OK  [0m] Listening on LXD - unix socket.
[[0;32m  OK  [0m] Listening on Socket activation for snappy daemon.
[[0;32m  OK  [0m] Reached target Sockets.
[[0;32m  OK  [0m] Reached target Basic System.
         Starting LSB: Record successful boot for GRUB...
         Starting Accounts Service...
         Starting System Logging Service...
[[0;32m  OK  [0m] Started ACPI event daemon.
[[0;32m  OK  [0m] Started Deferred execution scheduler.
         Starting /etc/rc.local Compatibility...
[[0;32m  OK  [0m] Started D-Bus System Message Bus.
         Starting MySQL Community Server...
         Starting Login Service...
[[0;32m  OK  [0m] Started Regular background program processing daemon.
         Starting Snappy daemon...
         Starting LXD - container startup/shutdown...
         Starting Virtualbox guest utils...
[[0;32m  OK  [0m] Started FUSE filesystem for LXC.
         Starting Message of the Day...
         Starting LSB: MD monitoring daemon...
         Starting OpenBSD Secure Shell server...
[[0;32m  OK  [0m] Started System Logging Service.
[[0;32m  OK  [0m] Started iSCSI initiator daemon (iscsid).
[[0;32m  OK  [0m] Started /etc/rc.local Compatibility.
         Starting Login to default iSCSI targets...
[[0;32m  OK  [0m] Started Login Service.
[[0;32m  OK  [0m] Started Unattended Upgrades Shutdown.
[[0;32m  OK  [0m] Started LSB: Record successful boot for GRUB.
[[0;32m  OK  [0m] Started Login to default iSCSI targets.
[[0;32m  OK  [0m] Reached target Remote File Systems (Pre).
[[0;32m  OK  [0m] Reached target Remote File Systems.
         Starting LSB: daemon to balance interrupts for SMP systems...
         Starting LSB: Set the CPU Frequency Scaling governor to "ondemand"...
         Starting LSB: automatic crash report generation...
         Starting LSB: Apache2 web server...
         Starting Permit User Sessions...
[[0;32m  OK  [0m] Started LSB: Set the CPU Frequency Scaling governor to "ondemand".
[[0;32m  OK  [0m] Started LSB: daemon to balance interrupts for SMP systems.
[[0;32m  OK  [0m] Started LSB: MD monitoring daemon.
[[0;32m  OK  [0m] Started Permit User Sessions.
         Starting Hold until boot process finishes up...
         Starting Terminate Plymouth Boot Screen...
[[0;32m  OK  [0m] Started Hold until boot process finishes up.
[[0;32m  OK  [0m] Started Getty on tty1.
[[0;32m  OK  [0m] Started Serial Getty on ttyS0.
[[0;32m  OK  [0m] Reached target Login Prompts.
         Starting Set console scheme...
[[0;32m  OK  [0m] Started Terminate Plymouth Boot Screen.
         Starting Authenticate and Authorize Users to Run Privileged Tasks...
[[0;32m  OK  [0m] Started LSB: automatic crash report generation.
[[0;32m  OK  [0m] Started Set console scheme.
[[0;32m  OK  [0m] Started Virtualbox guest utils.
[[0;32m  OK  [0m] Started Authenticate and Authorize Users to Run Privileged Tasks.
[[0;32m  OK  [0m] Started Accounts Service.
[[0;32m  OK  [0m] Started OpenBSD Secure Shell server.
[[0;32m  OK  [0m] Started LXD - container startup/shutdown.
[[0;32m  OK  [0m] Started Snappy daemon.
         Starting Wait until snapd is fully seeded...
[[0;32m  OK  [0m] Started Wait until snapd is fully seeded.
         Starting Apply the settings specified in cloud-config...

Ubuntu 16.04.6 LTS ubuntu-xenial ttyS0

ubuntu-xenial login: [   24.211345] cloud-init[1421]: Cloud-init v. 19.4-33-gbb4131a2-0ubuntu1~16.04.1 running 'modules:config' at Mon, 22 Jun 2020 15:13:29 +0000. Up 19.54 seconds.
[   38.479845] cloud-init[1692]: Cloud-init v. 19.4-33-gbb4131a2-0ubuntu1~16.04.1 running 'modules:final' at Mon, 22 Jun 2020 15:13:47 +0000. Up 38.07 seconds.
[   38.482880] cloud-init[1692]: Cloud-init v. 19.4-33-gbb4131a2-0ubuntu1~16.04.1 finished at Mon, 22 Jun 2020 15:13:48 +0000. Datasource DataSourceNoCloud [seed=/dev/sdb][dsmode=net].  Up 38.46 seconds
[
[[0;32m  OK  [0m] Stopped Accounts Service.
[[0;32m  OK  [0m] Stopped System Logging Service.
[[0;32m  OK  [0m] Stopped Deferred execution scheduler.
[[0;32m  OK  [0m] Stopped Regular background program processing daemon.
[[0;32m  OK  [0m] Stopped ACPI event daemon.
[[0;32m  OK  [0m] Stopped Getty on tty1.
[[0;32m  OK  [0m] Stopped Unattended Upgrades Shutdown.
[[0;32m  OK  [0m] Stopped Serial Getty on ttyS0.
[[0;32m  OK  [0m] Stopped Authenticate and Authorize Users to Run Privileged Tasks.
[[0;32m  OK  [0m] Stopped OpenBSD Secure Shell server.
[[0;32m  OK  [0m] Stopped User Manager for UID 1000.
[[0;32m  OK  [0m] Stopped Session 6 of user vagrant.
[[0;32m  OK  [0m] Unmounted /var/lib/lxcfs.
[[0;32m  OK  [0m] Stopped LXD - container startup/shutdown.
[[0;32m  OK  [0m] Stopped D-Bus System Message Bus.
[[0;32m  OK  [0m] Stopped LSB: Record successful boot for GRUB.
[[0;32m  OK  [0m] Stopped LSB: Set the CPU Frequency Scaling governor to "ondemand".
[[0;32m  OK  [0m] Stopped FUSE filesystem for LXC.
[[0;32m  OK  [0m] Removed slice User Slice of vagrant.
[[0;32m  OK  [0m] Removed slice system-serial\x2dgetty.slice.
         Stopping Login Service...
         Stopping Permit User Sessions...
[[0;32m  OK  [0m] Stopped /etc/rc.local Compatibility.
[[0;32m  OK  [0m] Removed slice system-getty.slice.
[[0;32m  OK  [0m] Stopped LSB: MD monitoring daemon.
[[0;32m  OK  [0m] Stopped LSB: daemon to balance interrupts for SMP systems.
[[0;32m  OK  [0m] Stopped LSB: automatic crash report generation.
[[0;32m  OK  [0m] Stopped Virtualbox guest utils.
[[0;32m  OK  [0m] Stopped Permit User Sessions.
[[0;32m  OK  [0m] Stopped Login Service.
[[0;32m  OK  [0m] Stopped target User and Group Name Lookups.
[[0;32m  OK  [0m] Stopped LSB: Apache2 web server.
[[0;32m  OK  [0m] Stopped target Remote File Systems.
[[0;32m  OK  [0m] Stopped target Remote File Systems (Pre).
         Stopping Login to default iSCSI targets...
[[0;32m  OK  [0m] Stopped Login to default iSCSI targets.
         Stopping iSCSI initiator daemon (iscsid)...
[[0;32m  OK  [0m] Stopped iSCSI initiator daemon (iscsid).
[[0;32m  OK  [0m] Stopped target Network is Online.
[[0;32m  OK  [0m] Stopped MySQL Community Server.
[[0;32m  OK  [0m] Stopped target Basic System.
[[0;32m  OK  [0m] Stopped target Slices.
[[0;32m  OK  [0m] Removed slice User and Session Slice.
[[0;32m  OK  [0m] Stopped target Paths.
[[0;32m  OK  [0m] Stopped Dispatch Password Requests to Console Directory Watch.
[[0;32m  OK  [0m] Stopped ACPI Events Check.
[[0;32m  OK  [0m] Stopped Forward Password Requests to Wall Directory Watch.
[[0;32m  OK  [0m] Stopped target Sockets.
[[0;32m  OK  [0m] Closed D-Bus System Message Bus Socket.
[[0;32m  OK  [0m] Closed LXD - unix socket.
[[0;32m  OK  [0m] Closed ACPID Listen Socket.
[[0;32m  OK  [0m] Closed UUID daemon activation socket.
[[0;32m  OK  [0m] Closed Syslog Socket.
[[0;32m  OK  [0m] Closed Socket activation for snappy daemon.
[[0;32m  OK  [0m] Stopped target Network.
[[0;32m  OK  [0m] Stopped target System Initialization.
[[0;32m  OK  [0m] Stopped target Encrypted Volumes.
[[0;32m  OK  [0m] Stopped target Swap.
[[0;32m  OK  [0m] Stopped Initial cloud-init job (metadata service crawler).
         Stopping Raise network interfaces...
         Stopping Load/Save Random Seed...
         Stopping Update UTMP about System Boot/Shutdown...
[[0;32m  OK  [0m] Stopped Load/Save Random Seed.
[[0;32m  OK  [0m] Stopped Update UTMP about System Boot/Shutdown.
[[0;32m  OK  [0m] Stopped Create Volatile Files and Directories.
[[0;32m  OK  [0m] Stopped Raise network interfaces.
[[0;32m  OK  [0m] Stopped target Network (Pre).
[[0;32m  OK  [0m] Stopped Initial cloud-init job (pre-networking).
[[0;32m  OK  [0m] Stopped target Local File Systems.
         Unmounting /vagrant...
         Unmounting /var/www/html...
         Unmounting /run/user/1000...
[[0;32m  OK  [0m] Stopped Apply Kernel Variables.
[[0;32m  OK  [0m] Stopped Load Kernel Modules.
[[0;32m  OK  [0m] Unmounted /run/user/1000.
[[0;32m  OK  [0m] Unmounted /vagrant.
[[0;32m  OK  [0m] Unmounted /var/www/html.
[[0;32m  OK  [0m] Reached target Unmount All Filesystems.
[[0;32m  OK  [0m] Stopped target Local File Systems (Pre).
[[0;32m  OK  [0m] Stopped Remount Root and Kernel File Systems.
[[0;32m  OK  [0m] Stopped Create Static Device Nodes in /dev.
[[0;32m  OK  [0m] Reached target Shutdown.
[ 3406.308567] reboot: Power down
