[    0.000000] Initializing cgroup subsys cpuset
[    0.000000] Initializing cgroup subsys cpu
[    0.000000] Initializing cgroup subsys cpuacct
[    0.000000] Linux version 4.4.0-177-generic (buildd@lgw01-amd64-035) (gcc version 5.4.0 20160609 (Ubuntu 5.4.0-6ubuntu1~16.04.12) ) #207-Ubuntu SMP Mon Mar 16 01:16:10 UTC 2020 (Ubuntu 4.4.0-177.207-generic 4.4.214)
[    0.000000] Command line: BOOT_IMAGE=/boot/vmlinuz-4.4.0-177-generic root=LABEL=cloudimg-rootfs ro console=tty1 console=ttyS0
[    0.000000] KERNEL supported cpus:
[    0.000000]   Intel GenuineIntel
[    0.000000]   AMD AuthenticAMD
[    0.000000]   Centaur CentaurHauls
[    0.000000] x86/fpu: xstate_offset[2]:  576, xstate_sizes[2]:  256
[    0.000000] x86/fpu: Supporting XSAVE feature 0x01: 'x87 floating point registers'
[    0.000000] x86/fpu: Supporting XSAVE feature 0x02: 'SSE registers'
[    0.000000] x86/fpu: Supporting XSAVE feature 0x04: 'AVX registers'
[    0.000000] x86/fpu: Enabled xstate features 0x7, context size is 832 bytes, using 'standard' format.
[    0.000000] e820: BIOS-provided physical RAM map:
[    0.000000] BIOS-e820: [mem 0x0000000000000000-0x000000000009fbff] usable
[    0.000000] BIOS-e820: [mem 0x000000000009fc00-0x000000000009ffff] reserved
[    0.000000] BIOS-e820: [mem 0x00000000000f0000-0x00000000000fffff] reserved
[    0.000000] BIOS-e820: [mem 0x0000000000100000-0x000000007ffeffff] usable
[    0.000000] BIOS-e820: [mem 0x000000007fff0000-0x000000007fffffff] ACPI data
[    0.000000] BIOS-e820: [mem 0x00000000fec00000-0x00000000fec00fff] reserved
[    0.000000] BIOS-e820: [mem 0x00000000fee00000-0x00000000fee00fff] reserved
[    0.000000] BIOS-e820: [mem 0x00000000fffc0000-0x00000000ffffffff] reserved
[    0.000000] NX (Execute Disable) protection: active
[    0.000000] SMBIOS 2.5 present.
[    0.000000] Hypervisor detected: KVM
[    0.000000] e820: last_pfn = 0x7fff0 max_arch_pfn = 0x400000000
[    0.000000] MTRR: Disabled
[    0.000000] x86/PAT: MTRRs disabled, skipping PAT initialization too.
[    0.000000] CPU MTRRs all blank - virtualized system.
[    0.000000] x86/PAT: Configuration [0-7]: WB  WT  UC- UC  WB  WT  UC- UC  
[    0.000000] found SMP MP-table at [mem 0x0009fff0-0x0009ffff] mapped at [ffff88000009fff0]
[    0.000000] Scanning 1 areas for low memory corruption
[    0.000000] RAMDISK: [mem 0x362e2000-0x37168fff]
[    0.000000] ACPI: Early table checksum verification disabled
[    0.000000] ACPI: RSDP 0x00000000000E0000 000024 (v02 VBOX  )
[    0.000000] ACPI: XSDT 0x000000007FFF0030 00003C (v01 VBOX   VBOXXSDT 00000001 ASL  00000061)
[    0.000000] ACPI: FACP 0x000000007FFF00F0 0000F4 (v04 VBOX   VBOXFACP 00000001 ASL  00000061)
[    0.000000] ACPI: DSDT 0x000000007FFF0470 002325 (v02 VBOX   VBOXBIOS 00000002 INTL 20100528)
[    0.000000] ACPI: FACS 0x000000007FFF0200 000040
[    0.000000] ACPI: FACS 0x000000007FFF0200 000040
[    0.000000] ACPI: APIC 0x000000007FFF0240 00005C (v02 VBOX   VBOXAPIC 00000001 ASL  00000061)
[    0.000000] ACPI: SSDT 0x000000007FFF02A0 0001CC (v01 VBOX   VBOXCPUT 00000002 INTL 20100528)
[    0.000000] No NUMA configuration found
[    0.000000] Faking a node at [mem 0x0000000000000000-0x000000007ffeffff]
[    0.000000] NODE_DATA(0) allocated [mem 0x7ffeb000-0x7ffeffff]
[    0.000000] kvm-clock: Using msrs 4b564d01 and 4b564d00
[    0.000000] kvm-clock: cpu 0, msr 0:7ffe3001, primary cpu clock
[    0.000000] kvm-clock: using sched offset of 4706178869 cycles
[    0.000000] clocksource: kvm-clock: mask: 0xffffffffffffffff max_cycles: 0x1cd42e4dffb, max_idle_ns: 881590591483 ns
[    0.000000] Zone ranges:
[    0.000000]   DMA      [mem 0x0000000000001000-0x0000000000ffffff]
[    0.000000]   DMA32    [mem 0x0000000001000000-0x000000007ffeffff]
[    0.000000]   Normal   empty
[    0.000000]   Device   empty
[    0.000000] Movable zone start for each node
[    0.000000] Early memory node ranges
[    0.000000]   node   0: [mem 0x0000000000001000-0x000000000009efff]
[    0.000000]   node   0: [mem 0x0000000000100000-0x000000007ffeffff]
[    0.000000] Initmem setup node 0 [mem 0x0000000000001000-0x000000007ffeffff]
[    0.000000] ACPI: PM-Timer IO Port: 0x4008
[    0.000000] IOAPIC[0]: apic_id 2, version 32, address 0xfec00000, GSI 0-23
[    0.000000] ACPI: INT_SRC_OVR (bus 0 bus_irq 0 global_irq 2 dfl dfl)
[    0.000000] ACPI: INT_SRC_OVR (bus 0 bus_irq 9 global_irq 9 low level)
[    0.000000] Using ACPI (MADT) for SMP configuration information
[    0.000000] smpboot: Allowing 2 CPUs, 0 hotplug CPUs
[    0.000000] PM: Registered nosave memory: [mem 0x00000000-0x00000fff]
[    0.000000] PM: Registered nosave memory: [mem 0x0009f000-0x0009ffff]
[    0.000000] PM: Registered nosave memory: [mem 0x000a0000-0x000effff]
[    0.000000] PM: Registered nosave memory: [mem 0x000f0000-0x000fffff]
[    0.000000] e820: [mem 0x80000000-0xfebfffff] available for PCI devices
[    0.000000] Booting paravirtualized kernel on KVM
[    0.000000] clocksource: refined-jiffies: mask: 0xffffffff max_cycles: 0xffffffff, max_idle_ns: 7645519600211568 ns
[    0.000000] setup_percpu: NR_CPUS:512 nr_cpumask_bits:512 nr_cpu_ids:2 nr_node_ids:1
[    0.000000] PERCPU: Embedded 33 pages/cpu @ffff88007fc00000 s95448 r8192 d31528 u1048576
[    0.000000] Built 1 zonelists in Node order, mobility grouping on.  Total pages: 515960
[    0.000000] Policy zone: DMA32
[    0.000000] Kernel command line: BOOT_IMAGE=/boot/vmlinuz-4.4.0-177-generic root=LABEL=cloudimg-rootfs ro console=tty1 console=ttyS0
[    0.000000] PID hash table entries: 4096 (order: 3, 32768 bytes)
[    0.000000] Memory: 2029868K/2096696K available (8626K kernel code, 1336K rwdata, 4036K rodata, 1488K init, 1292K bss, 66828K reserved, 0K cma-reserved)
[    0.000000] SLUB: HWalign=64, Order=0-3, MinObjects=0, CPUs=2, Nodes=1
[    0.000000] Kernel/User page tables isolation: enabled
[    0.000000] Hierarchical RCU implementation.
[    0.000000] 	Build-time adjustment of leaf fanout to 64.
[    0.000000] 	RCU restricting CPUs from NR_CPUS=512 to nr_cpu_ids=2.
[    0.000000] RCU: Adjusting geometry for rcu_fanout_leaf=64, nr_cpu_ids=2
[    0.000000] NR_IRQS:33024 nr_irqs:440 16
[    0.000000] Console: colour VGA+ 80x25
[    0.000000] console [tty1] enabled
[    0.000000] console [ttyS0] enabled
[    0.000000] tsc: Detected 3407.996 MHz processor
[    0.201767] Calibrating delay loop (skipped) preset value.. 6815.99 BogoMIPS (lpj=13631984)
[    0.204048] pid_max: default: 32768 minimum: 301
[    0.205249] ACPI: Core revision 20150930
[    0.207725] ACPI: 2 ACPI AML tables successfully acquired and loaded
[    0.209446] Security Framework initialized
[    0.210488] Yama: becoming mindful.
[    0.211382] AppArmor: AppArmor initialized
[    0.215300] Dentry cache hash table entries: 262144 (order: 9, 2097152 bytes)
[    0.217479] Inode-cache hash table entries: 131072 (order: 8, 1048576 bytes)
[    0.221694] Mount-cache hash table entries: 4096 (order: 3, 32768 bytes)
[    0.223090] Mountpoint-cache hash table entries: 4096 (order: 3, 32768 bytes)
[    0.224724] Initializing cgroup subsys io
[    0.225748] Initializing cgroup subsys memory
[    0.226747] Initializing cgroup subsys devices
[    0.227777] Initializing cgroup subsys freezer
[    0.228832] Initializing cgroup subsys net_cls
[    0.229866] Initializing cgroup subsys perf_event
[    0.230913] Initializing cgroup subsys net_prio
[    0.232143] Initializing cgroup subsys hugetlb
[    0.233420] Initializing cgroup subsys pids
[    0.235521] mce: CPU supports 0 MCE banks
[    0.236520] Last level iTLB entries: 4KB 64, 2MB 8, 4MB 8
[    0.237709] Last level dTLB entries: 4KB 64, 2MB 0, 4MB 0, 1GB 4
[    0.238959] Spectre V1 : Mitigation: usercopy/swapgs barriers and __user pointer sanitization
[    0.240910] Spectre V2 : Mitigation: Full generic retpoline
[    0.242212] Spectre V2 : Spectre v2 / SpectreRSB mitigation: Filling RSB on context switch
[    0.244106] Speculative Store Bypass: Vulnerable
[    0.245207] MDS: Mitigation: Clear CPU buffers
[    0.249376] Freeing SMP alternatives memory: 36K
[    0.256429] ftrace: allocating 32304 entries in 127 pages
[    0.317677] smpboot: APIC(0) Converting physical 0 to logical package 0
[    0.319278] smpboot: Max logical packages: 1
[    0.320623] x2apic enabled
[    0.321739] Switched APIC routing to physical x2apic.
[    0.324309] ..TIMER: vector=0x30 apic1=0 pin1=2 apic2=-1 pin2=-1
[    0.433846] smpboot: CPU0: Intel(R) Core(TM) i7-6700 CPU @ 3.40GHz (family: 0x6, model: 0x5e, stepping: 0x3)
[    0.436419] Performance Events: unsupported p6 CPU model 94 no PMU driver, software events only.
[    0.448885] KVM setup paravirtual spinlock
[    0.453238] x86: Booting SMP configuration:
[    0.454340] .... node  #0, CPUs:      #1
[    0.455444] kvm-clock: cpu 1, msr 0:7ffe3041, secondary cpu clock
[    0.457568] mce: CPU supports 0 MCE banks
[    0.460291] x86: Booted up 1 node, 2 CPUs
[    0.461641] smpboot: Total of 2 processors activated (13631.98 BogoMIPS)
[    0.463817] devtmpfs: initialized
[    0.466740] evm: security.selinux
[    0.467664] evm: security.SMACK64
[    0.468776] evm: security.SMACK64EXEC
[    0.469875] evm: security.SMACK64TRANSMUTE
[    0.470852] evm: security.SMACK64MMAP
[    0.471896] evm: security.ima
[    0.472815] evm: security.capability
[    0.474094] clocksource: jiffies: mask: 0xffffffff max_cycles: 0xffffffff, max_idle_ns: 7645041785100000 ns
[    0.476489] futex hash table entries: 512 (order: 3, 32768 bytes)
[    0.478122] pinctrl core: initialized pinctrl subsystem
[    0.479494] RTC time:  9:54:46, date: 09/28/20
[    0.480839] NET: Registered protocol family 16
[    0.495016] cpuidle: using governor ladder
[    0.507293] cpuidle: using governor menu
[    0.508415] PCCT header not found.
[    0.509424] ACPI: bus type PCI registered
[    0.510365] acpiphp: ACPI Hot Plug PCI Controller Driver version: 0.5
[    0.512364] PCI: Using configuration type 1 for base access
[    0.527758] ACPI: Added _OSI(Module Device)
[    0.528890] ACPI: Added _OSI(Processor Device)
[    0.530047] ACPI: Added _OSI(3.0 _SCP Extensions)
[    0.531334] ACPI: Added _OSI(Processor Aggregator Device)
[    0.534070] ACPI: Executed 1 blocks of module-level executable AML code
[    0.537852] ACPI: Interpreter enabled
[    0.538854] ACPI: (supports S0 S5)
[    0.539754] ACPI: Using IOAPIC for interrupt routing
[    0.541230] PCI: Using host bridge windows from ACPI; if necessary, use "pci=nocrs" and report a bug
[    0.547137] ACPI: PCI Root Bridge [PCI0] (domain 0000 [bus 00-ff])
[    0.548908] acpi PNP0A03:00: _OSC: OS supports [ASPM ClockPM Segments MSI]
[    0.550992] acpi PNP0A03:00: _OSC: not requesting OS control; OS requires [ExtendedConfig ASPM ClockPM MSI]
[    0.553383] acpi PNP0A03:00: fail to add MMCONFIG information, can't access extended PCI configuration space under this bridge.
[    0.556457] PCI host bridge to bus 0000:00
[    0.557550] pci_bus 0000:00: root bus resource [io  0x0000-0x0cf7 window]
[    0.559179] pci_bus 0000:00: root bus resource [io  0x0d00-0xffff window]
[    0.560766] pci_bus 0000:00: root bus resource [mem 0x000a0000-0x000bffff window]
[    0.562741] pci_bus 0000:00: root bus resource [mem 0x80000000-0xfdffffff window]
[    0.564893] pci_bus 0000:00: root bus resource [bus 00-ff]
[    0.568383] pci 0000:00:01.1: legacy IDE quirk: reg 0x10: [io  0x01f0-0x01f7]
[    0.570033] pci 0000:00:01.1: legacy IDE quirk: reg 0x14: [io  0x03f6]
[    0.571579] pci 0000:00:01.1: legacy IDE quirk: reg 0x18: [io  0x0170-0x0177]
[    0.573311] pci 0000:00:01.1: legacy IDE quirk: reg 0x1c: [io  0x0376]
[    0.604956] pci 0000:00:07.0: quirk: [io  0x4000-0x403f] claimed by PIIX4 ACPI
[    0.606909] pci 0000:00:07.0: quirk: [io  0x4100-0x410f] claimed by PIIX4 SMB
[    0.621063] ACPI: PCI Interrupt Link [LNKA] (IRQs 5 9 10 *11)
[    0.623241] ACPI: PCI Interrupt Link [LNKB] (IRQs 5 9 *10 11)
[    0.625350] ACPI: PCI Interrupt Link [LNKC] (IRQs 5 *9 10 11)
[    0.627336] ACPI: PCI Interrupt Link [LNKD] (IRQs 5 9 10 *11)
[    0.629642] ACPI: Enabled 2 GPEs in block 00 to 07
[    0.631143] vgaarb: setting as boot device: PCI:0000:00:02.0
[    0.632583] vgaarb: device added: PCI:0000:00:02.0,decodes=io+mem,owns=io+mem,locks=none
[    0.634555] vgaarb: loaded
[    0.635306] vgaarb: bridge control possible 0000:00:02.0
[    0.636809] SCSI subsystem initialized
[    0.637896] ACPI: bus type USB registered
[    0.638859] usbcore: registered new interface driver usbfs
[    0.640097] usbcore: registered new interface driver hub
[    0.641424] usbcore: registered new device driver usb
[    0.643175] PCI: Using ACPI for IRQ routing
[    0.644684] NetLabel: Initializing
[    0.645567] NetLabel:  domain hash size = 128
[    0.646663] NetLabel:  protocols = UNLABELED CIPSOv4
[    0.647922] NetLabel:  unlabeled traffic allowed by default
[    0.649834] amd_nb: Cannot enumerate AMD northbridges
[    0.651184] clocksource: Switched to clocksource kvm-clock
[    0.662399] AppArmor: AppArmor Filesystem Enabled
[    0.663660] pnp: PnP ACPI init
[    0.665467] pnp: PnP ACPI: found 3 devices
[    0.679582] clocksource: acpi_pm: mask: 0xffffff max_cycles: 0xffffff, max_idle_ns: 2085701024 ns
[    0.682017] NET: Registered protocol family 2
[    0.683238] TCP established hash table entries: 16384 (order: 5, 131072 bytes)
[    0.685029] TCP bind hash table entries: 16384 (order: 6, 262144 bytes)
[    0.686480] TCP: Hash tables configured (established 16384 bind 16384)
[    0.687879] UDP hash table entries: 1024 (order: 3, 32768 bytes)
[    0.689241] UDP-Lite hash table entries: 1024 (order: 3, 32768 bytes)
[    0.690633] NET: Registered protocol family 1
[    0.691688] pci 0000:00:00.0: Limiting direct PCI/PCI transfers
[    0.692952] pci 0000:00:01.0: Activating ISA DMA hang workarounds
[    0.694394] Unpacking initramfs...
[    0.911514] Freeing initrd memory: 14876K
[    0.912753] clocksource: tsc: mask: 0xffffffffffffffff max_cycles: 0x311fd044566, max_idle_ns: 440795343519 ns
[    0.915344] platform rtc_cmos: registered platform RTC device (no PNP device found)
[    0.917545] Scanning for low memory corruption every 60 seconds
[    0.919516] audit: initializing netlink subsys (disabled)
[    0.920892] audit: type=2000 audit(1601286892.496:1): initialized
[    0.922416] Initialise system trusted keyring
[    0.923935] HugeTLB registered 2 MB page size, pre-allocated 0 pages
[    0.926539] zbud: loaded
[    0.927753] VFS: Disk quotas dquot_6.6.0
[    0.928809] VFS: Dquot-cache hash table entries: 512 (order 0, 4096 bytes)
[    0.930552] squashfs: version 4.0 (2009/01/31) Phillip Lougher
[    0.932687] fuse init (API version 7.23)
[    0.934100] Key type big_key registered
[    0.935174] Allocating IMA MOK and blacklist keyrings.
[    0.939090] Key type asymmetric registered
[    0.940256] Asymmetric key parser 'x509' registered
[    0.941485] Block layer SCSI generic (bsg) driver version 0.4 loaded (major 249)
[    0.943600] io scheduler noop registered
[    0.944728] io scheduler deadline registered (default)
[    0.946067] io scheduler cfq registered
[    0.947163] pci_hotplug: PCI Hot Plug PCI Core version: 0.5
[    0.948709] pciehp: PCI Express Hot Plug Controller Driver version: 0.4
[    0.950511] ACPI: AC Adapter [AC] (on-line)
[    0.951683] input: Power Button as /devices/LNXSYSTM:00/LNXPWRBN:00/input/input0
[    0.953662] ACPI: Power Button [PWRF]
[    0.954719] input: Sleep Button as /devices/LNXSYSTM:00/LNXSLPBN:00/input/input1
[    0.956772] ACPI: Sleep Button [SLPF]
[    0.958027] GHES: HEST is not enabled!
[    0.959225] Serial: 8250/16550 driver, 32 ports, IRQ sharing enabled
[    0.981230] 00:02: ttyS0 at I/O 0x3f8 (irq = 4, base_baud = 115200) is a 16550A
[    0.988439] Linux agpgart interface v0.103
[    0.993841] loop: module loaded
[    0.995389] scsi host0: ata_piix
[    0.996507] scsi host1: ata_piix
[    0.997514] ata1: PATA max UDMA/33 cmd 0x1f0 ctl 0x3f6 bmdma 0xd000 irq 14
[    0.999284] ata2: PATA max UDMA/33 cmd 0x170 ctl 0x376 bmdma 0xd008 irq 15
[    1.001309] libphy: Fixed MDIO Bus: probed
[    1.002446] tun: Universal TUN/TAP device driver, 1.6
[    1.003858] tun: (C) 1999-2004 Max Krasnyansky <maxk@qualcomm.com>
[    1.005562] PPP generic driver version 2.4.2
[    1.006898] ehci_hcd: USB 2.0 'Enhanced' Host Controller (EHCI) Driver
[    1.008532] ehci-pci: EHCI PCI platform driver
[    1.009665] ehci-platform: EHCI generic platform driver
[    1.010906] ohci_hcd: USB 1.1 'Open' Host Controller (OHCI) Driver
[    1.012402] ohci-pci: OHCI PCI platform driver
[    1.013556] ohci-platform: OHCI generic platform driver
[    1.015004] uhci_hcd: USB Universal Host Controller Interface driver
[    1.016741] i8042: PNP: PS/2 Controller [PNP0303:PS2K,PNP0f03:PS2M] at 0x60,0x64 irq 1,12
[    1.019329] serio: i8042 KBD port at 0x60,0x64 irq 1
[    1.020574] serio: i8042 AUX port at 0x60,0x64 irq 12
[    1.022176] mousedev: PS/2 mouse device common for all mice
[    1.024053] input: AT Translated Set 2 keyboard as /devices/platform/i8042/serio0/input/input2
[    1.026836] rtc_cmos rtc_cmos: rtc core: registered rtc_cmos as rtc0
[    1.028695] rtc_cmos rtc_cmos: alarms up to one day, 114 bytes nvram
[    1.030658] i2c /dev entries driver
[    1.031947] device-mapper: uevent: version 1.0.3
[    1.033402] device-mapper: ioctl: 4.34.0-ioctl (2015-10-28) initialised: dm-devel@redhat.com
[    1.035833] ledtrig-cpu: registered to indicate activity on CPUs
[    1.038349] NET: Registered protocol family 10
[    1.039790] NET: Registered protocol family 17
[    1.040981] Key type dns_resolver registered
[    1.043213] registered taskstats version 1
[    1.044464] Loading compiled-in X.509 certificates
[    1.046194] Loaded X.509 cert 'Build time autogenerated kernel key: a048edf52b07f04005c7780de0f875c713550332'
[    1.048897] zswap: loaded using pool lzo/zbud
[    1.052151] Key type trusted registered
[    1.056336] Key type encrypted registered
[    1.057392] AppArmor: AppArmor sha1 policy hashing enabled
[    1.058761] ima: No TPM chip found, activating TPM-bypass!
[    1.060094] ima: Allocated hash algorithm: sha1
[    1.061298] evm: HMAC attrs: 0x1
[    1.062666]   Magic number: 4:966:930
[    1.063749] rtc_cmos rtc_cmos: setting system clock to 2020-09-28 09:54:46 UTC (1601286886)
[    1.066325] BIOS EDD facility v0.16 2004-Jun-25, 0 devices found
[    1.067841] EDD information not available.
[    1.189233] Freeing unused kernel memory: 1488K
[    1.192201] Write protecting the kernel read-only data: 14336k
[    1.196655] Freeing unused kernel memory: 1604K
[    1.200068] Freeing unused kernel memory: 60K
Loading, please wait...
starting version 229
[    1.219414] random: systemd-udevd: uninitialized urandom read (16 bytes read, 3 bits of entropy available)
[    1.220021] random: udevadm: uninitialized urandom read (16 bytes read, 3 bits of entropy available)
[    1.220040] random: udevadm: uninitialized urandom read (16 bytes read, 3 bits of entropy available)
[    1.227196] random: systemd-udevd: uninitialized urandom read (16 bytes read, 3 bits of entropy available)
[    1.228277] random: udevadm: uninitialized urandom read (16 bytes read, 3 bits of entropy available)
[    1.228339] random: udevadm: uninitialized urandom read (16 bytes read, 3 bits of entropy available)
[    1.228481] random: udevadm: uninitialized urandom read (16 bytes read, 3 bits of entropy available)
[    1.228532] random: udevadm: uninitialized urandom read (16 bytes read, 3 bits of entropy available)
[    1.228582] random: udevadm: uninitialized urandom read (16 bytes read, 3 bits of entropy available)
[    1.228635] random: udevadm: uninitialized urandom read (16 bytes read, 3 bits of entropy available)
[    1.272563] Fusion MPT base driver 3.04.20
[    1.273598] Copyright (c) 1999-2008 LSI Corporation
[    1.276436] e1000: Intel(R) PRO/1000 Network Driver - version 7.3.21-k8-NAPI
[    1.278006] e1000: Copyright (c) 1999-2006 Intel Corporation.
[    1.289171] AVX2 version of gcm_enc/dec engaged.
[    1.290747] AES CTR mode by8 optimization enabled
[    1.294230] Fusion MPT SPI Host driver 3.04.20
[    1.480376] input: ImExPS/2 Generic Explorer Mouse as /devices/platform/i8042/serio1/input/input4
[    1.664168] e1000 0000:00:03.0 eth0: (PCI:33MHz:32-bit) 02:ba:b8:ca:39:a3
[    1.665995] e1000 0000:00:03.0 eth0: Intel(R) PRO/1000 Network Connection
[    2.045136] e1000 0000:00:08.0 eth1: (PCI:33MHz:32-bit) 08:00:27:32:69:33
[    2.047120] e1000 0000:00:08.0 eth1: Intel(R) PRO/1000 Network Connection
[    2.055020] e1000 0000:00:08.0 enp0s8: renamed from eth1
[    2.058561] mptbase: ioc0: Initiating bringup
[    2.072555] e1000 0000:00:03.0 enp0s3: renamed from eth0
[    2.548237] ioc0: LSI53C1030 A0: Capabilities={Initiator}
[    4.548350] scsi host2: ioc0: LSI53C1030 A0, FwRev=00000000h, Ports=1, MaxQ=256, IRQ=20
[    7.285947] scsi 2:0:0:0: Direct-Access     VBOX     HARDDISK         1.0  PQ: 0 ANSI: 5
[    7.296145] scsi target2:0:0: Beginning Domain Validation
[    7.309510] scsi target2:0:0: Domain Validation skipping write tests
[    7.315945] scsi target2:0:0: Ending Domain Validation
[    7.321751] scsi target2:0:0: asynchronous
[    7.328459] scsi 2:0:1:0: Direct-Access     VBOX     HARDDISK         1.0  PQ: 0 ANSI: 5
[    7.332355] scsi target2:0:1: Beginning Domain Validation
[    7.359942] scsi target2:0:1: Domain Validation skipping write tests
[    7.361249] scsi target2:0:1: Ending Domain Validation
[    7.362443] scsi target2:0:1: asynchronous
[    7.371283] sd 2:0:0:0: Attached scsi generic sg0 type 0
[    7.372500] sd 2:0:0:0: [sda] 20971520 512-byte logical blocks: (10.7 GB/10.0 GiB)
[    7.374804] sd 2:0:1:0: Attached scsi generic sg1 type 0
[    7.376144] sd 2:0:0:0: [sda] Write Protect is off
[    7.377295] sd 2:0:1:0: [sdb] 20480 512-byte logical blocks: (10.5 MB/10.0 MiB)
[    7.379239] sd 2:0:0:0: [sda] Incomplete mode parameter data
[    7.380424] sd 2:0:0:0: [sda] Assuming drive cache: write through
[    7.382234] sd 2:0:1:0: [sdb] Write Protect is off
[    7.383938] sd 2:0:1:0: [sdb] Incomplete mode parameter data
[    7.385199] sd 2:0:1:0: [sdb] Assuming drive cache: write through
[    7.388961]  sda: sda1
[    7.391195] sd 2:0:0:0: [sda] Attached SCSI disk
[    7.393156] sd 2:0:1:0: [sdb] Attached SCSI disk
Begin: Loading essential drivers ... [    8.962376] md: linear personality registered for level -1
[    8.965829] md: multipath personality registered for level -4
[    8.968877] md: raid0 personality registered for level 0
[    8.973364] md: raid1 personality registered for level 1
[    9.043662] raid6: sse2x1   gen() 11645 MB/s
[    9.111453] raid6: sse2x1   xor()  9459 MB/s
[    9.179283] raid6: sse2x2   gen() 15643 MB/s
[    9.247598] raid6: sse2x2   xor() 10727 MB/s
[    9.315473] raid6: sse2x4   gen() 17272 MB/s
[    9.383269] raid6: sse2x4   xor() 12036 MB/s
[    9.451616] raid6: avx2x1   gen() 25506 MB/s
[    9.519421] raid6: avx2x2   gen() 29304 MB/s
[    9.587237] raid6: avx2x4   gen() 32003 MB/s
[    9.588367] raid6: using algorithm avx2x4 gen() 32003 MB/s
[    9.589589] raid6: using avx2x2 recovery algorithm
[    9.591893] xor: automatically using best checksumming function:
[    9.631207]    avx       : 26482.000 MB/sec
[    9.633705] async_tx: api initialized (async)
[    9.644588] md: raid6 personality registered for level 6
[    9.645909] md: raid5 personality registered for level 5
[    9.647080] md: raid4 personality registered for level 4
[    9.654422] md: raid10 personality registered for level 10
done.
Begin: Running /scripts/init-premount ... done.
Begin: Mounting root file system ... Begin: Running /scripts/local-top ... done.
Begin: Running /scripts/local-premount ... [    9.685280] Btrfs loaded
Scanning for Btrfs filesystems
done.
Warning: fsck not present, so skipping root file system
[    9.725285] EXT4-fs (sda1): mounted filesystem with ordered data mode. Opts: (null)
done.
Begin: Running /scripts/local-bottom ... done.
Begin: Running /scripts/init-bottom ... done.
[   10.588752] systemd[1]: systemd 229 running in system mode. (+PAM +AUDIT +SELINUX +IMA +APPARMOR +SMACK +SYSVINIT +UTMP +LIBCRYPTSETUP +GCRYPT +GNUTLS +ACL +XZ -LZ4 +SECCOMP +BLKID +ELFUTILS +KMOD -IDN)
[   10.602335] systemd[1]: Detected virtualization oracle.
[   10.605331] systemd[1]: Detected architecture x86-64.

Welcome to [1mUbuntu 16.04.6 LTS[0m!

[   10.634800] systemd[1]: Set hostname to <ubuntu>.
[   10.680394] random: nonblocking pool is initialized
[   10.689675] systemd[1]: Initializing machine ID from random generator.
[   10.696469] systemd[1]: Installed transient /etc/machine-id file.
[   11.505997] systemd[1]: Listening on udev Control Socket.
[[0;32m  OK  [0m] Listening on udev Control Socket.
[   11.508416] systemd[1]: Reached target Encrypted Volumes.
[[0;32m  OK  [0m] Reached target Encrypted Volumes.
[   11.510713] systemd[1]: Created slice System Slice.
[[0;32m  OK  [0m] Created slice System Slice.
[   11.520139] systemd[1]: Listening on udev Kernel Socket.
[[0;32m  OK  [0m] Listening on udev Kernel Socket.
[   11.522263] systemd[1]: Created slice User and Session Slice.
[[0;32m  OK  [0m] Created slice User and Session Slice.
[   11.531352] systemd[1]: Reached target Slices.
[[0;32m  OK  [0m] Reached target Slices.
[   11.540307] systemd[1]: Listening on Journal Socket.
[[0;32m  OK  [0m] Listening on Journal Socket.
[   11.555347] systemd[1]: Starting Remount Root and Kernel File Systems...
         Starting Remount Root and Kernel File Systems...
[   11.562479] systemd[1]: Listening on Syslog Socket.
[[0;32m  OK  [0m] Listening on Syslog Socket.
[   11.571556] systemd[1]: Mounting Huge Pages File System...
[   11.576805] EXT4-fs (sda1): re-mounted. Opts: (null)
         Mounting Huge Pages File System...
[   11.587925] systemd[1]: Created slice system-serial\x2dgetty.slice.
[[0;32m  OK  [0m] Created slice system-serial\x2dgetty.slice.
[   11.591378] systemd[1]: Reached target Swap.
[[0;32m  OK  [0m] Reached target Swap.
[   11.594120] systemd[1]: Listening on LVM2 poll daemon socket.
[[0;32m  OK  [0m] Listening on LVM2 poll daemon socket.
[   11.597526] systemd[1]: Started Forward Password Requests to Wall Directory Watch.
[[0;32m  OK  [0m] Started Forward Password Requests to Wall Directory Watch.
[   11.624163] systemd[1]: Starting Load Kernel Modules...
         Starting Load Kernel Modules...
[   11.632172] systemd[1]: Listening on Device-mapper event daemon FIFOs.
[[0;32m  OK  [0m] Listening on Device-mapper event daemon FIFOs.
[   11.636051] systemd[1]: Reached target System Time Synchronized.
[[0;32m  OK  [0m] Reached target System Time Synchronized.
[   11.639436] systemd[1]: Listening on LVM2 metadata daemon socket.
[[0;32m  OK  [0m] Listening on LVM2 metadata daemon socket.
[   11.643685] systemd[1]: Mounting Debug File System...
         Mounting Debug File System...
[   11.653921] systemd[1]: Mounting POSIX Message Queue File System...
         Mounting POSIX Message Queue File System...
[   11.662519] systemd[1]: Listening on Journal Socket (/dev/log).
[[0;32m  OK  [0m] Listening on Journal Socket (/dev/log).
[   11.678464] Loading iSCSI transport class v2.0-870.
[   11.696543] systemd[1]: Starting Uncomplicated firewall...
         Starting Uncomplicated firewall...
[   11.708383] systemd[1]: Starting Set console keymap...
         Starting Set console keymap...
[   11.712064] systemd[1]: Starting Create list of required static device nodes for the current kernel...
         Starting Create list of required st... nodes for the current kernel...
[   11.717550] systemd[1]: Set up automount Arbitrary Executable File Formats File System Automount Point.
[[0;32m  OK  [0m] Set up automount Arbitrary Executab...ats File System Automount Point.
[   11.733594] systemd[1]: Starting Monitoring of LVM2 mirrors, snapshots etc. using dmeventd or progress polling...
         Starting Monitoring of LVM2 mirrors... dmeventd or progress polling...
[   11.740991] iscsi: registered transport (tcp)
[   11.744058] systemd[1]: Listening on /dev/initctl Compatibility Named Pipe.
[[0;32m  OK  [0m] Listening on /dev/initctl Compatibility Named Pipe.
[   11.752235] systemd[1]: Listening on Journal Audit Socket.
[[0;32m  OK  [0m] Listening on Journal Audit Socket.
[   11.771977] systemd[1]: Starting Journal Service...
         Starting Journal Service...
[   11.775069] systemd[1]: Starting Nameserver information manager...
         Starting Nameserver information manager...
[   11.777506] systemd[1]: Started Trigger resolvconf update for networkd DNS.
[[0;32m  OK  [0m] Started Trigger resolvconf update for networkd DNS.
[   11.788075] systemd[1]: Reached target User and Group Name Lookups.
[[0;32m  OK  [0m] Reached target User and Group Name Lookups.
[   11.797262] systemd[1]: Mounted Huge Pages File System.
[[0;32m  OK  [0m] Mounted Huge Pages File System.
[   11.807795] systemd[1]: Mounted Debug File System.
[[0;32m  OK  [0m] Mounted Debug File System.
[   11.815487] systemd[1]: Mounted POSIX Message Queue File System.
[[0;32m  OK  [0m] Mounted POSIX Message Queue File System.
[   11.818539] systemd[1]: Started Remount Root and Kernel File Systems.
[[0;32m  OK  [0m] Started Remount Root and Kernel File Systems.
[   11.821832] systemd[1]: Started Uncomplicated firewall.
[[0;32m  OK  [0m] Started Uncomplicated firewall.
[   11.836079] systemd[1]: Started Create list of required static device nodes for the current kernel.
[[0;32m  OK  [0m] Started Create list of required sta...ce nodes for the current kernel.
[   11.863446] systemd[1]: Starting Create Static Device Nodes in /dev...
         Starting Create Static Device Nodes in /dev...
[   11.876762] systemd[1]: Starting Load/Save Random Seed...
         Starting Load/Save Random Seed...
[   11.889659] systemd[1]: Starting udev Coldplug all Devices...
         Starting udev Coldplug all Devices...
[   11.900896] systemd[1]: Started Nameserver information manager.
[[0;32m  OK  [0m] Started Nameserver information manager.
[   11.934410] systemd[1]: Started Load/Save Random Seed.
[[0;32m  OK  [0m] Started Load/Save Random Seed.
[   11.937203] systemd[1]: Started Set console keymap.
[[0;32m  OK  [0m] Started Set console keymap.
[   11.977097] iscsi: registered transport (iser)
[   11.981695] systemd[1]: Started Load Kernel Modules.
[[0;32m  OK  [0m] Started Load Kernel Modules.
[   12.011735] systemd[1]: Mounting FUSE Control File System...
         Mounting FUSE Control File System...
[   12.020453] systemd[1]: Starting Apply Kernel Variables...
         Starting Apply Kernel Variables...
[   12.034491] systemd[1]: Mounted FUSE Control File System.
[[0;32m  OK  [0m] Mounted FUSE Control File System.
[[0;32m  OK  [0m] Started Apply Kernel Variables.
[[0;32m  OK  [0m] Started udev Coldplug all Devices.
[[0;32m  OK  [0m] Started Journal Service.
         Starting Flush Journal to Persistent Storage...
[[0;32m  OK  [0m] Started LVM2 metadata daemon.
[[0;32m  OK  [0m] Started Flush Journal to Persistent Storage.
[[0;32m  OK  [0m] Started Create Static Device Nodes in /dev.
         Starting udev Kernel Device Manager...
[[0;32m  OK  [0m] Started udev Kernel Device Manager.
[[0;32m  OK  [0m] Started Dispatch Password Requests to Console Directory Watch.
[[0;32m  OK  [0m] Started Monitoring of LVM2 mirrors,...ng dmeventd or progress polling.
[[0;32m  OK  [0m] Reached target Local File Systems (Pre).
[[0;32m  OK  [0m] Reached target Local File Systems.
         Starting LSB: AppArmor initialization...
         Starting Tell Plymouth To Write Out Runtime Data...
         Starting Set console font and keymap...
         Starting Create Volatile Files and Directories...
         Starting Commit a transient machine-id on disk...
         Starting Initial cloud-init job (pre-networking)...
[[0;32m  OK  [0m] Found device /dev/ttyS0.
[[0;32m  OK  [0m] Started Tell Plymouth To Write Out Runtime Data.
[[0;32m  OK  [0m] Started Create Volatile Files and Directories.
[[0;32m  OK  [0m] Started Commit a transient machine-id on disk.
         Starting Update UTMP about System Boot/Shutdown...
[[0;32m  OK  [0m] Listening on Load/Save RF Kill Switch Status /dev/rfkill Watch.
[[0;32m  OK  [0m] Started Update UTMP about System Boot/Shutdown.
[[0;32m  OK  [0m] Started LSB: AppArmor initialization.
[[0;32m  OK  [0m] Started Set console font and keymap.
[[0;32m  OK  [0m] Created slice system-getty.slice.
[   19.586722] cloud-init[493]: Cloud-init v. 19.4-33-gbb4131a2-0ubuntu1~16.04.1 running 'init-local' at Mon, 28 Sep 2020 09:55:04 +0000. Up 18.83 seconds.
[[0;32m  OK  [0m] Started Initial cloud-init job (pre-networking).
[[0;32m  OK  [0m] Reached target Network (Pre).
         Starting Raise network interfaces...
[[0;32m  OK  [0m] Started Raise network interfaces.
         Starting Initial cloud-init job (metadata service crawler)...
[[0;32m  OK  [0m] Reached target Network.
[   22.514050] cloud-init[968]: Cloud-init v. 19.4-33-gbb4131a2-0ubuntu1~16.04.1 running 'init' at Mon, 28 Sep 2020 09:55:06 +0000. Up 20.69 seconds.
[   22.520956] cloud-init[968]: ci-info: ++++++++++++++++++++++++++++++++++++++Net device info+++++++++++++++++++++++++++++++++++++++
[   22.522441] cloud-init[968]: ci-info: +--------+-------+----------------------------+---------------+--------+-------------------+
[   22.528726] cloud-init[968]: ci-info: | Device |   Up  |          Address           |      Mask     | Scope  |     Hw-Address    |
[   22.530081] cloud-init[968]: ci-info: +--------+-------+----------------------------+---------------+--------+-------------------+
[   22.531428] cloud-init[968]: ci-info: | enp0s3 |  True |         10.0.2.15          | 255.255.255.0 | global | 02:ba:b8:ca:39:a3 |
[   22.532586] cloud-init[968]: ci-info: | enp0s3 |  True | fe80::ba:b8ff:feca:39a3/64 |       .       |  link  | 02:ba:b8:ca:39:a3 |
[   22.534163] cloud-init[968]: ci-info: | enp0s8 | False |             .              |       .       |   .    | 08:00:27:32:69:33 |
[   22.535748] cloud-init[968]: ci-info: |   lo   |  True |         127.0.0.1          |   255.0.0.0   |  host  |         .         |
[   22.537652] cloud-init[968]: ci-info: |   lo   |  True |          ::1/128           |       .       |  host  |         .         |
[   22.539546] cloud-init[968]: ci-info: +--------+-------+----------------------------+---------------+--------+-------------------+
[   22.549272] cloud-init[968]: ci-info: +++++++++++++++++++++++++++Route IPv4 info++++++++++++++++++++++++++++
[   22.550551] cloud-init[968]: ci-info: +-------+-------------+----------+---------------+-----------+-------+
[   22.551682] cloud-init[968]: ci-info: | Route | Destination | Gateway  |    Genmask    | Interface | Flags |
[   22.552960] cloud-init[968]: ci-info: +-------+-------------+----------+---------------+-----------+-------+
[   22.554061] cloud-init[968]: ci-info: |   0   |   0.0.0.0   | 10.0.2.2 |    0.0.0.0    |   enp0s3  |   UG  |
[   22.555247] cloud-init[968]: ci-info: |   1   |   10.0.2.0  | 0.0.0.0  | 255.255.255.0 |   enp0s3  |   U   |
[   22.564871] cloud-init[968]: ci-info: +-------+-------------+----------+---------------+-----------+-------+
[   22.576430] [[0;32m  OK  [0m] Started Initial cloud-init job (metadata service crawler).
cloud-init[968]: ci-info: +++++++++++++++++++Route IPv6 info+++++++++++++++++++
[   22.584696] [[0;32m  OK  [0m] Reached target Network is Online.
cloud-init[968]: ci-info: +-------+-------------+---------+-----------+-------+
[   22.586412] cloud-init[968]: ci-info: | Route | Destination | Gateway | Interface | Flags |
[   22.592401] cloud-init[968]: ci-info: +-------+-------------+---------+-----------+-------+
[   22.600447]          Starting iSCSI initiator daemon (iscsid)...
[[0;32m  OK  [0m] Reached target System Initialization.
cloud-init[968]: ci-info: |   0   |  fe80::/64  |    ::   |   enp0s3  |   U   |
[   22.608956] [[0;32m  OK  [0m] Listening on UUID daemon activation socket.
[[0;32m  OK  [0m] Listening on ACPID Listen Socket.
cloud-init[968]: ci-info: |   3   |   ff00::/8  |    ::   |   enp0s3  |   U   |
[   22.610764] [[0;32m  OK  [0m] Listening on D-Bus System Message Bus Socket.
[[0;32m  OK  [0m] Started Message of the Day.
cloud-init[968]: ci-info: +-------+-------------+---------+-----------+-------+
[   22.621121] cloud-init[968]: Generating public/private rsa key pair.
[   22.629040] cloud-init[968]: Your identification has been saved in /etc/ssh/ssh_host_rsa_key.
[   22.636676]          Starting LXD - unix socket.
[[0;32m  OK  [0m] Started Daily Cleanup of Temporary Directories.
cloud-init[968]: Your public key has been saved in /etc/ssh/ssh_host_rsa_key.pub.
[   22.648716] cloud-init[968]: The key fingerprint is:
[   22.651650] cloud-init[968]: SHA256:7/4ESUON8KCf3VensU7fTHCXdV7bXdgycp+N+zn9z70 root@ubuntu-xenial
[   22.660679] cloud-init[968]: The key's randomart image is:
[   22.671523] cloud-init[[0;32m  OK  [0m] Started ACPI Events Check.
[[0;32m  OK  [0m] Reached target Paths.
         Starting Socket activation for snappy daemon.
[[0;32m  OK  [0m] Started Daily apt download activities.
[[0;32m  OK  [0m] Started Daily apt upgrade and clean activities.
[[0;32m  OK  [0m] Reached target Timers.
[[0;32m  OK  [0m] Reached target Cloud-config availability.
[[0;32m  OK  [0m] Listening on LXD - unix socket.
[[0;32m  OK  [0m] Listening on Socket activation for snappy daemon.
[[0;32m  OK  [0m] Reached target Sockets.
[[0;32m  OK  [0m] Reached target Basic System.
[968]: +---[RSA 2048]----+
[   22.692625] cloud-init[968]: |        o..o   o=|
[   22.701638]          Starting LSB: Record successful boot for GRUB...
cloud-init[968]: |       . +. o =.@|
[   22.712817]          Starting /etc/rc.local Compatibility...
cloud-init         Starting LSB: MD monitoring daemon...
         Starting Virtualbox guest utils...
[968]: |      .   +  ooB@|
         Starting Accounts Service...
[   22.721637] cloud-init[968]: |       . + +  .O=|
[   22.736662] [[0;32m  OK  [0m] Started Regular background program processing daemon.
cloud-init[968]: |        S + . =..|
[[0;32m  OK  [0m] Started Deferred execution scheduler.
[   22.741314] cloud-init[968]: |         . . +.+.|
[   22.742110] cloud-init[968]: |          . . ..*|
[   22.743210]          Starting LXD - container startup/shutdown...
cloud-init[968]: |         . .   ++|
[   22.744424] cloud-init[968]: |         .o..  EX|
[   22.745286] cloud-init[968]: +----[SHA256]-----+
[   22.746291] cloud-init[968]: Generating public/private dsa key pair.
[   22.747065] cloud-init[968]: Your identification has been saved in /etc/ssh/ssh_host_dsa_key.
[   22.748130] cloud-init[968]: Your public key has been saved in /etc/ssh/ssh_host_dsa_key.pub.
[   22.749030] cloud-init[968]: The key fingerprint is:
[   22.749734] cloud-init[968]: SHA256:FzA68xUhDNUKZVcSjpV/H7M9NagDNaoNWZ2X7T0gizA root@ubuntu-xenial
[   22.750801] cloud-init[968]: The key's randomart image is:
[[0;32m  OK  [0m] Started ACPI event daemon.
[   22.751737] cloud-init[968]: +---[DSA 1024]----+
[   22.753672] cloud-init[968]: |      .=B.O=o o  |
[   22.760530] cloud-init[968]: |      .E.XoO + . |
[   22.761302] cloud-init[968]: |      +.*.B.= + .|
[   22.762102] cloud-init[968]: |       *.= o...*o|
[   22.768316] cloud-init[968]: |        S o .. .O|
[   22.769376] cloud-init[968]: |       . o o   oo|
[   22.770543] cloud-init[968]: |            .   .|
[   22.771552] cloud-init[968]: |                 |
[   22.772577] cloud-init[968]: |                 |
[   22.773583] cloud-init[968]: +----[SHA256]-----+
[   22.774652] cloud-init[968]: Generating public/private ecdsa key pair.
[   22.775906] cloud-init[968]: Your identification has been saved in /etc/ssh/ssh_host_ecdsa_key.
[   22.777588] cloud-init[968]: Your public key has been saved in /etc/ssh/ssh_host_ecdsa_key.pub.
[   22.779289] cloud-init[968]: The key fingerprint is:
[   22.780866] cloud-init[968]: SHA256:aJOOozMDLbe4aUmWsLI7KdbvGbs5LlN5B5SaBJao6IU root@ubuntu-xenial
[   22.782458] cloud-init[968]: The key's randomart image is:
[   22.783519] cloud-init[968]: +---[ECDSA 256]---+
[   22.784491] cloud-init[968]: |  .oo   .        |
[   22.785580] cloud-init[968]: | ... . o         |
[   22.786703] cloud-init[968]: |o . . +          |
[   22.792825] cloud-init[968]: |+E . o +         |
         Starting Pollinate to seed the pseudo random number generator...[   22.804533] cloud-init[968]: |ooo   * S        |
[   22.805294] cloud-init[968]: |==o  * o .       |
[   22.805722] cloud-init[968]: |+Bo.+.o .        |
[   22.806253] cloud-init[968]: |*=== o=          |
[   22.806881] cloud-init[968]: |B+.+*Oo          |
[   22.807692] cloud-init[968]: +----[SHA256]-----+
         Starting System Logging Service...

[   22.810098] cloud-init[968]: Generating public/private ed25519 key pair.
[   22.810329] cloud-init[968]: Your identification has been saved in /etc/ssh/ssh_host_ed25519_key.
[   22.810671] cloud-init[968]: Your public key has been saved in /etc/ssh/ssh_host_ed25519_key.pub.
[   22.810993] cloud-init[968]: The key fingerprint is:
[   22.811465] cloud-init[968]: SHA256:MOGssSzvi4rNMyik3X0OB6Q1DSZCiMdSpdaVzSlRaB4 root@ubuntu-xenial
[   22.811566] cloud-init[968]: The key's randomart image is:
[   22.811778] cloud-init[968]: +--[ED25519 256]--+
[[0;32m  OK  [0m] Started FUSE filesystem for LXC.
         Starting Login Service...
[   22.811817] cloud-init[[0;32m  OK  [0m] Started D-Bus System Message Bus.
[968]: |.=+.o *B..       |
[   22.825081] cloud-init[968]: |+ o+ *E++        |
[   22.832998] cloud-init[968]: | oo ooOo.        |
[   22.833923] cloud-init[968]: | . . B.+         |
[   22.840606] cloud-init[968]: |  . = . S        |
[   22.841522] cloud-init[968]: | . o   .         |
[   22.848459] cloud-init[968]: |oo .... .        |
[   22.856439] cloud-init[968]: |=o+o. .o.        |
[   22.857488] cloud-init[968]: |+.+oo. o.        |
[   22.858478] cloud-init[968]: +----[SHA256]-----+
         Starting Snappy daemon...
[[0;32m  OK  [0m] Started System Logging Service.
[[0;32m  OK  [0m] Started /etc/rc.local Compatibility.
[[0;32m  OK  [0m] Started Login Service.
[[0;32m  OK  [0m] Started Unattended Upgrades Shutdown.
[[0;32m  OK  [0m] Started iSCSI initiator daemon (iscsid).
         Starting Login to default iSCSI targets...
[[0;32m  OK  [0m] Started LSB: Record successful boot for GRUB.
[[0;32m  OK  [0m] Started LSB: MD monitoring daemon.
         Starting Authenticate and Authorize Users to Run Privileged Tasks...
[[0;32m  OK  [0m] Started Login to default iSCSI targets.
[[0;32m  OK  [0m] Reached target Remote File Systems (Pre).
[[0;32m  OK  [0m] Reached target Remote File Systems.
         Starting LSB: daemon to balance interrupts for SMP systems...
         Starting LSB: automatic crash report generation...
         Starting Permit User Sessions...
         Starting LSB: Set the CPU Frequency Scaling governor to "ondemand"...
[[0;32m  OK  [0m] Started LSB: Set the CPU Frequency Scaling governor to "ondemand".
[[0;32m  OK  [0m] Started Permit User Sessions.
         Starting Terminate Plymouth Boot Screen...
         Starting Hold until boot process finishes up...
[[0;32m  OK  [0m] Started LSB: automatic crash report generation.
[[0;32m  OK  [0m] Started Terminate Plymouth Boot Screen.
[[0;32m  OK  [0m] Started Hold until boot process finishes up.
[[0;32m  OK  [0m] Started Authenticate and Authorize Users to Run Privileged Tasks.
[[0;32m  OK  [0m] Started Accounts Service.
[[0;32m  OK  [0m] Started Getty on tty1.
[[0;32m  OK  [0m] Started Serial Getty on ttyS0.
[[0;32m  OK  [0m] Reached target Login Prompts.
         Starting Set console scheme...
[[0;32m  OK  [0m] Started Set console scheme.
[[0;32m  OK  [0m] Started Virtualbox guest utils.
[[0;32m  OK  [0m] Started LSB: daemon to balance interrupts for SMP systems.
[[0;32m  OK  [0m] Started Pollinate to seed the pseudo random number generator.
         Starting OpenBSD Secure Shell server...
[[0;32m  OK  [0m] Started LXD - container startup/shutdown.
[[0;32m  OK  [0m] Started OpenBSD Secure Shell server.
[[0;32m  OK  [0m] Started Snappy daemon.
         Starting Wait until snapd is fully seeded...
[[0;32m  OK  [0m] Created slice User Slice of vagrant.
         Starting User Manager for UID 1000...
[[0;32m  OK  [0m] Started Session 1 of user vagrant.
[[0;32m  OK  [0m] Started User Manager for UID 1000.

Ubuntu 16.04.6 LTS ubuntu-xenial ttyS0

ubuntu-xenial login: [   31.896999] cloud-init[1404]: Generating locales (this might take a while)...
[   33.245097] cloud-init[1404]:   en_US.UTF-8... done
[   33.246250] cloud-init[1404]: Generation complete.
[   34.840724] cloud-init[1404]: Cloud-init v. 19.4-33-gbb4131a2-0ubuntu1~16.04.1 running 'modules:config' at Mon, 28 Sep 2020 09:55:17 +0000. Up 31.65 seconds.
ci-info: no authorized SSH keys fingerprints found for user ubuntu.
<14>Sep 28 09:55:21 ec2: 
<14>Sep 28 09:55:21 ec2: #############################################################
<14>Sep 28 09:55:21 ec2: -----BEGIN SSH HOST KEY FINGERPRINTS-----
<14>Sep 28 09:55:21 ec2: 1024 SHA256:FzA68xUhDNUKZVcSjpV/H7M9NagDNaoNWZ2X7T0gizA root@ubuntu-xenial (DSA)
<14>Sep 28 09:55:21 ec2: 256 SHA256:aJOOozMDLbe4aUmWsLI7KdbvGbs5LlN5B5SaBJao6IU root@ubuntu-xenial (ECDSA)
<14>Sep 28 09:55:21 ec2: 256 SHA256:MOGssSzvi4rNMyik3X0OB6Q1DSZCiMdSpdaVzSlRaB4 root@ubuntu-xenial (ED25519)
<14>Sep 28 09:55:21 ec2: 2048 SHA256:7/4ESUON8KCf3VensU7fTHCXdV7bXdgycp+N+zn9z70 root@ubuntu-xenial (RSA)
<14>Sep 28 09:55:21 ec2: -----END SSH HOST KEY FINGERPRINTS-----
<14>Sep 28 09:55:21 ec2: #############################################################
-----BEGIN SSH HOST KEY KEYS-----
ecdsa-sha2-nistp256 AAAAE2VjZHNhLXNoYTItbmlzdHAyNTYAAAAIbmlzdHAyNTYAAABBBMtoRBjXbBFYVRaAocReJb89jQk6nHpYexJOwRAK3tsggfME4t7+hRVluEmvb5ubg9NvozR88t6F9FZH3kYH09M= root@ubuntu-xenial
ssh-ed25519 AAAAC3NzaC1lZDI1NTE5AAAAIJFA4r+H/Gyh/sz4nSpfsOjaMbNrmmolWlGcNyuoq9mc root@ubuntu-xenial
ssh-rsa AAAAB3NzaC1yc2EAAAADAQABAAABAQDYiV48eUWYVaJ57DoxKg4JE9ndUWK3qC6kBISEFkEUHewsYHpHe9yQYZyd73JoNCP32/eaG1v1P1eXsIT1e7Y2jqdtGi1ooveO48IJJVyW+y9AjX9swYaR9lHtwGp9f8hKwinx9GnhywXYCzjKg7Xx7o7o6vByXpxg7Snq1aIJMM3zWgnjHrQheG2ueBCR4iMQH6ZGeltXkzRTu94JSxIYfEZIVsIDtJ1OQEZ4HvDvoY7PhAQm9nPSBTMdmnN6A/6LH3BQSXDuF7HkhZnjmO7hqMJx0JZSqHaPfru29mHO2Dq5aj3ye1/LYlbyC4E5hBSdomfdihkFBb5unjiuilXd root@ubuntu-xenial
-----END SSH HOST KEY KEYS-----
[   35.609125] cloud-init[1566]: Cloud-init v. 19.4-33-gbb4131a2-0ubuntu1~16.04.1 running 'modules:final' at Mon, 28 Sep 2020 09:55:20 +0000. Up 35.24 seconds.
[   35.609303] cloud-init[1566]: ci-info: no authorized SSH keys fingerprints found for user ubuntu.
[   35.609540] cloud-init[1566]: Cloud-init v. 19.4-33-gbb4131a2-0ubuntu1~16.04.1 finished at Mon, 28 Sep 2020 09:55:21 +0000. Datasource DataSourceNoCloud [seed=/dev/sdb][dsmode=net].  Up 35.60 seconds
         Stopping Authenticate and Authorize Users to Run Privileged Tasks...
[[0;32m  OK  [0m] Stopped target Timers.
         Stopping ACPI event daemon...
[[0;32m  OK  [0m] Stopped Daily apt upgrade and clean activities.
         Stopping The Apache HTTP Server...
[[0;32m  OK  [0m] Stopped Daily Cleanup of Temporary Directories.
[[0;32m  OK  [0m] Stopped target Graphical Interface.
         Stopping Accounts Service...
[[0;32m  OK  [0m] Closed Load/Save RF Kill Switch Status /dev/rfkill Watch.
         Stopping Session 27 of user vagrant.
[[0;32m  OK  [0m] Stopped Clean PHP session files every 30 mins.
[[0;32m  OK  [0m] Stopped target Cloud-init target.
[[0;32m  OK  [0m] Stopped Execute cloud user/final scripts.
[[0;32m  OK  [0m] Stopped Apply the settings specified in cloud-config.
[[0;32m  OK  [0m] Stopped target Cloud-config availability.
         Stopping User Manager for UID 1000...
[[0;32m  OK  [0m] Stopped target Multi-User System.
         Stopping D-Bus System Message Bus...
         Stopping OpenBSD Secure Shell server...
[[0;32m  OK  [0m] Stopped Wait until snapd is fully seeded.
         Stopping LSB: daemon to balance interrupts for SMP systems...
         Stopping LXD - container startup/shutdown...
         Stopping LSB: Record successful boot for GRUB...
         Stopping Virtualbox guest utils...
         Stopping LSB: Set the CPU Frequency Scaling governor to "ondemand"...
         Stopping Regular background program processing daemon...
[[0;32m  OK  [0m] Stopped target Login Prompts.
         Stopping Serial Getty on ttyS0...
         Stopping Getty on tty1...
         Stopping Deferred execution scheduler...
         Stopping Unattended Upgrades Shutdown...
         Stopping LSB: automatic crash report generation...
[[0;32m  OK  [0m] Stopped Message of the Day.
         Stopping MySQL Community Server...
[[0;32m  OK  [0m] Stopped Daily apt download activities.
[[0;32m  OK  [0m] Stopped target System Time Synchronized.
         Stopping FUSE filesystem for LXC...
         Stopping System Logging Service...
         Stopping LSB: MD monitoring daemon...
[[0;32m  OK  [0m] Stopped Accounts Service.
[[0;32m  OK  [0m] Stopped Regular background program processing daemon.
[[0;32m  OK  [0m] Stopped Deferred execution scheduler.
[[0;32m  OK  [0m] Stopped System Logging Service.
[[0;32m  OK  [0m] Stopped Unattended Upgrades Shutdown.
[[0;32m  OK  [0m] Stopped ACPI event daemon.
[[0;32m  OK  [0m] Stopped Authenticate and Authorize Users to Run Privileged Tasks.
[[0;32m  OK  [0m] Stopped Getty on tty1.
[[0;32m  OK  [0m] Stopped Serial Getty on ttyS0.
[[0;32m  OK  [0m] Stopped OpenBSD Secure Shell server.
[[0;32m  OK  [0m] Stopped User Manager for UID 1000.
[[0;32m  OK  [0m] Stopped The Apache HTTP Server.
[[0;32m  OK  [0m] Stopped Session 27 of user vagrant.
[[0;32m  OK  [0m] Stopped D-Bus System Message Bus.
[[0;32m  OK  [0m] Stopped FUSE filesystem for LXC.
[[0;32m  OK  [0m] Unmounted /var/lib/lxcfs.
[[0;32m  OK  [0m] Stopped LSB: Set the CPU Frequency Scaling governor to "ondemand".
[[0;32m  OK  [0m] Stopped LSB: Record successful boot for GRUB.
[[0;32m  OK  [0m] Stopped LXD - container startup/shutdown.
[[0;32m  OK  [0m] Removed slice User Slice of vagrant.
[[0;32m  OK  [0m] Removed slice system-serial\x2dgetty.slice.
[[0;32m  OK  [0m] Removed slice system-getty.slice.
         Stopping Permit User Sessions...
[[0;32m  OK  [0m] Stopped /etc/rc.local Compatibility.
         Stopping Login Service...
[[0;32m  OK  [0m] Stopped LSB: daemon to balance interrupts for SMP systems.
[[0;32m  OK  [0m] Stopped LSB: MD monitoring daemon.
[[0;32m  OK  [0m] Stopped Permit User Sessions.
[[0;32m  OK  [0m] Stopped LSB: automatic crash report generation.
[[0;32m  OK  [0m] Stopped Virtualbox guest utils.
[[0;32m  OK  [0m] Stopped target Remote File Systems.
[[0;32m  OK  [0m] Stopped target Remote File Systems (Pre).
         Stopping Login to default iSCSI targets...
[[0;32m  OK  [0m] Stopped Login Service.
[[0;32m  OK  [0m] Stopped target User and Group Name Lookups.
[[0;32m  OK  [0m] Stopped Login to default iSCSI targets.
         Stopping iSCSI initiator daemon (iscsid)...
[[0;32m  OK  [0m] Stopped iSCSI initiator daemon (iscsid).
[[0;32m  OK  [0m] Stopped target Network is Online.
[[0;32m  OK  [0m] Stopped MySQL Community Server.
[[0;32m  OK  [0m] Stopped target Network.
[[0;32m  OK  [0m] Stopped target Basic System.
[[0;32m  OK  [0m] Stopped target Sockets.
[[0;32m  OK  [0m] Closed D-Bus System Message Bus Socket.
[[0;32m  OK  [0m] Closed Syslog Socket.
[[0;32m  OK  [0m] Closed UUID daemon activation socket.
[[0;32m  OK  [0m] Closed LXD - unix socket.
[[0;32m  OK  [0m] Closed ACPID Listen Socket.
[[0;32m  OK  [0m] Closed Socket activation for snappy daemon.
[[0;32m  OK  [0m] Stopped target Slices.
[[0;32m  OK  [0m] Removed slice User and Session Slice.
[[0;32m  OK  [0m] Stopped target Paths.
[[0;32m  OK  [0m] Stopped Dispatch Password Requests to Console Directory Watch.
[[0;32m  OK  [0m] Stopped Forward Password Requests to Wall Directory Watch.
[[0;32m  OK  [0m] Stopped ACPI Events Check.
[[0;32m  OK  [0m] Stopped target System Initialization.
[[0;32m  OK  [0m] Stopped target Encrypted Volumes.
         Stopping Load/Save Random Seed...
[[0;32m  OK  [0m] Stopped Create Volatile Files and Directories.
[[0;32m  OK  [0m] Stopped target Swap.
[[0;32m  OK  [0m] Stopped Initial cloud-init job (metadata service crawler).
         Stopping Raise network interfaces...
[[0;32m  OK  [0m] Stopped Commit a transient machine-id on disk.
[[0;32m  OK  [0m] Stopped Load/Save Random Seed.
[[0;32m  OK  [0m] Stopped Raise network interfaces.
[[0;32m  OK  [0m] Stopped target Local File Systems.
         Unmounting /vagrant...
         Unmounting /run/user/1000...
         Unmounting /var/www/html...
[[0;32m  OK  [0m] Stopped Apply Kernel Variables.
[[0;32m  OK  [0m] Stopped target Network (Pre).
[[0;32m  OK  [0m] Stopped Initial cloud-init job (pre-networking).
[[0;32m  OK  [0m] Stopped Load Kernel Modules.
[[0;32m  OK  [0m] Unmounted /vagrant.
[[0;32m  OK  [0m] Unmounted /run/user/1000.
[[0;32m  OK  [0m] Unmounted /var/www/html.
[[0;32m  OK  [0m] Reached target Unmount All Filesystems.
[[0;32m  OK  [0m] Stopped target Local File Systems (Pre).
         Stopping Monitoring of LVM2 mirrors... dmeventd or progress polling...
[[0;32m  OK  [0m] Stopped Create Static Device Nodes in /dev.
[[0;32m  OK  [0m] Stopped Remount Root and Kernel File Systems.
[[0;32m  OK  [0m] Reached target Shutdown.
[25714.090768] reboot: Power down
