[    0.000000] Initializing cgroup subsys cpuset
[    0.000000] Initializing cgroup subsys cpu
[    0.000000] Initializing cgroup subsys cpuacct
[    0.000000] Linux version 4.4.0-177-generic (buildd@lgw01-amd64-035) (gcc version 5.4.0 20160609 (Ubuntu 5.4.0-6ubuntu1~16.04.12) ) #207-Ubuntu SMP Mon Mar 16 01:16:10 UTC 2020 (Ubuntu 4.4.0-177.207-generic 4.4.214)
[    0.000000] Command line: BOOT_IMAGE=/boot/vmlinuz-4.4.0-177-generic root=LABEL=cloudimg-rootfs ro console=tty1 console=ttyS0
[    0.000000] KERNEL supported cpus:
[    0.000000]   Intel GenuineIntel
[    0.000000]   AMD AuthenticAMD
[    0.000000]   Centaur CentaurHauls
[    0.000000] x86/fpu: xstate_offset[2]:  576, xstate_sizes[2]:  256
[    0.000000] x86/fpu: Supporting XSAVE feature 0x01: 'x87 floating point registers'
[    0.000000] x86/fpu: Supporting XSAVE feature 0x02: 'SSE registers'
[    0.000000] x86/fpu: Supporting XSAVE feature 0x04: 'AVX registers'
[    0.000000] x86/fpu: Enabled xstate features 0x7, context size is 832 bytes, using 'standard' format.
[    0.000000] e820: BIOS-provided physical RAM map:
[    0.000000] BIOS-e820: [mem 0x0000000000000000-0x000000000009fbff] usable
[    0.000000] BIOS-e820: [mem 0x000000000009fc00-0x000000000009ffff] reserved
[    0.000000] BIOS-e820: [mem 0x00000000000f0000-0x00000000000fffff] reserved
[    0.000000] BIOS-e820: [mem 0x0000000000100000-0x000000003ffeffff] usable
[    0.000000] BIOS-e820: [mem 0x000000003fff0000-0x000000003fffffff] ACPI data
[    0.000000] BIOS-e820: [mem 0x00000000fec00000-0x00000000fec00fff] reserved
[    0.000000] BIOS-e820: [mem 0x00000000fee00000-0x00000000fee00fff] reserved
[    0.000000] BIOS-e820: [mem 0x00000000fffc0000-0x00000000ffffffff] reserved
[    0.000000] NX (Execute Disable) protection: active
[    0.000000] SMBIOS 2.5 present.
[    0.000000] Hypervisor detected: KVM
[    0.000000] e820: last_pfn = 0x3fff0 max_arch_pfn = 0x400000000
[    0.000000] MTRR: Disabled
[    0.000000] x86/PAT: MTRRs disabled, skipping PAT initialization too.
[    0.000000] CPU MTRRs all blank - virtualized system.
[    0.000000] x86/PAT: Configuration [0-7]: WB  WT  UC- UC  WB  WT  UC- UC  
[    0.000000] found SMP MP-table at [mem 0x0009fff0-0x0009ffff] mapped at [ffff88000009fff0]
[    0.000000] Scanning 1 areas for low memory corruption
[    0.000000] RAMDISK: [mem 0x361c2000-0x370d8fff]
[    0.000000] ACPI: Early table checksum verification disabled
[    0.000000] ACPI: RSDP 0x00000000000E0000 000024 (v02 VBOX  )
[    0.000000] ACPI: XSDT 0x000000003FFF0030 00003C (v01 VBOX   VBOXXSDT 00000001 ASL  00000061)
[    0.000000] ACPI: FACP 0x000000003FFF00F0 0000F4 (v04 VBOX   VBOXFACP 00000001 ASL  00000061)
[    0.000000] ACPI: DSDT 0x000000003FFF0470 002325 (v02 VBOX   VBOXBIOS 00000002 INTL 20100528)
[    0.000000] ACPI: FACS 0x000000003FFF0200 000040
[    0.000000] ACPI: FACS 0x000000003FFF0200 000040
[    0.000000] ACPI: APIC 0x000000003FFF0240 00005C (v02 VBOX   VBOXAPIC 00000001 ASL  00000061)
[    0.000000] ACPI: SSDT 0x000000003FFF02A0 0001CC (v01 VBOX   VBOXCPUT 00000002 INTL 20100528)
[    0.000000] No NUMA configuration found
[    0.000000] Faking a node at [mem 0x0000000000000000-0x000000003ffeffff]
[    0.000000] NODE_DATA(0) allocated [mem 0x3ffeb000-0x3ffeffff]
[    0.000000] kvm-clock: Using msrs 4b564d01 and 4b564d00
[    0.000000] kvm-clock: cpu 0, msr 0:3ffe3001, primary cpu clock
[    0.000000] kvm-clock: using sched offset of 4750920904 cycles
[    0.000000] clocksource: kvm-clock: mask: 0xffffffffffffffff max_cycles: 0x1cd42e4dffb, max_idle_ns: 881590591483 ns
[    0.000000] Zone ranges:
[    0.000000]   DMA      [mem 0x0000000000001000-0x0000000000ffffff]
[    0.000000]   DMA32    [mem 0x0000000001000000-0x000000003ffeffff]
[    0.000000]   Normal   empty
[    0.000000]   Device   empty
[    0.000000] Movable zone start for each node
[    0.000000] Early memory node ranges
[    0.000000]   node   0: [mem 0x0000000000001000-0x000000000009efff]
[    0.000000]   node   0: [mem 0x0000000000100000-0x000000003ffeffff]
[    0.000000] Initmem setup node 0 [mem 0x0000000000001000-0x000000003ffeffff]
[    0.000000] ACPI: PM-Timer IO Port: 0x4008
[    0.000000] IOAPIC[0]: apic_id 2, version 32, address 0xfec00000, GSI 0-23
[    0.000000] ACPI: INT_SRC_OVR (bus 0 bus_irq 0 global_irq 2 dfl dfl)
[    0.000000] ACPI: INT_SRC_OVR (bus 0 bus_irq 9 global_irq 9 low level)
[    0.000000] Using ACPI (MADT) for SMP configuration information
[    0.000000] smpboot: Allowing 2 CPUs, 0 hotplug CPUs
[    0.000000] PM: Registered nosave memory: [mem 0x00000000-0x00000fff]
[    0.000000] PM: Registered nosave memory: [mem 0x0009f000-0x0009ffff]
[    0.000000] PM: Registered nosave memory: [mem 0x000a0000-0x000effff]
[    0.000000] PM: Registered nosave memory: [mem 0x000f0000-0x000fffff]
[    0.000000] e820: [mem 0x40000000-0xfebfffff] available for PCI devices
[    0.000000] Booting paravirtualized kernel on KVM
[    0.000000] clocksource: refined-jiffies: mask: 0xffffffff max_cycles: 0xffffffff, max_idle_ns: 7645519600211568 ns
[    0.000000] setup_percpu: NR_CPUS:512 nr_cpumask_bits:512 nr_cpu_ids:2 nr_node_ids:1
[    0.000000] PERCPU: Embedded 33 pages/cpu @ffff88003fc00000 s95448 r8192 d31528 u1048576
[    0.000000] Built 1 zonelists in Node order, mobility grouping on.  Total pages: 257912
[    0.000000] Policy zone: DMA32
[    0.000000] Kernel command line: BOOT_IMAGE=/boot/vmlinuz-4.4.0-177-generic root=LABEL=cloudimg-rootfs ro console=tty1 console=ttyS0
[    0.000000] PID hash table entries: 4096 (order: 3, 32768 bytes)
[    0.000000] Memory: 997100K/1048120K available (8626K kernel code, 1336K rwdata, 4036K rodata, 1488K init, 1292K bss, 51020K reserved, 0K cma-reserved)
[    0.000000] SLUB: HWalign=64, Order=0-3, MinObjects=0, CPUs=2, Nodes=1
[    0.000000] Kernel/User page tables isolation: enabled
[    0.000000] Hierarchical RCU implementation.
[    0.000000] 	Build-time adjustment of leaf fanout to 64.
[    0.000000] 	RCU restricting CPUs from NR_CPUS=512 to nr_cpu_ids=2.
[    0.000000] RCU: Adjusting geometry for rcu_fanout_leaf=64, nr_cpu_ids=2
[    0.000000] NR_IRQS:33024 nr_irqs:440 16
[    0.000000] Console: colour VGA+ 80x25
[    0.000000] console [tty1] enabled
[    0.000000] console [ttyS0] enabled
[    0.000000] tsc: Detected 3407.998 MHz processor
[    0.169952] Calibrating delay loop (skipped) preset value.. 6815.99 BogoMIPS (lpj=13631992)
[    0.172075] pid_max: default: 32768 minimum: 301
[    0.173355] ACPI: Core revision 20150930
[    0.176024] ACPI: 2 ACPI AML tables successfully acquired and loaded
[    0.177697] Security Framework initialized
[    0.178740] Yama: becoming mindful.
[    0.179609] AppArmor: AppArmor initialized
[    0.180773] Dentry cache hash table entries: 131072 (order: 8, 1048576 bytes)
[    0.185274] Inode-cache hash table entries: 65536 (order: 7, 524288 bytes)
[    0.186916] Mount-cache hash table entries: 2048 (order: 2, 16384 bytes)
[    0.188397] Mountpoint-cache hash table entries: 2048 (order: 2, 16384 bytes)
[    0.190176] Initializing cgroup subsys io
[    0.191214] Initializing cgroup subsys memory
[    0.192329] Initializing cgroup subsys devices
[    0.193471] Initializing cgroup subsys freezer
[    0.194603] Initializing cgroup subsys net_cls
[    0.195738] Initializing cgroup subsys perf_event
[    0.197004] Initializing cgroup subsys net_prio
[    0.198157] Initializing cgroup subsys hugetlb
[    0.199245] Initializing cgroup subsys pids
[    0.201424] mce: CPU supports 0 MCE banks
[    0.202509] Last level iTLB entries: 4KB 64, 2MB 8, 4MB 8
[    0.203952] Last level dTLB entries: 4KB 64, 2MB 0, 4MB 0, 1GB 4
[    0.205403] Spectre V1 : Mitigation: usercopy/swapgs barriers and __user pointer sanitization
[    0.207546] Spectre V2 : Mitigation: Full generic retpoline
[    0.208900] Spectre V2 : Spectre v2 / SpectreRSB mitigation: Filling RSB on context switch
[    0.210914] Speculative Store Bypass: Vulnerable
[    0.212167] MDS: Mitigation: Clear CPU buffers
[    0.216092] Freeing SMP alternatives memory: 36K
[    0.223053] ftrace: allocating 32304 entries in 127 pages
[    0.287145] smpboot: APIC(0) Converting physical 0 to logical package 0
[    0.288693] smpboot: Max logical packages: 1
[    0.290119] x2apic enabled
[    0.291203] Switched APIC routing to physical x2apic.
[    0.293710] ..TIMER: vector=0x30 apic1=0 pin1=2 apic2=-1 pin2=-1
[    0.403250] smpboot: CPU0: Intel(R) Core(TM) i7-6700 CPU @ 3.40GHz (family: 0x6, model: 0x5e, stepping: 0x3)
[    0.405804] Performance Events: unsupported p6 CPU model 94 no PMU driver, software events only.
[    0.418574] KVM setup paravirtual spinlock
[    0.420254] x86: Booting SMP configuration:
[    0.421371] .... node  #0, CPUs:      #1
[    0.422458] kvm-clock: cpu 1, msr 0:3ffe3041, secondary cpu clock
[    0.424629] mce: CPU supports 0 MCE banks
[    0.427345] x86: Booted up 1 node, 2 CPUs
[    0.428661] smpboot: Total of 2 processors activated (13631.99 BogoMIPS)
[    0.430763] devtmpfs: initialized
[    0.433384] evm: security.selinux
[    0.434225] evm: security.SMACK64
[    0.435080] evm: security.SMACK64EXEC
[    0.436113] evm: security.SMACK64TRANSMUTE
[    0.437157] evm: security.SMACK64MMAP
[    0.438076] evm: security.ima
[    0.438967] evm: security.capability
[    0.440216] clocksource: jiffies: mask: 0xffffffff max_cycles: 0xffffffff, max_idle_ns: 7645041785100000 ns
[    0.442486] futex hash table entries: 512 (order: 3, 32768 bytes)
[    0.444163] pinctrl core: initialized pinctrl subsystem
[    0.445438] RTC time: 10:40:49, date: 01/15/21
[    0.446677] NET: Registered protocol family 16
[    0.459721] cpuidle: using governor ladder
[    0.472398] cpuidle: using governor menu
[    0.474472] PCCT header not found.
[    0.476560] ACPI: bus type PCI registered
[    0.478636] acpiphp: ACPI Hot Plug PCI Controller Driver version: 0.5
[    0.481775] PCI: Using configuration type 1 for base access
[    0.496333] ACPI: Added _OSI(Module Device)
[    0.498474] ACPI: Added _OSI(Processor Device)
[    0.500748] ACPI: Added _OSI(3.0 _SCP Extensions)
[    0.502997] ACPI: Added _OSI(Processor Aggregator Device)
[    0.506964] ACPI: Executed 1 blocks of module-level executable AML code
[    0.514640] ACPI: Interpreter enabled
[    0.516643] ACPI: (supports S0 S5)
[    0.518454] ACPI: Using IOAPIC for interrupt routing
[    0.521154] PCI: Using host bridge windows from ACPI; if necessary, use "pci=nocrs" and report a bug
[    0.528814] ACPI: PCI Root Bridge [PCI0] (domain 0000 [bus 00-ff])
[    0.530150] acpi PNP0A03:00: _OSC: OS supports [ASPM ClockPM Segments MSI]
[    0.532126] acpi PNP0A03:00: _OSC: not requesting OS control; OS requires [ExtendedConfig ASPM ClockPM MSI]
[    0.534284] acpi PNP0A03:00: fail to add MMCONFIG information, can't access extended PCI configuration space under this bridge.
[    0.537365] PCI host bridge to bus 0000:00
[    0.538469] pci_bus 0000:00: root bus resource [io  0x0000-0x0cf7 window]
[    0.539941] pci_bus 0000:00: root bus resource [io  0x0d00-0xffff window]
[    0.541442] pci_bus 0000:00: root bus resource [mem 0x000a0000-0x000bffff window]
[    0.543310] pci_bus 0000:00: root bus resource [mem 0x40000000-0xfdffffff window]
[    0.545169] pci_bus 0000:00: root bus resource [bus 00-ff]
[    0.548398] pci 0000:00:01.1: legacy IDE quirk: reg 0x10: [io  0x01f0-0x01f7]
[    0.549884] pci 0000:00:01.1: legacy IDE quirk: reg 0x14: [io  0x03f6]
[    0.551448] pci 0000:00:01.1: legacy IDE quirk: reg 0x18: [io  0x0170-0x0177]
[    0.553085] pci 0000:00:01.1: legacy IDE quirk: reg 0x1c: [io  0x0376]
[    0.579123] pci 0000:00:07.0: quirk: [io  0x4000-0x403f] claimed by PIIX4 ACPI
[    0.580945] pci 0000:00:07.0: quirk: [io  0x4100-0x410f] claimed by PIIX4 SMB
[    0.590641] ACPI: PCI Interrupt Link [LNKA] (IRQs 5 9 10 *11)
[    0.592774] ACPI: PCI Interrupt Link [LNKB] (IRQs 5 9 *10 11)
[    0.594679] ACPI: PCI Interrupt Link [LNKC] (IRQs 5 *9 10 11)
[    0.596702] ACPI: PCI Interrupt Link [LNKD] (IRQs 5 9 10 *11)
[    0.598618] ACPI: Enabled 2 GPEs in block 00 to 07
[    0.600475] vgaarb: setting as boot device: PCI:0000:00:02.0
[    0.601733] vgaarb: device added: PCI:0000:00:02.0,decodes=io+mem,owns=io+mem,locks=none
[    0.603859] vgaarb: loaded
[    0.604628] vgaarb: bridge control possible 0000:00:02.0
[    0.606063] SCSI subsystem initialized
[    0.607261] ACPI: bus type USB registered
[    0.608275] usbcore: registered new interface driver usbfs
[    0.609570] usbcore: registered new interface driver hub
[    0.610922] usbcore: registered new device driver usb
[    0.612637] PCI: Using ACPI for IRQ routing
[    0.616682] NetLabel: Initializing
[    0.617562] NetLabel:  domain hash size = 128
[    0.618690] NetLabel:  protocols = UNLABELED CIPSOv4
[    0.619850] NetLabel:  unlabeled traffic allowed by default
[    0.621500] amd_nb: Cannot enumerate AMD northbridges
[    0.622887] clocksource: Switched to clocksource kvm-clock
[    0.634492] AppArmor: AppArmor Filesystem Enabled
[    0.635779] pnp: PnP ACPI init
[    0.637507] pnp: PnP ACPI: found 3 devices
[    0.650488] clocksource: acpi_pm: mask: 0xffffff max_cycles: 0xffffff, max_idle_ns: 2085701024 ns
[    0.653133] NET: Registered protocol family 2
[    0.654331] TCP established hash table entries: 8192 (order: 4, 65536 bytes)
[    0.655941] TCP bind hash table entries: 8192 (order: 5, 131072 bytes)
[    0.657423] TCP: Hash tables configured (established 8192 bind 8192)
[    0.658855] UDP hash table entries: 512 (order: 2, 16384 bytes)
[    0.660238] UDP-Lite hash table entries: 512 (order: 2, 16384 bytes)
[    0.661724] NET: Registered protocol family 1
[    0.662925] pci 0000:00:00.0: Limiting direct PCI/PCI transfers
[    0.664329] pci 0000:00:01.0: Activating ISA DMA hang workarounds
[    0.666095] Unpacking initramfs...
[    0.898189] Freeing initrd memory: 15452K
[    0.899409] clocksource: tsc: mask: 0xffffffffffffffff max_cycles: 0x311fd208cfc, max_idle_ns: 440795283699 ns
[    0.901984] platform rtc_cmos: registered platform RTC device (no PNP device found)
[    0.904076] Scanning for low memory corruption every 60 seconds
[    0.905872] audit: initializing netlink subsys (disabled)
[    0.907050] audit: type=2000 audit(1610707255.458:1): initialized
[    0.908646] Initialise system trusted keyring
[    0.910101] HugeTLB registered 2 MB page size, pre-allocated 0 pages
[    0.912990] zbud: loaded
[    0.914233] VFS: Disk quotas dquot_6.6.0
[    0.915413] VFS: Dquot-cache hash table entries: 512 (order 0, 4096 bytes)
[    0.917269] squashfs: version 4.0 (2009/01/31) Phillip Lougher
[    0.919028] fuse init (API version 7.23)
[    0.920201] Key type big_key registered
[    0.921209] Allocating IMA MOK and blacklist keyrings.
[    0.924571] Key type asymmetric registered
[    0.925836] Asymmetric key parser 'x509' registered
[    0.926990] Block layer SCSI generic (bsg) driver version 0.4 loaded (major 249)
[    0.929053] io scheduler noop registered
[    0.930119] io scheduler deadline registered (default)
[    0.931485] io scheduler cfq registered
[    0.932561] pci_hotplug: PCI Hot Plug PCI Core version: 0.5
[    0.933960] pciehp: PCI Express Hot Plug Controller Driver version: 0.4
[    0.935578] ACPI: AC Adapter [AC] (on-line)
[    0.936730] input: Power Button as /devices/LNXSYSTM:00/LNXPWRBN:00/input/input0
[    0.938704] ACPI: Power Button [PWRF]
[    0.939808] input: Sleep Button as /devices/LNXSYSTM:00/LNXSLPBN:00/input/input1
[    0.941669] ACPI: Sleep Button [SLPF]
[    0.942840] GHES: HEST is not enabled!
[    0.944016] Serial: 8250/16550 driver, 32 ports, IRQ sharing enabled
[    0.966051] 00:02: ttyS0 at I/O 0x3f8 (irq = 4, base_baud = 115200) is a 16550A
[    0.968953] Linux agpgart interface v0.103
[    0.974744] loop: module loaded
[    0.976450] scsi host0: ata_piix
[    0.977820] scsi host1: ata_piix
[    0.978830] ata1: PATA max UDMA/33 cmd 0x1f0 ctl 0x3f6 bmdma 0xd000 irq 14
[    0.980375] ata2: PATA max UDMA/33 cmd 0x170 ctl 0x376 bmdma 0xd008 irq 15
[    0.982032] libphy: Fixed MDIO Bus: probed
[    0.983089] tun: Universal TUN/TAP device driver, 1.6
[    0.984371] tun: (C) 1999-2004 Max Krasnyansky <maxk@qualcomm.com>
[    0.985803] PPP generic driver version 2.4.2
[    0.986937] ehci_hcd: USB 2.0 'Enhanced' Host Controller (EHCI) Driver
[    0.988969] ehci-pci: EHCI PCI platform driver
[    0.990097] ehci-platform: EHCI generic platform driver
[    0.991340] ohci_hcd: USB 1.1 'Open' Host Controller (OHCI) Driver
[    0.992752] ohci-pci: OHCI PCI platform driver
[    0.993854] ohci-platform: OHCI generic platform driver
[    0.995045] uhci_hcd: USB Universal Host Controller Interface driver
[    0.996554] i8042: PNP: PS/2 Controller [PNP0303:PS2K,PNP0f03:PS2M] at 0x60,0x64 irq 1,12
[    0.999255] serio: i8042 KBD port at 0x60,0x64 irq 1
[    1.000447] serio: i8042 AUX port at 0x60,0x64 irq 12
[    1.001703] mousedev: PS/2 mouse device common for all mice
[    1.003358] rtc_cmos rtc_cmos: rtc core: registered rtc_cmos as rtc0
[    1.004920] rtc_cmos rtc_cmos: alarms up to one day, 114 bytes nvram
[    1.006442] i2c /dev entries driver
[    1.007551] input: AT Translated Set 2 keyboard as /devices/platform/i8042/serio0/input/input2
[    1.009708] device-mapper: uevent: version 1.0.3
[    1.010999] device-mapper: ioctl: 4.34.0-ioctl (2015-10-28) initialised: dm-devel@redhat.com
[    1.013095] ledtrig-cpu: registered to indicate activity on CPUs
[    1.015128] NET: Registered protocol family 10
[    1.016521] NET: Registered protocol family 17
[    1.017572] Key type dns_resolver registered
[    1.018933] registered taskstats version 1
[    1.020020] Loading compiled-in X.509 certificates
[    1.021732] Loaded X.509 cert 'Build time autogenerated kernel key: a048edf52b07f04005c7780de0f875c713550332'
[    1.024037] zswap: loaded using pool lzo/zbud
[    1.027056] Key type trusted registered
[    1.031053] Key type encrypted registered
[    1.032135] AppArmor: AppArmor sha1 policy hashing enabled
[    1.033427] ima: No TPM chip found, activating TPM-bypass!
[    1.034732] ima: Allocated hash algorithm: sha1
[    1.035936] evm: HMAC attrs: 0x1
[    1.037191]   Magic number: 5:288:679
[    1.038230] rtc_cmos rtc_cmos: setting system clock to 2021-01-15 10:40:49 UTC (1610707249)
[    1.040471] BIOS EDD facility v0.16 2004-Jun-25, 0 devices found
[    1.041839] EDD information not available.
[    1.257944] Freeing unused kernel memory: 1488K
[    1.260900] Write protecting the kernel read-only data: 14336k
[    1.265571] Freeing unused kernel memory: 1604K
[    1.268943] Freeing unused kernel memory: 60K
Loading, please wait...
starting version 229
[    1.304305] random: systemd-udevd: uninitialized urandom read (16 bytes read, 3 bits of entropy available)
[    1.305191] random: udevadm: uninitialized urandom read (16 bytes read, 3 bits of entropy available)
[    1.305208] random: udevadm: uninitialized urandom read (16 bytes read, 3 bits of entropy available)
[    1.312874] random: systemd-udevd: uninitialized urandom read (16 bytes read, 3 bits of entropy available)
[    1.314168] random: udevadm: uninitialized urandom read (16 bytes read, 3 bits of entropy available)
[    1.314215] random: udevadm: uninitialized urandom read (16 bytes read, 3 bits of entropy available)
[    1.314365] random: udevadm: uninitialized urandom read (16 bytes read, 3 bits of entropy available)
[    1.314420] random: udevadm: uninitialized urandom read (16 bytes read, 3 bits of entropy available)
[    1.314472] random: udevadm: uninitialized urandom read (16 bytes read, 3 bits of entropy available)
[    1.314529] random: udevadm: uninitialized urandom read (16 bytes read, 3 bits of entropy available)
[    1.374021] e1000: Intel(R) PRO/1000 Network Driver - version 7.3.21-k8-NAPI
[    1.374064] [drm] Initialized drm 1.1.0 20060810
[    1.376925] e1000: Copyright (c) 1999-2006 Intel Corporation.
[    1.382381] Fusion MPT base driver 3.04.20
[    1.384265] Copyright (c) 1999-2008 LSI Corporation
[    1.402703] AVX2 version of gcm_enc/dec engaged.
[    1.403937] AES CTR mode by8 optimization enabled
[    1.411332] Fusion MPT SPI Host driver 3.04.20
[    1.421928] vboxvideo: loading out-of-tree module taints kernel.
[    1.423505] vboxvideo: module verification failed: signature and/or required key missing - tainting kernel
[    1.600330] input: ImExPS/2 Generic Explorer Mouse as /devices/platform/i8042/serio1/input/input4
[    1.760951] e1000 0000:00:03.0 eth0: (PCI:33MHz:32-bit) 02:ba:b8:ca:39:a3
[    1.762543] e1000 0000:00:03.0 eth0: Intel(R) PRO/1000 Network Connection
[    2.151402] e1000 0000:00:08.0 eth1: (PCI:33MHz:32-bit) 08:00:27:2d:6d:05
[    2.156497] e1000 0000:00:08.0 eth1: Intel(R) PRO/1000 Network Connection
[    2.164108] mptbase: ioc0: Initiating bringup
[    2.170099] e1000 0000:00:03.0 enp0s3: renamed from eth0
[    2.188011] e1000 0000:00:08.0 enp0s8: renamed from eth1
[    2.669903] ioc0: LSI53C1030 A0: Capabilities={Initiator}
[    4.459426] scsi host2: ioc0: LSI53C1030 A0, FwRev=00000000h, Ports=1, MaxQ=256, IRQ=20
[    6.666520] scsi 2:0:0:0: Direct-Access     VBOX     HARDDISK         1.0  PQ: 0 ANSI: 5
[    6.667691] [drm] VRAM 01000000
[    6.673602] [TTM] Zone  kernel: Available graphics memory: 507870 kiB
[    6.673603] [TTM] Initializing pool allocator
[    6.673613] [TTM] Initializing DMA pool allocator
[    6.699420] fbcon: vboxdrmfb (fb0) is primary device
[    6.708334] Console: switching to colour frame buffer device 100x37
[    6.710610] vboxvideo 0000:00:02.0: fb0: vboxdrmfb frame buffer device
[    6.711618] scsi target2:0:0: Beginning Domain Validation
[    6.714656] scsi target2:0:0: Domain Validation skipping write tests
[    6.715728] scsi target2:0:0: Ending Domain Validation
[    6.716583] scsi target2:0:0: asynchronous
[    6.717662] scsi 2:0:1:0: Direct-Access     VBOX     HARDDISK         1.0  PQ: 0 ANSI: 5
[    6.718954] scsi target2:0:1: Beginning Domain Validation
[    6.720665] scsi target2:0:1: Domain Validation skipping write tests
[    6.721613] scsi target2:0:1: Ending Domain Validation
[    6.722550] scsi target2:0:1: asynchronous
[    6.723189] [drm] Initialized vboxvideo 1.0.0 20130823 for 0000:00:02.0 on minor 0
[    6.733459] sd 2:0:0:0: [sda] 20971520 512-byte logical blocks: (10.7 GB/10.0 GiB)
[    6.735008] sd 2:0:0:0: [sda] Write Protect is off
[    6.735862] sd 2:0:0:0: Attached scsi generic sg0 type 0
[    6.737035] sd 2:0:0:0: [sda] Incomplete mode parameter data
[    6.738039] sd 2:0:0:0: [sda] Assuming drive cache: write through
[    6.739719] sd 2:0:1:0: [sdb] 20480 512-byte logical blocks: (10.5 MB/10.0 MiB)
[    6.741153] sd 2:0:1:0: Attached scsi generic sg1 type 0
[    6.742351] sd 2:0:1:0: [sdb] Write Protect is off
[    6.743722] sd 2:0:1:0: [sdb] Incomplete mode parameter data
[    6.744900] sd 2:0:1:0: [sdb] Assuming drive cache: write through
[    6.748524]  sda: sda1
[    6.750647] sd 2:0:0:0: [sda] Attached SCSI disk
[    6.774770] sd 2:0:1:0: [sdb] Attached SCSI disk
Begin: Loading essential drivers ... [    7.003675] md: linear personality registered for level -1
[    7.007165] md: multipath personality registered for level -4
[    7.010500] md: raid0 personality registered for level 0
[    7.015065] md: raid1 personality registered for level 1
[    7.086937] raid6: sse2x1   gen() 12478 MB/s
[    7.155177] raid6: sse2x1   xor()  9508 MB/s
[    7.223016] raid6: sse2x2   gen() 15729 MB/s
[    7.291290] raid6: sse2x2   xor() 10620 MB/s
[    7.359154] raid6: sse2x4   gen() 17320 MB/s
[    7.426941] raid6: sse2x4   xor() 12343 MB/s
[    7.495308] raid6: avx2x1   gen() 25399 MB/s
[    7.563133] raid6: avx2x2   gen() 29145 MB/s
[    7.631471] raid6: avx2x4   gen() 31665 MB/s
[    7.632404] raid6: using algorithm avx2x4 gen() 31665 MB/s
[    7.633397] raid6: using avx2x2 recovery algorithm
[    7.635605] xor: automatically using best checksumming function:
[    7.674904]    avx       : 26547.000 MB/sec
[    7.676881] async_tx: api initialized (async)
[    7.686977] md: raid6 personality registered for level 6
[    7.688039] md: raid5 personality registered for level 5
[    7.689150] md: raid4 personality registered for level 4
[    7.696895] md: raid10 personality registered for level 10
done.
Begin: Running /scripts/init-premount ... done.
Begin: Mounting root file system ... Begin: Running /scripts/local-top ... done.
Begin: Running /scripts/local-premount ... [    7.726969] Btrfs loaded
Scanning for Btrfs filesystems
done.
Warning: fsck not present, so skipping root file system
[    7.783008] EXT4-fs (sda1): mounted filesystem with ordered data mode. Opts: (null)
done.
Begin: Running /scripts/local-bottom ... done.
Begin: Running /scripts/init-bottom ... done.
[    8.766077] random: nonblocking pool is initialized
[    8.848042] systemd[1]: systemd 229 running in system mode. (+PAM +AUDIT +SELINUX +IMA +APPARMOR +SMACK +SYSVINIT +UTMP +LIBCRYPTSETUP +GCRYPT +GNUTLS +ACL +XZ -LZ4 +SECCOMP +BLKID +ELFUTILS +KMOD -IDN)
[    8.863407] systemd[1]: Detected virtualization oracle.
[    8.866778] systemd[1]: Detected architecture x86-64.

Welcome to [1mUbuntu 16.04.6 LTS[0m!

[    8.916703] systemd[1]: Set hostname to <ubuntu-xenial>.
[   10.306445] systemd[1]: Listening on Journal Audit Socket.
[[0;32m  OK  [0m] Listening on Journal Audit Socket.
[   10.314967] systemd[1]: Reached target Encrypted Volumes.
[[0;32m  OK  [0m] Reached target Encrypted Volumes.
[   10.322934] systemd[1]: Reached target Swap.
[[0;32m  OK  [0m] Reached target Swap.
[   10.332957] systemd[1]: Listening on Journal Socket (/dev/log).
[[0;32m  OK  [0m] Listening on Journal Socket (/dev/log).
[   10.338885] systemd[1]: Started Forward Password Requests to Wall Directory Watch.
[[0;32m  OK  [0m] Started Forward Password Requests to Wall Directory Watch.
[   10.345868] systemd[1]: Listening on LVM2 poll daemon socket.
[[0;32m  OK  [0m] Listening on LVM2 poll daemon socket.
[   10.350460] systemd[1]: Listening on /dev/initctl Compatibility Named Pipe.
[[0;32m  OK  [0m] Listening on /dev/initctl Compatibility Named Pipe.
[   10.355788] systemd[1]: Reached target User and Group Name Lookups.
[[0;32m  OK  [0m] Reached target User and Group Name Lookups.
[   10.360745] systemd[1]: Set up automount Arbitrary Executable File Formats File System Automount Point.
[[0;32m  OK  [0m] Set up automount Arbitrary Executab...ats File System Automount Point.
[   10.366238] systemd[1]: Started Trigger resolvconf update for networkd DNS.
[[0;32m  OK  [0m] Started Trigger resolvconf update for networkd DNS.
[   10.369066] systemd[1]: Listening on Syslog Socket.
[[0;32m  OK  [0m] Listening on Syslog Socket.
[   10.371194] systemd[1]: Reached target System Time Synchronized.
[[0;32m  OK  [0m] Reached target System Time Synchronized.
[   10.374005] systemd[1]: Created slice System Slice.
[[0;32m  OK  [0m] Created slice System Slice.
[   11.192844] systemd[1]: Created slice system-serial\x2dgetty.slice.
[[0;32m  OK  [0m] Created slice system-serial\x2dgetty.slice.
[   11.196266] systemd[1]: Listening on Device-mapper event daemon FIFOs.
[[0;32m  OK  [0m] Listening on Device-mapper event daemon FIFOs.
[   11.199973] systemd[1]: Listening on Journal Socket.
[[0;32m  OK  [0m] Listening on Journal Socket.
[   11.219600] systemd[1]: Mounting POSIX Message Queue File System...
         Mounting POSIX Message Queue File System...
[   11.222571] systemd[1]: Mounting Debug File System...
         Mounting Debug File System...
[   11.271943] systemd[1]: Starting Remount Root and Kernel File Systems...
         Starting Remount Root and Kernel File Systems...
[   11.285127] systemd[1]: Starting Create list of required static device nodes for the current kernel...
         Starting Create list of required st... nodes for the current kernel...
[   11.297301] systemd[1]: Starting Set console keymap...
         Starting Set console keymap...
[   11.314080] systemd[1]: Starting Journal Service...
         Starting Journal Service...
[   11.340934] systemd[1]: Starting Uncomplicated firewall...
         Starting Uncomplicated firewall...
[   11.353478] systemd[1]: Mounting Huge Pages File System...
         Mounting Huge Pages File System...
[   11.403643] systemd[1]: Starting Load Kernel Modules...
         Starting Load Kernel Modules...
[   11.415799] systemd[1]: Starting Nameserver information manager...
         Starting Nameserver information manager...
[   11.420151] systemd[1]: Listening on LVM2 metadata daemon socket.
[[0;32m  OK  [0m] Listening on LVM2 metadata daemon socket.
[   11.431270] systemd[1]: Starting Monitoring of LVM2 mirrors, snapshots etc. using dmeventd or progress polling...
         Starting Monitoring of LVM2 mirrors... dmeventd or progress polling...
[   11.443995] systemd[1]: Created slice User and Session Slice.
[[0;32m  OK  [0m] Created slice User and Session Slice.
[   11.455144] systemd[1]: Listening on udev Kernel Socket.
[[0;32m  OK  [0m] Listening on udev Kernel Socket.
[   11.463949] systemd[1]: Listening on udev Control Socket.
[[0;32m  OK  [0m] Listening on udev Control Socket.
[   11.466023] systemd[1]: Reached target Slices.
[[0;32m  OK  [0m] Reached target Slices.
[   11.480959] systemd[1]: Started Create list of required static device nodes for the current kernel.
[[0;32m  OK  [0m] Started Create list of required sta...ce nodes for the current kernel.
[   11.492441] systemd[1]: Started Uncomplicated firewall.
[[0;32m  OK  [0m] Started Uncomplicated firewall.
[   11.495642] systemd[1]: Starting Create Static Device Nodes in /dev...
         Starting Create Static Device Nodes in /dev...
[   11.643149] Loading iSCSI transport class v2.0-870.
[   11.753655] systemd[1]: Mounted Huge Pages File System.
[   11.758561] EXT4-fs (sda1): re-mounted. Opts: (null)
[[0;32m  OK  [0m] Mounted Huge Pages File System.
[   11.769333] systemd[1]: Mounted Debug File System.
[[0;32m  OK  [0m] Mounted Debug File System.
[   11.776803] systemd[1]: Mounted POSIX Message Queue File System.
[[0;32m  OK  [0m] Mounted POSIX Message Queue File System.
[   11.782112] systemd[1]: Started Remount Root and Kernel File Systems.
[[0;32m  OK  [0m] Started Remount Root and Kernel File Systems.
[   11.802043] systemd[1]: Starting Load/Save Random Seed...
         Starting Load/Save Random Seed...
[   11.868636] iscsi: registered transport (tcp)
[   11.873988] systemd[1]: Starting udev Coldplug all Devices...
         Starting udev Coldplug all Devices...
[   11.885652] systemd[1]: Started Nameserver information manager.
[[0;32m  OK  [0m] Started Nameserver information manager.
[   11.985844] systemd[1]: Started Journal Service.
[[0;32m  OK  [0m] Started Journal Service.
         Starting Flush Journal to Persistent Storage...
[[0;32m  OK  [0m] Started udev Coldplug all Devices.
[   12.159973] systemd-journald[396]: Received request to flush runtime journal from PID 1
[[0;32m  OK  [0m] Started Load/Save Random Seed.
[[0;32m  OK  [0m] Started Set console keymap.
[[0;32m  OK  [0m] Started Flush Journal to Persistent Storage.
[[0;32m  OK  [0m] Started LVM2 metadata daemon.
[   12.419197] iscsi: registered transport (iser)
[[0;32m  OK  [0m] Started Load Kernel Modules.
         Mounting FUSE Control File System...
         Starting Apply Kernel Variables...
[[0;32m  OK  [0m] Mounted FUSE Control File System.
[[0;32m  OK  [0m] Started Create Static Device Nodes in /dev.
         Starting udev Kernel Device Manager...
[[0;32m  OK  [0m] Started Apply Kernel Variables.
[[0;32m  OK  [0m] Started Monitoring of LVM2 mirrors,...ng dmeventd or progress polling.
[[0;32m  OK  [0m] Reached target Local File Systems (Pre).
         Mounting /var/www/html...
         Mounting /vagrant...
[[0;32m  OK  [0m] Reached target Local File Systems.
         Starting Create Volatile Files and Directories...
         Starting Tell Plymouth To Write Out Runtime Data...
         Starting Set console font and keymap...
         Starting LSB: AppArmor initialization...
         Starting Initial cloud-init job (pre-networking)...
[[0;32m  OK  [0m] Started Tell Plymouth To Write Out Runtime Data.
[[0;32m  OK  [0m] Mounted /vagrant.
[[0;1;31mFAILED[0m] Failed to mount /var/www/html.
See 'systemctl status var-www-html.mount' for details.
[[0;32m  OK  [0m] Started udev Kernel Device Manager.
[[0;32m  OK  [0m] Started Dispatch Password Requests to Console Directory Watch.
[[0;32m  OK  [0m] Started Create Volatile Files and Directories.
         Starting Update UTMP about System Boot/Shutdown...
[[0;32m  OK  [0m] Found device /dev/ttyS0.
[[0;32m  OK  [0m] Started Set console font and keymap.
[[0;32m  OK  [0m] Started Update UTMP about System Boot/Shutdown.
[[0;32m  OK  [0m] Created slice system-getty.slice.
[[0;32m  OK  [0m] Listening on Load/Save RF Kill Switch Status /dev/rfkill Watch.
[[0;32m  OK  [0m] Found device 82540EM Gigabit Ethern...r (PRO/1000 MT Desktop Adapter).
[[0;32m  OK  [0m] Found device 82540EM Gigabit Ethern...r (PRO/1000 MT Desktop Adapter).
[[0;32m  OK  [0m] Started LSB: AppArmor initialization.
[   21.145270] cloud-init[503]: Cloud-init v. 19.4-33-gbb4131a2-0ubuntu1~16.04.1 running 'init-local' at Fri, 15 Jan 2021 10:41:09 +0000. Up 20.40 seconds.
[[0;32m  OK  [0m] Started Initial cloud-init job (pre-networking).
[[0;32m  OK  [0m] Reached target Network (Pre).
         Starting Raise network interfaces...
[[0;32m  OK  [0m] Started ifup for enp0s3.
[[0;32m  OK  [0m] Started ifup for enp0s8.
[[0;32m  OK  [0m] Started Raise network interfaces.
[[0;32m  OK  [0m] Reached target Network.
         Starting Initial cloud-init job (metadata service crawler)...
[   22.872441] cloud-init[1105]: Cloud-init v. 19.4-33-gbb4131a2-0ubuntu1~16.04.1 running 'init' at Fri, 15 Jan 2021 10:41:10 +0000. Up 22.08 seconds.
[   22.874141] cloud-init[1105]: ci-info: ++++++++++++++++++++++++++++++++++++++Net device info+++++++++++++++++++++++++++++++++++++++
[   22.875611] cloud-init[1105]: ci-info: +--------+------+-----------------------------+---------------+--------+-------------------+
[   22.877055] cloud-init[1105]: ci-info: | Device |  Up  |           Address           |      Mask     | Scope  |     Hw-Address    |
[   22.878518] cloud-init[1105]: ci-info: +--------+------+-----------------------------+---------------+--------+-------------------+
[   22.884673] cloud-init[1105]: ci-info: | enp0s3 | True |          10.0.2.15          | 255.255.255.0 | global | 02:ba:b8:ca:39:a3 |
[   22.892500] cloud-init[1105]: ci-info: | enp0s3 | True |  fe80::ba:b8ff:feca:39a3/64 |       .       |  link  | 02:ba:b8:ca:39:a3 |
[   22.900332] cloud-init[1105]: ci-info: | enp0s8 | True |        192.168.33.12        | 255.255.255.0 | global | 08:00:27:2d:6d:05 |
[   22.901815] cloud-init[1105]: ci-info: | enp0s8 | True | fe80::a00:27ff:fe2d:6d05/64 |       .       |  link  | 08:00:27:2d:6d:05 |
[   22.903350] cloud-init[1105]: ci-info: |   lo   | True |          127.0.0.1          |   255.0.0.0   |  host  |         .         |
[   22.904712] cloud-init[1105]: ci-info: |   lo   | True |           ::1/128           |       .       |  host  |         .         |
[   22.906055] cloud-init[1105]: ci-info: +--------+------+-----------------------------+---------------+--------+-------------------+
[   22.912944] cloud-init[1105]: ci-info: ++++++++++++++++++++++++++++Route IPv4 info++++++++++++++++++++++++++++
[   22.914026] cloud-init[1105]: ci-info: +-------+--------------+----------+---------------+-----------+-------+
[   22.920803] cloud-init[1105]: ci-info: | Route | Destination  | Gateway  |    Genmask    | Interface | Flags |
[   22.922106] cloud-init[1105]: ci-info: +-------+--------------+----------+---------------+-----------+-------+
[   22.928776] cloud-init[1105]: ci-info: |   0   |   0.0.0.0    | 10.0.2.2 |    0.0.0.0    |   enp0s3  |   UG  |
[   22.928997] cloud-init[1105]: ci-info: |   1   |   10.0.2.0   | 0.0.0.0  | 255.255.255.0 |   enp0s3  |   U   |
[   22.929145] cloud-init[1105]: ci-info: |   2   | 192.168.33.0 | 0.0.0.0  | 255.255.255.0 |   enp0s8  |   U   |
[   22.929478] cloud-init[1105]: ci-info: +-------+--------------+----------+---------------+-----------+-------+
[   22.929564] cloud-init[1105]: ci-info: +++++++++++++++++++Route IPv6 info+++++++++++++++++++
[   22.929671] cloud-init[1105]: ci-info: +-------+-------------+---------+-----------+-------+
[   22.929800] cloud-init[1105]: ci-info: | Route | Destination | Gateway | Interface | Flags |
[   22.929954] cloud-init[1105]: ci-info: +-------+-------------+---------+-----------+-------+
[[0;32m  OK  [0m] Started Initial cloud-init job (metadata service crawler).
[   22.930116] cloud-init[1105]: ci-info: |   0   |  fe80::/64  |    ::   |   enp0s8  |   U   |
[   22.937073] cloud-init[1105]: ci-info: |   1   |  fe80::/64  |    ::   |   enp0s3  |   U   |
[   22.937235] cloud-init[1105]: ci-info: |   4   |   ff00::/8  |    ::   |   enp0s8  |   U   |
[   22.937553] cloud-init[1105]: ci-info: |   5   |   ff00::/8  |    ::   |   enp0s3  |   U   |
[   22.937859] cloud-init[1105]: ci-info: +-------+-------------+---------+-----------+-------+
[[0;32m  OK  [0m] Reached target System Initialization.
[[0;32m  OK  [0m] Listening on UUID daemon activation socket.
[[0;32m  OK  [0m] Listening on ACPID Listen Socket.
         Starting LXD - unix socket.
         Starting Socket activation for snappy daemon.
[[0;32m  OK  [0m] Started ACPI Events Check.
[[0;32m  OK  [0m] Reached target Paths.
[[0;32m  OK  [0m] Listening on D-Bus System Message Bus Socket.
[[0;32m  OK  [0m] Started Daily Cleanup of Temporary Directories.
[[0;32m  OK  [0m] Started Message of the Day.
[[0;32m  OK  [0m] Started Daily apt download activities.
[[0;32m  OK  [0m] Started Daily apt upgrade and clean activities.
[[0;32m  OK  [0m] Reached target Timers.
[[0;32m  OK  [0m] Reached target Cloud-config availability.
[[0;32m  OK  [0m] Reached target Network is Online.
         Starting iSCSI initiator daemon (iscsid)...
[[0;32m  OK  [0m] Listening on LXD - unix socket.
[[0;32m  OK  [0m] Listening on Socket activation for snappy daemon.
[[0;32m  OK  [0m] Reached target Sockets.
[[0;32m  OK  [0m] Reached target Basic System.
         Starting LSB: MD monitoring daemon...
[[0;32m  OK  [0m] Started D-Bus System Message Bus.
         Starting vboxadd.service...
[[0;32m  OK  [0m] Started FUSE filesystem for LXC.
         Starting Snappy daemon...
         Starting Login Service...
         Starting System Logging Service...
         Starting LSB: Record successful boot for GRUB...
[[0;32m  OK  [0m] Started Regular background program processing daemon.
         Starting /etc/rc.local Compatibility...
         Starting Accounts Service...
         Starting OpenBSD Secure Shell server...
[[0;32m  OK  [0m] Started ACPI event daemon.
[[0;32m  OK  [0m] Started Deferred execution scheduler.
         Starting LXD - container startup/shutdown...
[[0;32m  OK  [0m] Started /etc/rc.local Compatibility.
[[0;32m  OK  [0m] Started iSCSI initiator daemon (iscsid).
         Starting Login to default iSCSI targets...
[[0;32m  OK  [0m] Started Login Service.
[[0;32m  OK  [0m] Started Unattended Upgrades Shutdown.
[[0;32m  OK  [0m] Started Login to default iSCSI targets.
[[0;32m  OK  [0m] Reached target Remote File Systems (Pre).
[[0;32m  OK  [0m] Reached target Remote File Systems.
         Starting LSB: daemon to balance interrupts for SMP systems...
         Starting LSB: automatic crash report generation...
         Starting Permit User Sessions...
         Starting LSB: Set the CPU Frequency Scaling governor to "ondemand"...
[[0;32m  OK  [0m] Started LSB: Record successful boot for GRUB.
[[0;32m  OK  [0m] Started LSB: Set the CPU Frequency Scaling governor to "ondemand".
[[0;32m  OK  [0m] Started Permit User Sessions.
         Starting Hold until boot process finishes up...
         Starting Terminate Plymouth Boot Screen...
[[0;32m  OK  [0m] Started Hold until boot process finishes up.
         Starting Set console scheme...
[[0;32m  OK  [0m] Started Getty on tty1.
[[0;32m  OK  [0m] Started Serial Getty on ttyS0.
[[0;32m  OK  [0m] Reached target Login Prompts.
[[0;32m  OK  [0m] Started Terminate Plymouth Boot Screen.
[[0;32m  OK  [0m] Started Set console scheme.
[[0;32m  OK  [0m] Started LSB: MD monitoring daemon.
[[0;32m  OK  [0m] Started LSB: automatic crash report generation.
[[0;32m  OK  [0m] Started LSB: daemon to balance interrupts for SMP systems.
[[0;32m  OK  [0m] Started System Logging Service.
         Starting Authenticate and Authorize Users to Run Privileged Tasks...
[[0;32m  OK  [0m] Started OpenBSD Secure Shell server.
[[0;32m  OK  [0m] Started Authenticate and Authorize Users to Run Privileged Tasks.
[[0;32m  OK  [0m] Started Accounts Service.
[[0;32m  OK  [0m] Created slice User Slice of vagrant.
         Starting User Manager for UID 1000...
[[0;32m  OK  [0m] Started Session 1 of user vagrant.
[[0;32m  OK  [0m] Started User Manager for UID 1000.

Ubuntu 16.04.6 LTS ubuntu-xenial ttyS0

ubuntu-xenial login: [   31.451838] cloud-init[1438]: Cloud-init v. 19.4-33-gbb4131a2-0ubuntu1~16.04.1 running 'modules:config' at Fri, 15 Jan 2021 10:41:19 +0000. Up 30.93 seconds.
[   36.780603] cloud-init[1734]: Cloud-init v. 19.4-33-gbb4131a2-0ubuntu1~16.04.1 running 'modules:final' at Fri, 15 Jan 2021 10:41:25 +0000. Up 36.61 seconds.
[   36.781008] cloud-init[1734]: Cloud-init v. 19.4-33-gbb4131a2-0ubuntu1~16.04.1 finished at Fri, 15 Jan 2021 10:41:25 +0000. Datasource DataSourceNoCloud [seed=/dev/sdb][dsmode=net].  Up 36.77 seconds
